<?xml version="1.0" encoding="UTF-8"?>
<robot generator="Robot 5.0.1 (Python 3.9.20 on win32)" generated="20241125 18:29:43.914" rpa="true" schemaversion="3">
<suite id="s1" name="Start" source="C:\Users\Admin\Documents\Hackathon\Test Automation Studio\Test-automation-studio-projects\test-automation-rf\code\robots\start.robot">
<test id="s1-t1" name="initialize-fb-worker" line="42">
<kw name="execute-functional-block">
<tag>to-initialize-library</tag>
<doc>To execute fb</doc>
<while condition="'${TERMINATION_FLAG}' == 'False'">
<iter>
<kw name="Log To Console" library="BuiltIn">
<arg>&lt;===Polling message===&gt;</arg>
<doc>Logs the given message to the console.</doc>
<status status="PASS" starttime="20241125 18:29:47.052" endtime="20241125 18:29:47.053"/>
</kw>
<kw name="Get A Command" library="CommandConsumer">
<var>${json}</var>
<arg>${5}</arg>
<msg timestamp="20241125 18:29:52.805" level="INFO">${json} = {'type': 'START_RUN', 'payload': {'testCaseRun': {'id': '30', 'testCaseId': '3', 'status': 'ADDED_TO_QUEUE', 'updatedAt': '2024-11-25T12:59:52.215Z', 'createdAt': '2024-11-25T12:59:52.215Z', 'errorMes...</msg>
<status status="PASS" starttime="20241125 18:29:47.053" endtime="20241125 18:29:52.805"/>
</kw>
<if>
<branch type="IF" condition="'${json}[type]' == 'KILL'">
<break>
<status status="NOT RUN" starttime="20241125 18:29:52.807" endtime="20241125 18:29:52.807"/>
</break>
<status status="NOT RUN" starttime="20241125 18:29:52.807" endtime="20241125 18:29:52.807"/>
</branch>
<status status="PASS" starttime="20241125 18:29:52.807" endtime="20241125 18:29:52.808"/>
</if>
<kw name="launch-browser" library="COMP_BrowserContext">
<kw name="New Browser" library="RPA.Browser.Playwright">
<arg>chromium</arg>
<arg>headless=False</arg>
<tag>BrowserControl</tag>
<tag>Setter</tag>
<doc>Create a new playwright Browser with specified options.</doc>
<msg timestamp="20241125 18:29:52.811" level="INFO">{"browser": "chromium", "headless": false, "devtools": false, "handleSIGHUP": true, "handleSIGINT": true, "handleSIGTERM": true, "slowMo": 0.0, "timeout": 30000.0, "deprecated_pos_args": [], "tracesDir": "C:\\Users\\Admin\\Documents\\Hackathon\\Test Automation Studio\\Test-automation-studio-projects\\test-automation-rf\\code\\browser\\traces\\80e89204-388f-403b-a511-dd388813287e"}</msg>
<msg timestamp="20241125 18:29:53.914" level="INFO">Successfully created browser with options: {"browser":"chromium","headless":false,"devtools":false,"handleSIGHUP":true,"handleSIGINT":true,"handleSIGTERM":true,"slowMo":0,"timeout":30000,"deprecated_pos_args":[],"tracesDir":"C:\\Users\\Admin\\Documents\\Hackathon\\Test Automation Studio\\Test-automation-studio-projects\\test-automation-rf\\code\\browser\\traces\\80e89204-388f-403b-a511-dd388813287e"}</msg>
<status status="PASS" starttime="20241125 18:29:52.809" endtime="20241125 18:29:53.914"/>
</kw>
<kw name="New Context" library="RPA.Browser.Playwright">
<arg>viewport={'width': 1280, 'height': 720}</arg>
<arg>acceptDownloads=True</arg>
<tag>BrowserControl</tag>
<tag>Setter</tag>
<doc>Create a new BrowserContext with specified options.</doc>
<msg timestamp="20241125 18:29:53.917" level="INFO">{
  "acceptDownloads": true,
  "bypassCSP": false,
  "forcedColors": "none",
  "hideRfBrowser": false,
  "ignoreHTTPSErrors": false,
  "javaScriptEnabled": true,
  "offline": false,
  "reducedMotion": "no-preference",
  "viewport": {
    "height": 720,
    "width": 1280
  },
  "deprecated_pos_args": []
}</msg>
<msg timestamp="20241125 18:29:53.968" level="INFO">Successfully created context. </msg>
<msg timestamp="20241125 18:29:53.968" level="INFO">{'acceptDownloads': True, 'bypassCSP': False, 'forcedColors': 'none', 'hideRfBrowser': False, 'ignoreHTTPSErrors': False, 'javaScriptEnabled': True, 'offline': False, 'reducedMotion': 'no-preference', 'viewport': {'height': 720, 'width': 1280}, 'deprecated_pos_args': []}</msg>
<status status="PASS" starttime="20241125 18:29:53.915" endtime="20241125 18:29:53.969"/>
</kw>
<kw name="Set Browser Timeout" library="RPA.Browser.Playwright">
<arg>${browser_timeout}</arg>
<tag>Config</tag>
<tag>Setter</tag>
<doc>Sets the timeout used by most input and getter keywords.</doc>
<msg timestamp="20241125 18:29:53.980" level="INFO">Set timeout to: 20000</msg>
<status status="PASS" starttime="20241125 18:29:53.970" endtime="20241125 18:29:53.980"/>
</kw>
<kw name="New Page" library="RPA.Browser.Playwright">
<var>${page_id}</var>
<arg>https://www.google.com/</arg>
<tag>BrowserControl</tag>
<tag>Setter</tag>
<doc>Open a new Page.</doc>
<msg timestamp="20241125 18:29:56.584" level="INFO">Successfully initialized new page object and opened url: https://www.google.com/</msg>
<msg timestamp="20241125 18:29:56.584" level="INFO">${page_id} = {'page_id': 'page=334aded4-2ebc-44df-920f-cdecef16a46c', 'video_path': ''}</msg>
<status status="PASS" starttime="20241125 18:29:53.981" endtime="20241125 18:29:56.584"/>
</kw>
<status status="PASS" starttime="20241125 18:29:52.808" endtime="20241125 18:29:56.585"/>
</kw>
<try>
<branch type="TRY">
<kw name="execute-test-case">
<arg>${json}</arg>
<kw name="Log To Console" library="BuiltIn">
<arg>Test Case Data=&gt; ${input}</arg>
<doc>Logs the given message to the console.</doc>
<status status="PASS" starttime="20241125 18:29:56.587" endtime="20241125 18:29:56.603"/>
</kw>
<kw name="is-value-not-none" library="UTIL_Collection">
<var>${is_type_exists}</var>
<arg>${input}</arg>
<arg>type</arg>
<tag>util</tag>
<doc>checks whether the key exists in dicitonary</doc>
<kw name="Run Keyword And Return Status" library="BuiltIn">
<var>${no_none_exists}</var>
<arg>dictionary should contain key</arg>
<arg>${dictionary}</arg>
<arg>${key}</arg>
<doc>Runs the given keyword with given arguments and returns the status as a Boolean value.</doc>
<kw name="Dictionary Should Contain Key" library="Collections">
<arg>${dictionary}</arg>
<arg>${key}</arg>
<doc>Fails if ``key`` is not found from ``dictionary``.</doc>
<status status="PASS" starttime="20241125 18:29:56.610" endtime="20241125 18:29:56.611"/>
</kw>
<msg timestamp="20241125 18:29:56.611" level="INFO">${no_none_exists} = True</msg>
<status status="PASS" starttime="20241125 18:29:56.609" endtime="20241125 18:29:56.611"/>
</kw>
<if>
<branch type="IF" condition="$no_none_exists == $True">
<kw name="Set Variable" library="BuiltIn">
<var>${values}</var>
<arg>${dictionary}[${key}]</arg>
<doc>Returns the given values which can then be assigned to a variables.</doc>
<msg timestamp="20241125 18:29:56.621" level="INFO">${values} = START_RUN</msg>
<status status="PASS" starttime="20241125 18:29:56.620" endtime="20241125 18:29:56.622"/>
</kw>
<if>
<branch type="IF" condition="$values != $None">
<kw name="Set Variable" library="BuiltIn">
<var>${no_none_exists}</var>
<arg>${True}</arg>
<doc>Returns the given values which can then be assigned to a variables.</doc>
<msg timestamp="20241125 18:29:56.625" level="INFO">${no_none_exists} = True</msg>
<status status="PASS" starttime="20241125 18:29:56.624" endtime="20241125 18:29:56.625"/>
</kw>
<status status="PASS" starttime="20241125 18:29:56.623" endtime="20241125 18:29:56.625"/>
</branch>
<branch type="ELSE">
<kw name="Set Variable" library="BuiltIn">
<var>${no_none_exists}</var>
<arg>${False}</arg>
<doc>Returns the given values which can then be assigned to a variables.</doc>
<status status="NOT RUN" starttime="20241125 18:29:56.627" endtime="20241125 18:29:56.627"/>
</kw>
<status status="NOT RUN" starttime="20241125 18:29:56.627" endtime="20241125 18:29:56.627"/>
</branch>
<status status="PASS" starttime="20241125 18:29:56.622" endtime="20241125 18:29:56.628"/>
</if>
<status status="PASS" starttime="20241125 18:29:56.619" endtime="20241125 18:29:56.628"/>
</branch>
<status status="PASS" starttime="20241125 18:29:56.612" endtime="20241125 18:29:56.628"/>
</if>
<return>
<value>${no_none_exists}</value>
<status status="PASS" starttime="20241125 18:29:56.628" endtime="20241125 18:29:56.628"/>
</return>
<msg timestamp="20241125 18:29:56.629" level="INFO">${is_type_exists} = True</msg>
<status status="PASS" starttime="20241125 18:29:56.607" endtime="20241125 18:29:56.629"/>
</kw>
<if>
<branch type="IF" condition="$is_type_exists == $False">
<kw name="Log To Console" library="BuiltIn">
<arg>Type not exists in the input</arg>
<doc>Logs the given message to the console.</doc>
<status status="NOT RUN" starttime="20241125 18:29:56.630" endtime="20241125 18:29:56.630"/>
</kw>
<return>
<status status="NOT RUN" starttime="20241125 18:29:56.630" endtime="20241125 18:29:56.631"/>
</return>
<status status="NOT RUN" starttime="20241125 18:29:56.629" endtime="20241125 18:29:56.631"/>
</branch>
<status status="PASS" starttime="20241125 18:29:56.629" endtime="20241125 18:29:56.631"/>
</if>
<if>
<branch type="IF" condition="'${input}[type]' == '${COMMAND_TYPE_START_RUN}'">
<kw name="is-value-not-none" library="UTIL_Collection">
<var>${is_test_case_exists}</var>
<arg>${input}[payload]</arg>
<arg>testCase</arg>
<tag>util</tag>
<doc>checks whether the key exists in dicitonary</doc>
<kw name="Run Keyword And Return Status" library="BuiltIn">
<var>${no_none_exists}</var>
<arg>dictionary should contain key</arg>
<arg>${dictionary}</arg>
<arg>${key}</arg>
<doc>Runs the given keyword with given arguments and returns the status as a Boolean value.</doc>
<kw name="Dictionary Should Contain Key" library="Collections">
<arg>${dictionary}</arg>
<arg>${key}</arg>
<doc>Fails if ``key`` is not found from ``dictionary``.</doc>
<status status="PASS" starttime="20241125 18:29:56.637" endtime="20241125 18:29:56.637"/>
</kw>
<msg timestamp="20241125 18:29:56.639" level="INFO">${no_none_exists} = True</msg>
<status status="PASS" starttime="20241125 18:29:56.637" endtime="20241125 18:29:56.639"/>
</kw>
<if>
<branch type="IF" condition="$no_none_exists == $True">
<kw name="Set Variable" library="BuiltIn">
<var>${values}</var>
<arg>${dictionary}[${key}]</arg>
<doc>Returns the given values which can then be assigned to a variables.</doc>
<msg timestamp="20241125 18:29:56.643" level="INFO">${values} = {'id': '3', 'name': 'Enter vehicle', 'projectId': '1', 'createdAt': '2024-11-25T11:15:44.260Z', 'updatedAt': '2024-11-25T12:29:01.804Z', 'testCaseFlowSequences': [{'id': '5', 'testCaseId': '3', 'flowI...</msg>
<status status="PASS" starttime="20241125 18:29:56.641" endtime="20241125 18:29:56.643"/>
</kw>
<if>
<branch type="IF" condition="$values != $None">
<kw name="Set Variable" library="BuiltIn">
<var>${no_none_exists}</var>
<arg>${True}</arg>
<doc>Returns the given values which can then be assigned to a variables.</doc>
<msg timestamp="20241125 18:29:56.644" level="INFO">${no_none_exists} = True</msg>
<status status="PASS" starttime="20241125 18:29:56.644" endtime="20241125 18:29:56.645"/>
</kw>
<status status="PASS" starttime="20241125 18:29:56.643" endtime="20241125 18:29:56.645"/>
</branch>
<branch type="ELSE">
<kw name="Set Variable" library="BuiltIn">
<var>${no_none_exists}</var>
<arg>${False}</arg>
<doc>Returns the given values which can then be assigned to a variables.</doc>
<status status="NOT RUN" starttime="20241125 18:29:56.645" endtime="20241125 18:29:56.645"/>
</kw>
<status status="NOT RUN" starttime="20241125 18:29:56.645" endtime="20241125 18:29:56.645"/>
</branch>
<status status="PASS" starttime="20241125 18:29:56.643" endtime="20241125 18:29:56.645"/>
</if>
<status status="PASS" starttime="20241125 18:29:56.640" endtime="20241125 18:29:56.645"/>
</branch>
<status status="PASS" starttime="20241125 18:29:56.640" endtime="20241125 18:29:56.645"/>
</if>
<return>
<value>${no_none_exists}</value>
<status status="PASS" starttime="20241125 18:29:56.645" endtime="20241125 18:29:56.645"/>
</return>
<msg timestamp="20241125 18:29:56.647" level="INFO">${is_test_case_exists} = True</msg>
<status status="PASS" starttime="20241125 18:29:56.636" endtime="20241125 18:29:56.647"/>
</kw>
<kw name="is-value-not-none" library="UTIL_Collection">
<var>${is_test_case_run_exists}</var>
<arg>${input}[payload]</arg>
<arg>testCaseRun</arg>
<tag>util</tag>
<doc>checks whether the key exists in dicitonary</doc>
<kw name="Run Keyword And Return Status" library="BuiltIn">
<var>${no_none_exists}</var>
<arg>dictionary should contain key</arg>
<arg>${dictionary}</arg>
<arg>${key}</arg>
<doc>Runs the given keyword with given arguments and returns the status as a Boolean value.</doc>
<kw name="Dictionary Should Contain Key" library="Collections">
<arg>${dictionary}</arg>
<arg>${key}</arg>
<doc>Fails if ``key`` is not found from ``dictionary``.</doc>
<status status="PASS" starttime="20241125 18:29:56.652" endtime="20241125 18:29:56.652"/>
</kw>
<msg timestamp="20241125 18:29:56.652" level="INFO">${no_none_exists} = True</msg>
<status status="PASS" starttime="20241125 18:29:56.651" endtime="20241125 18:29:56.652"/>
</kw>
<if>
<branch type="IF" condition="$no_none_exists == $True">
<kw name="Set Variable" library="BuiltIn">
<var>${values}</var>
<arg>${dictionary}[${key}]</arg>
<doc>Returns the given values which can then be assigned to a variables.</doc>
<msg timestamp="20241125 18:29:56.654" level="INFO">${values} = {'id': '30', 'testCaseId': '3', 'status': 'ADDED_TO_QUEUE', 'updatedAt': '2024-11-25T12:59:52.215Z', 'createdAt': '2024-11-25T12:59:52.215Z', 'errorMessage': None}</msg>
<status status="PASS" starttime="20241125 18:29:56.653" endtime="20241125 18:29:56.654"/>
</kw>
<if>
<branch type="IF" condition="$values != $None">
<kw name="Set Variable" library="BuiltIn">
<var>${no_none_exists}</var>
<arg>${True}</arg>
<doc>Returns the given values which can then be assigned to a variables.</doc>
<msg timestamp="20241125 18:29:56.656" level="INFO">${no_none_exists} = True</msg>
<status status="PASS" starttime="20241125 18:29:56.655" endtime="20241125 18:29:56.656"/>
</kw>
<status status="PASS" starttime="20241125 18:29:56.655" endtime="20241125 18:29:56.656"/>
</branch>
<branch type="ELSE">
<kw name="Set Variable" library="BuiltIn">
<var>${no_none_exists}</var>
<arg>${False}</arg>
<doc>Returns the given values which can then be assigned to a variables.</doc>
<status status="NOT RUN" starttime="20241125 18:29:56.657" endtime="20241125 18:29:56.657"/>
</kw>
<status status="NOT RUN" starttime="20241125 18:29:56.656" endtime="20241125 18:29:56.657"/>
</branch>
<status status="PASS" starttime="20241125 18:29:56.654" endtime="20241125 18:29:56.657"/>
</if>
<status status="PASS" starttime="20241125 18:29:56.653" endtime="20241125 18:29:56.658"/>
</branch>
<status status="PASS" starttime="20241125 18:29:56.653" endtime="20241125 18:29:56.658"/>
</if>
<return>
<value>${no_none_exists}</value>
<status status="PASS" starttime="20241125 18:29:56.658" endtime="20241125 18:29:56.658"/>
</return>
<msg timestamp="20241125 18:29:56.658" level="INFO">${is_test_case_run_exists} = True</msg>
<status status="PASS" starttime="20241125 18:29:56.650" endtime="20241125 18:29:56.658"/>
</kw>
<if>
<branch type="IF" condition="$is_test_case_exists == $False or $is_test_case_run_exists == $False">
<kw name="Log To Console" library="BuiltIn">
<arg>Testcase or TestCaseRun data not available in input</arg>
<doc>Logs the given message to the console.</doc>
<status status="NOT RUN" starttime="20241125 18:29:56.659" endtime="20241125 18:29:56.660"/>
</kw>
<status status="NOT RUN" starttime="20241125 18:29:56.659" endtime="20241125 18:29:56.660"/>
</branch>
<status status="PASS" starttime="20241125 18:29:56.659" endtime="20241125 18:29:56.660"/>
</if>
<kw name="Set Variable" library="BuiltIn">
<var>${testCase}</var>
<arg>${input}[payload][testCase]</arg>
<doc>Returns the given values which can then be assigned to a variables.</doc>
<msg timestamp="20241125 18:29:56.661" level="INFO">${testCase} = {'id': '3', 'name': 'Enter vehicle', 'projectId': '1', 'createdAt': '2024-11-25T11:15:44.260Z', 'updatedAt': '2024-11-25T12:29:01.804Z', 'testCaseFlowSequences': [{'id': '5', 'testCaseId': '3', 'flowI...</msg>
<status status="PASS" starttime="20241125 18:29:56.660" endtime="20241125 18:29:56.661"/>
</kw>
<kw name="Set Variable" library="BuiltIn">
<var>${testCaseRun}</var>
<arg>${input}[payload][testCaseRun]</arg>
<doc>Returns the given values which can then be assigned to a variables.</doc>
<msg timestamp="20241125 18:29:56.662" level="INFO">${testCaseRun} = {'id': '30', 'testCaseId': '3', 'status': 'ADDED_TO_QUEUE', 'updatedAt': '2024-11-25T12:59:52.215Z', 'createdAt': '2024-11-25T12:59:52.215Z', 'errorMessage': None}</msg>
<status status="PASS" starttime="20241125 18:29:56.662" endtime="20241125 18:29:56.662"/>
</kw>
<kw name="Set Variable" library="BuiltIn">
<var>${assertions}</var>
<arg>${testCase}[assertions]</arg>
<doc>Returns the given values which can then be assigned to a variables.</doc>
<msg timestamp="20241125 18:29:56.663" level="INFO">${assertions} = [{'id': '3', 'testCaseId': '3', 'operator': 'SHOULD_BE_EQUAL_TO', 'source': 'testCaseFlowSequenceId:7::flowActionSequenceId:16', 'target': None, 'customTargetValue': 'TN91 T9861 ( Two-wheeler )', 'use...</msg>
<status status="PASS" starttime="20241125 18:29:56.662" endtime="20241125 18:29:56.663"/>
</kw>
<kw name="Log To Console" library="BuiltIn">
<arg>Test Case Name: ${testCase}[name]</arg>
<doc>Logs the given message to the console.</doc>
<status status="PASS" starttime="20241125 18:29:56.663" endtime="20241125 18:29:56.664"/>
</kw>
<try>
<branch type="TRY">
<kw name="is-value-not-none" library="UTIL_Collection">
<var>${is_test_case_flow_sequences_exists}</var>
<arg>${testCase}</arg>
<arg>testCaseFlowSequences</arg>
<tag>util</tag>
<doc>checks whether the key exists in dicitonary</doc>
<kw name="Run Keyword And Return Status" library="BuiltIn">
<var>${no_none_exists}</var>
<arg>dictionary should contain key</arg>
<arg>${dictionary}</arg>
<arg>${key}</arg>
<doc>Runs the given keyword with given arguments and returns the status as a Boolean value.</doc>
<kw name="Dictionary Should Contain Key" library="Collections">
<arg>${dictionary}</arg>
<arg>${key}</arg>
<doc>Fails if ``key`` is not found from ``dictionary``.</doc>
<status status="PASS" starttime="20241125 18:29:56.669" endtime="20241125 18:29:56.670"/>
</kw>
<msg timestamp="20241125 18:29:56.671" level="INFO">${no_none_exists} = True</msg>
<status status="PASS" starttime="20241125 18:29:56.669" endtime="20241125 18:29:56.671"/>
</kw>
<if>
<branch type="IF" condition="$no_none_exists == $True">
<kw name="Set Variable" library="BuiltIn">
<var>${values}</var>
<arg>${dictionary}[${key}]</arg>
<doc>Returns the given values which can then be assigned to a variables.</doc>
<msg timestamp="20241125 18:29:56.675" level="INFO">${values} = [{'id': '5', 'testCaseId': '3', 'flowId': '1', 'order': 0, 'createdAt': '2024-11-25T11:15:44.388Z', 'updatedAt': '2024-11-25T12:29:01.943Z', 'flow': {'id': '1', 'name': 'Login', 'projectId': '1', 'cre...</msg>
<status status="PASS" starttime="20241125 18:29:56.674" endtime="20241125 18:29:56.675"/>
</kw>
<if>
<branch type="IF" condition="$values != $None">
<kw name="Set Variable" library="BuiltIn">
<var>${no_none_exists}</var>
<arg>${True}</arg>
<doc>Returns the given values which can then be assigned to a variables.</doc>
<msg timestamp="20241125 18:29:56.679" level="INFO">${no_none_exists} = True</msg>
<status status="PASS" starttime="20241125 18:29:56.677" endtime="20241125 18:29:56.679"/>
</kw>
<status status="PASS" starttime="20241125 18:29:56.676" endtime="20241125 18:29:56.679"/>
</branch>
<branch type="ELSE">
<kw name="Set Variable" library="BuiltIn">
<var>${no_none_exists}</var>
<arg>${False}</arg>
<doc>Returns the given values which can then be assigned to a variables.</doc>
<status status="NOT RUN" starttime="20241125 18:29:56.680" endtime="20241125 18:29:56.680"/>
</kw>
<status status="NOT RUN" starttime="20241125 18:29:56.679" endtime="20241125 18:29:56.680"/>
</branch>
<status status="PASS" starttime="20241125 18:29:56.676" endtime="20241125 18:29:56.680"/>
</if>
<status status="PASS" starttime="20241125 18:29:56.672" endtime="20241125 18:29:56.681"/>
</branch>
<status status="PASS" starttime="20241125 18:29:56.672" endtime="20241125 18:29:56.681"/>
</if>
<return>
<value>${no_none_exists}</value>
<status status="PASS" starttime="20241125 18:29:56.681" endtime="20241125 18:29:56.681"/>
</return>
<msg timestamp="20241125 18:29:56.682" level="INFO">${is_test_case_flow_sequences_exists} = True</msg>
<status status="PASS" starttime="20241125 18:29:56.668" endtime="20241125 18:29:56.682"/>
</kw>
<kw name="Create Dictionary" library="BuiltIn">
<var>${test_case_run_response_message}</var>
<arg>testCaseRunId=${testCaseRun}[id]</arg>
<arg>status=STARTED</arg>
<doc>Creates and returns a dictionary based on the given ``items``.</doc>
<msg timestamp="20241125 18:29:56.683" level="INFO">${test_case_run_response_message} = {'testCaseRunId': '30', 'status': 'STARTED'}</msg>
<status status="PASS" starttime="20241125 18:29:56.682" endtime="20241125 18:29:56.683"/>
</kw>
<kw name="Push response message to kafka topic" library="UTIL_Common">
<arg>${test_case_run_response_message}</arg>
<tag>function</tag>
<doc>push the response message to kafka topic</doc>
<kw name="Evaluate" library="BuiltIn">
<var>${json_response}</var>
<arg>json.dumps(${payload_response_msg})</arg>
<arg>json</arg>
<doc>Evaluates the given expression in Python and returns the result.</doc>
<msg timestamp="20241125 18:29:56.685" level="INFO">${json_response} = {"testCaseRunId": "30", "status": "STARTED"}</msg>
<status status="PASS" starttime="20241125 18:29:56.685" endtime="20241125 18:29:56.685"/>
</kw>
<kw name="Push Message To Topic" library="TopicProducer">
<var>${producer_response}</var>
<arg>${json_response}</arg>
<doc>Kafka Producer to send the response as json message and push it</doc>
<msg timestamp="20241125 18:29:56.692" level="INFO">Message delivered to response_topic [0]</msg>
<msg timestamp="20241125 18:29:56.693" level="INFO">${producer_response} = &lt;function delivery_report at 0x0000020384F5B430&gt;</msg>
<status status="PASS" starttime="20241125 18:29:56.686" endtime="20241125 18:29:56.693"/>
</kw>
<kw name="Log To Console" library="BuiltIn">
<arg>kafka_producer_response:${producer_response}</arg>
<doc>Logs the given message to the console.</doc>
<status status="PASS" starttime="20241125 18:29:56.693" endtime="20241125 18:29:56.694"/>
</kw>
<return>
<value>${producer_response}</value>
<status status="PASS" starttime="20241125 18:29:56.694" endtime="20241125 18:29:56.695"/>
</return>
<status status="PASS" starttime="20241125 18:29:56.684" endtime="20241125 18:29:56.695"/>
</kw>
<if>
<branch type="IF" condition="$is_test_case_flow_sequences_exists">
<kw name="Create Dictionary" library="BuiltIn">
<var>${ACCUMULATION}</var>
<doc>Creates and returns a dictionary based on the given ``items``.</doc>
<msg timestamp="20241125 18:29:56.697" level="INFO">${ACCUMULATION} = {}</msg>
<status status="PASS" starttime="20241125 18:29:56.697" endtime="20241125 18:29:56.697"/>
</kw>
<for flavor="IN">
<var>${testCaseFlowSequence}</var>
<value>@{testCase}[testCaseFlowSequences]</value>
<iter>
<var name="${testCaseFlowSequence}">{'id': '5', 'testCaseId': '3', 'flowId': '1', 'order': 0, 'createdAt': '2024-11-25T11:15:44.388Z', 'updatedAt': '2024-11-25T12:29:01.943Z', 'flow': {'id': '1', 'name': 'Login', 'projectId': '1', 'crea...</var>
<try>
<branch type="TRY">
<kw name="Set Variable" library="BuiltIn">
<var>${flow}</var>
<arg>${testCaseFlowSequence}[flow]</arg>
<doc>Returns the given values which can then be assigned to a variables.</doc>
<msg timestamp="20241125 18:29:56.699" level="INFO">${flow} = {'id': '1', 'name': 'Login', 'projectId': '1', 'createdAt': '2024-11-25T08:01:13.814Z', 'updatedAt': '2024-11-25T08:01:13.814Z', 'flowActionSequences': [{'id': '1', 'actionId': '1', 'flowId': '1', 'or...</msg>
<status status="PASS" starttime="20241125 18:29:56.699" endtime="20241125 18:29:56.700"/>
</kw>
<kw name="Log To Console" library="BuiltIn">
<arg>Flow Name: ${flow}[name]</arg>
<doc>Logs the given message to the console.</doc>
<status status="PASS" starttime="20241125 18:29:56.700" endtime="20241125 18:29:56.701"/>
</kw>
<kw name="is-value-not-none" library="UTIL_Collection">
<var>${is_flow_action_sequences_exists}</var>
<arg>${flow}</arg>
<arg>flowActionSequences</arg>
<tag>util</tag>
<doc>checks whether the key exists in dicitonary</doc>
<kw name="Run Keyword And Return Status" library="BuiltIn">
<var>${no_none_exists}</var>
<arg>dictionary should contain key</arg>
<arg>${dictionary}</arg>
<arg>${key}</arg>
<doc>Runs the given keyword with given arguments and returns the status as a Boolean value.</doc>
<kw name="Dictionary Should Contain Key" library="Collections">
<arg>${dictionary}</arg>
<arg>${key}</arg>
<doc>Fails if ``key`` is not found from ``dictionary``.</doc>
<status status="PASS" starttime="20241125 18:29:56.709" endtime="20241125 18:29:56.711"/>
</kw>
<msg timestamp="20241125 18:29:56.711" level="INFO">${no_none_exists} = True</msg>
<status status="PASS" starttime="20241125 18:29:56.708" endtime="20241125 18:29:56.711"/>
</kw>
<if>
<branch type="IF" condition="$no_none_exists == $True">
<kw name="Set Variable" library="BuiltIn">
<var>${values}</var>
<arg>${dictionary}[${key}]</arg>
<doc>Returns the given values which can then be assigned to a variables.</doc>
<msg timestamp="20241125 18:29:56.712" level="INFO">${values} = [{'id': '1', 'actionId': '1', 'flowId': '1', 'order': 0, 'createdAt': '2024-11-25T08:01:13.885Z', 'updatedAt': '2024-11-25T08:01:13.885Z', 'action': {'id': '1', 'name': 'Launch browser', 'type': 'LAUN...</msg>
<status status="PASS" starttime="20241125 18:29:56.712" endtime="20241125 18:29:56.712"/>
</kw>
<if>
<branch type="IF" condition="$values != $None">
<kw name="Set Variable" library="BuiltIn">
<var>${no_none_exists}</var>
<arg>${True}</arg>
<doc>Returns the given values which can then be assigned to a variables.</doc>
<msg timestamp="20241125 18:29:56.713" level="INFO">${no_none_exists} = True</msg>
<status status="PASS" starttime="20241125 18:29:56.713" endtime="20241125 18:29:56.713"/>
</kw>
<status status="PASS" starttime="20241125 18:29:56.713" endtime="20241125 18:29:56.713"/>
</branch>
<branch type="ELSE">
<kw name="Set Variable" library="BuiltIn">
<var>${no_none_exists}</var>
<arg>${False}</arg>
<doc>Returns the given values which can then be assigned to a variables.</doc>
<status status="NOT RUN" starttime="20241125 18:29:56.714" endtime="20241125 18:29:56.714"/>
</kw>
<status status="NOT RUN" starttime="20241125 18:29:56.714" endtime="20241125 18:29:56.714"/>
</branch>
<status status="PASS" starttime="20241125 18:29:56.712" endtime="20241125 18:29:56.714"/>
</if>
<status status="PASS" starttime="20241125 18:29:56.711" endtime="20241125 18:29:56.714"/>
</branch>
<status status="PASS" starttime="20241125 18:29:56.711" endtime="20241125 18:29:56.714"/>
</if>
<return>
<value>${no_none_exists}</value>
<status status="PASS" starttime="20241125 18:29:56.715" endtime="20241125 18:29:56.715"/>
</return>
<msg timestamp="20241125 18:29:56.715" level="INFO">${is_flow_action_sequences_exists} = True</msg>
<status status="PASS" starttime="20241125 18:29:56.706" endtime="20241125 18:29:56.715"/>
</kw>
<if>
<branch type="IF" condition="$is_flow_action_sequences_exists">
<for flavor="IN">
<var>${flowActionSequence}</var>
<value>@{flow}[flowActionSequences]</value>
<iter>
<var name="${flowActionSequence}">{'id': '1', 'actionId': '1', 'flowId': '1', 'order': 0, 'createdAt': '2024-11-25T08:01:13.885Z', 'updatedAt': '2024-11-25T08:01:13.885Z', 'action': {'id': '1', 'name': 'Launch browser', 'type': 'LAUNC...</var>
<try>
<branch type="TRY">
<kw name="Set Variable" library="BuiltIn">
<var>${action}</var>
<arg>${flowActionSequence}[action]</arg>
<doc>Returns the given values which can then be assigned to a variables.</doc>
<msg timestamp="20241125 18:29:56.717" level="INFO">${action} = {'id': '1', 'name': 'Launch browser', 'type': 'LAUNCH_BROWSER', 'selectorI': None, 'valueRege': '', 'projectId': '1', 'enter': None, 'createdAt': '2024-11-25T07:57:55.381Z', 'updatedAt': '2024-11-25T0...</msg>
<status status="PASS" starttime="20241125 18:29:56.716" endtime="20241125 18:29:56.717"/>
</kw>
<kw name="Log To Console" library="BuiltIn">
<arg>Action Name: ${action}[name]</arg>
<doc>Logs the given message to the console.</doc>
<status status="PASS" starttime="20241125 18:29:56.717" endtime="20241125 18:29:56.718"/>
</kw>
<kw name="Get Selected Input" library="Common_util">
<var>${input}</var>
<arg>${flowActionSequence}</arg>
<msg timestamp="20241125 18:29:56.719" level="INFO">${input} = {'id': '2', 'actionId': '1', 'name': 'Dev', 'value': 'https://iassistant.ideas2it.com', 'waitAfterAction': '0', 'isDefault': True, 'createdAt': '2024-11-25T07:58:31.930Z', 'updatedAt': '2024-11-25T11:...</msg>
<status status="PASS" starttime="20241125 18:29:56.718" endtime="20241125 18:29:56.719"/>
</kw>
<if>
<branch type="IF" condition="$input == $None">
<kw name="Log To Console" library="BuiltIn">
<arg>Input not found for this action. Terminate the test case here!!!</arg>
<doc>Logs the given message to the console.</doc>
<status status="NOT RUN" starttime="20241125 18:29:56.720" endtime="20241125 18:29:56.720"/>
</kw>
<kw name="ex-fail" library="EX_Exception">
<arg>INPUT_NOT_FOUND_IN_ACTION</arg>
<tag>exception</tag>
<doc>wrapper over the builtin Fail keyword, to support additional operations during failure</doc>
<status status="NOT RUN" starttime="20241125 18:29:56.721" endtime="20241125 18:29:56.722"/>
</kw>
<status status="NOT RUN" starttime="20241125 18:29:56.719" endtime="20241125 18:29:56.722"/>
</branch>
<status status="PASS" starttime="20241125 18:29:56.719" endtime="20241125 18:29:56.722"/>
</if>
<kw name="execute-action">
<var>${value}</var>
<arg>${action}</arg>
<arg>${input}</arg>
<kw name="Set Variable" library="BuiltIn">
<var>${value}</var>
<arg>${input}[value]</arg>
<doc>Returns the given values which can then be assigned to a variables.</doc>
<msg timestamp="20241125 18:29:56.727" level="INFO">${value} = https://iassistant.ideas2it.com</msg>
<status status="PASS" starttime="20241125 18:29:56.724" endtime="20241125 18:29:56.727"/>
</kw>
<if>
<branch type="IF" condition="'${action}[type]' == '${LAUNCH_BROWSER}'">
<kw name="new-page" library="COMP_BrowserContext">
<arg>${input}[value]</arg>
<kw name="New Page" library="RPA.Browser.Playwright">
<var>${page_id}</var>
<arg>${url}</arg>
<tag>BrowserControl</tag>
<tag>Setter</tag>
<doc>Open a new Page.</doc>
<msg timestamp="20241125 18:29:59.986" level="INFO">Successfully initialized new page object and opened url: https://iassistant.ideas2it.com</msg>
<msg timestamp="20241125 18:29:59.987" level="INFO">${page_id} = {'page_id': 'page=cc278ce3-581c-44ba-9304-5b8226899283', 'video_path': ''}</msg>
<status status="PASS" starttime="20241125 18:29:56.730" endtime="20241125 18:29:59.987"/>
</kw>
<kw name="Switch Page" library="RPA.Browser.Playwright">
<arg>${page_id}</arg>
<tag>BrowserControl</tag>
<tag>Setter</tag>
<doc>Switches the active browser page to another open page by ``id`` or ``NEW``.</doc>
<msg timestamp="20241125 18:29:59.989" level="INFO">Switching to page {'page_id': 'page=cc278ce3-581c-44ba-9304-5b8226899283', 'video_path': ''},context CURRENT, browser CURRENT</msg>
<msg timestamp="20241125 18:30:00.135" level="INFO">[
  {
    "type": "chromium",
    "id": "browser=50264c6e-ed12-4ff7-8f12-8b80fa0a3f6f",
    "contexts": [
      {
        "type": "context",
        "id": "context=d03d72c9-2a47-4eb4-ab43-b5ea9ab1ed89",
        "activePage": "page=cc278ce3-581c-44ba-9304-5b8226899283",
        "pages": [
          {
            "type": "page",
            "title": "Google",
            "url": "https://www.google.com/",
            "id": "page=334aded4-2ebc-44df-920f-cdecef16a46c",
            "timestamp": 1732539594.421
          },
          {
            "type": "page",
            "title": "iAssistant",
            "url": "https://iassistant.ideas2it.com/login",
            "id": "page=cc278ce3-581c-44ba-9304-5b8226899283",
            "timestamp": 1732539596.821
          }
        ]
      }
    ],
    "activeContext": "context=d03d72c9-2a47-4eb4-ab43-b5ea9ab1ed89",
    "activeBrowser": true
  }
]</msg>
<msg timestamp="20241125 18:30:00.145" level="INFO">Successfully changed active page</msg>
<status status="PASS" starttime="20241125 18:29:59.988" endtime="20241125 18:30:00.146"/>
</kw>
<status status="PASS" starttime="20241125 18:29:56.728" endtime="20241125 18:30:00.147"/>
</kw>
<status status="PASS" starttime="20241125 18:29:56.728" endtime="20241125 18:30:00.148"/>
</branch>
<branch type="ELSE IF" condition="'${action}[type]' == '${NEW_PAGE}'">
<kw name="new-page" library="COMP_BrowserContext">
<arg>${input}[value]</arg>
<status status="NOT RUN" starttime="20241125 18:30:00.149" endtime="20241125 18:30:00.149"/>
</kw>
<status status="NOT RUN" starttime="20241125 18:30:00.148" endtime="20241125 18:30:00.149"/>
</branch>
<branch type="ELSE IF" condition="'${action}[type]' == '${CLICK}'">
<kw name="left-click" library="COMP_Button">
<arg>${action}[selector][xpath]</arg>
<tag>component</tag>
<doc>Performs left click operation on button</doc>
<status status="NOT RUN" starttime="20241125 18:30:00.154" endtime="20241125 18:30:00.155"/>
</kw>
<status status="NOT RUN" starttime="20241125 18:30:00.149" endtime="20241125 18:30:00.155"/>
</branch>
<branch type="ELSE IF" condition="'${action}[type]' == '${DOUBLE_CLICK}'">
<kw name="left-click" library="COMP_Button">
<arg>${action}[selector][xpath]</arg>
<tag>component</tag>
<doc>Performs left click operation on button</doc>
<status status="NOT RUN" starttime="20241125 18:30:00.159" endtime="20241125 18:30:00.159"/>
</kw>
<kw name="left-click" library="COMP_Button">
<arg>${action}[selector][xpath]</arg>
<tag>component</tag>
<doc>Performs left click operation on button</doc>
<status status="NOT RUN" starttime="20241125 18:30:00.162" endtime="20241125 18:30:00.163"/>
</kw>
<status status="NOT RUN" starttime="20241125 18:30:00.155" endtime="20241125 18:30:00.163"/>
</branch>
<branch type="ELSE IF" condition="'${action}[type]' == '${GET_DROPDOWN_VALUE}'">
<kw name="get-selected-option" library="COMP_Select">
<var>${value}</var>
<arg>${action}[selector][xpath]</arg>
<tag>component</tag>
<doc>Gets the selected option
Error will thrown if multiple options selected</doc>
<status status="NOT RUN" starttime="20241125 18:30:00.166" endtime="20241125 18:30:00.166"/>
</kw>
<status status="NOT RUN" starttime="20241125 18:30:00.163" endtime="20241125 18:30:00.167"/>
</branch>
<branch type="ELSE IF" condition="'${action}[type]' == '${SET_DROPDOWN_VALUE}'">
<kw name="select-single-option" library="COMP_Select">
<arg>${action}[selector][xpath]</arg>
<arg>${input}[value]</arg>
<tag>component</tag>
<doc>Selects the option by given attribute</doc>
<status status="NOT RUN" starttime="20241125 18:30:00.178" endtime="20241125 18:30:00.179"/>
</kw>
<status status="NOT RUN" starttime="20241125 18:30:00.167" endtime="20241125 18:30:00.179"/>
</branch>
<branch type="ELSE IF" condition="'${action}[type]' == '${TYPE_TEXT}'">
<kw name="set-value" library="COMP_Textbox">
<arg>${action}[selector][xpath]</arg>
<arg>${input}[value]</arg>
<tag>component</tag>
<doc>Updates Field Value and checks for post condition
And retries if the retry value is provided</doc>
<status status="NOT RUN" starttime="20241125 18:30:00.187" endtime="20241125 18:30:00.187"/>
</kw>
<kw name="Log To Console" library="BuiltIn">
<arg>entered ${value}</arg>
<doc>Logs the given message to the console.</doc>
<status status="NOT RUN" starttime="20241125 18:30:00.188" endtime="20241125 18:30:00.188"/>
</kw>
<if>
<branch type="IF" condition="${action}[enter]">
<kw name="Keyboard Key" library="RPA.Browser.Playwright">
<arg>press</arg>
<arg>Enter</arg>
<tag>PageContent</tag>
<tag>Setter</tag>
<doc>Press a keyboard key on the virtual keyboard or set a key up or down.</doc>
<status status="NOT RUN" starttime="20241125 18:30:00.191" endtime="20241125 18:30:00.192"/>
</kw>
<status status="NOT RUN" starttime="20241125 18:30:00.189" endtime="20241125 18:30:00.192"/>
</branch>
<status status="NOT RUN" starttime="20241125 18:30:00.189" endtime="20241125 18:30:00.193"/>
</if>
<kw name="Log To Console" library="BuiltIn">
<arg>entered ${value}</arg>
<doc>Logs the given message to the console.</doc>
<status status="NOT RUN" starttime="20241125 18:30:00.193" endtime="20241125 18:30:00.193"/>
</kw>
<status status="NOT RUN" starttime="20241125 18:30:00.179" endtime="20241125 18:30:00.193"/>
</branch>
<branch type="ELSE IF" condition="'${action}[type]' == '${GET_TEXTBOX_VALUE}'">
<kw name="get-value" library="COMP_Textbox">
<var>${value}</var>
<arg>${action}[selector][xpath]</arg>
<tag>component</tag>
<doc>Returns Field Value</doc>
<status status="NOT RUN" starttime="20241125 18:30:00.195" endtime="20241125 18:30:00.197"/>
</kw>
<status status="NOT RUN" starttime="20241125 18:30:00.194" endtime="20241125 18:30:00.197"/>
</branch>
<branch type="ELSE IF" condition="'${action}[type]' == '${GET_CHECKBOX_VALUE}'">
<kw name="get-value" library="COMP_Checkbox">
<var>${value}</var>
<arg>${action}[selector][xpath]</arg>
<tag>component</tag>
<doc>Gets the current checkbox status</doc>
<status status="NOT RUN" starttime="20241125 18:30:00.200" endtime="20241125 18:30:00.200"/>
</kw>
<if>
<branch type="IF" condition="${value}">
<kw name="Set Variable" library="BuiltIn">
<var>${value}</var>
<arg>TRUE</arg>
<doc>Returns the given values which can then be assigned to a variables.</doc>
<status status="NOT RUN" starttime="20241125 18:30:00.201" endtime="20241125 18:30:00.202"/>
</kw>
<status status="NOT RUN" starttime="20241125 18:30:00.201" endtime="20241125 18:30:00.202"/>
</branch>
<branch type="ELSE">
<kw name="Set Variable" library="BuiltIn">
<var>${value}</var>
<arg>FALSE</arg>
<doc>Returns the given values which can then be assigned to a variables.</doc>
<status status="NOT RUN" starttime="20241125 18:30:00.203" endtime="20241125 18:30:00.203"/>
</kw>
<status status="NOT RUN" starttime="20241125 18:30:00.202" endtime="20241125 18:30:00.203"/>
</branch>
<status status="NOT RUN" starttime="20241125 18:30:00.201" endtime="20241125 18:30:00.203"/>
</if>
<status status="NOT RUN" starttime="20241125 18:30:00.197" endtime="20241125 18:30:00.204"/>
</branch>
<branch type="ELSE IF" condition="'${action}[type]' == '${SET_CHECKBOX_VALUE}'">
<kw name="evaluate(${input}[value] == TRUE)">
<var>${select}</var>
<status status="NOT RUN" starttime="20241125 18:30:00.219" endtime="20241125 18:30:00.220"/>
</kw>
<kw name="set-value" library="COMP_Checkbox">
<arg>${action}[selector][xpath]</arg>
<arg>${select}</arg>
<tag>component</tag>
<doc>Updates the Field value and checks for post condition
And retries if the retry value is provided</doc>
<status status="NOT RUN" starttime="20241125 18:30:00.231" endtime="20241125 18:30:00.231"/>
</kw>
<status status="NOT RUN" starttime="20241125 18:30:00.204" endtime="20241125 18:30:00.232"/>
</branch>
<branch type="ELSE IF" condition="'${action}[type]' == '${GET_RADIO_VALUE}'">
<kw name="get-value" library="COMP_Checkbox">
<var>${value}</var>
<arg>${action}[selector][xpath]</arg>
<tag>component</tag>
<doc>Gets the current checkbox status</doc>
<status status="NOT RUN" starttime="20241125 18:30:00.235" endtime="20241125 18:30:00.237"/>
</kw>
<if>
<branch type="IF" condition="${value}">
<kw name="Set Variable" library="BuiltIn">
<var>${value}</var>
<arg>TRUE</arg>
<doc>Returns the given values which can then be assigned to a variables.</doc>
<status status="NOT RUN" starttime="20241125 18:30:00.238" endtime="20241125 18:30:00.238"/>
</kw>
<status status="NOT RUN" starttime="20241125 18:30:00.237" endtime="20241125 18:30:00.238"/>
</branch>
<branch type="ELSE">
<kw name="Set Variable" library="BuiltIn">
<var>${value}</var>
<arg>FALSE</arg>
<doc>Returns the given values which can then be assigned to a variables.</doc>
<status status="NOT RUN" starttime="20241125 18:30:00.239" endtime="20241125 18:30:00.239"/>
</kw>
<status status="NOT RUN" starttime="20241125 18:30:00.238" endtime="20241125 18:30:00.239"/>
</branch>
<status status="NOT RUN" starttime="20241125 18:30:00.237" endtime="20241125 18:30:00.239"/>
</if>
<status status="NOT RUN" starttime="20241125 18:30:00.232" endtime="20241125 18:30:00.239"/>
</branch>
<branch type="ELSE IF" condition="'${action}[type]' == '${SET_RADIO_VALUE}'">
<kw name="evaluate(${input}[value] == TRUE)">
<var>${select}</var>
<status status="NOT RUN" starttime="20241125 18:30:00.250" endtime="20241125 18:30:00.250"/>
</kw>
<kw name="set-value" library="COMP_Checkbox">
<arg>${action}[selector][xpath]</arg>
<arg>${select}</arg>
<tag>component</tag>
<doc>Updates the Field value and checks for post condition
And retries if the retry value is provided</doc>
<status status="NOT RUN" starttime="20241125 18:30:00.257" endtime="20241125 18:30:00.257"/>
</kw>
<status status="NOT RUN" starttime="20241125 18:30:00.239" endtime="20241125 18:30:00.257"/>
</branch>
<branch type="ELSE IF" condition="'${action}[type]' == '${IS_ELEMENT_VISIBLE}'">
<kw name="is-attached-after-wait" library="UTIL_BrowserHelper">
<var>${value}</var>
<arg>${action}[selector][xpath]</arg>
<tag>util</tag>
<doc>checks whether the given selector is attached to the DOM
after waiting for the element state</doc>
<status status="NOT RUN" starttime="20241125 18:30:00.260" endtime="20241125 18:30:00.260"/>
</kw>
<if>
<branch type="IF" condition="${value}">
<kw name="Set Variable" library="BuiltIn">
<var>${value}</var>
<arg>TRUE</arg>
<doc>Returns the given values which can then be assigned to a variables.</doc>
<status status="NOT RUN" starttime="20241125 18:30:00.262" endtime="20241125 18:30:00.263"/>
</kw>
<status status="NOT RUN" starttime="20241125 18:30:00.261" endtime="20241125 18:30:00.263"/>
</branch>
<branch type="ELSE">
<kw name="Set Variable" library="BuiltIn">
<var>${value}</var>
<arg>FALSE</arg>
<doc>Returns the given values which can then be assigned to a variables.</doc>
<status status="NOT RUN" starttime="20241125 18:30:00.263" endtime="20241125 18:30:00.264"/>
</kw>
<status status="NOT RUN" starttime="20241125 18:30:00.263" endtime="20241125 18:30:00.264"/>
</branch>
<status status="NOT RUN" starttime="20241125 18:30:00.261" endtime="20241125 18:30:00.264"/>
</if>
<status status="NOT RUN" starttime="20241125 18:30:00.257" endtime="20241125 18:30:00.264"/>
</branch>
<branch type="ELSE IF" condition="'${action}[type]' == '${GET_TEXT}'">
<kw name="get-property" library="UTIL_BrowserHelper">
<var>${value}</var>
<arg>${action}[selector][xpath]</arg>
<arg>innerText</arg>
<tag>util</tag>
<doc>Method used to get property</doc>
<status status="NOT RUN" starttime="20241125 18:30:00.272" endtime="20241125 18:30:00.272"/>
</kw>
<status status="NOT RUN" starttime="20241125 18:30:00.264" endtime="20241125 18:30:00.273"/>
</branch>
<branch type="ELSE">
<kw name="Log To Message">
<arg>Action not developed. Terminate the TestCase here!!!</arg>
<status status="NOT RUN" starttime="20241125 18:30:00.284" endtime="20241125 18:30:00.285"/>
</kw>
<kw name="ex-fail" library="EX_Exception">
<arg>ACTION_NOT_DEVELOPED</arg>
<tag>exception</tag>
<doc>wrapper over the builtin Fail keyword, to support additional operations during failure</doc>
<status status="NOT RUN" starttime="20241125 18:30:00.285" endtime="20241125 18:30:00.285"/>
</kw>
<status status="NOT RUN" starttime="20241125 18:30:00.273" endtime="20241125 18:30:00.287"/>
</branch>
<status status="PASS" starttime="20241125 18:29:56.727" endtime="20241125 18:30:00.287"/>
</if>
<kw name="Log To Console" library="BuiltIn">
<arg>${value}</arg>
<doc>Logs the given message to the console.</doc>
<status status="PASS" starttime="20241125 18:30:00.288" endtime="20241125 18:30:00.289"/>
</kw>
<kw name="Sleep" library="BuiltIn">
<arg>${input}[waitAfterAction]s</arg>
<doc>Pauses the test executed for the given time.</doc>
<msg timestamp="20241125 18:30:00.291" level="INFO">Slept 0 seconds</msg>
<status status="PASS" starttime="20241125 18:30:00.290" endtime="20241125 18:30:00.291"/>
</kw>
<return>
<value>${value}</value>
<status status="PASS" starttime="20241125 18:30:00.292" endtime="20241125 18:30:00.292"/>
</return>
<msg timestamp="20241125 18:30:00.293" level="INFO">${value} = https://iassistant.ideas2it.com</msg>
<status status="PASS" starttime="20241125 18:29:56.723" endtime="20241125 18:30:00.293"/>
</kw>
<kw name="perform-assertion">
<var>${assertion_message}</var>
<arg>${ACCUMULATION}</arg>
<arg>${assertions}</arg>
<arg>${testCaseFlowSequence}[id]</arg>
<arg>${flowActionSequence}[id]</arg>
<arg>${value}</arg>
<kw name="Set Variable" library="BuiltIn">
<var>${key}</var>
<arg>testCaseFlowSequenceId:${testCaseFlowSequenceId}::flowActionSequenceId:${flowActionSequenceId}</arg>
<doc>Returns the given values which can then be assigned to a variables.</doc>
<msg timestamp="20241125 18:30:00.298" level="INFO">${key} = testCaseFlowSequenceId:5::flowActionSequenceId:1</msg>
<status status="PASS" starttime="20241125 18:30:00.296" endtime="20241125 18:30:00.298"/>
</kw>
<for flavor="IN">
<var>${assertion}</var>
<value>@{assertions}</value>
<iter>
<var name="${assertion}">{'id': '3', 'testCaseId': '3', 'operator': 'SHOULD_BE_EQUAL_TO', 'source': 'testCaseFlowSequenceId:7::flowActionSequenceId:16', 'target': None, 'customTargetValue': 'TN91 T9861 ( Two-wheeler )', 'useC...</var>
<kw name="Set Variable" library="BuiltIn">
<var>${source}</var>
<arg>${assertion}[source]</arg>
<doc>Returns the given values which can then be assigned to a variables.</doc>
<msg timestamp="20241125 18:30:00.307" level="INFO">${source} = testCaseFlowSequenceId:7::flowActionSequenceId:16</msg>
<status status="PASS" starttime="20241125 18:30:00.304" endtime="20241125 18:30:00.307"/>
</kw>
<kw name="Set Variable" library="BuiltIn">
<var>${target}</var>
<arg>${assertion}[target]</arg>
<doc>Returns the given values which can then be assigned to a variables.</doc>
<msg timestamp="20241125 18:30:00.309" level="INFO">${target} = None</msg>
<status status="PASS" starttime="20241125 18:30:00.308" endtime="20241125 18:30:00.309"/>
</kw>
<kw name="Set Variable" library="BuiltIn">
<var>${skip}</var>
<arg>${assertion}[skip]</arg>
<doc>Returns the given values which can then be assigned to a variables.</doc>
<msg timestamp="20241125 18:30:00.310" level="INFO">${skip} = False</msg>
<status status="PASS" starttime="20241125 18:30:00.309" endtime="20241125 18:30:00.310"/>
</kw>
<kw name="Set Variable" library="BuiltIn">
<var>${operator}</var>
<arg>${assertion}[operator]</arg>
<doc>Returns the given values which can then be assigned to a variables.</doc>
<msg timestamp="20241125 18:30:00.312" level="INFO">${operator} = SHOULD_BE_EQUAL_TO</msg>
<status status="PASS" starttime="20241125 18:30:00.311" endtime="20241125 18:30:00.312"/>
</kw>
<kw name="Set Variable" library="BuiltIn">
<var>${useCustomTargetValue}</var>
<arg>${assertion}[useCustomTargetValue]</arg>
<doc>Returns the given values which can then be assigned to a variables.</doc>
<msg timestamp="20241125 18:30:00.314" level="INFO">${useCustomTargetValue} = True</msg>
<status status="PASS" starttime="20241125 18:30:00.313" endtime="20241125 18:30:00.314"/>
</kw>
<kw name="Set Variable" library="BuiltIn">
<var>${customTargetValue}</var>
<arg>${assertion}[customTargetValue]</arg>
<doc>Returns the given values which can then be assigned to a variables.</doc>
<msg timestamp="20241125 18:30:00.315" level="INFO">${customTargetValue} = TN91 T9861 ( Two-wheeler )</msg>
<status status="PASS" starttime="20241125 18:30:00.314" endtime="20241125 18:30:00.315"/>
</kw>
<kw name="Set Variable" library="BuiltIn">
<var>${errorMessage}</var>
<arg>${assertion}[errorMessage]</arg>
<doc>Returns the given values which can then be assigned to a variables.</doc>
<msg timestamp="20241125 18:30:00.317" level="INFO">${errorMessage} = Vehicle number mismatch</msg>
<status status="PASS" starttime="20241125 18:30:00.316" endtime="20241125 18:30:00.317"/>
</kw>
<kw name="Set To Dictionary" library="Collections">
<arg>${ACCUMULATION}</arg>
<arg>${key}=${value}</arg>
<doc>Adds the given ``key_value_pairs`` and ``items`` to the ``dictionary``.</doc>
<status status="PASS" starttime="20241125 18:30:00.318" endtime="20241125 18:30:00.319"/>
</kw>
<kw name="is-value-not-none" library="UTIL_Collection">
<var>${is_source_exists}</var>
<arg>${ACCUMULATION}</arg>
<arg>${source}</arg>
<tag>util</tag>
<doc>checks whether the key exists in dicitonary</doc>
<kw name="Run Keyword And Return Status" library="BuiltIn">
<var>${no_none_exists}</var>
<arg>dictionary should contain key</arg>
<arg>${dictionary}</arg>
<arg>${key}</arg>
<doc>Runs the given keyword with given arguments and returns the status as a Boolean value.</doc>
<kw name="Dictionary Should Contain Key" library="Collections">
<arg>${dictionary}</arg>
<arg>${key}</arg>
<doc>Fails if ``key`` is not found from ``dictionary``.</doc>
<msg timestamp="20241125 18:30:00.328" level="FAIL">Dictionary does not contain key 'testCaseFlowSequenceId:7::flowActionSequenceId:16'.</msg>
<status status="FAIL" starttime="20241125 18:30:00.325" endtime="20241125 18:30:00.328"/>
</kw>
<msg timestamp="20241125 18:30:00.328" level="INFO">${no_none_exists} = False</msg>
<status status="PASS" starttime="20241125 18:30:00.325" endtime="20241125 18:30:00.328"/>
</kw>
<if>
<branch type="IF" condition="$no_none_exists == $True">
<kw name="Set Variable" library="BuiltIn">
<var>${values}</var>
<arg>${dictionary}[${key}]</arg>
<doc>Returns the given values which can then be assigned to a variables.</doc>
<status status="NOT RUN" starttime="20241125 18:30:00.330" endtime="20241125 18:30:00.330"/>
</kw>
<if>
<branch type="IF" condition="$values != $None">
<kw name="Set Variable" library="BuiltIn">
<var>${no_none_exists}</var>
<arg>${True}</arg>
<doc>Returns the given values which can then be assigned to a variables.</doc>
<status status="NOT RUN" starttime="20241125 18:30:00.330" endtime="20241125 18:30:00.331"/>
</kw>
<status status="NOT RUN" starttime="20241125 18:30:00.330" endtime="20241125 18:30:00.331"/>
</branch>
<branch type="ELSE">
<kw name="Set Variable" library="BuiltIn">
<var>${no_none_exists}</var>
<arg>${False}</arg>
<doc>Returns the given values which can then be assigned to a variables.</doc>
<status status="NOT RUN" starttime="20241125 18:30:00.331" endtime="20241125 18:30:00.332"/>
</kw>
<status status="NOT RUN" starttime="20241125 18:30:00.331" endtime="20241125 18:30:00.332"/>
</branch>
<status status="NOT RUN" starttime="20241125 18:30:00.330" endtime="20241125 18:30:00.332"/>
</if>
<status status="NOT RUN" starttime="20241125 18:30:00.329" endtime="20241125 18:30:00.332"/>
</branch>
<status status="PASS" starttime="20241125 18:30:00.329" endtime="20241125 18:30:00.333"/>
</if>
<return>
<value>${no_none_exists}</value>
<status status="PASS" starttime="20241125 18:30:00.333" endtime="20241125 18:30:00.333"/>
</return>
<msg timestamp="20241125 18:30:00.337" level="INFO">${is_source_exists} = False</msg>
<status status="PASS" starttime="20241125 18:30:00.323" endtime="20241125 18:30:00.337"/>
</kw>
<kw name="is-value-not-none" library="UTIL_Collection">
<var>${is_target_exists}</var>
<arg>${ACCUMULATION}</arg>
<arg>${target}</arg>
<tag>util</tag>
<doc>checks whether the key exists in dicitonary</doc>
<kw name="Run Keyword And Return Status" library="BuiltIn">
<var>${no_none_exists}</var>
<arg>dictionary should contain key</arg>
<arg>${dictionary}</arg>
<arg>${key}</arg>
<doc>Runs the given keyword with given arguments and returns the status as a Boolean value.</doc>
<kw name="Dictionary Should Contain Key" library="Collections">
<arg>${dictionary}</arg>
<arg>${key}</arg>
<doc>Fails if ``key`` is not found from ``dictionary``.</doc>
<msg timestamp="20241125 18:30:00.348" level="FAIL">Dictionary does not contain key 'None'.</msg>
<status status="FAIL" starttime="20241125 18:30:00.346" endtime="20241125 18:30:00.348"/>
</kw>
<msg timestamp="20241125 18:30:00.348" level="INFO">${no_none_exists} = False</msg>
<status status="PASS" starttime="20241125 18:30:00.345" endtime="20241125 18:30:00.348"/>
</kw>
<if>
<branch type="IF" condition="$no_none_exists == $True">
<kw name="Set Variable" library="BuiltIn">
<var>${values}</var>
<arg>${dictionary}[${key}]</arg>
<doc>Returns the given values which can then be assigned to a variables.</doc>
<status status="NOT RUN" starttime="20241125 18:30:00.349" endtime="20241125 18:30:00.349"/>
</kw>
<if>
<branch type="IF" condition="$values != $None">
<kw name="Set Variable" library="BuiltIn">
<var>${no_none_exists}</var>
<arg>${True}</arg>
<doc>Returns the given values which can then be assigned to a variables.</doc>
<status status="NOT RUN" starttime="20241125 18:30:00.349" endtime="20241125 18:30:00.350"/>
</kw>
<status status="NOT RUN" starttime="20241125 18:30:00.349" endtime="20241125 18:30:00.350"/>
</branch>
<branch type="ELSE">
<kw name="Set Variable" library="BuiltIn">
<var>${no_none_exists}</var>
<arg>${False}</arg>
<doc>Returns the given values which can then be assigned to a variables.</doc>
<status status="NOT RUN" starttime="20241125 18:30:00.351" endtime="20241125 18:30:00.352"/>
</kw>
<status status="NOT RUN" starttime="20241125 18:30:00.350" endtime="20241125 18:30:00.352"/>
</branch>
<status status="NOT RUN" starttime="20241125 18:30:00.349" endtime="20241125 18:30:00.352"/>
</if>
<status status="NOT RUN" starttime="20241125 18:30:00.348" endtime="20241125 18:30:00.352"/>
</branch>
<status status="PASS" starttime="20241125 18:30:00.348" endtime="20241125 18:30:00.353"/>
</if>
<return>
<value>${no_none_exists}</value>
<status status="PASS" starttime="20241125 18:30:00.353" endtime="20241125 18:30:00.353"/>
</return>
<msg timestamp="20241125 18:30:00.354" level="INFO">${is_target_exists} = False</msg>
<status status="PASS" starttime="20241125 18:30:00.343" endtime="20241125 18:30:00.354"/>
</kw>
<if>
<branch type="IF" condition="'${source}' == '${key}' and '${is_source_exists}' == '${True}'">
<if>
<branch type="IF" condition="$skip">
<return>
<value>Skipped assertion!!</value>
<status status="NOT RUN" starttime="20241125 18:30:00.355" endtime="20241125 18:30:00.355"/>
</return>
<status status="NOT RUN" starttime="20241125 18:30:00.355" endtime="20241125 18:30:00.355"/>
</branch>
<status status="NOT RUN" starttime="20241125 18:30:00.355" endtime="20241125 18:30:00.355"/>
</if>
<if>
<branch type="IF" condition="$useCustomTargetValue">
<if>
<branch type="IF" condition="'${operator}' == 'SHOULD_BE_EQUAL_TO'">
<kw name="Should Be Equal" library="BuiltIn">
<arg>${ACCUMULATION}[${source}]</arg>
<arg>${customTargetValue}</arg>
<arg>${errorMessage}</arg>
<doc>Fails if the given objects are unequal.</doc>
<status status="NOT RUN" starttime="20241125 18:30:00.357" endtime="20241125 18:30:00.357"/>
</kw>
<return>
<value>Assertion passed: ${ACCUMULATION}[${source}] == ${customTargetValue}</value>
<status status="NOT RUN" starttime="20241125 18:30:00.357" endtime="20241125 18:30:00.358"/>
</return>
<status status="NOT RUN" starttime="20241125 18:30:00.357" endtime="20241125 18:30:00.358"/>
</branch>
<branch type="ELSE IF" condition="'${operator}' == 'SHOULD_NOT_BE_EQUAL_TO'">
<kw name="Should Not Be Equal" library="BuiltIn">
<arg>${ACCUMULATION}[${source}]</arg>
<arg>${customTargetValue}</arg>
<arg>${errorMessage}</arg>
<doc>Fails if the given objects are equal.</doc>
<status status="NOT RUN" starttime="20241125 18:30:00.358" endtime="20241125 18:30:00.358"/>
</kw>
<return>
<value>Assertion passed: ${ACCUMULATION}[${source}] != ${customTargetValue}</value>
<status status="NOT RUN" starttime="20241125 18:30:00.358" endtime="20241125 18:30:00.358"/>
</return>
<status status="NOT RUN" starttime="20241125 18:30:00.358" endtime="20241125 18:30:00.359"/>
</branch>
<status status="NOT RUN" starttime="20241125 18:30:00.357" endtime="20241125 18:30:00.359"/>
</if>
<status status="NOT RUN" starttime="20241125 18:30:00.357" endtime="20241125 18:30:00.359"/>
</branch>
<status status="NOT RUN" starttime="20241125 18:30:00.357" endtime="20241125 18:30:00.359"/>
</if>
<if>
<branch type="IF" condition="$is_target_exists">
<if>
<branch type="IF" condition="'${operator}' == 'SHOULD_BE_EQUAL_TO'">
<kw name="Should Be Equal" library="BuiltIn">
<arg>${ACCUMULATION}[${source}]</arg>
<arg>${ACCUMULATION}[${target}]</arg>
<arg>${errorMessage}</arg>
<doc>Fails if the given objects are unequal.</doc>
<status status="NOT RUN" starttime="20241125 18:30:00.360" endtime="20241125 18:30:00.360"/>
</kw>
<return>
<value>Assertion passed: ${ACCUMULATION}[${source}] == ${ACCUMULATION}[${target}]</value>
<status status="NOT RUN" starttime="20241125 18:30:00.360" endtime="20241125 18:30:00.360"/>
</return>
<status status="NOT RUN" starttime="20241125 18:30:00.359" endtime="20241125 18:30:00.360"/>
</branch>
<branch type="ELSE IF" condition="'${operator}' == 'SHOULD_NOT_BE_EQUAL_TO'">
<kw name="Should Not Be Equal" library="BuiltIn">
<arg>${ACCUMULATION}[${source}]</arg>
<arg>${ACCUMULATION}[${target}]</arg>
<arg>${errorMessage}</arg>
<doc>Fails if the given objects are equal.</doc>
<status status="NOT RUN" starttime="20241125 18:30:00.361" endtime="20241125 18:30:00.361"/>
</kw>
<return>
<value>Assertion passed: ${ACCUMULATION}[${source}] != ${ACCUMULATION}[${target}]</value>
<status status="NOT RUN" starttime="20241125 18:30:00.361" endtime="20241125 18:30:00.361"/>
</return>
<status status="NOT RUN" starttime="20241125 18:30:00.360" endtime="20241125 18:30:00.361"/>
</branch>
<status status="NOT RUN" starttime="20241125 18:30:00.359" endtime="20241125 18:30:00.361"/>
</if>
<status status="NOT RUN" starttime="20241125 18:30:00.359" endtime="20241125 18:30:00.362"/>
</branch>
<status status="NOT RUN" starttime="20241125 18:30:00.359" endtime="20241125 18:30:00.362"/>
</if>
<status status="NOT RUN" starttime="20241125 18:30:00.355" endtime="20241125 18:30:00.362"/>
</branch>
<status status="PASS" starttime="20241125 18:30:00.354" endtime="20241125 18:30:00.362"/>
</if>
<if>
<branch type="IF" condition="'${target}' == '${key}' and '${is_target_exists}' == '${True}'">
<if>
<branch type="IF" condition="$skip">
<return>
<value>Skipped assertion!!</value>
<status status="NOT RUN" starttime="20241125 18:30:00.364" endtime="20241125 18:30:00.364"/>
</return>
<status status="NOT RUN" starttime="20241125 18:30:00.363" endtime="20241125 18:30:00.364"/>
</branch>
<status status="NOT RUN" starttime="20241125 18:30:00.363" endtime="20241125 18:30:00.364"/>
</if>
<if>
<branch type="IF" condition="$useCustomTargetValue">
<kw name="Log To Console" library="BuiltIn">
<arg>No need to assert here.</arg>
<doc>Logs the given message to the console.</doc>
<status status="NOT RUN" starttime="20241125 18:30:00.365" endtime="20241125 18:30:00.365"/>
</kw>
<status status="NOT RUN" starttime="20241125 18:30:00.364" endtime="20241125 18:30:00.365"/>
</branch>
<status status="NOT RUN" starttime="20241125 18:30:00.364" endtime="20241125 18:30:00.365"/>
</if>
<if>
<branch type="IF" condition="$is_source_exists">
<if>
<branch type="IF" condition="'${operator}' == 'SHOULD_BE_EQUAL_TO'">
<kw name="Should Be Equal" library="BuiltIn">
<arg>${ACCUMULATION}[${target}]</arg>
<arg>${ACCUMULATION}[${source}]</arg>
<arg>${errorMessage}</arg>
<doc>Fails if the given objects are unequal.</doc>
<status status="NOT RUN" starttime="20241125 18:30:00.366" endtime="20241125 18:30:00.366"/>
</kw>
<return>
<value>Assertion passed: ${ACCUMULATION}[${target}] == ${ACCUMULATION}[${source}]</value>
<status status="NOT RUN" starttime="20241125 18:30:00.366" endtime="20241125 18:30:00.366"/>
</return>
<status status="NOT RUN" starttime="20241125 18:30:00.365" endtime="20241125 18:30:00.367"/>
</branch>
<branch type="ELSE IF" condition="'${operator}' == 'SHOULD_NOT_BE_EQUAL_TO'">
<kw name="Should Not Be Equal" library="BuiltIn">
<arg>${ACCUMULATION}[${target}]</arg>
<arg>${ACCUMULATION}[${source}]</arg>
<arg>${errorMessage}</arg>
<doc>Fails if the given objects are equal.</doc>
<status status="NOT RUN" starttime="20241125 18:30:00.367" endtime="20241125 18:30:00.369"/>
</kw>
<return>
<value>Assertion passed: ${ACCUMULATION}[${target}] != ${ACCUMULATION}[${source}]</value>
<status status="NOT RUN" starttime="20241125 18:30:00.369" endtime="20241125 18:30:00.369"/>
</return>
<status status="NOT RUN" starttime="20241125 18:30:00.367" endtime="20241125 18:30:00.369"/>
</branch>
<status status="NOT RUN" starttime="20241125 18:30:00.365" endtime="20241125 18:30:00.369"/>
</if>
<status status="NOT RUN" starttime="20241125 18:30:00.365" endtime="20241125 18:30:00.369"/>
</branch>
<status status="NOT RUN" starttime="20241125 18:30:00.365" endtime="20241125 18:30:00.370"/>
</if>
<status status="NOT RUN" starttime="20241125 18:30:00.363" endtime="20241125 18:30:00.370"/>
</branch>
<status status="PASS" starttime="20241125 18:30:00.362" endtime="20241125 18:30:00.370"/>
</if>
<status status="PASS" starttime="20241125 18:30:00.299" endtime="20241125 18:30:00.370"/>
</iter>
<status status="PASS" starttime="20241125 18:30:00.299" endtime="20241125 18:30:00.370"/>
</for>
<msg timestamp="20241125 18:30:00.371" level="INFO">${assertion_message} = None</msg>
<status status="PASS" starttime="20241125 18:30:00.294" endtime="20241125 18:30:00.371"/>
</kw>
<kw name="Log To Console" library="BuiltIn">
<arg>${assertion_message}</arg>
<doc>Logs the given message to the console.</doc>
<status status="PASS" starttime="20241125 18:30:00.371" endtime="20241125 18:30:00.372"/>
</kw>
<kw name="send-action-sequence-message">
<arg>${flowActionSequence}[flowActionSequenceHistoryId]</arg>
<arg>COMPLETED</arg>
<arg>${action}</arg>
<arg>${input}</arg>
<arg>${EMPTY}</arg>
<arg>${assertion_message}</arg>
<kw name="is-value-not-none" library="UTIL_Collection">
<var>${is_selector_exists}</var>
<arg>${action}</arg>
<arg>selector</arg>
<tag>util</tag>
<doc>checks whether the key exists in dicitonary</doc>
<kw name="Run Keyword And Return Status" library="BuiltIn">
<var>${no_none_exists}</var>
<arg>dictionary should contain key</arg>
<arg>${dictionary}</arg>
<arg>${key}</arg>
<doc>Runs the given keyword with given arguments and returns the status as a Boolean value.</doc>
<kw name="Dictionary Should Contain Key" library="Collections">
<arg>${dictionary}</arg>
<arg>${key}</arg>
<doc>Fails if ``key`` is not found from ``dictionary``.</doc>
<msg timestamp="20241125 18:30:00.382" level="FAIL">Dictionary does not contain key 'selector'.</msg>
<status status="FAIL" starttime="20241125 18:30:00.380" endtime="20241125 18:30:00.382"/>
</kw>
<msg timestamp="20241125 18:30:00.383" level="INFO">${no_none_exists} = False</msg>
<status status="PASS" starttime="20241125 18:30:00.380" endtime="20241125 18:30:00.383"/>
</kw>
<if>
<branch type="IF" condition="$no_none_exists == $True">
<kw name="Set Variable" library="BuiltIn">
<var>${values}</var>
<arg>${dictionary}[${key}]</arg>
<doc>Returns the given values which can then be assigned to a variables.</doc>
<status status="NOT RUN" starttime="20241125 18:30:00.397" endtime="20241125 18:30:00.399"/>
</kw>
<if>
<branch type="IF" condition="$values != $None">
<kw name="Set Variable" library="BuiltIn">
<var>${no_none_exists}</var>
<arg>${True}</arg>
<doc>Returns the given values which can then be assigned to a variables.</doc>
<status status="NOT RUN" starttime="20241125 18:30:00.403" endtime="20241125 18:30:00.404"/>
</kw>
<status status="NOT RUN" starttime="20241125 18:30:00.400" endtime="20241125 18:30:00.405"/>
</branch>
<branch type="ELSE">
<kw name="Set Variable" library="BuiltIn">
<var>${no_none_exists}</var>
<arg>${False}</arg>
<doc>Returns the given values which can then be assigned to a variables.</doc>
<status status="NOT RUN" starttime="20241125 18:30:00.406" endtime="20241125 18:30:00.409"/>
</kw>
<status status="NOT RUN" starttime="20241125 18:30:00.405" endtime="20241125 18:30:00.409"/>
</branch>
<status status="NOT RUN" starttime="20241125 18:30:00.400" endtime="20241125 18:30:00.409"/>
</if>
<status status="NOT RUN" starttime="20241125 18:30:00.394" endtime="20241125 18:30:00.409"/>
</branch>
<status status="PASS" starttime="20241125 18:30:00.383" endtime="20241125 18:30:00.410"/>
</if>
<return>
<value>${no_none_exists}</value>
<status status="PASS" starttime="20241125 18:30:00.410" endtime="20241125 18:30:00.410"/>
</return>
<msg timestamp="20241125 18:30:00.411" level="INFO">${is_selector_exists} = False</msg>
<status status="PASS" starttime="20241125 18:30:00.378" endtime="20241125 18:30:00.411"/>
</kw>
<if>
<branch type="IF" condition="$is_selector_exists">
<kw name="Set Variable" library="BuiltIn">
<var>${xpath}</var>
<arg>${action}[selector][xpath]</arg>
<doc>Returns the given values which can then be assigned to a variables.</doc>
<status status="NOT RUN" starttime="20241125 18:30:00.412" endtime="20241125 18:30:00.412"/>
</kw>
<status status="NOT RUN" starttime="20241125 18:30:00.411" endtime="20241125 18:30:00.412"/>
</branch>
<branch type="ELSE">
<kw name="Set Variable" library="BuiltIn">
<var>${xpath}</var>
<arg>${EMPTY}</arg>
<doc>Returns the given values which can then be assigned to a variables.</doc>
<msg timestamp="20241125 18:30:00.413" level="INFO">${xpath} = </msg>
<status status="PASS" starttime="20241125 18:30:00.412" endtime="20241125 18:30:00.413"/>
</kw>
<status status="PASS" starttime="20241125 18:30:00.412" endtime="20241125 18:30:00.413"/>
</branch>
<status status="PASS" starttime="20241125 18:30:00.411" endtime="20241125 18:30:00.413"/>
</if>
<kw name="Create Dictionary" library="BuiltIn">
<var>${response_message}</var>
<arg>flowActionSequenceHistoryId=${flowActionSequenceHistoryId}</arg>
<arg>status=${status}</arg>
<arg>actionName=${action}[name]</arg>
<arg>actionType=${action}[type]</arg>
<arg>actionXpath=${xpath}</arg>
<arg>inputValue=${input}[value]</arg>
<arg>errorMessage=${errorMessage}</arg>
<arg>assertionMessage=${assertionMessage}</arg>
<doc>Creates and returns a dictionary based on the given ``items``.</doc>
<msg timestamp="20241125 18:30:00.415" level="INFO">${response_message} = {'flowActionSequenceHistoryId': '318', 'status': 'COMPLETED', 'actionName': 'Launch browser', 'actionType': 'LAUNCH_BROWSER', 'actionXpath': '', 'inputValue': 'https://iassistant.ideas2it.com', 'error...</msg>
<status status="PASS" starttime="20241125 18:30:00.414" endtime="20241125 18:30:00.415"/>
</kw>
<kw name="Push response message to kafka topic" library="UTIL_Common">
<arg>${response_message}</arg>
<tag>function</tag>
<doc>push the response message to kafka topic</doc>
<kw name="Evaluate" library="BuiltIn">
<var>${json_response}</var>
<arg>json.dumps(${payload_response_msg})</arg>
<arg>json</arg>
<doc>Evaluates the given expression in Python and returns the result.</doc>
<msg timestamp="20241125 18:30:00.420" level="INFO">${json_response} = {"flowActionSequenceHistoryId": "318", "status": "COMPLETED", "actionName": "Launch browser", "actionType": "LAUNCH_BROWSER", "actionXpath": "", "inputValue": "https://iassistant.ideas2it.com", "error...</msg>
<status status="PASS" starttime="20241125 18:30:00.419" endtime="20241125 18:30:00.421"/>
</kw>
<kw name="Push Message To Topic" library="TopicProducer">
<var>${producer_response}</var>
<arg>${json_response}</arg>
<doc>Kafka Producer to send the response as json message and push it</doc>
<msg timestamp="20241125 18:30:00.430" level="INFO">Message delivered to response_topic [0]</msg>
<msg timestamp="20241125 18:30:00.430" level="INFO">${producer_response} = &lt;function delivery_report at 0x0000020384F5B430&gt;</msg>
<status status="PASS" starttime="20241125 18:30:00.421" endtime="20241125 18:30:00.430"/>
</kw>
<kw name="Log To Console" library="BuiltIn">
<arg>kafka_producer_response:${producer_response}</arg>
<doc>Logs the given message to the console.</doc>
<status status="PASS" starttime="20241125 18:30:00.431" endtime="20241125 18:30:00.432"/>
</kw>
<return>
<value>${producer_response}</value>
<status status="PASS" starttime="20241125 18:30:00.433" endtime="20241125 18:30:00.433"/>
</return>
<status status="PASS" starttime="20241125 18:30:00.416" endtime="20241125 18:30:00.433"/>
</kw>
<status status="PASS" starttime="20241125 18:30:00.372" endtime="20241125 18:30:00.434"/>
</kw>
<status status="PASS" starttime="20241125 18:29:56.716" endtime="20241125 18:30:00.435"/>
</branch>
<branch type="EXCEPT" variable="${error_message}">
<kw name="Log To Console" library="BuiltIn">
<arg>${error_message}</arg>
<doc>Logs the given message to the console.</doc>
<status status="NOT RUN" starttime="20241125 18:30:00.435" endtime="20241125 18:30:00.436"/>
</kw>
<kw name="send-action-sequence-message">
<arg>${flowActionSequence}[flowActionSequenceHistoryId]</arg>
<arg>FAILED</arg>
<arg>${action}</arg>
<arg>${input}</arg>
<arg>${error_message}</arg>
<status status="NOT RUN" starttime="20241125 18:30:00.436" endtime="20241125 18:30:00.436"/>
</kw>
<kw name="ex-fail" library="EX_Exception">
<arg>${error_message}</arg>
<tag>exception</tag>
<doc>wrapper over the builtin Fail keyword, to support additional operations during failure</doc>
<status status="NOT RUN" starttime="20241125 18:30:00.438" endtime="20241125 18:30:00.438"/>
</kw>
<status status="NOT RUN" starttime="20241125 18:30:00.435" endtime="20241125 18:30:00.438"/>
</branch>
<status status="PASS" starttime="20241125 18:29:56.716" endtime="20241125 18:30:00.439"/>
</try>
<status status="PASS" starttime="20241125 18:29:56.716" endtime="20241125 18:30:00.439"/>
</iter>
<iter>
<var name="${flowActionSequence}">{'id': '3', 'actionId': '2', 'flowId': '1', 'order': 1, 'createdAt': '2024-11-25T08:01:13.886Z', 'updatedAt': '2024-11-25T08:01:13.886Z', 'action': {'id': '2', 'name': 'Enter username', 'type': 'TYPE_...</var>
<try>
<branch type="TRY">
<kw name="Set Variable" library="BuiltIn">
<var>${action}</var>
<arg>${flowActionSequence}[action]</arg>
<doc>Returns the given values which can then be assigned to a variables.</doc>
<msg timestamp="20241125 18:30:00.442" level="INFO">${action} = {'id': '2', 'name': 'Enter username', 'type': 'TYPE_TEXT', 'selectorI': '1', 'valueRege': '', 'projectId': '1', 'enter': None, 'createdAt': '2024-11-25T07:58:57.423Z', 'updatedAt': '2024-11-25T07:58:5...</msg>
<status status="PASS" starttime="20241125 18:30:00.441" endtime="20241125 18:30:00.442"/>
</kw>
<kw name="Log To Console" library="BuiltIn">
<arg>Action Name: ${action}[name]</arg>
<doc>Logs the given message to the console.</doc>
<status status="PASS" starttime="20241125 18:30:00.443" endtime="20241125 18:30:00.444"/>
</kw>
<kw name="Get Selected Input" library="Common_util">
<var>${input}</var>
<arg>${flowActionSequence}</arg>
<msg timestamp="20241125 18:30:00.445" level="INFO">${input} = {'id': '3', 'actionId': '2', 'name': 'Bharani', 'value': 'bharani@ideas2it.com', 'waitAfterAction': '0', 'isDefault': True, 'createdAt': '2024-11-25T07:58:57.620Z', 'updatedAt': '2024-11-25T11:16:10.6...</msg>
<status status="PASS" starttime="20241125 18:30:00.444" endtime="20241125 18:30:00.445"/>
</kw>
<if>
<branch type="IF" condition="$input == $None">
<kw name="Log To Console" library="BuiltIn">
<arg>Input not found for this action. Terminate the test case here!!!</arg>
<doc>Logs the given message to the console.</doc>
<status status="NOT RUN" starttime="20241125 18:30:00.446" endtime="20241125 18:30:00.446"/>
</kw>
<kw name="ex-fail" library="EX_Exception">
<arg>INPUT_NOT_FOUND_IN_ACTION</arg>
<tag>exception</tag>
<doc>wrapper over the builtin Fail keyword, to support additional operations during failure</doc>
<status status="NOT RUN" starttime="20241125 18:30:00.447" endtime="20241125 18:30:00.447"/>
</kw>
<status status="NOT RUN" starttime="20241125 18:30:00.445" endtime="20241125 18:30:00.447"/>
</branch>
<status status="PASS" starttime="20241125 18:30:00.445" endtime="20241125 18:30:00.447"/>
</if>
<kw name="execute-action">
<var>${value}</var>
<arg>${action}</arg>
<arg>${input}</arg>
<kw name="Set Variable" library="BuiltIn">
<var>${value}</var>
<arg>${input}[value]</arg>
<doc>Returns the given values which can then be assigned to a variables.</doc>
<msg timestamp="20241125 18:30:00.449" level="INFO">${value} = bharani@ideas2it.com</msg>
<status status="PASS" starttime="20241125 18:30:00.448" endtime="20241125 18:30:00.449"/>
</kw>
<if>
<branch type="IF" condition="'${action}[type]' == '${LAUNCH_BROWSER}'">
<kw name="new-page" library="COMP_BrowserContext">
<arg>${input}[value]</arg>
<status status="NOT RUN" starttime="20241125 18:30:00.452" endtime="20241125 18:30:00.453"/>
</kw>
<status status="NOT RUN" starttime="20241125 18:30:00.451" endtime="20241125 18:30:00.454"/>
</branch>
<branch type="ELSE IF" condition="'${action}[type]' == '${NEW_PAGE}'">
<kw name="new-page" library="COMP_BrowserContext">
<arg>${input}[value]</arg>
<status status="NOT RUN" starttime="20241125 18:30:00.455" endtime="20241125 18:30:00.455"/>
</kw>
<status status="NOT RUN" starttime="20241125 18:30:00.454" endtime="20241125 18:30:00.455"/>
</branch>
<branch type="ELSE IF" condition="'${action}[type]' == '${CLICK}'">
<kw name="left-click" library="COMP_Button">
<arg>${action}[selector][xpath]</arg>
<tag>component</tag>
<doc>Performs left click operation on button</doc>
<status status="NOT RUN" starttime="20241125 18:30:00.462" endtime="20241125 18:30:00.462"/>
</kw>
<status status="NOT RUN" starttime="20241125 18:30:00.457" endtime="20241125 18:30:00.463"/>
</branch>
<branch type="ELSE IF" condition="'${action}[type]' == '${DOUBLE_CLICK}'">
<kw name="left-click" library="COMP_Button">
<arg>${action}[selector][xpath]</arg>
<tag>component</tag>
<doc>Performs left click operation on button</doc>
<status status="NOT RUN" starttime="20241125 18:30:00.469" endtime="20241125 18:30:00.469"/>
</kw>
<kw name="left-click" library="COMP_Button">
<arg>${action}[selector][xpath]</arg>
<tag>component</tag>
<doc>Performs left click operation on button</doc>
<status status="NOT RUN" starttime="20241125 18:30:00.477" endtime="20241125 18:30:00.477"/>
</kw>
<status status="NOT RUN" starttime="20241125 18:30:00.463" endtime="20241125 18:30:00.477"/>
</branch>
<branch type="ELSE IF" condition="'${action}[type]' == '${GET_DROPDOWN_VALUE}'">
<kw name="get-selected-option" library="COMP_Select">
<var>${value}</var>
<arg>${action}[selector][xpath]</arg>
<tag>component</tag>
<doc>Gets the selected option
Error will thrown if multiple options selected</doc>
<status status="NOT RUN" starttime="20241125 18:30:00.481" endtime="20241125 18:30:00.481"/>
</kw>
<status status="NOT RUN" starttime="20241125 18:30:00.479" endtime="20241125 18:30:00.481"/>
</branch>
<branch type="ELSE IF" condition="'${action}[type]' == '${SET_DROPDOWN_VALUE}'">
<kw name="select-single-option" library="COMP_Select">
<arg>${action}[selector][xpath]</arg>
<arg>${input}[value]</arg>
<tag>component</tag>
<doc>Selects the option by given attribute</doc>
<status status="NOT RUN" starttime="20241125 18:30:00.487" endtime="20241125 18:30:00.488"/>
</kw>
<status status="NOT RUN" starttime="20241125 18:30:00.481" endtime="20241125 18:30:00.488"/>
</branch>
<branch type="ELSE IF" condition="'${action}[type]' == '${TYPE_TEXT}'">
<kw name="set-value" library="COMP_Textbox">
<arg>${action}[selector][xpath]</arg>
<arg>${input}[value]</arg>
<tag>component</tag>
<doc>Updates Field Value and checks for post condition
And retries if the retry value is provided</doc>
<kw name="validate-precondition" library="COMP_Textbox">
<arg>${selector}</arg>
<tag>robot:private</tag>
<doc>Method used to validate if the selector is actually an input
Also used to validate the input element before performing any action
...
INPUT:
//input[@id="username"]: string</doc>
<kw name="fail-if-not-attached-after-wait" library="UTIL_Validation">
<arg>${selector}</arg>
<tag>util</tag>
<doc>Throws error if the element is not attached to the DOM
after waiting for the element state</doc>
<kw name="is-attached-after-wait" library="UTIL_BrowserHelper">
<var>${is_attached}</var>
<arg>${selector}</arg>
<tag>util</tag>
<doc>checks whether the given selector is attached to the DOM
after waiting for the element state</doc>
<try>
<branch type="TRY">
<kw name="is-element-state-appear-after-wait" library="UTIL_BrowserHelper">
<var>${result}</var>
<arg>${selector}</arg>
<arg>${ELEMENT_STATE_ATTACHED}</arg>
<tag>util</tag>
<doc>Used to get the element state
after waiting for the element state</doc>
<try>
<branch type="TRY">
<kw name="Run Keyword And Return Status" library="BuiltIn">
<var>${result}</var>
<arg>RPA.Browser.Playwright.Wait For Elements State</arg>
<arg>${selector}</arg>
<arg>${state}</arg>
<arg>timeout=12s</arg>
<doc>Runs the given keyword with given arguments and returns the status as a Boolean value.</doc>
<kw name="Wait For Elements State" library="RPA.Browser.Playwright">
<arg>${selector}</arg>
<arg>${state}</arg>
<arg>timeout=12s</arg>
<tag>PageContent</tag>
<tag>Wait</tag>
<doc>Waits for the element found by ``selector`` to satisfy state option.</doc>
<msg timestamp="20241125 18:30:00.547" level="INFO">Waited for Element with selector //input[@id="username"] at state attached</msg>
<status status="PASS" starttime="20241125 18:30:00.505" endtime="20241125 18:30:00.547"/>
</kw>
<msg timestamp="20241125 18:30:00.547" level="INFO">${result} = True</msg>
<status status="PASS" starttime="20241125 18:30:00.504" endtime="20241125 18:30:00.547"/>
</kw>
<return>
<value>${result}</value>
<status status="PASS" starttime="20241125 18:30:00.548" endtime="20241125 18:30:00.548"/>
</return>
<status status="PASS" starttime="20241125 18:30:00.504" endtime="20241125 18:30:00.548"/>
</branch>
<branch type="EXCEPT" variable="${error_message}">
<kw name="Log To Console" library="BuiltIn">
<arg>Error while getting element state: ${error_message}</arg>
<arg>ERROR</arg>
<doc>Logs the given message to the console.</doc>
<status status="NOT RUN" starttime="20241125 18:30:00.548" endtime="20241125 18:30:00.549"/>
</kw>
<kw name="ex-fail" library="EX_Exception">
<arg>ELEMENT_NOT_ATTACHED</arg>
<tag>exception</tag>
<doc>wrapper over the builtin Fail keyword, to support additional operations during failure</doc>
<status status="NOT RUN" starttime="20241125 18:30:00.549" endtime="20241125 18:30:00.549"/>
</kw>
<status status="NOT RUN" starttime="20241125 18:30:00.548" endtime="20241125 18:30:00.549"/>
</branch>
<status status="PASS" starttime="20241125 18:30:00.503" endtime="20241125 18:30:00.549"/>
</try>
<msg timestamp="20241125 18:30:00.550" level="INFO">${result} = True</msg>
<status status="PASS" starttime="20241125 18:30:00.502" endtime="20241125 18:30:00.550"/>
</kw>
<return>
<value>${result}</value>
<status status="PASS" starttime="20241125 18:30:00.550" endtime="20241125 18:30:00.550"/>
</return>
<status status="PASS" starttime="20241125 18:30:00.500" endtime="20241125 18:30:00.550"/>
</branch>
<branch type="EXCEPT">
<return>
<value>${False}</value>
<status status="NOT RUN" starttime="20241125 18:30:00.550" endtime="20241125 18:30:00.551"/>
</return>
<status status="NOT RUN" starttime="20241125 18:30:00.550" endtime="20241125 18:30:00.551"/>
</branch>
<status status="PASS" starttime="20241125 18:30:00.500" endtime="20241125 18:30:00.551"/>
</try>
<msg timestamp="20241125 18:30:00.551" level="INFO">${is_attached} = True</msg>
<status status="PASS" starttime="20241125 18:30:00.499" endtime="20241125 18:30:00.551"/>
</kw>
<kw name="fail-keyword-if" library="UTIL_Validation">
<arg>${is_attached == False}</arg>
<arg>${message}</arg>
<tag>util</tag>
<doc>Throws error with a custom message if given condition satisifes
first argument must be an expression/boolean
second argument must a message
Eg: fail-keyword-if {var1 == var2} {message}</doc>
<if>
<branch type="IF" condition="${condition}">
<kw name="Log To Console" library="BuiltIn">
<arg>Conditional exception: ${message}</arg>
<arg>ERROR</arg>
<doc>Logs the given message to the console.</doc>
[...]
<arg>${assertion}[useCustomTargetValue]</arg>
<doc>Returns the given values which can then be assigned to a variables.</doc>
<msg timestamp="20241125 18:30:07.566" level="INFO">${useCustomTargetValue} = True</msg>
<status status="PASS" starttime="20241125 18:30:07.565" endtime="20241125 18:30:07.566"/>
</kw>
<kw name="Set Variable" library="BuiltIn">
<var>${customTargetValue}</var>
<arg>${assertion}[customTargetValue]</arg>
<doc>Returns the given values which can then be assigned to a variables.</doc>
<msg timestamp="20241125 18:30:07.567" level="INFO">${customTargetValue} = TN91 T9861 ( Two-wheeler )</msg>
<status status="PASS" starttime="20241125 18:30:07.566" endtime="20241125 18:30:07.567"/>
</kw>
<kw name="Set Variable" library="BuiltIn">
<var>${errorMessage}</var>
<arg>${assertion}[errorMessage]</arg>
<doc>Returns the given values which can then be assigned to a variables.</doc>
<msg timestamp="20241125 18:30:07.568" level="INFO">${errorMessage} = Vehicle number mismatch</msg>
<status status="PASS" starttime="20241125 18:30:07.567" endtime="20241125 18:30:07.568"/>
</kw>
<kw name="Set To Dictionary" library="Collections">
<arg>${ACCUMULATION}</arg>
<arg>${key}=${value}</arg>
<doc>Adds the given ``key_value_pairs`` and ``items`` to the ``dictionary``.</doc>
<status status="PASS" starttime="20241125 18:30:07.568" endtime="20241125 18:30:07.568"/>
</kw>
<kw name="is-value-not-none" library="UTIL_Collection">
<var>${is_source_exists}</var>
<arg>${ACCUMULATION}</arg>
<arg>${source}</arg>
<tag>util</tag>
<doc>checks whether the key exists in dicitonary</doc>
<kw name="Run Keyword And Return Status" library="BuiltIn">
<var>${no_none_exists}</var>
<arg>dictionary should contain key</arg>
<arg>${dictionary}</arg>
<arg>${key}</arg>
<doc>Runs the given keyword with given arguments and returns the status as a Boolean value.</doc>
<kw name="Dictionary Should Contain Key" library="Collections">
<arg>${dictionary}</arg>
<arg>${key}</arg>
<doc>Fails if ``key`` is not found from ``dictionary``.</doc>
<status status="PASS" starttime="20241125 18:30:07.572" endtime="20241125 18:30:07.572"/>
</kw>
<msg timestamp="20241125 18:30:07.572" level="INFO">${no_none_exists} = True</msg>
<status status="PASS" starttime="20241125 18:30:07.571" endtime="20241125 18:30:07.572"/>
</kw>
<if>
<branch type="IF" condition="$no_none_exists == $True">
<kw name="Set Variable" library="BuiltIn">
<var>${values}</var>
<arg>${dictionary}[${key}]</arg>
<doc>Returns the given values which can then be assigned to a variables.</doc>
<msg timestamp="20241125 18:30:07.573" level="INFO">${values} = TN91 T9861 ( Two-wheeler )</msg>
<status status="PASS" starttime="20241125 18:30:07.573" endtime="20241125 18:30:07.573"/>
</kw>
<if>
<branch type="IF" condition="$values != $None">
<kw name="Set Variable" library="BuiltIn">
<var>${no_none_exists}</var>
<arg>${True}</arg>
<doc>Returns the given values which can then be assigned to a variables.</doc>
<msg timestamp="20241125 18:30:07.574" level="INFO">${no_none_exists} = True</msg>
<status status="PASS" starttime="20241125 18:30:07.574" endtime="20241125 18:30:07.574"/>
</kw>
<status status="PASS" starttime="20241125 18:30:07.574" endtime="20241125 18:30:07.574"/>
</branch>
<branch type="ELSE">
<kw name="Set Variable" library="BuiltIn">
<var>${no_none_exists}</var>
<arg>${False}</arg>
<doc>Returns the given values which can then be assigned to a variables.</doc>
<status status="NOT RUN" starttime="20241125 18:30:07.575" endtime="20241125 18:30:07.575"/>
</kw>
<status status="NOT RUN" starttime="20241125 18:30:07.575" endtime="20241125 18:30:07.575"/>
</branch>
<status status="PASS" starttime="20241125 18:30:07.573" endtime="20241125 18:30:07.575"/>
</if>
<status status="PASS" starttime="20241125 18:30:07.573" endtime="20241125 18:30:07.575"/>
</branch>
<status status="PASS" starttime="20241125 18:30:07.572" endtime="20241125 18:30:07.575"/>
</if>
<return>
<value>${no_none_exists}</value>
<status status="PASS" starttime="20241125 18:30:07.575" endtime="20241125 18:30:07.575"/>
</return>
<msg timestamp="20241125 18:30:07.575" level="INFO">${is_source_exists} = True</msg>
<status status="PASS" starttime="20241125 18:30:07.571" endtime="20241125 18:30:07.575"/>
</kw>
<kw name="is-value-not-none" library="UTIL_Collection">
<var>${is_target_exists}</var>
<arg>${ACCUMULATION}</arg>
<arg>${target}</arg>
<tag>util</tag>
<doc>checks whether the key exists in dicitonary</doc>
<kw name="Run Keyword And Return Status" library="BuiltIn">
<var>${no_none_exists}</var>
<arg>dictionary should contain key</arg>
<arg>${dictionary}</arg>
<arg>${key}</arg>
<doc>Runs the given keyword with given arguments and returns the status as a Boolean value.</doc>
<kw name="Dictionary Should Contain Key" library="Collections">
<arg>${dictionary}</arg>
<arg>${key}</arg>
<doc>Fails if ``key`` is not found from ``dictionary``.</doc>
<msg timestamp="20241125 18:30:07.579" level="FAIL">Dictionary does not contain key 'None'.</msg>
<status status="FAIL" starttime="20241125 18:30:07.578" endtime="20241125 18:30:07.579"/>
</kw>
<msg timestamp="20241125 18:30:07.579" level="INFO">${no_none_exists} = False</msg>
<status status="PASS" starttime="20241125 18:30:07.578" endtime="20241125 18:30:07.579"/>
</kw>
<if>
<branch type="IF" condition="$no_none_exists == $True">
<kw name="Set Variable" library="BuiltIn">
<var>${values}</var>
<arg>${dictionary}[${key}]</arg>
<doc>Returns the given values which can then be assigned to a variables.</doc>
<status status="NOT RUN" starttime="20241125 18:30:07.580" endtime="20241125 18:30:07.580"/>
</kw>
<if>
<branch type="IF" condition="$values != $None">
<kw name="Set Variable" library="BuiltIn">
<var>${no_none_exists}</var>
<arg>${True}</arg>
<doc>Returns the given values which can then be assigned to a variables.</doc>
<status status="NOT RUN" starttime="20241125 18:30:07.581" endtime="20241125 18:30:07.582"/>
</kw>
<status status="NOT RUN" starttime="20241125 18:30:07.580" endtime="20241125 18:30:07.582"/>
</branch>
<branch type="ELSE">
<kw name="Set Variable" library="BuiltIn">
<var>${no_none_exists}</var>
<arg>${False}</arg>
<doc>Returns the given values which can then be assigned to a variables.</doc>
<status status="NOT RUN" starttime="20241125 18:30:07.582" endtime="20241125 18:30:07.582"/>
</kw>
<status status="NOT RUN" starttime="20241125 18:30:07.582" endtime="20241125 18:30:07.582"/>
</branch>
<status status="NOT RUN" starttime="20241125 18:30:07.580" endtime="20241125 18:30:07.582"/>
</if>
<status status="NOT RUN" starttime="20241125 18:30:07.580" endtime="20241125 18:30:07.582"/>
</branch>
<status status="PASS" starttime="20241125 18:30:07.579" endtime="20241125 18:30:07.582"/>
</if>
<return>
<value>${no_none_exists}</value>
<status status="PASS" starttime="20241125 18:30:07.582" endtime="20241125 18:30:07.583"/>
</return>
<msg timestamp="20241125 18:30:07.583" level="INFO">${is_target_exists} = False</msg>
<status status="PASS" starttime="20241125 18:30:07.577" endtime="20241125 18:30:07.583"/>
</kw>
<if>
<branch type="IF" condition="'${source}' == '${key}' and '${is_source_exists}' == '${True}'">
<if>
<branch type="IF" condition="$skip">
<return>
<value>Skipped assertion!!</value>
<status status="NOT RUN" starttime="20241125 18:30:07.584" endtime="20241125 18:30:07.584"/>
</return>
<status status="NOT RUN" starttime="20241125 18:30:07.584" endtime="20241125 18:30:07.584"/>
</branch>
<status status="PASS" starttime="20241125 18:30:07.583" endtime="20241125 18:30:07.584"/>
</if>
<if>
<branch type="IF" condition="$useCustomTargetValue">
<if>
<branch type="IF" condition="'${operator}' == 'SHOULD_BE_EQUAL_TO'">
<kw name="Should Be Equal" library="BuiltIn">
<arg>${ACCUMULATION}[${source}]</arg>
<arg>${customTargetValue}</arg>
<arg>${errorMessage}</arg>
<doc>Fails if the given objects are unequal.</doc>
<status status="PASS" starttime="20241125 18:30:07.585" endtime="20241125 18:30:07.585"/>
</kw>
<return>
<value>Assertion passed: ${ACCUMULATION}[${source}] == ${customTargetValue}</value>
<status status="PASS" starttime="20241125 18:30:07.585" endtime="20241125 18:30:07.585"/>
</return>
<status status="PASS" starttime="20241125 18:30:07.584" endtime="20241125 18:30:07.585"/>
</branch>
<branch type="ELSE IF" condition="'${operator}' == 'SHOULD_NOT_BE_EQUAL_TO'">
<kw name="Should Not Be Equal" library="BuiltIn">
<arg>${ACCUMULATION}[${source}]</arg>
<arg>${customTargetValue}</arg>
<arg>${errorMessage}</arg>
<doc>Fails if the given objects are equal.</doc>
<status status="NOT RUN" starttime="20241125 18:30:07.585" endtime="20241125 18:30:07.585"/>
</kw>
<return>
<value>Assertion passed: ${ACCUMULATION}[${source}] != ${customTargetValue}</value>
<status status="NOT RUN" starttime="20241125 18:30:07.585" endtime="20241125 18:30:07.585"/>
</return>
<status status="NOT RUN" starttime="20241125 18:30:07.585" endtime="20241125 18:30:07.585"/>
</branch>
<status status="PASS" starttime="20241125 18:30:07.584" endtime="20241125 18:30:07.585"/>
</if>
<status status="PASS" starttime="20241125 18:30:07.584" endtime="20241125 18:30:07.586"/>
</branch>
<status status="PASS" starttime="20241125 18:30:07.584" endtime="20241125 18:30:07.587"/>
</if>
<if>
<branch type="IF" condition="$is_target_exists">
<if>
<branch type="IF" condition="'${operator}' == 'SHOULD_BE_EQUAL_TO'">
<kw name="Should Be Equal" library="BuiltIn">
<arg>${ACCUMULATION}[${source}]</arg>
<arg>${ACCUMULATION}[${target}]</arg>
<arg>${errorMessage}</arg>
<doc>Fails if the given objects are unequal.</doc>
<status status="NOT RUN" starttime="20241125 18:30:07.587" endtime="20241125 18:30:07.587"/>
</kw>
<return>
<value>Assertion passed: ${ACCUMULATION}[${source}] == ${ACCUMULATION}[${target}]</value>
<status status="NOT RUN" starttime="20241125 18:30:07.587" endtime="20241125 18:30:07.587"/>
</return>
<status status="NOT RUN" starttime="20241125 18:30:07.587" endtime="20241125 18:30:07.587"/>
</branch>
<branch type="ELSE IF" condition="'${operator}' == 'SHOULD_NOT_BE_EQUAL_TO'">
<kw name="Should Not Be Equal" library="BuiltIn">
<arg>${ACCUMULATION}[${source}]</arg>
<arg>${ACCUMULATION}[${target}]</arg>
<arg>${errorMessage}</arg>
<doc>Fails if the given objects are equal.</doc>
<status status="NOT RUN" starttime="20241125 18:30:07.588" endtime="20241125 18:30:07.588"/>
</kw>
<return>
<value>Assertion passed: ${ACCUMULATION}[${source}] != ${ACCUMULATION}[${target}]</value>
<status status="NOT RUN" starttime="20241125 18:30:07.588" endtime="20241125 18:30:07.588"/>
</return>
<status status="NOT RUN" starttime="20241125 18:30:07.587" endtime="20241125 18:30:07.588"/>
</branch>
<status status="NOT RUN" starttime="20241125 18:30:07.587" endtime="20241125 18:30:07.588"/>
</if>
<status status="NOT RUN" starttime="20241125 18:30:07.587" endtime="20241125 18:30:07.588"/>
</branch>
<status status="NOT RUN" starttime="20241125 18:30:07.587" endtime="20241125 18:30:07.588"/>
</if>
<status status="PASS" starttime="20241125 18:30:07.583" endtime="20241125 18:30:07.588"/>
</branch>
<status status="PASS" starttime="20241125 18:30:07.583" endtime="20241125 18:30:07.588"/>
</if>
<if>
<branch type="IF" condition="'${target}' == '${key}' and '${is_target_exists}' == '${True}'">
<if>
<branch type="IF" condition="$skip">
<return>
<value>Skipped assertion!!</value>
<status status="NOT RUN" starttime="20241125 18:30:07.589" endtime="20241125 18:30:07.589"/>
</return>
<status status="NOT RUN" starttime="20241125 18:30:07.588" endtime="20241125 18:30:07.589"/>
</branch>
<status status="NOT RUN" starttime="20241125 18:30:07.588" endtime="20241125 18:30:07.589"/>
</if>
<if>
<branch type="IF" condition="$useCustomTargetValue">
<kw name="Log To Console" library="BuiltIn">
<arg>No need to assert here.</arg>
<doc>Logs the given message to the console.</doc>
<status status="NOT RUN" starttime="20241125 18:30:07.589" endtime="20241125 18:30:07.589"/>
</kw>
<status status="NOT RUN" starttime="20241125 18:30:07.589" endtime="20241125 18:30:07.589"/>
</branch>
<status status="NOT RUN" starttime="20241125 18:30:07.589" endtime="20241125 18:30:07.589"/>
</if>
<if>
<branch type="IF" condition="$is_source_exists">
<if>
<branch type="IF" condition="'${operator}' == 'SHOULD_BE_EQUAL_TO'">
<kw name="Should Be Equal" library="BuiltIn">
<arg>${ACCUMULATION}[${target}]</arg>
<arg>${ACCUMULATION}[${source}]</arg>
<arg>${errorMessage}</arg>
<doc>Fails if the given objects are unequal.</doc>
<status status="NOT RUN" starttime="20241125 18:30:07.590" endtime="20241125 18:30:07.590"/>
</kw>
<return>
<value>Assertion passed: ${ACCUMULATION}[${target}] == ${ACCUMULATION}[${source}]</value>
<status status="NOT RUN" starttime="20241125 18:30:07.590" endtime="20241125 18:30:07.590"/>
</return>
<status status="NOT RUN" starttime="20241125 18:30:07.590" endtime="20241125 18:30:07.590"/>
</branch>
<branch type="ELSE IF" condition="'${operator}' == 'SHOULD_NOT_BE_EQUAL_TO'">
<kw name="Should Not Be Equal" library="BuiltIn">
<arg>${ACCUMULATION}[${target}]</arg>
<arg>${ACCUMULATION}[${source}]</arg>
<arg>${errorMessage}</arg>
<doc>Fails if the given objects are equal.</doc>
<status status="NOT RUN" starttime="20241125 18:30:07.590" endtime="20241125 18:30:07.591"/>
</kw>
<return>
<value>Assertion passed: ${ACCUMULATION}[${target}] != ${ACCUMULATION}[${source}]</value>
<status status="NOT RUN" starttime="20241125 18:30:07.591" endtime="20241125 18:30:07.591"/>
</return>
<status status="NOT RUN" starttime="20241125 18:30:07.590" endtime="20241125 18:30:07.591"/>
</branch>
<status status="NOT RUN" starttime="20241125 18:30:07.590" endtime="20241125 18:30:07.591"/>
</if>
<status status="NOT RUN" starttime="20241125 18:30:07.590" endtime="20241125 18:30:07.591"/>
</branch>
<status status="NOT RUN" starttime="20241125 18:30:07.589" endtime="20241125 18:30:07.591"/>
</if>
<status status="NOT RUN" starttime="20241125 18:30:07.588" endtime="20241125 18:30:07.591"/>
</branch>
<status status="NOT RUN" starttime="20241125 18:30:07.588" endtime="20241125 18:30:07.591"/>
</if>
<status status="PASS" starttime="20241125 18:30:07.562" endtime="20241125 18:30:07.591"/>
</iter>
<status status="PASS" starttime="20241125 18:30:07.562" endtime="20241125 18:30:07.591"/>
</for>
<msg timestamp="20241125 18:30:07.592" level="INFO">${assertion_message} = Assertion passed: TN91 T9861 ( Two-wheeler ) == TN91 T9861 ( Two-wheeler )</msg>
<status status="PASS" starttime="20241125 18:30:07.560" endtime="20241125 18:30:07.592"/>
</kw>
<kw name="Log To Console" library="BuiltIn">
<arg>${assertion_message}</arg>
<doc>Logs the given message to the console.</doc>
<status status="PASS" starttime="20241125 18:30:07.592" endtime="20241125 18:30:07.593"/>
</kw>
<kw name="send-action-sequence-message">
<arg>${flowActionSequence}[flowActionSequenceHistoryId]</arg>
<arg>COMPLETED</arg>
<arg>${action}</arg>
<arg>${input}</arg>
<arg>${EMPTY}</arg>
<arg>${assertion_message}</arg>
<kw name="is-value-not-none" library="UTIL_Collection">
<var>${is_selector_exists}</var>
<arg>${action}</arg>
<arg>selector</arg>
<tag>util</tag>
<doc>checks whether the key exists in dicitonary</doc>
<kw name="Run Keyword And Return Status" library="BuiltIn">
<var>${no_none_exists}</var>
<arg>dictionary should contain key</arg>
<arg>${dictionary}</arg>
<arg>${key}</arg>
<doc>Runs the given keyword with given arguments and returns the status as a Boolean value.</doc>
<kw name="Dictionary Should Contain Key" library="Collections">
<arg>${dictionary}</arg>
<arg>${key}</arg>
<doc>Fails if ``key`` is not found from ``dictionary``.</doc>
<status status="PASS" starttime="20241125 18:30:07.598" endtime="20241125 18:30:07.599"/>
</kw>
<msg timestamp="20241125 18:30:07.599" level="INFO">${no_none_exists} = True</msg>
<status status="PASS" starttime="20241125 18:30:07.598" endtime="20241125 18:30:07.599"/>
</kw>
<if>
<branch type="IF" condition="$no_none_exists == $True">
<kw name="Set Variable" library="BuiltIn">
<var>${values}</var>
<arg>${dictionary}[${key}]</arg>
<doc>Returns the given values which can then be assigned to a variables.</doc>
<msg timestamp="20241125 18:30:07.600" level="INFO">${values} = {'id': '15', 'name': 'Get vehicle info', 'xpath': '//p[text()="VEHICLE"]/following-sibling::p', 'pageId': '3', 'createdAt': '2024-11-25T11:23:12.124Z', 'updatedAt': '2024-11-25T11:23:12.124Z'}</msg>
<status status="PASS" starttime="20241125 18:30:07.600" endtime="20241125 18:30:07.600"/>
</kw>
<if>
<branch type="IF" condition="$values != $None">
<kw name="Set Variable" library="BuiltIn">
<var>${no_none_exists}</var>
<arg>${True}</arg>
<doc>Returns the given values which can then be assigned to a variables.</doc>
<msg timestamp="20241125 18:30:07.601" level="INFO">${no_none_exists} = True</msg>
<status status="PASS" starttime="20241125 18:30:07.600" endtime="20241125 18:30:07.601"/>
</kw>
<status status="PASS" starttime="20241125 18:30:07.600" endtime="20241125 18:30:07.601"/>
</branch>
<branch type="ELSE">
<kw name="Set Variable" library="BuiltIn">
<var>${no_none_exists}</var>
<arg>${False}</arg>
<doc>Returns the given values which can then be assigned to a variables.</doc>
<status status="NOT RUN" starttime="20241125 18:30:07.601" endtime="20241125 18:30:07.601"/>
</kw>
<status status="NOT RUN" starttime="20241125 18:30:07.601" endtime="20241125 18:30:07.601"/>
</branch>
<status status="PASS" starttime="20241125 18:30:07.600" endtime="20241125 18:30:07.601"/>
</if>
<status status="PASS" starttime="20241125 18:30:07.599" endtime="20241125 18:30:07.602"/>
</branch>
<status status="PASS" starttime="20241125 18:30:07.599" endtime="20241125 18:30:07.602"/>
</if>
<return>
<value>${no_none_exists}</value>
<status status="PASS" starttime="20241125 18:30:07.602" endtime="20241125 18:30:07.602"/>
</return>
<msg timestamp="20241125 18:30:07.602" level="INFO">${is_selector_exists} = True</msg>
<status status="PASS" starttime="20241125 18:30:07.597" endtime="20241125 18:30:07.602"/>
</kw>
<if>
<branch type="IF" condition="$is_selector_exists">
<kw name="Set Variable" library="BuiltIn">
<var>${xpath}</var>
<arg>${action}[selector][xpath]</arg>
<doc>Returns the given values which can then be assigned to a variables.</doc>
<msg timestamp="20241125 18:30:07.603" level="INFO">${xpath} = //p[text()="VEHICLE"]/following-sibling::p</msg>
<status status="PASS" starttime="20241125 18:30:07.603" endtime="20241125 18:30:07.603"/>
</kw>
<status status="PASS" starttime="20241125 18:30:07.602" endtime="20241125 18:30:07.603"/>
</branch>
<branch type="ELSE">
<kw name="Set Variable" library="BuiltIn">
<var>${xpath}</var>
<arg>${EMPTY}</arg>
<doc>Returns the given values which can then be assigned to a variables.</doc>
<status status="NOT RUN" starttime="20241125 18:30:07.603" endtime="20241125 18:30:07.603"/>
</kw>
<status status="NOT RUN" starttime="20241125 18:30:07.603" endtime="20241125 18:30:07.604"/>
</branch>
<status status="PASS" starttime="20241125 18:30:07.602" endtime="20241125 18:30:07.604"/>
</if>
<kw name="Create Dictionary" library="BuiltIn">
<var>${response_message}</var>
<arg>flowActionSequenceHistoryId=${flowActionSequenceHistoryId}</arg>
<arg>status=${status}</arg>
<arg>actionName=${action}[name]</arg>
<arg>actionType=${action}[type]</arg>
<arg>actionXpath=${xpath}</arg>
<arg>inputValue=${input}[value]</arg>
<arg>errorMessage=${errorMessage}</arg>
<arg>assertionMessage=${assertionMessage}</arg>
<doc>Creates and returns a dictionary based on the given ``items``.</doc>
<msg timestamp="20241125 18:30:07.606" level="INFO">${response_message} = {'flowActionSequenceHistoryId': '330', 'status': 'COMPLETED', 'actionName': 'Get vehicle info', 'actionType': 'GET_TEXT', 'actionXpath': '//p[text()="VEHICLE"]/following-sibling::p', 'inputValue': '',...</msg>
<status status="PASS" starttime="20241125 18:30:07.604" endtime="20241125 18:30:07.606"/>
</kw>
<kw name="Push response message to kafka topic" library="UTIL_Common">
<arg>${response_message}</arg>
<tag>function</tag>
<doc>push the response message to kafka topic</doc>
