<?xml version="1.0" encoding="UTF-8"?>
<robot generator="Robot 5.0.1 (Python 3.9.20 on win32)" generated="20241123 23:53:18.156" rpa="true" schemaversion="3">
<suite id="s1" name="Start" source="C:\Users\Admin\Documents\Hackathon\Test Automation Studio\Test-automation-studio-projects\test-automation-rf\code\robots\start.robot">
<test id="s1-t1" name="initialize-fb-worker" line="44">
<kw name="execute-functional-block">
<tag>to-initialize-library</tag>
<doc>To execute fb</doc>
<while condition="'${TERMINATION_FLAG}' == 'False'">
<iter>
<kw name="Create Dictionary" library="BuiltIn">
<var>${ACCUMULATION}</var>
<doc>Creates and returns a dictionary based on the given ``items``.</doc>
<msg timestamp="20241123 23:53:20.222" level="INFO">${ACCUMULATION} = {}</msg>
<status status="PASS" starttime="20241123 23:53:20.221" endtime="20241123 23:53:20.222"/>
</kw>
<kw name="launch-browser" library="COMP_BrowserContext">
<kw name="New Browser" library="RPA.Browser.Playwright">
<arg>chromium</arg>
<arg>headless=False</arg>
<tag>BrowserControl</tag>
<tag>Setter</tag>
<doc>Create a new playwright Browser with specified options.</doc>
<msg timestamp="20241123 23:53:20.223" level="INFO">{"browser": "chromium", "headless": false, "devtools": false, "handleSIGHUP": true, "handleSIGINT": true, "handleSIGTERM": true, "slowMo": 0.0, "timeout": 30000.0, "deprecated_pos_args": [], "tracesDir": "C:\\Users\\Admin\\Documents\\Hackathon\\Test Automation Studio\\Test-automation-studio-projects\\test-automation-rf\\code\\browser\\traces\\bfe59b42-1c54-4b77-b668-4cb2f2e20ef7"}</msg>
<msg timestamp="20241123 23:53:20.682" level="INFO">Successfully created browser with options: {"browser":"chromium","headless":false,"devtools":false,"handleSIGHUP":true,"handleSIGINT":true,"handleSIGTERM":true,"slowMo":0,"timeout":30000,"deprecated_pos_args":[],"tracesDir":"C:\\Users\\Admin\\Documents\\Hackathon\\Test Automation Studio\\Test-automation-studio-projects\\test-automation-rf\\code\\browser\\traces\\bfe59b42-1c54-4b77-b668-4cb2f2e20ef7"}</msg>
<status status="PASS" starttime="20241123 23:53:20.222" endtime="20241123 23:53:20.683"/>
</kw>
<kw name="New Context" library="RPA.Browser.Playwright">
<arg>viewport={'width': 1280, 'height': 720}</arg>
<arg>acceptDownloads=True</arg>
<tag>BrowserControl</tag>
<tag>Setter</tag>
<doc>Create a new BrowserContext with specified options.</doc>
<msg timestamp="20241123 23:53:20.684" level="INFO">{
  "acceptDownloads": true,
  "bypassCSP": false,
  "forcedColors": "none",
  "hideRfBrowser": false,
  "ignoreHTTPSErrors": false,
  "javaScriptEnabled": true,
  "offline": false,
  "reducedMotion": "no-preference",
  "viewport": {
    "width": 1280,
    "height": 720
  },
  "deprecated_pos_args": []
}</msg>
<msg timestamp="20241123 23:53:20.708" level="INFO">Successfully created context. </msg>
<msg timestamp="20241123 23:53:20.708" level="INFO">{'acceptDownloads': True, 'bypassCSP': False, 'forcedColors': 'none', 'hideRfBrowser': False, 'ignoreHTTPSErrors': False, 'javaScriptEnabled': True, 'offline': False, 'reducedMotion': 'no-preference', 'viewport': {'width': 1280, 'height': 720}, 'deprecated_pos_args': []}</msg>
<status status="PASS" starttime="20241123 23:53:20.683" endtime="20241123 23:53:20.708"/>
</kw>
<kw name="Set Browser Timeout" library="RPA.Browser.Playwright">
<arg>${browser_timeout}</arg>
<tag>Config</tag>
<tag>Setter</tag>
<doc>Sets the timeout used by most input and getter keywords.</doc>
<msg timestamp="20241123 23:53:20.712" level="INFO">Set timeout to: 20000</msg>
<status status="PASS" starttime="20241123 23:53:20.708" endtime="20241123 23:53:20.712"/>
</kw>
<kw name="New Page" library="RPA.Browser.Playwright">
<var>${page_id}</var>
<arg>https://www.google.com/</arg>
<tag>BrowserControl</tag>
<tag>Setter</tag>
<doc>Open a new Page.</doc>
<msg timestamp="20241123 23:53:24.485" level="INFO">Successfully initialized new page object and opened url: https://www.google.com/</msg>
<msg timestamp="20241123 23:53:24.486" level="INFO">${page_id} = {'page_id': 'page=4f994335-919a-4750-b5e9-55f356ce51e5', 'video_path': ''}</msg>
<status status="PASS" starttime="20241123 23:53:20.713" endtime="20241123 23:53:24.486"/>
</kw>
<status status="PASS" starttime="20241123 23:53:20.222" endtime="20241123 23:53:24.486"/>
</kw>
<kw name="Log To Console" library="BuiltIn">
<arg>&lt;===Polling message===&gt;</arg>
<doc>Logs the given message to the console.</doc>
<status status="PASS" starttime="20241123 23:53:24.487" endtime="20241123 23:53:24.487"/>
</kw>
<kw name="Get A Command" library="CommandConsumer">
<var>${json}</var>
<arg>${5}</arg>
<msg timestamp="20241123 23:54:37.028" level="INFO">${json} = {'type': 'START_RUN', 'payload': {'testCaseRun': {'id': '15', 'testCaseId': '27', 'status': 'ADDED_TO_QUEUE', 'updatedAt': '2024-11-23T18:24:36.966Z', 'createdAt': '2024-11-23T18:24:36.966Z', 'errorMe...</msg>
<status status="PASS" starttime="20241123 23:53:24.488" endtime="20241123 23:54:37.029"/>
</kw>
<if>
<branch type="IF" condition="'${json}[type]' == 'KILL'">
<break>
<status status="NOT RUN" starttime="20241123 23:54:37.029" endtime="20241123 23:54:37.030"/>
</break>
<status status="NOT RUN" starttime="20241123 23:54:37.029" endtime="20241123 23:54:37.030"/>
</branch>
<status status="PASS" starttime="20241123 23:54:37.029" endtime="20241123 23:54:37.030"/>
</if>
<try>
<branch type="TRY">
<kw name="execute-test-case">
<arg>${json}</arg>
<kw name="Log To Console" library="BuiltIn">
<arg>Test Case Data=&gt; ${input}</arg>
<doc>Logs the given message to the console.</doc>
<status status="PASS" starttime="20241123 23:54:37.031" endtime="20241123 23:54:37.035"/>
</kw>
<kw name="is-value-not-none" library="UTIL_Collection">
<var>${is_type_exists}</var>
<arg>${input}</arg>
<arg>type</arg>
<tag>util</tag>
<doc>checks whether the key exists in dicitonary</doc>
<kw name="Run Keyword And Return Status" library="BuiltIn">
<var>${no_none_exists}</var>
<arg>dictionary should contain key</arg>
<arg>${dictionary}</arg>
<arg>${key}</arg>
<doc>Runs the given keyword with given arguments and returns the status as a Boolean value.</doc>
<kw name="Dictionary Should Contain Key" library="Collections">
<arg>${dictionary}</arg>
<arg>${key}</arg>
<doc>Fails if ``key`` is not found from ``dictionary``.</doc>
<status status="PASS" starttime="20241123 23:54:37.038" endtime="20241123 23:54:37.039"/>
</kw>
<msg timestamp="20241123 23:54:37.039" level="INFO">${no_none_exists} = True</msg>
<status status="PASS" starttime="20241123 23:54:37.038" endtime="20241123 23:54:37.039"/>
</kw>
<if>
<branch type="IF" condition="$no_none_exists == $True">
<kw name="Set Variable" library="BuiltIn">
<var>${values}</var>
<arg>${dictionary}[${key}]</arg>
<doc>Returns the given values which can then be assigned to a variables.</doc>
<msg timestamp="20241123 23:54:37.044" level="INFO">${values} = START_RUN</msg>
<status status="PASS" starttime="20241123 23:54:37.044" endtime="20241123 23:54:37.045"/>
</kw>
<if>
<branch type="IF" condition="$values != $None">
<kw name="Set Variable" library="BuiltIn">
<var>${no_none_exists}</var>
<arg>${True}</arg>
<doc>Returns the given values which can then be assigned to a variables.</doc>
<msg timestamp="20241123 23:54:37.047" level="INFO">${no_none_exists} = True</msg>
<status status="PASS" starttime="20241123 23:54:37.046" endtime="20241123 23:54:37.047"/>
</kw>
<status status="PASS" starttime="20241123 23:54:37.045" endtime="20241123 23:54:37.048"/>
</branch>
<branch type="ELSE">
<kw name="Set Variable" library="BuiltIn">
<var>${no_none_exists}</var>
<arg>${False}</arg>
<doc>Returns the given values which can then be assigned to a variables.</doc>
<status status="NOT RUN" starttime="20241123 23:54:37.048" endtime="20241123 23:54:37.048"/>
</kw>
<status status="NOT RUN" starttime="20241123 23:54:37.048" endtime="20241123 23:54:37.048"/>
</branch>
<status status="PASS" starttime="20241123 23:54:37.045" endtime="20241123 23:54:37.049"/>
</if>
<status status="PASS" starttime="20241123 23:54:37.043" endtime="20241123 23:54:37.049"/>
</branch>
<status status="PASS" starttime="20241123 23:54:37.039" endtime="20241123 23:54:37.049"/>
</if>
<return>
<value>${no_none_exists}</value>
<status status="PASS" starttime="20241123 23:54:37.049" endtime="20241123 23:54:37.049"/>
</return>
<msg timestamp="20241123 23:54:37.050" level="INFO">${is_type_exists} = True</msg>
<status status="PASS" starttime="20241123 23:54:37.037" endtime="20241123 23:54:37.050"/>
</kw>
<if>
<branch type="IF" condition="$is_type_exists == $False">
<kw name="Log To Console" library="BuiltIn">
<arg>Type not exists in the input</arg>
<doc>Logs the given message to the console.</doc>
<status status="NOT RUN" starttime="20241123 23:54:37.050" endtime="20241123 23:54:37.051"/>
</kw>
<return>
<status status="NOT RUN" starttime="20241123 23:54:37.051" endtime="20241123 23:54:37.051"/>
</return>
<status status="NOT RUN" starttime="20241123 23:54:37.050" endtime="20241123 23:54:37.051"/>
</branch>
<status status="PASS" starttime="20241123 23:54:37.050" endtime="20241123 23:54:37.051"/>
</if>
<if>
<branch type="IF" condition="'${input}[type]' == '${COMMAND_TYPE_START_RUN}'">
<kw name="is-value-not-none" library="UTIL_Collection">
<var>${is_test_case_exists}</var>
<arg>${input}[payload]</arg>
<arg>testCase</arg>
<tag>util</tag>
<doc>checks whether the key exists in dicitonary</doc>
<kw name="Run Keyword And Return Status" library="BuiltIn">
<var>${no_none_exists}</var>
<arg>dictionary should contain key</arg>
<arg>${dictionary}</arg>
<arg>${key}</arg>
<doc>Runs the given keyword with given arguments and returns the status as a Boolean value.</doc>
<kw name="Dictionary Should Contain Key" library="Collections">
<arg>${dictionary}</arg>
<arg>${key}</arg>
<doc>Fails if ``key`` is not found from ``dictionary``.</doc>
<status status="PASS" starttime="20241123 23:54:37.056" endtime="20241123 23:54:37.056"/>
</kw>
<msg timestamp="20241123 23:54:37.056" level="INFO">${no_none_exists} = True</msg>
<status status="PASS" starttime="20241123 23:54:37.056" endtime="20241123 23:54:37.056"/>
</kw>
<if>
<branch type="IF" condition="$no_none_exists == $True">
<kw name="Set Variable" library="BuiltIn">
<var>${values}</var>
<arg>${dictionary}[${key}]</arg>
<doc>Returns the given values which can then be assigned to a variables.</doc>
<msg timestamp="20241123 23:54:37.057" level="INFO">${values} = {'id': '27', 'name': 'Login positive', 'projectId': '4', 'createdAt': '2024-11-21T16:43:35.118Z', 'updatedAt': '2024-11-23T18:24:33.949Z', 'testCaseFlowSequences': [{'id': '46', 'testCaseId': '27', 'f...</msg>
<status status="PASS" starttime="20241123 23:54:37.057" endtime="20241123 23:54:37.057"/>
</kw>
<if>
<branch type="IF" condition="$values != $None">
<kw name="Set Variable" library="BuiltIn">
<var>${no_none_exists}</var>
<arg>${True}</arg>
<doc>Returns the given values which can then be assigned to a variables.</doc>
<msg timestamp="20241123 23:54:37.058" level="INFO">${no_none_exists} = True</msg>
<status status="PASS" starttime="20241123 23:54:37.058" endtime="20241123 23:54:37.058"/>
</kw>
<status status="PASS" starttime="20241123 23:54:37.058" endtime="20241123 23:54:37.058"/>
</branch>
<branch type="ELSE">
<kw name="Set Variable" library="BuiltIn">
<var>${no_none_exists}</var>
<arg>${False}</arg>
<doc>Returns the given values which can then be assigned to a variables.</doc>
<status status="NOT RUN" starttime="20241123 23:54:37.058" endtime="20241123 23:54:37.058"/>
</kw>
<status status="NOT RUN" starttime="20241123 23:54:37.058" endtime="20241123 23:54:37.058"/>
</branch>
<status status="PASS" starttime="20241123 23:54:37.057" endtime="20241123 23:54:37.058"/>
</if>
<status status="PASS" starttime="20241123 23:54:37.057" endtime="20241123 23:54:37.059"/>
</branch>
<status status="PASS" starttime="20241123 23:54:37.056" endtime="20241123 23:54:37.059"/>
</if>
<return>
<value>${no_none_exists}</value>
<status status="PASS" starttime="20241123 23:54:37.059" endtime="20241123 23:54:37.059"/>
</return>
<msg timestamp="20241123 23:54:37.059" level="INFO">${is_test_case_exists} = True</msg>
<status status="PASS" starttime="20241123 23:54:37.054" endtime="20241123 23:54:37.059"/>
</kw>
<kw name="is-value-not-none" library="UTIL_Collection">
<var>${is_test_case_run_exists}</var>
<arg>${input}[payload]</arg>
<arg>testCaseRun</arg>
<tag>util</tag>
<doc>checks whether the key exists in dicitonary</doc>
<kw name="Run Keyword And Return Status" library="BuiltIn">
<var>${no_none_exists}</var>
<arg>dictionary should contain key</arg>
<arg>${dictionary}</arg>
<arg>${key}</arg>
<doc>Runs the given keyword with given arguments and returns the status as a Boolean value.</doc>
<kw name="Dictionary Should Contain Key" library="Collections">
<arg>${dictionary}</arg>
<arg>${key}</arg>
<doc>Fails if ``key`` is not found from ``dictionary``.</doc>
<status status="PASS" starttime="20241123 23:54:37.062" endtime="20241123 23:54:37.063"/>
</kw>
<msg timestamp="20241123 23:54:37.063" level="INFO">${no_none_exists} = True</msg>
<status status="PASS" starttime="20241123 23:54:37.062" endtime="20241123 23:54:37.063"/>
</kw>
<if>
<branch type="IF" condition="$no_none_exists == $True">
<kw name="Set Variable" library="BuiltIn">
<var>${values}</var>
<arg>${dictionary}[${key}]</arg>
<doc>Returns the given values which can then be assigned to a variables.</doc>
<msg timestamp="20241123 23:54:37.064" level="INFO">${values} = {'id': '15', 'testCaseId': '27', 'status': 'ADDED_TO_QUEUE', 'updatedAt': '2024-11-23T18:24:36.966Z', 'createdAt': '2024-11-23T18:24:36.966Z', 'errorMessage': None}</msg>
<status status="PASS" starttime="20241123 23:54:37.064" endtime="20241123 23:54:37.064"/>
</kw>
<if>
<branch type="IF" condition="$values != $None">
<kw name="Set Variable" library="BuiltIn">
<var>${no_none_exists}</var>
<arg>${True}</arg>
<doc>Returns the given values which can then be assigned to a variables.</doc>
<msg timestamp="20241123 23:54:37.065" level="INFO">${no_none_exists} = True</msg>
<status status="PASS" starttime="20241123 23:54:37.065" endtime="20241123 23:54:37.065"/>
</kw>
<status status="PASS" starttime="20241123 23:54:37.065" endtime="20241123 23:54:37.065"/>
</branch>
<branch type="ELSE">
<kw name="Set Variable" library="BuiltIn">
<var>${no_none_exists}</var>
<arg>${False}</arg>
<doc>Returns the given values which can then be assigned to a variables.</doc>
<status status="NOT RUN" starttime="20241123 23:54:37.066" endtime="20241123 23:54:37.066"/>
</kw>
<status status="NOT RUN" starttime="20241123 23:54:37.065" endtime="20241123 23:54:37.066"/>
</branch>
<status status="PASS" starttime="20241123 23:54:37.064" endtime="20241123 23:54:37.066"/>
</if>
<status status="PASS" starttime="20241123 23:54:37.063" endtime="20241123 23:54:37.066"/>
</branch>
<status status="PASS" starttime="20241123 23:54:37.063" endtime="20241123 23:54:37.066"/>
</if>
<return>
<value>${no_none_exists}</value>
<status status="PASS" starttime="20241123 23:54:37.066" endtime="20241123 23:54:37.066"/>
</return>
<msg timestamp="20241123 23:54:37.066" level="INFO">${is_test_case_run_exists} = True</msg>
<status status="PASS" starttime="20241123 23:54:37.061" endtime="20241123 23:54:37.066"/>
</kw>
<if>
<branch type="IF" condition="$is_test_case_exists == $False or $is_test_case_run_exists == $False">
<kw name="Log To Console" library="BuiltIn">
<arg>Testcase or TestCaseRun data not available in input</arg>
<doc>Logs the given message to the console.</doc>
<status status="NOT RUN" starttime="20241123 23:54:37.067" endtime="20241123 23:54:37.067"/>
</kw>
<status status="NOT RUN" starttime="20241123 23:54:37.067" endtime="20241123 23:54:37.067"/>
</branch>
<status status="PASS" starttime="20241123 23:54:37.066" endtime="20241123 23:54:37.067"/>
</if>
<kw name="Set Variable" library="BuiltIn">
<var>${testCase}</var>
<arg>${input}[payload][testCase]</arg>
<doc>Returns the given values which can then be assigned to a variables.</doc>
<msg timestamp="20241123 23:54:37.067" level="INFO">${testCase} = {'id': '27', 'name': 'Login positive', 'projectId': '4', 'createdAt': '2024-11-21T16:43:35.118Z', 'updatedAt': '2024-11-23T18:24:33.949Z', 'testCaseFlowSequences': [{'id': '46', 'testCaseId': '27', 'f...</msg>
<status status="PASS" starttime="20241123 23:54:37.067" endtime="20241123 23:54:37.068"/>
</kw>
<kw name="Set Variable" library="BuiltIn">
<var>${testCaseRun}</var>
<arg>${input}[payload][testCaseRun]</arg>
<doc>Returns the given values which can then be assigned to a variables.</doc>
<msg timestamp="20241123 23:54:37.068" level="INFO">${testCaseRun} = {'id': '15', 'testCaseId': '27', 'status': 'ADDED_TO_QUEUE', 'updatedAt': '2024-11-23T18:24:36.966Z', 'createdAt': '2024-11-23T18:24:36.966Z', 'errorMessage': None}</msg>
<status status="PASS" starttime="20241123 23:54:37.068" endtime="20241123 23:54:37.068"/>
</kw>
<kw name="Set Variable" library="BuiltIn">
<var>${assertions}</var>
<arg>${testCase}[assertions]</arg>
<doc>Returns the given values which can then be assigned to a variables.</doc>
<msg timestamp="20241123 23:54:37.068" level="INFO">${assertions} = [{'id': '10', 'testCaseId': '27', 'operator': 'SHOULD_BE_EQUAL_TO', 'source': 'testCaseFlowSequenceId:47::flowActionSequenceId:47', 'target': None, 'customTargetValue': 'VISIBLE', 'useCustomTargetValu...</msg>
<status status="PASS" starttime="20241123 23:54:37.068" endtime="20241123 23:54:37.068"/>
</kw>
<kw name="Log To Console" library="BuiltIn">
<arg>Test Case Name: ${testCase}[name]</arg>
<doc>Logs the given message to the console.</doc>
<status status="PASS" starttime="20241123 23:54:37.069" endtime="20241123 23:54:37.069"/>
</kw>
<try>
<branch type="TRY">
<kw name="is-value-not-none" library="UTIL_Collection">
<var>${is_test_case_flow_sequences_exists}</var>
<arg>${testCase}</arg>
<arg>testCaseFlowSequences</arg>
<tag>util</tag>
<doc>checks whether the key exists in dicitonary</doc>
<kw name="Run Keyword And Return Status" library="BuiltIn">
<var>${no_none_exists}</var>
<arg>dictionary should contain key</arg>
<arg>${dictionary}</arg>
<arg>${key}</arg>
<doc>Runs the given keyword with given arguments and returns the status as a Boolean value.</doc>
<kw name="Dictionary Should Contain Key" library="Collections">
<arg>${dictionary}</arg>
<arg>${key}</arg>
<doc>Fails if ``key`` is not found from ``dictionary``.</doc>
<status status="PASS" starttime="20241123 23:54:37.074" endtime="20241123 23:54:37.074"/>
</kw>
<msg timestamp="20241123 23:54:37.075" level="INFO">${no_none_exists} = True</msg>
<status status="PASS" starttime="20241123 23:54:37.073" endtime="20241123 23:54:37.075"/>
</kw>
<if>
<branch type="IF" condition="$no_none_exists == $True">
<kw name="Set Variable" library="BuiltIn">
<var>${values}</var>
<arg>${dictionary}[${key}]</arg>
<doc>Returns the given values which can then be assigned to a variables.</doc>
<msg timestamp="20241123 23:54:37.094" level="INFO">${values} = [{'id': '46', 'testCaseId': '27', 'flowId': '14', 'order': 0, 'createdAt': '2024-11-21T16:43:35.233Z', 'updatedAt': '2024-11-23T18:24:33.980Z', 'flow': {'id': '14', 'name': 'Login', 'projectId': '4', ...</msg>
<status status="PASS" starttime="20241123 23:54:37.076" endtime="20241123 23:54:37.094"/>
</kw>
<if>
<branch type="IF" condition="$values != $None">
<kw name="Set Variable" library="BuiltIn">
<var>${no_none_exists}</var>
<arg>${True}</arg>
<doc>Returns the given values which can then be assigned to a variables.</doc>
<msg timestamp="20241123 23:54:37.097" level="INFO">${no_none_exists} = True</msg>
<status status="PASS" starttime="20241123 23:54:37.096" endtime="20241123 23:54:37.097"/>
</kw>
<status status="PASS" starttime="20241123 23:54:37.095" endtime="20241123 23:54:37.097"/>
</branch>
<branch type="ELSE">
<kw name="Set Variable" library="BuiltIn">
<var>${no_none_exists}</var>
<arg>${False}</arg>
<doc>Returns the given values which can then be assigned to a variables.</doc>
<status status="NOT RUN" starttime="20241123 23:54:37.097" endtime="20241123 23:54:37.097"/>
</kw>
<status status="NOT RUN" starttime="20241123 23:54:37.097" endtime="20241123 23:54:37.097"/>
</branch>
<status status="PASS" starttime="20241123 23:54:37.095" endtime="20241123 23:54:37.106"/>
</if>
<status status="PASS" starttime="20241123 23:54:37.075" endtime="20241123 23:54:37.106"/>
</branch>
<status status="PASS" starttime="20241123 23:54:37.075" endtime="20241123 23:54:37.106"/>
</if>
<return>
<value>${no_none_exists}</value>
<status status="PASS" starttime="20241123 23:54:37.106" endtime="20241123 23:54:37.106"/>
</return>
<msg timestamp="20241123 23:54:37.107" level="INFO">${is_test_case_flow_sequences_exists} = True</msg>
<status status="PASS" starttime="20241123 23:54:37.073" endtime="20241123 23:54:37.107"/>
</kw>
<kw name="Create Dictionary" library="BuiltIn">
<var>${test_case_run_response_message}</var>
<arg>testCaseRunId=${testCaseRun}[id]</arg>
<arg>status=STARTED</arg>
<doc>Creates and returns a dictionary based on the given ``items``.</doc>
<msg timestamp="20241123 23:54:37.109" level="INFO">${test_case_run_response_message} = {'testCaseRunId': '15', 'status': 'STARTED'}</msg>
<status status="PASS" starttime="20241123 23:54:37.107" endtime="20241123 23:54:37.109"/>
</kw>
<kw name="Push response message to kafka topic" library="UTIL_Common">
<arg>${test_case_run_response_message}</arg>
<tag>function</tag>
<doc>push the response message to kafka topic</doc>
<kw name="Evaluate" library="BuiltIn">
<var>${json_response}</var>
<arg>json.dumps(${payload_response_msg})</arg>
<arg>json</arg>
<doc>Evaluates the given expression in Python and returns the result.</doc>
<msg timestamp="20241123 23:54:37.112" level="INFO">${json_response} = {"testCaseRunId": "15", "status": "STARTED"}</msg>
<status status="PASS" starttime="20241123 23:54:37.110" endtime="20241123 23:54:37.112"/>
</kw>
<kw name="Push Message To Topic" library="TopicProducer">
<var>${producer_response}</var>
<arg>${json_response}</arg>
<doc>Kafka Producer to send the response as json message and push it</doc>
<msg timestamp="20241123 23:54:37.126" level="INFO">Message delivered to response_topic [0]</msg>
<msg timestamp="20241123 23:54:37.126" level="INFO">${producer_response} = &lt;function delivery_report at 0x00000288DCE86430&gt;</msg>
<status status="PASS" starttime="20241123 23:54:37.113" endtime="20241123 23:54:37.126"/>
</kw>
<kw name="Log To Console" library="BuiltIn">
<arg>kafka_producer_response:${producer_response}</arg>
<doc>Logs the given message to the console.</doc>
<status status="PASS" starttime="20241123 23:54:37.126" endtime="20241123 23:54:37.128"/>
</kw>
<return>
<value>${producer_response}</value>
<status status="PASS" starttime="20241123 23:54:37.129" endtime="20241123 23:54:37.129"/>
</return>
<status status="PASS" starttime="20241123 23:54:37.109" endtime="20241123 23:54:37.130"/>
</kw>
<if>
<branch type="IF" condition="$is_test_case_flow_sequences_exists">
<for flavor="IN">
<var>${testCaseFlowSequence}</var>
<value>@{testCase}[testCaseFlowSequences]</value>
<iter>
<var name="${testCaseFlowSequence}">{'id': '46', 'testCaseId': '27', 'flowId': '14', 'order': 0, 'createdAt': '2024-11-21T16:43:35.233Z', 'updatedAt': '2024-11-23T18:24:33.980Z', 'flow': {'id': '14', 'name': 'Login', 'projectId': '4', '...</var>
<try>
<branch type="TRY">
<kw name="Set Variable" library="BuiltIn">
<var>${flow}</var>
<arg>${testCaseFlowSequence}[flow]</arg>
<doc>Returns the given values which can then be assigned to a variables.</doc>
<msg timestamp="20241123 23:54:37.132" level="INFO">${flow} = {'id': '14', 'name': 'Login', 'projectId': '4', 'createdAt': '2024-11-21T16:43:09.327Z', 'updatedAt': '2024-11-22T04:20:41.623Z', 'flowActionSequences': [{'id': '41', 'actionId': '28', 'flowId': '14',...</msg>
<status status="PASS" starttime="20241123 23:54:37.131" endtime="20241123 23:54:37.132"/>
</kw>
<kw name="Log To Console" library="BuiltIn">
<arg>Flow Name: ${flow}[name]</arg>
<doc>Logs the given message to the console.</doc>
<status status="PASS" starttime="20241123 23:54:37.132" endtime="20241123 23:54:37.156"/>
</kw>
<kw name="is-value-not-none" library="UTIL_Collection">
<var>${is_flow_action_sequences_exists}</var>
<arg>${flow}</arg>
<arg>flowActionSequences</arg>
<tag>util</tag>
<doc>checks whether the key exists in dicitonary</doc>
<kw name="Run Keyword And Return Status" library="BuiltIn">
<var>${no_none_exists}</var>
<arg>dictionary should contain key</arg>
<arg>${dictionary}</arg>
<arg>${key}</arg>
<doc>Runs the given keyword with given arguments and returns the status as a Boolean value.</doc>
<kw name="Dictionary Should Contain Key" library="Collections">
<arg>${dictionary}</arg>
<arg>${key}</arg>
<doc>Fails if ``key`` is not found from ``dictionary``.</doc>
<status status="PASS" starttime="20241123 23:54:37.163" endtime="20241123 23:54:37.164"/>
</kw>
<msg timestamp="20241123 23:54:37.165" level="INFO">${no_none_exists} = True</msg>
<status status="PASS" starttime="20241123 23:54:37.163" endtime="20241123 23:54:37.165"/>
</kw>
<if>
<branch type="IF" condition="$no_none_exists == $True">
<kw name="Set Variable" library="BuiltIn">
<var>${values}</var>
<arg>${dictionary}[${key}]</arg>
<doc>Returns the given values which can then be assigned to a variables.</doc>
<msg timestamp="20241123 23:54:37.166" level="INFO">${values} = [{'id': '41', 'actionId': '28', 'flowId': '14', 'order': 0, 'createdAt': '2024-11-21T16:43:09.645Z', 'updatedAt': '2024-11-22T04:20:41.468Z', 'action': {'id': '28', 'name': 'Launch browser', 'type': '...</msg>
<status status="PASS" starttime="20241123 23:54:37.166" endtime="20241123 23:54:37.166"/>
</kw>
<if>
<branch type="IF" condition="$values != $None">
<kw name="Set Variable" library="BuiltIn">
<var>${no_none_exists}</var>
<arg>${True}</arg>
<doc>Returns the given values which can then be assigned to a variables.</doc>
<msg timestamp="20241123 23:54:37.167" level="INFO">${no_none_exists} = True</msg>
<status status="PASS" starttime="20241123 23:54:37.167" endtime="20241123 23:54:37.168"/>
</kw>
<status status="PASS" starttime="20241123 23:54:37.167" endtime="20241123 23:54:37.168"/>
</branch>
<branch type="ELSE">
<kw name="Set Variable" library="BuiltIn">
<var>${no_none_exists}</var>
<arg>${False}</arg>
<doc>Returns the given values which can then be assigned to a variables.</doc>
<status status="NOT RUN" starttime="20241123 23:54:37.168" endtime="20241123 23:54:37.168"/>
</kw>
<status status="NOT RUN" starttime="20241123 23:54:37.168" endtime="20241123 23:54:37.168"/>
</branch>
<status status="PASS" starttime="20241123 23:54:37.167" endtime="20241123 23:54:37.168"/>
</if>
<status status="PASS" starttime="20241123 23:54:37.165" endtime="20241123 23:54:37.168"/>
</branch>
<status status="PASS" starttime="20241123 23:54:37.165" endtime="20241123 23:54:37.169"/>
</if>
<return>
<value>${no_none_exists}</value>
<status status="PASS" starttime="20241123 23:54:37.169" endtime="20241123 23:54:37.169"/>
</return>
<msg timestamp="20241123 23:54:37.169" level="INFO">${is_flow_action_sequences_exists} = True</msg>
<status status="PASS" starttime="20241123 23:54:37.162" endtime="20241123 23:54:37.169"/>
</kw>
<if>
<branch type="IF" condition="$is_flow_action_sequences_exists">
<for flavor="IN">
<var>${flowActionSequence}</var>
<value>@{flow}[flowActionSequences]</value>
<iter>
<var name="${flowActionSequence}">{'id': '41', 'actionId': '28', 'flowId': '14', 'order': 0, 'createdAt': '2024-11-21T16:43:09.645Z', 'updatedAt': '2024-11-22T04:20:41.468Z', 'action': {'id': '28', 'name': 'Launch browser', 'type': 'L...</var>
<try>
<branch type="TRY">
<kw name="Set Variable" library="BuiltIn">
<var>${action}</var>
<arg>${flowActionSequence}[action]</arg>
<doc>Returns the given values which can then be assigned to a variables.</doc>
<msg timestamp="20241123 23:54:37.172" level="INFO">${action} = {'id': '28', 'name': 'Launch browser', 'type': 'LAUNCH_BROWSER', 'xpath': '', 'valueRege': '', 'projectId': '4', 'createdAt': '2024-11-21T16:38:00.836Z', 'updatedAt': '2024-11-21T16:38:00.836Z', 'inpu...</msg>
<status status="PASS" starttime="20241123 23:54:37.170" endtime="20241123 23:54:37.172"/>
</kw>
<kw name="Log To Console" library="BuiltIn">
<arg>Action Name: ${action}[name]</arg>
<doc>Logs the given message to the console.</doc>
<status status="PASS" starttime="20241123 23:54:37.172" endtime="20241123 23:54:37.174"/>
</kw>
<kw name="Get Selected Input" library="Common_util">
<var>${input}</var>
<arg>${flowActionSequence}</arg>
<msg timestamp="20241123 23:54:37.175" level="INFO">${input} = {'id': '25', 'actionId': '28', 'name': 'Login page', 'value': 'https://iassistant.ideas2it.com/login', 'waitAfterAction': '1', 'isDefault': True, 'createdAt': '2024-11-21T16:38:01.166Z', 'updatedAt': ...</msg>
<status status="PASS" starttime="20241123 23:54:37.174" endtime="20241123 23:54:37.175"/>
</kw>
<if>
<branch type="IF" condition="$input == $None">
<kw name="Log To Console" library="BuiltIn">
<arg>Input not found for this action. Terminate the test case here!!!</arg>
<doc>Logs the given message to the console.</doc>
<status status="NOT RUN" starttime="20241123 23:54:37.176" endtime="20241123 23:54:37.176"/>
</kw>
<kw name="ex-fail" library="EX_Exception">
<arg>INPUT_NOT_FOUND_IN_ACTION</arg>
<tag>exception</tag>
<doc>wrapper over the builtin Fail keyword, to support additional operations during failure</doc>
<status status="NOT RUN" starttime="20241123 23:54:37.177" endtime="20241123 23:54:37.177"/>
</kw>
<status status="NOT RUN" starttime="20241123 23:54:37.176" endtime="20241123 23:54:37.177"/>
</branch>
<status status="PASS" starttime="20241123 23:54:37.175" endtime="20241123 23:54:37.177"/>
</if>
<kw name="execute-action">
<var>${value}</var>
<arg>${action}</arg>
<arg>${input}</arg>
<kw name="Set Variable" library="BuiltIn">
<var>${value}</var>
<arg>${input}[value]</arg>
<doc>Returns the given values which can then be assigned to a variables.</doc>
<msg timestamp="20241123 23:54:37.182" level="INFO">${value} = https://iassistant.ideas2it.com/login</msg>
<status status="PASS" starttime="20241123 23:54:37.181" endtime="20241123 23:54:37.182"/>
</kw>
<if>
<branch type="IF" condition="'${action}[type]' == '${LAUNCH_BROWSER}'">
<kw name="new-page" library="COMP_BrowserContext">
<arg>${input}[value]</arg>
<kw name="New Page" library="RPA.Browser.Playwright">
<var>${page_id}</var>
<arg>${url}</arg>
<tag>BrowserControl</tag>
<tag>Setter</tag>
<doc>Open a new Page.</doc>
<msg timestamp="20241123 23:54:42.877" level="INFO">Successfully initialized new page object and opened url: https://iassistant.ideas2it.com/login</msg>
<msg timestamp="20241123 23:54:42.877" level="INFO">${page_id} = {'page_id': 'page=284c8d8e-fd06-4f5c-8e60-0fe173223c33', 'video_path': ''}</msg>
<status status="PASS" starttime="20241123 23:54:37.184" endtime="20241123 23:54:42.877"/>
</kw>
<kw name="Switch Page" library="RPA.Browser.Playwright">
<arg>${page_id}</arg>
<tag>BrowserControl</tag>
<tag>Setter</tag>
<doc>Switches the active browser page to another open page by ``id`` or ``NEW``.</doc>
<msg timestamp="20241123 23:54:42.878" level="INFO">Switching to page {'page_id': 'page=284c8d8e-fd06-4f5c-8e60-0fe173223c33', 'video_path': ''},context CURRENT, browser CURRENT</msg>
<msg timestamp="20241123 23:54:42.887" level="INFO">[
  {
    "type": "chromium",
    "id": "browser=5e420325-356e-41fe-a25e-1066f8a9a75b",
    "contexts": [
      {
        "type": "context",
        "id": "context=92766322-110f-47b2-815b-263e7760019e",
        "activePage": "page=284c8d8e-fd06-4f5c-8e60-0fe173223c33",
        "pages": [
          {
            "type": "page",
            "title": "Google",
            "url": "https://www.google.com/",
            "id": "page=4f994335-919a-4750-b5e9-55f356ce51e5",
            "timestamp": 1732386200.914
          },
          {
            "type": "page",
            "title": "iAssistant",
            "url": "https://iassistant.ideas2it.com/login",
            "id": "page=284c8d8e-fd06-4f5c-8e60-0fe173223c33",
            "timestamp": 1732386277.242
          }
        ]
      }
    ],
    "activeContext": "context=92766322-110f-47b2-815b-263e7760019e",
    "activeBrowser": true
  }
]</msg>
<msg timestamp="20241123 23:54:42.895" level="INFO">Successfully changed active page</msg>
<status status="PASS" starttime="20241123 23:54:42.877" endtime="20241123 23:54:42.896"/>
</kw>
<status status="PASS" starttime="20241123 23:54:37.183" endtime="20241123 23:54:42.896"/>
</kw>
<status status="PASS" starttime="20241123 23:54:37.183" endtime="20241123 23:54:42.896"/>
</branch>
<branch type="ELSE IF" condition="'${action}[type]' == '${NEW_PAGE}'">
<kw name="new-page" library="COMP_BrowserContext">
<arg>${input}[value]</arg>
<status status="NOT RUN" starttime="20241123 23:54:42.896" endtime="20241123 23:54:42.896"/>
</kw>
<status status="NOT RUN" starttime="20241123 23:54:42.896" endtime="20241123 23:54:42.896"/>
</branch>
<branch type="ELSE IF" condition="'${action}[type]' == '${CLICK}'">
<kw name="left-click" library="COMP_Button">
<arg>${action}[xpath]</arg>
<tag>component</tag>
<doc>Performs left click operation on button</doc>
<status status="NOT RUN" starttime="20241123 23:54:42.898" endtime="20241123 23:54:42.898"/>
</kw>
<status status="NOT RUN" starttime="20241123 23:54:42.896" endtime="20241123 23:54:42.898"/>
</branch>
<branch type="ELSE IF" condition="'${action}[type]' == '${DOUBLE_CLICK}'">
<kw name="left-click" library="COMP_Button">
<arg>${action}[xpath]</arg>
<tag>component</tag>
<doc>Performs left click operation on button</doc>
<status status="NOT RUN" starttime="20241123 23:54:42.900" endtime="20241123 23:54:42.900"/>
</kw>
<kw name="left-click" library="COMP_Button">
<arg>${action}[xpath]</arg>
<tag>component</tag>
<doc>Performs left click operation on button</doc>
<status status="NOT RUN" starttime="20241123 23:54:42.902" endtime="20241123 23:54:42.902"/>
</kw>
<status status="NOT RUN" starttime="20241123 23:54:42.898" endtime="20241123 23:54:42.902"/>
</branch>
<branch type="ELSE IF" condition="'${action}[type]' == '${GET_DROPDOWN_VALUE}'">
<kw name="get-selected-option" library="COMP_Select">
<var>${value}</var>
<arg>${action}[xpath]</arg>
<tag>component</tag>
<doc>Gets the selected option
Error will thrown if multiple options selected</doc>
<status status="NOT RUN" starttime="20241123 23:54:42.903" endtime="20241123 23:54:42.903"/>
</kw>
<status status="NOT RUN" starttime="20241123 23:54:42.902" endtime="20241123 23:54:42.903"/>
</branch>
<branch type="ELSE IF" condition="'${action}[type]' == '${SET_DROPDOWN_VALUE}'">
<kw name="select-single-option" library="COMP_Select">
<arg>${action}[xpath]</arg>
<arg>${input}[value]</arg>
<tag>component</tag>
<doc>Selects the option by given attribute</doc>
<status status="NOT RUN" starttime="20241123 23:54:42.906" endtime="20241123 23:54:42.906"/>
</kw>
<status status="NOT RUN" starttime="20241123 23:54:42.903" endtime="20241123 23:54:42.906"/>
</branch>
<branch type="ELSE IF" condition="'${action}[type]' == '${TYPE_TEXT}'">
<kw name="set-value" library="COMP_Textbox">
<arg>${action}[xpath]</arg>
<arg>${input}[value]</arg>
<tag>component</tag>
<doc>Updates Field Value and checks for post condition
And retries if the retry value is provided</doc>
<status status="NOT RUN" starttime="20241123 23:54:42.908" endtime="20241123 23:54:42.909"/>
</kw>
<status status="NOT RUN" starttime="20241123 23:54:42.906" endtime="20241123 23:54:42.909"/>
</branch>
<branch type="ELSE IF" condition="'${action}[type]' == '${GET_TEXTBOX_VALUE}'">
<kw name="get-value" library="COMP_Textbox">
<var>${value}</var>
<arg>${action}[xpath]</arg>
<tag>component</tag>
<doc>Returns Field Value</doc>
<status status="NOT RUN" starttime="20241123 23:54:42.910" endtime="20241123 23:54:42.910"/>
</kw>
<status status="NOT RUN" starttime="20241123 23:54:42.909" endtime="20241123 23:54:42.910"/>
</branch>
<branch type="ELSE IF" condition="'${action}[type]' == '${GET_CHECKBOX_VALUE}'">
<kw name="get-value" library="COMP_Checkbox">
<var>${value}</var>
<arg>${action}[xpath]</arg>
<tag>component</tag>
<doc>Gets the current checkbox status</doc>
<status status="NOT RUN" starttime="20241123 23:54:42.911" endtime="20241123 23:54:42.911"/>
</kw>
<if>
<branch type="IF" condition="${value}">
<kw name="Set Variable" library="BuiltIn">
<var>${value}</var>
<arg>SELECT</arg>
<doc>Returns the given values which can then be assigned to a variables.</doc>
<status status="NOT RUN" starttime="20241123 23:54:42.911" endtime="20241123 23:54:42.911"/>
</kw>
<status status="NOT RUN" starttime="20241123 23:54:42.911" endtime="20241123 23:54:42.912"/>
</branch>
<branch type="ELSE">
<kw name="Set Variable" library="BuiltIn">
<var>${value}</var>
<arg>UN_SELECT</arg>
<doc>Returns the given values which can then be assigned to a variables.</doc>
<status status="NOT RUN" starttime="20241123 23:54:42.912" endtime="20241123 23:54:42.912"/>
</kw>
<status status="NOT RUN" starttime="20241123 23:54:42.912" endtime="20241123 23:54:42.912"/>
</branch>
<status status="NOT RUN" starttime="20241123 23:54:42.911" endtime="20241123 23:54:42.912"/>
</if>
<status status="NOT RUN" starttime="20241123 23:54:42.910" endtime="20241123 23:54:42.912"/>
</branch>
<branch type="ELSE IF" condition="'${action}[type]' == '${SET_CHECKBOX_VALUE}'">
<kw name="evaluate(${input}[value] == SELECT)">
<var>${select}</var>
<status status="NOT RUN" starttime="20241123 23:54:42.916" endtime="20241123 23:54:42.917"/>
</kw>
<kw name="set-value" library="COMP_Checkbox">
<arg>${action}[xpath]</arg>
<arg>${select}</arg>
<tag>component</tag>
<doc>Updates the Field value and checks for post condition
And retries if the retry value is provided</doc>
<status status="NOT RUN" starttime="20241123 23:54:42.919" endtime="20241123 23:54:42.919"/>
</kw>
<status status="NOT RUN" starttime="20241123 23:54:42.912" endtime="20241123 23:54:42.919"/>
</branch>
<branch type="ELSE IF" condition="'${action}[type]' == '${GET_RADIO_VALUE}'">
<kw name="get-value" library="COMP_Checkbox">
<var>${value}</var>
<arg>${action}[xpath]</arg>
<tag>component</tag>
<doc>Gets the current checkbox status</doc>
<status status="NOT RUN" starttime="20241123 23:54:42.920" endtime="20241123 23:54:42.920"/>
</kw>
<if>
<branch type="IF" condition="${value}">
<kw name="Set Variable" library="BuiltIn">
<var>${value}</var>
<arg>SELECT</arg>
<doc>Returns the given values which can then be assigned to a variables.</doc>
<status status="NOT RUN" starttime="20241123 23:54:42.920" endtime="20241123 23:54:42.921"/>
</kw>
<status status="NOT RUN" starttime="20241123 23:54:42.920" endtime="20241123 23:54:42.921"/>
</branch>
<branch type="ELSE">
<kw name="Set Variable" library="BuiltIn">
<var>${value}</var>
<arg>UN_SELECT</arg>
<doc>Returns the given values which can then be assigned to a variables.</doc>
<status status="NOT RUN" starttime="20241123 23:54:42.921" endtime="20241123 23:54:42.921"/>
</kw>
<status status="NOT RUN" starttime="20241123 23:54:42.921" endtime="20241123 23:54:42.921"/>
</branch>
<status status="NOT RUN" starttime="20241123 23:54:42.920" endtime="20241123 23:54:42.921"/>
</if>
<status status="NOT RUN" starttime="20241123 23:54:42.919" endtime="20241123 23:54:42.921"/>
</branch>
<branch type="ELSE IF" condition="'${action}[type]' == '${SET_RADIO_VALUE}'">
<kw name="evaluate(${input}[value] == SELECT)">
<var>${select}</var>
<status status="NOT RUN" starttime="20241123 23:54:42.927" endtime="20241123 23:54:42.927"/>
</kw>
<kw name="set-value" library="COMP_Checkbox">
<arg>${action}[xpath]</arg>
<arg>${select}</arg>
<tag>component</tag>
<doc>Updates the Field value and checks for post condition
And retries if the retry value is provided</doc>
<status status="NOT RUN" starttime="20241123 23:54:42.929" endtime="20241123 23:54:42.929"/>
</kw>
<status status="NOT RUN" starttime="20241123 23:54:42.921" endtime="20241123 23:54:42.929"/>
</branch>
<branch type="ELSE IF" condition="'${action}[type]' == '${IS_ELEMENT_VISIBLE}'">
<kw name="is-attached-after-wait" library="UTIL_BrowserHelper">
<var>${value}</var>
<arg>${action}[xpath]</arg>
<tag>util</tag>
<doc>checks whether the given selector is attached to the DOM
after waiting for the element state</doc>
<status status="NOT RUN" starttime="20241123 23:54:42.930" endtime="20241123 23:54:42.931"/>
</kw>
<if>
<branch type="IF" condition="${value}">
<kw name="Set Variable" library="BuiltIn">
<var>${value}</var>
<arg>VISIBLE</arg>
<doc>Returns the given values which can then be assigned to a variables.</doc>
<status status="NOT RUN" starttime="20241123 23:54:42.931" endtime="20241123 23:54:42.931"/>
</kw>
<status status="NOT RUN" starttime="20241123 23:54:42.931" endtime="20241123 23:54:42.931"/>
</branch>
<branch type="ELSE">
<kw name="Set Variable" library="BuiltIn">
<var>${value}</var>
<arg>NOT_VISIBLE</arg>
<doc>Returns the given values which can then be assigned to a variables.</doc>
<status status="NOT RUN" starttime="20241123 23:54:42.931" endtime="20241123 23:54:42.931"/>
</kw>
<status status="NOT RUN" starttime="20241123 23:54:42.931" endtime="20241123 23:54:42.931"/>
</branch>
<status status="NOT RUN" starttime="20241123 23:54:42.931" endtime="20241123 23:54:42.932"/>
</if>
<status status="NOT RUN" starttime="20241123 23:54:42.929" endtime="20241123 23:54:42.932"/>
</branch>
<branch type="ELSE IF" condition="'${action}[type]' == '${GET_TEXT}'">
<kw name="get-property" library="UTIL_BrowserHelper">
<var>${value}</var>
<arg>${action}[xpath]</arg>
<arg>innerText</arg>
<tag>util</tag>
<doc>Method used to get property</doc>
<status status="NOT RUN" starttime="20241123 23:54:42.933" endtime="20241123 23:54:42.933"/>
</kw>
<status status="NOT RUN" starttime="20241123 23:54:42.932" endtime="20241123 23:54:42.933"/>
</branch>
<branch type="ELSE">
<kw name="Log To Message">
<arg>Action not developed. Terminate the TestCase here!!!</arg>
<status status="NOT RUN" starttime="20241123 23:54:42.938" endtime="20241123 23:54:42.938"/>
</kw>
<kw name="ex-fail" library="EX_Exception">
<arg>ACTION_NOT_DEVELOPED</arg>
<tag>exception</tag>
<doc>wrapper over the builtin Fail keyword, to support additional operations during failure</doc>
<status status="NOT RUN" starttime="20241123 23:54:42.939" endtime="20241123 23:54:42.939"/>
</kw>
<status status="NOT RUN" starttime="20241123 23:54:42.934" endtime="20241123 23:54:42.939"/>
</branch>
<status status="PASS" starttime="20241123 23:54:37.183" endtime="20241123 23:54:42.939"/>
</if>
<kw name="Log To Console" library="BuiltIn">
<arg>${value}</arg>
<doc>Logs the given message to the console.</doc>
<status status="PASS" starttime="20241123 23:54:42.939" endtime="20241123 23:54:42.940"/>
</kw>
<kw name="Sleep" library="BuiltIn">
<arg>${input}[waitAfterAction]s</arg>
<doc>Pauses the test executed for the given time.</doc>
<msg timestamp="20241123 23:54:43.943" level="INFO">Slept 1 second</msg>
<status status="PASS" starttime="20241123 23:54:42.940" endtime="20241123 23:54:43.943"/>
</kw>
<return>
<value>${value}</value>
<status status="PASS" starttime="20241123 23:54:43.944" endtime="20241123 23:54:43.944"/>
</return>
<msg timestamp="20241123 23:54:43.946" level="INFO">${value} = https://iassistant.ideas2it.com/login</msg>
<status status="PASS" starttime="20241123 23:54:37.177" endtime="20241123 23:54:43.946"/>
</kw>
<kw name="perform-assertion">
<arg>${assertions}</arg>
<arg>${testCaseFlowSequence}[id]</arg>
<arg>${flowActionSequence}[id]</arg>
<arg>${value}</arg>
<kw name="Set Variable" library="BuiltIn">
<var>${key}</var>
<arg>testCaseFlowSequenceId:${testCaseFlowSequenceId}::flowActionSequenceId:${flowActionSequenceId}</arg>
<doc>Returns the given values which can then be assigned to a variables.</doc>
<msg timestamp="20241123 23:54:43.951" level="INFO">${key} = testCaseFlowSequenceId:46::flowActionSequenceId:41</msg>
<status status="PASS" starttime="20241123 23:54:43.949" endtime="20241123 23:54:43.951"/>
</kw>
<for flavor="IN">
<var>${assertion}</var>
<value>@{assertions}</value>
<iter>
<var name="${assertion}">{'id': '10', 'testCaseId': '27', 'operator': 'SHOULD_BE_EQUAL_TO', 'source': 'testCaseFlowSequenceId:47::flowActionSequenceId:47', 'target': None, 'customTargetValue': 'VISIBLE', 'useCustomTargetValue...</var>
<kw name="Set Variable" library="BuiltIn">
<var>${source}</var>
<arg>${assertion}[source]</arg>
<doc>Returns the given values which can then be assigned to a variables.</doc>
<msg timestamp="20241123 23:54:43.954" level="INFO">${source} = testCaseFlowSequenceId:47::flowActionSequenceId:47</msg>
<status status="PASS" starttime="20241123 23:54:43.953" endtime="20241123 23:54:43.954"/>
</kw>
<kw name="Set Variable" library="BuiltIn">
<var>${target}</var>
<arg>${assertion}[target]</arg>
<doc>Returns the given values which can then be assigned to a variables.</doc>
<msg timestamp="20241123 23:54:43.956" level="INFO">${target} = None</msg>
<status status="PASS" starttime="20241123 23:54:43.955" endtime="20241123 23:54:43.957"/>
</kw>
<kw name="Set Variable" library="BuiltIn">
<var>${skip}</var>
<arg>${assertion}[skip]</arg>
<doc>Returns the given values which can then be assigned to a variables.</doc>
<msg timestamp="20241123 23:54:43.959" level="INFO">${skip} = False</msg>
<status status="PASS" starttime="20241123 23:54:43.957" endtime="20241123 23:54:43.959"/>
</kw>
<kw name="Set Variable" library="BuiltIn">
<var>${operator}</var>
<arg>${assertion}[operator]</arg>
<doc>Returns the given values which can then be assigned to a variables.</doc>
<msg timestamp="20241123 23:54:43.961" level="INFO">${operator} = SHOULD_BE_EQUAL_TO</msg>
<status status="PASS" starttime="20241123 23:54:43.960" endtime="20241123 23:54:43.961"/>
</kw>
<kw name="Set Variable" library="BuiltIn">
<var>${useCustomTargetValue}</var>
<arg>${assertion}[useCustomTargetValue]</arg>
<doc>Returns the given values which can then be assigned to a variables.</doc>
<msg timestamp="20241123 23:54:43.963" level="INFO">${useCustomTargetValue} = True</msg>
<status status="PASS" starttime="20241123 23:54:43.962" endtime="20241123 23:54:43.963"/>
</kw>
<kw name="Set Variable" library="BuiltIn">
<var>${customTargetValue}</var>
<arg>${assertion}[customTargetValue]</arg>
<doc>Returns the given values which can then be assigned to a variables.</doc>
<msg timestamp="20241123 23:54:43.965" level="INFO">${customTargetValue} = VISIBLE</msg>
<status status="PASS" starttime="20241123 23:54:43.964" endtime="20241123 23:54:43.965"/>
</kw>
<kw name="Set Variable" library="BuiltIn">
<var>${errorMessage}</var>
<arg>${assertion}[errorMessage]</arg>
<doc>Returns the given values which can then be assigned to a variables.</doc>
<msg timestamp="20241123 23:54:43.967" level="INFO">${errorMessage} = Not equal</msg>
<status status="PASS" starttime="20241123 23:54:43.966" endtime="20241123 23:54:43.967"/>
</kw>
<kw name="Set To Dictionary" library="Collections">
<arg>${ACCUMULATION}</arg>
<arg>${key}=${value}</arg>
<doc>Adds the given ``key_value_pairs`` and ``items`` to the ``dictionary``.</doc>
<status status="PASS" starttime="20241123 23:54:43.968" endtime="20241123 23:54:43.969"/>
</kw>
<kw name="is-value-not-none" library="UTIL_Collection">
<var>${is_source_exists}</var>
<arg>${ACCUMULATION}</arg>
<arg>${source}</arg>
<tag>util</tag>
<doc>checks whether the key exists in dicitonary</doc>
<kw name="Run Keyword And Return Status" library="BuiltIn">
<var>${no_none_exists}</var>
<arg>dictionary should contain key</arg>
<arg>${dictionary}</arg>
<arg>${key}</arg>
<doc>Runs the given keyword with given arguments and returns the status as a Boolean value.</doc>
<kw name="Dictionary Should Contain Key" library="Collections">
<arg>${dictionary}</arg>
<arg>${key}</arg>
<doc>Fails if ``key`` is not found from ``dictionary``.</doc>
<msg timestamp="20241123 23:54:43.979" level="FAIL">Dictionary does not contain key 'testCaseFlowSequenceId:47::flowActionSequenceId:47'.</msg>
<status status="FAIL" starttime="20241123 23:54:43.977" endtime="20241123 23:54:43.979"/>
</kw>
<msg timestamp="20241123 23:54:43.979" level="INFO">${no_none_exists} = False</msg>
<status status="PASS" starttime="20241123 23:54:43.976" endtime="20241123 23:54:43.979"/>
</kw>
<if>
<branch type="IF" condition="$no_none_exists == $True">
<kw name="Set Variable" library="BuiltIn">
<var>${values}</var>
<arg>${dictionary}[${key}]</arg>
<doc>Returns the given values which can then be assigned to a variables.</doc>
<status status="NOT RUN" starttime="20241123 23:54:43.980" endtime="20241123 23:54:43.981"/>
</kw>
<if>
<branch type="IF" condition="$values != $None">
<kw name="Set Variable" library="BuiltIn">
<var>${no_none_exists}</var>
<arg>${True}</arg>
<doc>Returns the given values which can then be assigned to a variables.</doc>
<status status="NOT RUN" starttime="20241123 23:54:43.981" endtime="20241123 23:54:43.982"/>
</kw>
<status status="NOT RUN" starttime="20241123 23:54:43.981" endtime="20241123 23:54:43.982"/>
</branch>
<branch type="ELSE">
<kw name="Set Variable" library="BuiltIn">
<var>${no_none_exists}</var>
<arg>${False}</arg>
<doc>Returns the given values which can then be assigned to a variables.</doc>
<status status="NOT RUN" starttime="20241123 23:54:43.982" endtime="20241123 23:54:43.982"/>
</kw>
<status status="NOT RUN" starttime="20241123 23:54:43.982" endtime="20241123 23:54:43.983"/>
</branch>
<status status="NOT RUN" starttime="20241123 23:54:43.981" endtime="20241123 23:54:43.983"/>
</if>
<status status="NOT RUN" starttime="20241123 23:54:43.980" endtime="20241123 23:54:43.983"/>
</branch>
<status status="PASS" starttime="20241123 23:54:43.980" endtime="20241123 23:54:43.983"/>
</if>
<return>
<value>${no_none_exists}</value>
<status status="PASS" starttime="20241123 23:54:43.983" endtime="20241123 23:54:43.983"/>
</return>
<msg timestamp="20241123 23:54:43.984" level="INFO">${is_source_exists} = False</msg>
<status status="PASS" starttime="20241123 23:54:43.974" endtime="20241123 23:54:43.984"/>
</kw>
<kw name="is-value-not-none" library="UTIL_Collection">
<var>${is_target_exists}</var>
<arg>${ACCUMULATION}</arg>
<arg>${target}</arg>
<tag>util</tag>
<doc>checks whether the key exists in dicitonary</doc>
<kw name="Run Keyword And Return Status" library="BuiltIn">
<var>${no_none_exists}</var>
<arg>dictionary should contain key</arg>
<arg>${dictionary}</arg>
<arg>${key}</arg>
<doc>Runs the given keyword with given arguments and returns the status as a Boolean value.</doc>
<kw name="Dictionary Should Contain Key" library="Collections">
<arg>${dictionary}</arg>
<arg>${key}</arg>
<doc>Fails if ``key`` is not found from ``dictionary``.</doc>
<msg timestamp="20241123 23:54:43.993" level="FAIL">Dictionary does not contain key 'None'.</msg>
<status status="FAIL" starttime="20241123 23:54:43.991" endtime="20241123 23:54:43.993"/>
</kw>
<msg timestamp="20241123 23:54:43.994" level="INFO">${no_none_exists} = False</msg>
<status status="PASS" starttime="20241123 23:54:43.990" endtime="20241123 23:54:43.994"/>
</kw>
<if>
<branch type="IF" condition="$no_none_exists == $True">
<kw name="Set Variable" library="BuiltIn">
<var>${values}</var>
<arg>${dictionary}[${key}]</arg>
<doc>Returns the given values which can then be assigned to a variables.</doc>
<status status="NOT RUN" starttime="20241123 23:54:43.995" endtime="20241123 23:54:43.995"/>
</kw>
<if>
<branch type="IF" condition="$values != $None">
<kw name="Set Variable" library="BuiltIn">
<var>${no_none_exists}</var>
<arg>${True}</arg>
<doc>Returns the given values which can then be assigned to a variables.</doc>
<status status="NOT RUN" starttime="20241123 23:54:43.996" endtime="20241123 23:54:43.996"/>
</kw>
<status status="NOT RUN" starttime="20241123 23:54:43.995" endtime="20241123 23:54:43.996"/>
</branch>
<branch type="ELSE">
<kw name="Set Variable" library="BuiltIn">
<var>${no_none_exists}</var>
<arg>${False}</arg>
<doc>Returns the given values which can then be assigned to a variables.</doc>
<status status="NOT RUN" starttime="20241123 23:54:43.997" endtime="20241123 23:54:43.997"/>
</kw>
<status status="NOT RUN" starttime="20241123 23:54:43.996" endtime="20241123 23:54:43.997"/>
</branch>
<status status="NOT RUN" starttime="20241123 23:54:43.995" endtime="20241123 23:54:43.997"/>
</if>
<status status="NOT RUN" starttime="20241123 23:54:43.994" endtime="20241123 23:54:43.997"/>
</branch>
<status status="PASS" starttime="20241123 23:54:43.994" endtime="20241123 23:54:43.998"/>
</if>
<return>
<value>${no_none_exists}</value>
<status status="PASS" starttime="20241123 23:54:43.998" endtime="20241123 23:54:43.998"/>
</return>
<msg timestamp="20241123 23:54:43.999" level="INFO">${is_target_exists} = False</msg>
<status status="PASS" starttime="20241123 23:54:43.989" endtime="20241123 23:54:43.999"/>
</kw>
<kw name="Log To Console" library="BuiltIn">
<arg>${key}</arg>
<doc>Logs the given message to the console.</doc>
<status status="PASS" starttime="20241123 23:54:43.999" endtime="20241123 23:54:44.000"/>
</kw>
<kw name="Log To Console" library="BuiltIn">
<arg>${source}</arg>
<doc>Logs the given message to the console.</doc>
<status status="PASS" starttime="20241123 23:54:44.000" endtime="20241123 23:54:44.001"/>
</kw>
<kw name="Log To Console" library="BuiltIn">
<arg>${target}</arg>
<doc>Logs the given message to the console.</doc>
<status status="PASS" starttime="20241123 23:54:44.002" endtime="20241123 23:54:44.003"/>
</kw>
<if>
<branch type="IF" condition="'${source}' == '${key}' and '${is_source_exists}' == '${True}'">
<if>
<branch type="IF" condition="$useCustomTargetValue">
<kw name="Log To Console" library="BuiltIn">
<arg>${ACCUMULATION}[${source}]-${customTargetValue}-${errorMessage}-1</arg>
<doc>Logs the given message to the console.</doc>
<status status="NOT RUN" starttime="20241123 23:54:44.004" endtime="20241123 23:54:44.004"/>
</kw>
<kw name="Should Be Equal" library="BuiltIn">
<arg>${ACCUMULATION}[${source}]</arg>
<arg>${customTargetValue}</arg>
<arg>${errorMessage}</arg>
<doc>Fails if the given objects are unequal.</doc>
<status status="NOT RUN" starttime="20241123 23:54:44.005" endtime="20241123 23:54:44.005"/>
</kw>
<status status="NOT RUN" starttime="20241123 23:54:44.004" endtime="20241123 23:54:44.005"/>
</branch>
<status status="NOT RUN" starttime="20241123 23:54:44.004" endtime="20241123 23:54:44.005"/>
</if>
<if>
<branch type="IF" condition="$is_target_exists">
<kw name="Log To Console" library="BuiltIn">
<arg>${ACCUMULATION}[${source}]-${ACCUMULATION}[${target}]-${errorMessage}-2</arg>
<doc>Logs the given message to the console.</doc>
<status status="NOT RUN" starttime="20241123 23:54:44.006" endtime="20241123 23:54:44.006"/>
</kw>
<kw name="Should Be Equal" library="BuiltIn">
<arg>${ACCUMULATION}[${source}]</arg>
<arg>${ACCUMULATION}[${target}]</arg>
<arg>${errorMessage}</arg>
<doc>Fails if the given objects are unequal.</doc>
<status status="NOT RUN" starttime="20241123 23:54:44.007" endtime="20241123 23:54:44.007"/>
</kw>
<status status="NOT RUN" starttime="20241123 23:54:44.006" endtime="20241123 23:54:44.007"/>
</branch>
<status status="NOT RUN" starttime="20241123 23:54:44.006" endtime="20241123 23:54:44.007"/>
</if>
<status status="NOT RUN" starttime="20241123 23:54:44.004" endtime="20241123 23:54:44.007"/>
</branch>
<status status="PASS" starttime="20241123 23:54:44.003" endtime="20241123 23:54:44.007"/>
</if>
<if>
<branch type="IF" condition="'${target}' == '${key}' and '${is_target_exists}' == '${True}'">
<if>
<branch type="IF" condition="$useCustomTargetValue">
<kw name="Log To Console" library="BuiltIn">
<arg>No need to assert here.</arg>
<doc>Logs the given message to the console.</doc>
<status status="NOT RUN" starttime="20241123 23:54:44.009" endtime="20241123 23:54:44.009"/>
</kw>
<status status="NOT RUN" starttime="20241123 23:54:44.008" endtime="20241123 23:54:44.009"/>
</branch>
<status status="NOT RUN" starttime="20241123 23:54:44.008" endtime="20241123 23:54:44.009"/>
</if>
<if>
<branch type="IF" condition="$is_source_exists">
<kw name="Log To Console" library="BuiltIn">
<arg>${ACCUMULATION}[${target}]-${ACCUMULATION}[${source}]-${errorMessage}-4</arg>
<doc>Logs the given message to the console.</doc>
<status status="NOT RUN" starttime="20241123 23:54:44.009" endtime="20241123 23:54:44.009"/>
</kw>
<kw name="Should Be Equal" library="BuiltIn">
<arg>${ACCUMULATION}[${target}]</arg>
<arg>${ACCUMULATION}[${source}]</arg>
<arg>${errorMessage}</arg>
<doc>Fails if the given objects are unequal.</doc>
<status status="NOT RUN" starttime="20241123 23:54:44.010" endtime="20241123 23:54:44.010"/>
</kw>
<status status="NOT RUN" starttime="20241123 23:54:44.009" endtime="20241123 23:54:44.010"/>
</branch>
<status status="NOT RUN" starttime="20241123 23:54:44.009" endtime="20241123 23:54:44.010"/>
</if>
<status status="NOT RUN" starttime="20241123 23:54:44.008" endtime="20241123 23:54:44.010"/>
</branch>
<status status="PASS" starttime="20241123 23:54:44.007" endtime="20241123 23:54:44.010"/>
</if>
<status status="PASS" starttime="20241123 23:54:43.952" endtime="20241123 23:54:44.010"/>
</iter>
<status status="PASS" starttime="20241123 23:54:43.951" endtime="20241123 23:54:44.011"/>
</for>
<status status="PASS" starttime="20241123 23:54:43.946" endtime="20241123 23:54:44.011"/>
</kw>
<kw name="send-action-sequence-message">
<arg>${flowActionSequence}[flowActionSequenceHistoryId]</arg>
<arg>COMPLETED</arg>
<arg>${action}</arg>
<arg>${input}</arg>
<kw name="Create Dictionary" library="BuiltIn">
<var>${response_message}</var>
<arg>flowActionSequenceHistoryId=${flowActionSequenceHistoryId}</arg>
<arg>status=${status}</arg>
<arg>actionName=${action}[name]</arg>
<arg>actionType=${action}[type]</arg>
<arg>actionXpath=${action}[xpath]</arg>
<arg>inputValue=${input}[value]</arg>
<arg>errorMessage=${errorMessage}</arg>
<doc>Creates and returns a dictionary based on the given ``items``.</doc>
<msg timestamp="20241123 23:54:44.014" level="INFO">${response_message} = {'flowActionSequenceHistoryId': '102', 'status': 'COMPLETED', 'actionName': 'Launch browser', 'actionType': 'LAUNCH_BROWSER', 'actionXpath': '', 'inputValue': 'https://iassistant.ideas2it.com/login', ...</msg>
<status status="PASS" starttime="20241123 23:54:44.013" endtime="20241123 23:54:44.014"/>
</kw>
<kw name="Push response message to kafka topic" library="UTIL_Common">
<arg>${response_message}</arg>
<tag>function</tag>
<doc>push the response message to kafka topic</doc>
<kw name="Evaluate" library="BuiltIn">
<var>${json_response}</var>
<arg>json.dumps(${payload_response_msg})</arg>
<arg>json</arg>
<doc>Evaluates the given expression in Python and returns the result.</doc>
<msg timestamp="20241123 23:54:44.015" level="INFO">${json_response} = {"flowActionSequenceHistoryId": "102", "status": "COMPLETED", "actionName": "Launch browser", "actionType": "LAUNCH_BROWSER", "actionXpath": "", "inputValue": "https://iassistant.ideas2it.com/login", ...</msg>
<status status="PASS" starttime="20241123 23:54:44.015" endtime="20241123 23:54:44.015"/>
</kw>
<kw name="Push Message To Topic" library="TopicProducer">
<var>${producer_response}</var>
<arg>${json_response}</arg>
<doc>Kafka Producer to send the response as json message and push it</doc>
<msg timestamp="20241123 23:54:44.051" level="INFO">Message delivered to response_topic [0]</msg>
<msg timestamp="20241123 23:54:44.051" level="INFO">${producer_response} = &lt;function delivery_report at 0x00000288DCE86430&gt;</msg>
<status status="PASS" starttime="20241123 23:54:44.015" endtime="20241123 23:54:44.051"/>
</kw>
<kw name="Log To Console" library="BuiltIn">
<arg>kafka_producer_response:${producer_response}</arg>
<doc>Logs the given message to the console.</doc>
<status status="PASS" starttime="20241123 23:54:44.051" endtime="20241123 23:54:44.051"/>
</kw>
<return>
<value>${producer_response}</value>
<status status="PASS" starttime="20241123 23:54:44.052" endtime="20241123 23:54:44.052"/>
</return>
<status status="PASS" starttime="20241123 23:54:44.014" endtime="20241123 23:54:44.052"/>
</kw>
<status status="PASS" starttime="20241123 23:54:44.011" endtime="20241123 23:54:44.052"/>
</kw>
<status status="PASS" starttime="20241123 23:54:37.170" endtime="20241123 23:54:44.052"/>
</branch>
<branch type="EXCEPT" variable="${error_message}">
<kw name="Log To Console" library="BuiltIn">
<arg>${error_message}</arg>
<doc>Logs the given message to the console.</doc>
<status status="NOT RUN" starttime="20241123 23:54:44.052" endtime="20241123 23:54:44.052"/>
</kw>
<kw name="send-action-sequence-message">
<arg>${flowActionSequence}[flowActionSequenceHistoryId]</arg>
<arg>FAILED</arg>
<arg>${action}</arg>
<arg>${input}</arg>
<arg>${error_message}</arg>
<status status="NOT RUN" starttime="20241123 23:54:44.053" endtime="20241123 23:54:44.053"/>
</kw>
<kw name="ex-fail" library="EX_Exception">
<arg>${error_message}</arg>
<tag>exception</tag>
<doc>wrapper over the builtin Fail keyword, to support additional operations during failure</doc>
<status status="NOT RUN" starttime="20241123 23:54:44.053" endtime="20241123 23:54:44.053"/>
</kw>
<status status="NOT RUN" starttime="20241123 23:54:44.052" endtime="20241123 23:54:44.053"/>
</branch>
<status status="PASS" starttime="20241123 23:54:37.170" endtime="20241123 23:54:44.053"/>
</try>
<status status="PASS" starttime="20241123 23:54:37.170" endtime="20241123 23:54:44.053"/>
</iter>
<iter>
<var name="${flowActionSequence}">{'id': '43', 'actionId': '30', 'flowId': '14', 'order': 1, 'createdAt': '2024-11-21T16:43:09.646Z', 'updatedAt': '2024-11-22T04:20:41.490Z', 'action': {'id': '30', 'name': 'Set login password', 'type'...</var>
<try>
<branch type="TRY">
<kw name="Set Variable" library="BuiltIn">
<var>${action}</var>
<arg>${flowActionSequence}[action]</arg>
<doc>Returns the given values which can then be assigned to a variables.</doc>
<msg timestamp="20241123 23:54:44.054" level="INFO">${action} = {'id': '30', 'name': 'Set login password', 'type': 'TYPE_TEXT', 'xpath': '//input[@id="password"]', 'valueRege': '', 'projectId': '4', 'createdAt': '2024-11-21T16:39:54.768Z', 'updatedAt': '2024-11-21...</msg>
<status status="PASS" starttime="20241123 23:54:44.054" endtime="20241123 23:54:44.054"/>
</kw>
<kw name="Log To Console" library="BuiltIn">
<arg>Action Name: ${action}[name]</arg>
<doc>Logs the given message to the console.</doc>
<status status="PASS" starttime="20241123 23:54:44.054" endtime="20241123 23:54:44.055"/>
</kw>
<kw name="Get Selected Input" library="Common_util">
<var>${input}</var>
<arg>${flowActionSequence}</arg>
<msg timestamp="20241123 23:54:44.056" level="INFO">${input} = {'id': '27', 'actionId': '30', 'name': 'Bharani', 'value': 'vijaybharani', 'waitAfterAction': '1', 'isDefault': True, 'createdAt': '2024-11-21T16:39:55.091Z', 'updatedAt': '2024-11-21T17:23:21.466Z'}</msg>
<status status="PASS" starttime="20241123 23:54:44.056" endtime="20241123 23:54:44.056"/>
</kw>
<if>
<branch type="IF" condition="$input == $None">
<kw name="Log To Console" library="BuiltIn">
<arg>Input not found for this action. Terminate the test case here!!!</arg>
<doc>Logs the given message to the console.</doc>
<status status="NOT RUN" starttime="20241123 23:54:44.058" endtime="20241123 23:54:44.058"/>
</kw>
<kw name="ex-fail" library="EX_Exception">
<arg>INPUT_NOT_FOUND_IN_ACTION</arg>
<tag>exception</tag>
<doc>wrapper over the builtin Fail keyword, to support additional operations during failure</doc>
<status status="NOT RUN" starttime="20241123 23:54:44.058" endtime="20241123 23:54:44.058"/>
</kw>
<status status="NOT RUN" starttime="20241123 23:54:44.057" endtime="20241123 23:54:44.058"/>
</branch>
<status status="PASS" starttime="20241123 23:54:44.057" endtime="20241123 23:54:44.058"/>
</if>
<kw name="execute-action">
<var>${value}</var>
<arg>${action}</arg>
<arg>${input}</arg>
<kw name="Set Variable" library="BuiltIn">
<var>${value}</var>
<arg>${input}[value]</arg>
<doc>Returns the given values which can then be assigned to a variables.</doc>
<msg timestamp="20241123 23:54:44.059" level="INFO">${value} = vijaybharani</msg>
<status status="PASS" starttime="20241123 23:54:44.059" endtime="20241123 23:54:44.059"/>
</kw>
<if>
<branch type="IF" condition="'${action}[type]' == '${LAUNCH_BROWSER}'">
<kw name="new-page" library="COMP_BrowserContext">
<arg>${input}[value]</arg>
<status status="NOT RUN" starttime="20241123 23:54:44.060" endtime="20241123 23:54:44.060"/>
</kw>
<status status="NOT RUN" starttime="20241123 23:54:44.059" endtime="20241123 23:54:44.060"/>
</branch>
<branch type="ELSE IF" condition="'${action}[type]' == '${NEW_PAGE}'">
<kw name="new-page" library="COMP_BrowserContext">
<arg>${input}[value]</arg>
<status status="NOT RUN" starttime="20241123 23:54:44.060" endtime="20241123 23:54:44.060"/>
</kw>
<status status="NOT RUN" starttime="20241123 23:54:44.060" endtime="20241123 23:54:44.060"/>
</branch>
<branch type="ELSE IF" condition="'${action}[type]' == '${CLICK}'">
<kw name="left-click" library="COMP_Button">
<arg>${action}[xpath]</arg>
<tag>component</tag>
<doc>Performs left click operation on button</doc>
<status status="NOT RUN" starttime="20241123 23:54:44.062" endtime="20241123 23:54:44.062"/>
</kw>
<status status="NOT RUN" starttime="20241123 23:54:44.060" endtime="20241123 23:54:44.062"/>
</branch>
<branch type="ELSE IF" condition="'${action}[type]' == '${DOUBLE_CLICK}'">
<kw name="left-click" library="COMP_Button">
<arg>${action}[xpath]</arg>
<tag>component</tag>
<doc>Performs left click operation on button</doc>
<status status="NOT RUN" starttime="20241123 23:54:44.064" endtime="20241123 23:54:44.064"/>
</kw>
<kw name="left-click" library="COMP_Button">
<arg>${action}[xpath]</arg>
<tag>component</tag>
<doc>Performs left click operation on button</doc>
<status status="NOT RUN" starttime="20241123 23:54:44.066" endtime="20241123 23:54:44.066"/>
</kw>
<status status="NOT RUN" starttime="20241123 23:54:44.063" endtime="20241123 23:54:44.066"/>
</branch>
<branch type="ELSE IF" condition="'${action}[type]' == '${GET_DROPDOWN_VALUE}'">
<kw name="get-selected-option" library="COMP_Select">
<var>${value}</var>
<arg>${action}[xpath]</arg>
<tag>component</tag>
<doc>Gets the selected option
Error will thrown if multiple options selected</doc>
<status status="NOT RUN" starttime="20241123 23:54:44.067" endtime="20241123 23:54:44.067"/>
</kw>
<status status="NOT RUN" starttime="20241123 23:54:44.067" endtime="20241123 23:54:44.068"/>
</branch>
<branch type="ELSE IF" condition="'${action}[type]' == '${SET_DROPDOWN_VALUE}'">
<kw name="select-single-option" library="COMP_Select">
<arg>${action}[xpath]</arg>
<arg>${input}[value]</arg>
<tag>component</tag>
<doc>Selects the option by given attribute</doc>
<status status="NOT RUN" starttime="20241123 23:54:44.070" endtime="20241123 23:54:44.070"/>
</kw>
<status status="NOT RUN" starttime="20241123 23:54:44.068" endtime="20241123 23:54:44.070"/>
</branch>
<branch type="ELSE IF" condition="'${action}[type]' == '${TYPE_TEXT}'">
<kw name="set-value" library="COMP_Textbox">
<arg>${action}[xpath]</arg>
<arg>${input}[value]</arg>
<tag>component</tag>
<doc>Updates Field Value and checks for post condition
And retries if the retry value is provided</doc>
<kw name="validate-precondition" library="COMP_Textbox">
<arg>${selector}</arg>
<tag>robot:private</tag>
<doc>Method used to validate if the selector is actually an input
Also used to validate the input element before performing any action
...
INPUT:
//input[@id="password"]: string</doc>
<kw name="fail-if-not-attached-after-wait" library="UTIL_Validation">
<arg>${selector}</arg>
<tag>util</tag>
<doc>Throws error if the element is not attached to the DOM
after waiting for the element state</doc>
<kw name="is-attached-after-wait" library="UTIL_BrowserHelper">
<var>${is_attached}</var>
<arg>${selector}</arg>
<tag>util</tag>
<doc>checks whether the given selector is attached to the DOM
after waiting for the element state</doc>
<try>
<branch type="TRY">
<kw name="is-element-state-appear-after-wait" library="UTIL_BrowserHelper">
<var>${result}</var>
<arg>${selector}</arg>
<arg>${ELEMENT_STATE_ATTACHED}</arg>
<tag>util</tag>
<doc>Used to get the element state
after waiting for the element state</doc>
<try>
<branch type="TRY">
<kw name="Run Keyword And Return Status" library="BuiltIn">
<var>${result}</var>
<arg>RPA.Browser.Playwright.Wait For Elements State</arg>
<arg>${selector}</arg>
<arg>${state}</arg>
<arg>timeout=12s</arg>
<doc>Runs the given keyword with given arguments and returns the status as a Boolean value.</doc>
<kw name="Wait For Elements State" library="RPA.Browser.Playwright">
<arg>${selector}</arg>
<arg>${state}</arg>
<arg>timeout=12s</arg>
<tag>PageContent</tag>
<tag>Wait</tag>
<doc>Waits for the element found by ``selector`` to satisfy state option.</doc>
<msg timestamp="20241123 23:54:44.101" level="INFO">Waited for Element with selector //input[@id="password"] at state attached</msg>
<status status="PASS" starttime="20241123 23:54:44.078" endtime="20241123 23:54:44.101"/>
</kw>
<msg timestamp="20241123 23:54:44.101" level="INFO">${result} = True</msg>
<status status="PASS" starttime="20241123 23:54:44.077" endtime="20241123 23:54:44.101"/>
</kw>
<return>
<value>${result}</value>
<status status="PASS" starttime="20241123 23:54:44.101" endtime="20241123 23:54:44.101"/>
</return>
<status status="PASS" starttime="20241123 23:54:44.077" endtime="20241123 23:54:44.101"/>
</branch>
<branch type="EXCEPT" variable="${error_message}">
<kw name="Log To Console" library="BuiltIn">
<arg>Error while getting element state: ${error_message}</arg>
<arg>ERROR</arg>
<doc>Logs the given message to the console.</doc>
<status status="NOT RUN" starttime="20241123 23:54:44.101" endtime="20241123 23:54:44.102"/>
</kw>
<kw name="ex-fail" library="EX_Exception">
<arg>ELEMENT_NOT_ATTACHED</arg>
<tag>exception</tag>
<doc>wrapper over the builtin Fail keyword, to support additional operations during failure</doc>
<status status="NOT RUN" starttime="20241123 23:54:44.102" endtime="20241123 23:54:44.102"/>
</kw>
<status status="NOT RUN" starttime="20241123 23:54:44.101" endtime="20241123 23:54:44.102"/>
</branch>
<status status="PASS" starttime="20241123 23:54:44.077" endtime="20241123 23:54:44.102"/>
</try>
<msg timestamp="20241123 23:54:44.102" level="INFO">${result} = True</msg>
<status status="PASS" starttime="20241123 23:54:44.077" endtime="20241123 23:54:44.102"/>
</kw>
<return>
<value>${result}</value>
<status status="PASS" starttime="20241123 23:54:44.102" endtime="20241123 23:54:44.102"/>
</return>
<status status="PASS" starttime="20241123 23:54:44.076" endtime="20241123 23:54:44.102"/>
</branch>
<branch type="EXCEPT">
<return>
<value>${False}</value>
<status status="NOT RUN" starttime="20241123 23:54:44.102" endtime="20241123 23:54:44.103"/>
</return>
<status status="NOT RUN" starttime="20241123 23:54:44.102" endtime="20241123 23:54:44.103"/>
</branch>
<status status="PASS" starttime="20241123 23:54:44.076" endtime="20241123 23:54:44.103"/>
</try>
<msg timestamp="20241123 23:54:44.103" level="INFO">${is_attached} = True</msg>
<status status="PASS" starttime="20241123 23:54:44.076" endtime="20241123 23:54:44.103"/>
</kw>
<kw name="fail-keyword-if" library="UTIL_Validation">
<arg>${is_attached == False}</arg>
<arg>${message}</arg>
<tag>util</tag>
<doc>Throws error with a custom message if given condition satisifes
first argument must be an expression/boolean
second argument must a message
Eg: fail-keyword-if {var1 == var2} {message}</doc>
<if>
<branch type="IF" condition="${condition}">
<kw name="Log To Console" library="BuiltIn">
<arg>Conditional exception: ${message}</arg>
<arg>ERROR</arg>
<doc>Logs the given message to the console.</doc>
<status status="NOT RUN" starttime="20241123 23:54:44.105" endtime="20241123 23:54:44.105"/>
</kw>
<kw name="ex-fail" library="EX_Exception">
<arg>${message}</arg>
<tag>exception</tag>
<doc>wrapper over the builtin Fail keyword, to support additional operations during failure</doc>
<status status="NOT RUN" starttime="20241123 23:54:44.105" endtime="20241123 23:54:44.105"/>
</kw>
<status status="NOT RUN" starttime="20241123 23:54:44.105" endtime="20241123 23:54:44.106"/>
</branch>
<status status="PASS" starttime="20241123 23:54:44.105" endtime="20241123 23:54:44.106"/>
</if>
<status status="PASS" starttime="20241123 23:54:44.104" endtime="20241123 23:54:44.106"/>
</kw>
<status status="PASS" starttime="20241123 23:54:44.075" endtime="20241123 23:54:44.106"/>
</kw>
<kw name="fail-if-not-a-textbox" library="UTIL_Validation">
<arg>${selector}</arg>
<tag>util</tag>
<doc>Throws error if the element is not a valid textbox</doc>
<try>
<branch type="TRY">
<kw name="get-property" library="UTIL_BrowserHelper">
<var>${tag_name}</var>
<arg>${selector}</arg>
<arg>tagName</arg>
<tag>util</tag>
<doc>Method used to get property</doc>
<kw name="fail-if-not-attached-after-wait" library="UTIL_Validation">
<arg>${selector}</arg>
<tag>util</tag>
<doc>Throws error if the element is not attached to the DOM
after waiting for the element state</doc>
<kw name="is-attached-after-wait" library="UTIL_BrowserHelper">
<var>${is_attached}</var>
<arg>${selector}</arg>
<tag>util</tag>
<doc>checks whether the given selector is attached to the DOM
after waiting for the element state</doc>
<try>
<branch type="TRY">
<kw name="is-element-state-appear-after-wait" library="UTIL_BrowserHelper">
<var>${result}</var>
<arg>${selector}</arg>
<arg>${ELEMENT_STATE_ATTACHED}</arg>
<tag>util</tag>
<doc>Used to get the element state
after waiting for the element state</doc>
<try>
<branch type="TRY">
<kw name="Run Keyword And Return Status" library="BuiltIn">
<var>${result}</var>
<arg>RPA.Browser.Playwright.Wait For Elements State</arg>
<arg>${selector}</arg>
<arg>${state}</arg>
<arg>timeout=12s</arg>
<doc>Runs the given keyword with given arguments and returns the status as a Boolean value.</doc>
<kw name="Wait For Elements State" library="RPA.Browser.Playwright">
<arg>${selector}</arg>
<arg>${state}</arg>
<arg>timeout=12s</arg>
<tag>PageContent</tag>
<tag>Wait</tag>
<doc>Waits for the element found by ``selector`` to satisfy state option.</doc>
<msg timestamp="20241123 23:54:44.120" level="INFO">Waited for Element with selector //input[@id="password"] at state attached</msg>
<status status="PASS" starttime="20241123 23:54:44.113" endtime="20241123 23:54:44.120"/>
</kw>
<msg timestamp="20241123 23:54:44.120" level="INFO">${result} = True</msg>
<status status="PASS" starttime="20241123 23:54:44.113" endtime="20241123 23:54:44.120"/>
</kw>
<return>
<value>${result}</value>
<status status="PASS" starttime="20241123 23:54:44.120" endtime="20241123 23:54:44.120"/>
</return>
<status status="PASS" starttime="20241123 23:54:44.113" endtime="20241123 23:54:44.120"/>
</branch>
<branch type="EXCEPT" variable="${error_message}">
<kw name="Log To Console" library="BuiltIn">
<arg>Error while getting element state: ${error_message}</arg>
<arg>ERROR</arg>
<doc>Logs the given message to the console.</doc>
<status status="NOT RUN" starttime="20241123 23:54:44.120" endtime="20241123 23:54:44.121"/>
</kw>
<kw name="ex-fail" library="EX_Exception">
<arg>ELEMENT_NOT_ATTACHED</arg>
<tag>exception</tag>
<doc>wrapper over the builtin Fail keyword, to support additional operations during failure</doc>
<status status="NOT RUN" starttime="20241123 23:54:44.121" endtime="20241123 23:54:44.121"/>
</kw>
<status status="NOT RUN" starttime="20241123 23:54:44.120" endtime="20241123 23:54:44.121"/>
</branch>
<status status="PASS" starttime="20241123 23:54:44.113" endtime="20241123 23:54:44.121"/>
</try>
<msg timestamp="20241123 23:54:44.121" level="INFO">${result} = True</msg>
<status status="PASS" starttime="20241123 23:54:44.112" endtime="20241123 23:54:44.121"/>
</kw>
<return>
<value>${result}</value>
<status status="PASS" starttime="20241123 23:54:44.121" endtime="20241123 23:54:44.122"/>
</return>
<status status="PASS" starttime="20241123 23:54:44.112" endtime="20241123 23:54:44.122"/>
</branch>
<branch type="EXCEPT">
<return>
<value>${False}</value>
<status status="NOT RUN" starttime="20241123 23:54:44.122" endtime="20241123 23:54:44.122"/>
</return>
<status status="NOT RUN" starttime="20241123 23:54:44.122" endtime="20241123 23:54:44.122"/>
</branch>
<status status="PASS" starttime="20241123 23:54:44.112" endtime="20241123 23:54:44.122"/>
</try>
<msg timestamp="20241123 23:54:44.122" level="INFO">${is_attached} = True</msg>
<status status="PASS" starttime="20241123 23:54:44.111" endtime="20241123 23:54:44.122"/>
</kw>
<kw name="fail-keyword-if" library="UTIL_Validation">
<arg>${is_attached == False}</arg>
<arg>${message}</arg>
<tag>util</tag>
<doc>Throws error with a custom message if given condition satisifes
first argument must be an expression/boolean
second argument must a message
Eg: fail-keyword-if {var1 == var2} {message}</doc>
<if>
<branch type="IF" condition="${condition}">
<kw name="Log To Console" library="BuiltIn">
<arg>Conditional exception: ${message}</arg>
<arg>ERROR</arg>
<doc>Logs the given message to the console.</doc>
<status status="NOT RUN" starttime="20241123 23:54:44.124" endtime="20241123 23:54:44.124"/>
</kw>
<kw name="ex-fail" library="EX_Exception">
<arg>${message}</arg>
<tag>exception</tag>
<doc>wrapper over the builtin Fail keyword, to support additional operations during failure</doc>
<status status="NOT RUN" starttime="20241123 23:54:44.125" endtime="20241123 23:54:44.125"/>
</kw>
<status status="NOT RUN" starttime="20241123 23:54:44.124" endtime="20241123 23:54:44.125"/>
</branch>
<status status="PASS" starttime="20241123 23:54:44.124" endtime="20241123 23:54:44.125"/>
</if>
<status status="PASS" starttime="20241123 23:54:44.123" endtime="20241123 23:54:44.125"/>
</kw>
<status status="PASS" starttime="20241123 23:54:44.111" endtime="20241123 23:54:44.125"/>
</kw>
<try>
<branch type="TRY">
<kw name="Get Property" library="RPA.Browser.Playwright">
<var>${property}</var>
<arg>${selector}</arg>
<arg>${property_name}</arg>
<tag>Assertion</tag>
<tag>Getter</tag>
<tag>PageContent</tag>
<doc>Returns the ``property`` of the element found by ``selector``.</doc>
<msg timestamp="20241123 23:54:44.144" level="INFO">Property: 'INPUT'</msg>
<msg timestamp="20241123 23:54:44.144" level="INFO">${property} = INPUT</msg>
<status status="PASS" starttime="20241123 23:54:44.125" endtime="20241123 23:54:44.144"/>
</kw>
<return>
<value>${property}</value>
<status status="PASS" starttime="20241123 23:54:44.144" endtime="20241123 23:54:44.144"/>
</return>
<status status="PASS" starttime="20241123 23:54:44.125" endtime="20241123 23:54:44.145"/>
</branch>
<branch type="EXCEPT" variable="${error_message}">
<kw name="Log To Console" library="BuiltIn">
<arg>${error_message}</arg>
<arg>ERROR</arg>
<doc>Logs the given message to the console.</doc>
<status status="NOT RUN" starttime="20241123 23:54:44.145" endtime="20241123 23:54:44.145"/>
</kw>
<kw name="ex-fail" library="EX_Exception">
<arg>INVALID_BROWSER_ELEMENT_PROPERTY</arg>
<tag>exception</tag>
<doc>wrapper over the builtin Fail keyword, to support additional operations during failure</doc>
<status status="NOT RUN" starttime="20241123 23:54:44.145" endtime="20241123 23:54:44.145"/>
</kw>
<status status="NOT RUN" starttime="20241123 23:54:44.145" endtime="20241123 23:54:44.145"/>
</branch>
<status status="PASS" starttime="20241123 23:54:44.125" endtime="20241123 23:54:44.145"/>
</try>
<msg timestamp="20241123 23:54:44.146" level="INFO">${tag_name} = INPUT</msg>
<status status="PASS" starttime="20241123 23:54:44.109" endtime="20241123 23:54:44.146"/>
</kw>
<kw name="fail-keyword-if" library="UTIL_Validation">
<arg>${tag_name != 'INPUT'}</arg>
<arg>${message}</arg>
<tag>util</tag>
<doc>Throws error with a custom message if given condition satisifes
first argument must be an expression/boolean
second argument must a message
Eg: fail-keyword-if {var1 == var2} {message}</doc>
<if>
<branch type="IF" condition="${condition}">
[...]
</return>
<status status="NOT RUN" starttime="20241123 23:54:52.780" endtime="20241123 23:54:52.780"/>
</branch>
<status status="PASS" starttime="20241123 23:54:52.466" endtime="20241123 23:54:52.780"/>
</try>
<msg timestamp="20241123 23:54:52.780" level="INFO">${value} = True</msg>
<status status="PASS" starttime="20241123 23:54:52.466" endtime="20241123 23:54:52.780"/>
</kw>
<if>
<branch type="IF" condition="${value}">
<kw name="Set Variable" library="BuiltIn">
<var>${value}</var>
<arg>VISIBLE</arg>
<doc>Returns the given values which can then be assigned to a variables.</doc>
<msg timestamp="20241123 23:54:52.780" level="INFO">${value} = VISIBLE</msg>
<status status="PASS" starttime="20241123 23:54:52.780" endtime="20241123 23:54:52.780"/>
</kw>
<status status="PASS" starttime="20241123 23:54:52.780" endtime="20241123 23:54:52.780"/>
</branch>
<branch type="ELSE">
<kw name="Set Variable" library="BuiltIn">
<var>${value}</var>
<arg>NOT_VISIBLE</arg>
<doc>Returns the given values which can then be assigned to a variables.</doc>
<status status="NOT RUN" starttime="20241123 23:54:52.780" endtime="20241123 23:54:52.780"/>
</kw>
<status status="NOT RUN" starttime="20241123 23:54:52.780" endtime="20241123 23:54:52.780"/>
</branch>
<status status="PASS" starttime="20241123 23:54:52.780" endtime="20241123 23:54:52.780"/>
</if>
<status status="PASS" starttime="20241123 23:54:52.466" endtime="20241123 23:54:52.780"/>
</branch>
<branch type="ELSE IF" condition="'${action}[type]' == '${GET_TEXT}'">
<kw name="get-property" library="UTIL_BrowserHelper">
<var>${value}</var>
<arg>${action}[xpath]</arg>
<arg>innerText</arg>
<tag>util</tag>
<doc>Method used to get property</doc>
<status status="NOT RUN" starttime="20241123 23:54:52.780" endtime="20241123 23:54:52.780"/>
</kw>
<status status="NOT RUN" starttime="20241123 23:54:52.780" endtime="20241123 23:54:52.780"/>
</branch>
<branch type="ELSE">
<kw name="Log To Message">
<arg>Action not developed. Terminate the TestCase here!!!</arg>
<status status="NOT RUN" starttime="20241123 23:54:52.796" endtime="20241123 23:54:52.796"/>
</kw>
<kw name="ex-fail" library="EX_Exception">
<arg>ACTION_NOT_DEVELOPED</arg>
<tag>exception</tag>
<doc>wrapper over the builtin Fail keyword, to support additional operations during failure</doc>
<status status="NOT RUN" starttime="20241123 23:54:52.796" endtime="20241123 23:54:52.796"/>
</kw>
<status status="NOT RUN" starttime="20241123 23:54:52.780" endtime="20241123 23:54:52.796"/>
</branch>
<status status="PASS" starttime="20241123 23:54:52.416" endtime="20241123 23:54:52.796"/>
</if>
<kw name="Log To Console" library="BuiltIn">
<arg>${value}</arg>
<doc>Logs the given message to the console.</doc>
<status status="PASS" starttime="20241123 23:54:52.796" endtime="20241123 23:54:52.796"/>
</kw>
<kw name="Sleep" library="BuiltIn">
<arg>${input}[waitAfterAction]s</arg>
<doc>Pauses the test executed for the given time.</doc>
<msg timestamp="20241123 23:54:52.796" level="INFO">Slept 0 seconds</msg>
<status status="PASS" starttime="20241123 23:54:52.796" endtime="20241123 23:54:52.796"/>
</kw>
<return>
<value>${value}</value>
<status status="PASS" starttime="20241123 23:54:52.796" endtime="20241123 23:54:52.796"/>
</return>
<msg timestamp="20241123 23:54:52.796" level="INFO">${value} = VISIBLE</msg>
<status status="PASS" starttime="20241123 23:54:52.415" endtime="20241123 23:54:52.796"/>
</kw>
<kw name="perform-assertion">
<arg>${assertions}</arg>
<arg>${testCaseFlowSequence}[id]</arg>
<arg>${flowActionSequence}[id]</arg>
<arg>${value}</arg>
<kw name="Set Variable" library="BuiltIn">
<var>${key}</var>
<arg>testCaseFlowSequenceId:${testCaseFlowSequenceId}::flowActionSequenceId:${flowActionSequenceId}</arg>
<doc>Returns the given values which can then be assigned to a variables.</doc>
<msg timestamp="20241123 23:54:52.796" level="INFO">${key} = testCaseFlowSequenceId:47::flowActionSequenceId:47</msg>
<status status="PASS" starttime="20241123 23:54:52.796" endtime="20241123 23:54:52.796"/>
</kw>
<for flavor="IN">
<var>${assertion}</var>
<value>@{assertions}</value>
<iter>
<var name="${assertion}">{'id': '10', 'testCaseId': '27', 'operator': 'SHOULD_BE_EQUAL_TO', 'source': 'testCaseFlowSequenceId:47::flowActionSequenceId:47', 'target': None, 'customTargetValue': 'VISIBLE', 'useCustomTargetValue...</var>
<kw name="Set Variable" library="BuiltIn">
<var>${source}</var>
<arg>${assertion}[source]</arg>
<doc>Returns the given values which can then be assigned to a variables.</doc>
<msg timestamp="20241123 23:54:52.796" level="INFO">${source} = testCaseFlowSequenceId:47::flowActionSequenceId:47</msg>
<status status="PASS" starttime="20241123 23:54:52.796" endtime="20241123 23:54:52.796"/>
</kw>
<kw name="Set Variable" library="BuiltIn">
<var>${target}</var>
<arg>${assertion}[target]</arg>
<doc>Returns the given values which can then be assigned to a variables.</doc>
<msg timestamp="20241123 23:54:52.796" level="INFO">${target} = None</msg>
<status status="PASS" starttime="20241123 23:54:52.796" endtime="20241123 23:54:52.796"/>
</kw>
<kw name="Set Variable" library="BuiltIn">
<var>${skip}</var>
<arg>${assertion}[skip]</arg>
<doc>Returns the given values which can then be assigned to a variables.</doc>
<msg timestamp="20241123 23:54:52.796" level="INFO">${skip} = False</msg>
<status status="PASS" starttime="20241123 23:54:52.796" endtime="20241123 23:54:52.796"/>
</kw>
<kw name="Set Variable" library="BuiltIn">
<var>${operator}</var>
<arg>${assertion}[operator]</arg>
<doc>Returns the given values which can then be assigned to a variables.</doc>
<msg timestamp="20241123 23:54:52.796" level="INFO">${operator} = SHOULD_BE_EQUAL_TO</msg>
<status status="PASS" starttime="20241123 23:54:52.796" endtime="20241123 23:54:52.796"/>
</kw>
<kw name="Set Variable" library="BuiltIn">
<var>${useCustomTargetValue}</var>
<arg>${assertion}[useCustomTargetValue]</arg>
<doc>Returns the given values which can then be assigned to a variables.</doc>
<msg timestamp="20241123 23:54:52.796" level="INFO">${useCustomTargetValue} = True</msg>
<status status="PASS" starttime="20241123 23:54:52.796" endtime="20241123 23:54:52.796"/>
</kw>
<kw name="Set Variable" library="BuiltIn">
<var>${customTargetValue}</var>
<arg>${assertion}[customTargetValue]</arg>
<doc>Returns the given values which can then be assigned to a variables.</doc>
<msg timestamp="20241123 23:54:52.796" level="INFO">${customTargetValue} = VISIBLE</msg>
<status status="PASS" starttime="20241123 23:54:52.796" endtime="20241123 23:54:52.796"/>
</kw>
<kw name="Set Variable" library="BuiltIn">
<var>${errorMessage}</var>
<arg>${assertion}[errorMessage]</arg>
<doc>Returns the given values which can then be assigned to a variables.</doc>
<msg timestamp="20241123 23:54:52.812" level="INFO">${errorMessage} = Not equal</msg>
<status status="PASS" starttime="20241123 23:54:52.796" endtime="20241123 23:54:52.812"/>
</kw>
<kw name="Set To Dictionary" library="Collections">
<arg>${ACCUMULATION}</arg>
<arg>${key}=${value}</arg>
<doc>Adds the given ``key_value_pairs`` and ``items`` to the ``dictionary``.</doc>
<status status="PASS" starttime="20241123 23:54:52.812" endtime="20241123 23:54:52.813"/>
</kw>
<kw name="is-value-not-none" library="UTIL_Collection">
<var>${is_source_exists}</var>
<arg>${ACCUMULATION}</arg>
<arg>${source}</arg>
<tag>util</tag>
<doc>checks whether the key exists in dicitonary</doc>
<kw name="Run Keyword And Return Status" library="BuiltIn">
<var>${no_none_exists}</var>
<arg>dictionary should contain key</arg>
<arg>${dictionary}</arg>
<arg>${key}</arg>
<doc>Runs the given keyword with given arguments and returns the status as a Boolean value.</doc>
<kw name="Dictionary Should Contain Key" library="Collections">
<arg>${dictionary}</arg>
<arg>${key}</arg>
<doc>Fails if ``key`` is not found from ``dictionary``.</doc>
<status status="PASS" starttime="20241123 23:54:52.816" endtime="20241123 23:54:52.817"/>
</kw>
<msg timestamp="20241123 23:54:52.817" level="INFO">${no_none_exists} = True</msg>
<status status="PASS" starttime="20241123 23:54:52.816" endtime="20241123 23:54:52.817"/>
</kw>
<if>
<branch type="IF" condition="$no_none_exists == $True">
<kw name="Set Variable" library="BuiltIn">
<var>${values}</var>
<arg>${dictionary}[${key}]</arg>
<doc>Returns the given values which can then be assigned to a variables.</doc>
<msg timestamp="20241123 23:54:52.818" level="INFO">${values} = VISIBLE</msg>
<status status="PASS" starttime="20241123 23:54:52.818" endtime="20241123 23:54:52.818"/>
</kw>
<if>
<branch type="IF" condition="$values != $None">
<kw name="Set Variable" library="BuiltIn">
<var>${no_none_exists}</var>
<arg>${True}</arg>
<doc>Returns the given values which can then be assigned to a variables.</doc>
<msg timestamp="20241123 23:54:52.819" level="INFO">${no_none_exists} = True</msg>
<status status="PASS" starttime="20241123 23:54:52.819" endtime="20241123 23:54:52.819"/>
</kw>
<status status="PASS" starttime="20241123 23:54:52.819" endtime="20241123 23:54:52.820"/>
</branch>
<branch type="ELSE">
<kw name="Set Variable" library="BuiltIn">
<var>${no_none_exists}</var>
<arg>${False}</arg>
<doc>Returns the given values which can then be assigned to a variables.</doc>
<status status="NOT RUN" starttime="20241123 23:54:52.820" endtime="20241123 23:54:52.820"/>
</kw>
<status status="NOT RUN" starttime="20241123 23:54:52.820" endtime="20241123 23:54:52.820"/>
</branch>
<status status="PASS" starttime="20241123 23:54:52.819" endtime="20241123 23:54:52.820"/>
</if>
<status status="PASS" starttime="20241123 23:54:52.818" endtime="20241123 23:54:52.820"/>
</branch>
<status status="PASS" starttime="20241123 23:54:52.817" endtime="20241123 23:54:52.821"/>
</if>
<return>
<value>${no_none_exists}</value>
<status status="PASS" starttime="20241123 23:54:52.821" endtime="20241123 23:54:52.821"/>
</return>
<msg timestamp="20241123 23:54:52.821" level="INFO">${is_source_exists} = True</msg>
<status status="PASS" starttime="20241123 23:54:52.815" endtime="20241123 23:54:52.821"/>
</kw>
<kw name="is-value-not-none" library="UTIL_Collection">
<var>${is_target_exists}</var>
<arg>${ACCUMULATION}</arg>
<arg>${target}</arg>
<tag>util</tag>
<doc>checks whether the key exists in dicitonary</doc>
<kw name="Run Keyword And Return Status" library="BuiltIn">
<var>${no_none_exists}</var>
<arg>dictionary should contain key</arg>
<arg>${dictionary}</arg>
<arg>${key}</arg>
<doc>Runs the given keyword with given arguments and returns the status as a Boolean value.</doc>
<kw name="Dictionary Should Contain Key" library="Collections">
<arg>${dictionary}</arg>
<arg>${key}</arg>
<doc>Fails if ``key`` is not found from ``dictionary``.</doc>
<msg timestamp="20241123 23:54:52.825" level="FAIL">Dictionary does not contain key 'None'.</msg>
<status status="FAIL" starttime="20241123 23:54:52.824" endtime="20241123 23:54:52.825"/>
</kw>
<msg timestamp="20241123 23:54:52.825" level="INFO">${no_none_exists} = False</msg>
<status status="PASS" starttime="20241123 23:54:52.823" endtime="20241123 23:54:52.825"/>
</kw>
<if>
<branch type="IF" condition="$no_none_exists == $True">
<kw name="Set Variable" library="BuiltIn">
<var>${values}</var>
<arg>${dictionary}[${key}]</arg>
<doc>Returns the given values which can then be assigned to a variables.</doc>
<status status="NOT RUN" starttime="20241123 23:54:52.825" endtime="20241123 23:54:52.826"/>
</kw>
<if>
<branch type="IF" condition="$values != $None">
<kw name="Set Variable" library="BuiltIn">
<var>${no_none_exists}</var>
<arg>${True}</arg>
<doc>Returns the given values which can then be assigned to a variables.</doc>
<status status="NOT RUN" starttime="20241123 23:54:52.826" endtime="20241123 23:54:52.826"/>
</kw>
<status status="NOT RUN" starttime="20241123 23:54:52.826" endtime="20241123 23:54:52.826"/>
</branch>
<branch type="ELSE">
<kw name="Set Variable" library="BuiltIn">
<var>${no_none_exists}</var>
<arg>${False}</arg>
<doc>Returns the given values which can then be assigned to a variables.</doc>
<status status="NOT RUN" starttime="20241123 23:54:52.827" endtime="20241123 23:54:52.827"/>
</kw>
<status status="NOT RUN" starttime="20241123 23:54:52.826" endtime="20241123 23:54:52.827"/>
</branch>
<status status="NOT RUN" starttime="20241123 23:54:52.826" endtime="20241123 23:54:52.827"/>
</if>
<status status="NOT RUN" starttime="20241123 23:54:52.825" endtime="20241123 23:54:52.827"/>
</branch>
<status status="PASS" starttime="20241123 23:54:52.825" endtime="20241123 23:54:52.827"/>
</if>
<return>
<value>${no_none_exists}</value>
<status status="PASS" starttime="20241123 23:54:52.827" endtime="20241123 23:54:52.827"/>
</return>
<msg timestamp="20241123 23:54:52.828" level="INFO">${is_target_exists} = False</msg>
<status status="PASS" starttime="20241123 23:54:52.823" endtime="20241123 23:54:52.828"/>
</kw>
<kw name="Log To Console" library="BuiltIn">
<arg>${key}</arg>
<doc>Logs the given message to the console.</doc>
<status status="PASS" starttime="20241123 23:54:52.828" endtime="20241123 23:54:52.829"/>
</kw>
<kw name="Log To Console" library="BuiltIn">
<arg>${source}</arg>
<doc>Logs the given message to the console.</doc>
<status status="PASS" starttime="20241123 23:54:52.829" endtime="20241123 23:54:52.830"/>
</kw>
<kw name="Log To Console" library="BuiltIn">
<arg>${target}</arg>
<doc>Logs the given message to the console.</doc>
<status status="PASS" starttime="20241123 23:54:52.830" endtime="20241123 23:54:52.831"/>
</kw>
<if>
<branch type="IF" condition="'${source}' == '${key}' and '${is_source_exists}' == '${True}'">
<if>
<branch type="IF" condition="$useCustomTargetValue">
<kw name="Log To Console" library="BuiltIn">
<arg>${ACCUMULATION}[${source}]-${customTargetValue}-${errorMessage}-1</arg>
<doc>Logs the given message to the console.</doc>
<status status="PASS" starttime="20241123 23:54:52.831" endtime="20241123 23:54:52.833"/>
</kw>
<kw name="Should Be Equal" library="BuiltIn">
<arg>${ACCUMULATION}[${source}]</arg>
<arg>${customTargetValue}</arg>
<arg>${errorMessage}</arg>
<doc>Fails if the given objects are unequal.</doc>
<status status="PASS" starttime="20241123 23:54:52.834" endtime="20241123 23:54:52.834"/>
</kw>
<status status="PASS" starttime="20241123 23:54:52.831" endtime="20241123 23:54:52.834"/>
</branch>
<status status="PASS" starttime="20241123 23:54:52.831" endtime="20241123 23:54:52.834"/>
</if>
<if>
<branch type="IF" condition="$is_target_exists">
<kw name="Log To Console" library="BuiltIn">
<arg>${ACCUMULATION}[${source}]-${ACCUMULATION}[${target}]-${errorMessage}-2</arg>
<doc>Logs the given message to the console.</doc>
<status status="NOT RUN" starttime="20241123 23:54:52.835" endtime="20241123 23:54:52.835"/>
</kw>
<kw name="Should Be Equal" library="BuiltIn">
<arg>${ACCUMULATION}[${source}]</arg>
<arg>${ACCUMULATION}[${target}]</arg>
<arg>${errorMessage}</arg>
<doc>Fails if the given objects are unequal.</doc>
<status status="NOT RUN" starttime="20241123 23:54:52.835" endtime="20241123 23:54:52.835"/>
</kw>
<status status="NOT RUN" starttime="20241123 23:54:52.835" endtime="20241123 23:54:52.835"/>
</branch>
<status status="PASS" starttime="20241123 23:54:52.834" endtime="20241123 23:54:52.835"/>
</if>
<status status="PASS" starttime="20241123 23:54:52.831" endtime="20241123 23:54:52.835"/>
</branch>
<status status="PASS" starttime="20241123 23:54:52.831" endtime="20241123 23:54:52.836"/>
</if>
<if>
<branch type="IF" condition="'${target}' == '${key}' and '${is_target_exists}' == '${True}'">
<if>
<branch type="IF" condition="$useCustomTargetValue">
<kw name="Log To Console" library="BuiltIn">
<arg>No need to assert here.</arg>
<doc>Logs the given message to the console.</doc>
<status status="NOT RUN" starttime="20241123 23:54:52.836" endtime="20241123 23:54:52.836"/>
</kw>
<status status="NOT RUN" starttime="20241123 23:54:52.836" endtime="20241123 23:54:52.836"/>
</branch>
<status status="NOT RUN" starttime="20241123 23:54:52.836" endtime="20241123 23:54:52.836"/>
</if>
<if>
<branch type="IF" condition="$is_source_exists">
<kw name="Log To Console" library="BuiltIn">
<arg>${ACCUMULATION}[${target}]-${ACCUMULATION}[${source}]-${errorMessage}-4</arg>
<doc>Logs the given message to the console.</doc>
<status status="NOT RUN" starttime="20241123 23:54:52.836" endtime="20241123 23:54:52.836"/>
</kw>
<kw name="Should Be Equal" library="BuiltIn">
<arg>${ACCUMULATION}[${target}]</arg>
<arg>${ACCUMULATION}[${source}]</arg>
<arg>${errorMessage}</arg>
<doc>Fails if the given objects are unequal.</doc>
<status status="NOT RUN" starttime="20241123 23:54:52.836" endtime="20241123 23:54:52.836"/>
</kw>
<status status="NOT RUN" starttime="20241123 23:54:52.836" endtime="20241123 23:54:52.836"/>
</branch>
<status status="NOT RUN" starttime="20241123 23:54:52.836" endtime="20241123 23:54:52.836"/>
</if>
<status status="NOT RUN" starttime="20241123 23:54:52.836" endtime="20241123 23:54:52.836"/>
</branch>
<status status="PASS" starttime="20241123 23:54:52.836" endtime="20241123 23:54:52.836"/>
</if>
<status status="PASS" starttime="20241123 23:54:52.796" endtime="20241123 23:54:52.836"/>
</iter>
<status status="PASS" starttime="20241123 23:54:52.796" endtime="20241123 23:54:52.836"/>
</for>
<status status="PASS" starttime="20241123 23:54:52.796" endtime="20241123 23:54:52.836"/>
</kw>
<kw name="send-action-sequence-message">
<arg>${flowActionSequence}[flowActionSequenceHistoryId]</arg>
<arg>COMPLETED</arg>
<arg>${action}</arg>
<arg>${input}</arg>
<kw name="Create Dictionary" library="BuiltIn">
<var>${response_message}</var>
<arg>flowActionSequenceHistoryId=${flowActionSequenceHistoryId}</arg>
<arg>status=${status}</arg>
<arg>actionName=${action}[name]</arg>
<arg>actionType=${action}[type]</arg>
<arg>actionXpath=${action}[xpath]</arg>
<arg>inputValue=${input}[value]</arg>
<arg>errorMessage=${errorMessage}</arg>
<doc>Creates and returns a dictionary based on the given ``items``.</doc>
<msg timestamp="20241123 23:54:52.836" level="INFO">${response_message} = {'flowActionSequenceHistoryId': '101', 'status': 'COMPLETED', 'actionName': 'Is Name heading visible', 'actionType': 'IS_ELEMENT_VISIBLE', 'actionXpath': '//h4[text()="bharani deepan"]', 'inputValue':...</msg>
<status status="PASS" starttime="20241123 23:54:52.836" endtime="20241123 23:54:52.836"/>
</kw>
<kw name="Push response message to kafka topic" library="UTIL_Common">
<arg>${response_message}</arg>
<tag>function</tag>
<doc>push the response message to kafka topic</doc>
<kw name="Evaluate" library="BuiltIn">
<var>${json_response}</var>
<arg>json.dumps(${payload_response_msg})</arg>
<arg>json</arg>
<doc>Evaluates the given expression in Python and returns the result.</doc>
<msg timestamp="20241123 23:54:52.836" level="INFO">${json_response} = {"flowActionSequenceHistoryId": "101", "status": "COMPLETED", "actionName": "Is Name heading visible", "actionType": "IS_ELEMENT_VISIBLE", "actionXpath": "//h4[text()=\"bharani deepan\"]", "inputValue...</msg>
<status status="PASS" starttime="20241123 23:54:52.836" endtime="20241123 23:54:52.836"/>
</kw>
<kw name="Push Message To Topic" library="TopicProducer">
<var>${producer_response}</var>
<arg>${json_response}</arg>
<doc>Kafka Producer to send the response as json message and push it</doc>
<msg timestamp="20241123 23:54:52.836" level="INFO">Message delivered to response_topic [0]</msg>
<msg timestamp="20241123 23:54:52.836" level="INFO">${producer_response} = &lt;function delivery_report at 0x00000288DCE86430&gt;</msg>
<status status="PASS" starttime="20241123 23:54:52.836" endtime="20241123 23:54:52.836"/>
</kw>
<kw name="Log To Console" library="BuiltIn">
<arg>kafka_producer_response:${producer_response}</arg>
<doc>Logs the given message to the console.</doc>
<status status="PASS" starttime="20241123 23:54:52.836" endtime="20241123 23:54:52.836"/>
</kw>
<return>
<value>${producer_response}</value>
<status status="PASS" starttime="20241123 23:54:52.836" endtime="20241123 23:54:52.847"/>
