<?xml version="1.0" encoding="UTF-8"?>
<robot generator="Robot 5.0.1 (Python 3.9.20 on win32)" generated="20241129 09:27:15.700" rpa="true" schemaversion="3">
<suite id="s1" name="Start" source="C:\Users\Admin\Documents\Hackathon\Test Automation Studio\Test-automation-studio-projects\test-automation-rf\code\robots\start.robot">
<test id="s1-t1" name="initialize-fb-worker" line="42">
<kw name="execute-functional-block">
<tag>to-initialize-library</tag>
<doc>To execute fb</doc>
<while condition="'${TERMINATION_FLAG}' == 'False'">
<iter>
<kw name="Log To Console" library="BuiltIn">
<arg>&lt;===Polling message===&gt;</arg>
<doc>Logs the given message to the console.</doc>
<status status="PASS" starttime="20241129 09:27:17.589" endtime="20241129 09:27:17.590"/>
</kw>
<kw name="Get A Command" library="CommandConsumer">
<var>${json}</var>
<arg>${5}</arg>
<msg timestamp="20241129 09:27:17.933" level="INFO">${json} = {'type': 'START_RUN', 'payload': {'testCaseRun': {'id': '13', 'testCaseId': '2', 'testSuiteRunId': '6', 'status': 'ADDED_TO_QUEUE', 'updatedAt': '2024-11-29T03:57:17.679Z', 'createdAt': '2024-11-29T03...</msg>
<status status="PASS" starttime="20241129 09:27:17.590" endtime="20241129 09:27:17.933"/>
</kw>
<if>
<branch type="IF" condition="'${json}[type]' == 'KILL'">
<break>
<status status="NOT RUN" starttime="20241129 09:27:17.934" endtime="20241129 09:27:17.934"/>
</break>
<status status="NOT RUN" starttime="20241129 09:27:17.934" endtime="20241129 09:27:17.934"/>
</branch>
<status status="PASS" starttime="20241129 09:27:17.934" endtime="20241129 09:27:17.934"/>
</if>
<kw name="launch-browser" library="COMP_BrowserContext">
<kw name="New Browser" library="RPA.Browser.Playwright">
<arg>chromium</arg>
<arg>headless=False</arg>
<tag>BrowserControl</tag>
<tag>Setter</tag>
<doc>Create a new playwright Browser with specified options.</doc>
<msg timestamp="20241129 09:27:17.938" level="INFO">{"browser": "chromium", "headless": false, "devtools": false, "handleSIGHUP": true, "handleSIGINT": true, "handleSIGTERM": true, "slowMo": 0.0, "timeout": 30000.0, "deprecated_pos_args": [], "tracesDir": "C:\\Users\\Admin\\Documents\\Hackathon\\Test Automation Studio\\Test-automation-studio-projects\\test-automation-rf\\code\\browser\\traces\\ee3d1c5e-14c5-43d7-96b5-ce679e3fb4af"}</msg>
<msg timestamp="20241129 09:27:18.435" level="INFO">Successfully created browser with options: {"browser":"chromium","headless":false,"devtools":false,"handleSIGHUP":true,"handleSIGINT":true,"handleSIGTERM":true,"slowMo":0,"timeout":30000,"deprecated_pos_args":[],"tracesDir":"C:\\Users\\Admin\\Documents\\Hackathon\\Test Automation Studio\\Test-automation-studio-projects\\test-automation-rf\\code\\browser\\traces\\ee3d1c5e-14c5-43d7-96b5-ce679e3fb4af"}</msg>
<status status="PASS" starttime="20241129 09:27:17.936" endtime="20241129 09:27:18.435"/>
</kw>
<kw name="New Context" library="RPA.Browser.Playwright">
<arg>viewport={'width': 1280, 'height': 720}</arg>
<arg>acceptDownloads=True</arg>
<tag>BrowserControl</tag>
<tag>Setter</tag>
<doc>Create a new BrowserContext with specified options.</doc>
<msg timestamp="20241129 09:27:18.437" level="INFO">{
  "acceptDownloads": true,
  "bypassCSP": false,
  "forcedColors": "none",
  "hideRfBrowser": false,
  "ignoreHTTPSErrors": false,
  "javaScriptEnabled": true,
  "offline": false,
  "reducedMotion": "no-preference",
  "viewport": {
    "width": 1280,
    "height": 720
  },
  "deprecated_pos_args": []
}</msg>
<msg timestamp="20241129 09:27:18.468" level="INFO">Successfully created context. </msg>
<msg timestamp="20241129 09:27:18.468" level="INFO">{'acceptDownloads': True, 'bypassCSP': False, 'forcedColors': 'none', 'hideRfBrowser': False, 'ignoreHTTPSErrors': False, 'javaScriptEnabled': True, 'offline': False, 'reducedMotion': 'no-preference', 'viewport': {'width': 1280, 'height': 720}, 'deprecated_pos_args': []}</msg>
<status status="PASS" starttime="20241129 09:27:18.436" endtime="20241129 09:27:18.468"/>
</kw>
<kw name="Set Browser Timeout" library="RPA.Browser.Playwright">
<arg>${browser_timeout}</arg>
<tag>Config</tag>
<tag>Setter</tag>
<doc>Sets the timeout used by most input and getter keywords.</doc>
<msg timestamp="20241129 09:27:18.476" level="INFO">Set timeout to: 20000</msg>
<status status="PASS" starttime="20241129 09:27:18.469" endtime="20241129 09:27:18.476"/>
</kw>
<kw name="New Page" library="RPA.Browser.Playwright">
<var>${page_id}</var>
<arg>https://www.google.com/</arg>
<tag>BrowserControl</tag>
<tag>Setter</tag>
<doc>Open a new Page.</doc>
<msg timestamp="20241129 09:27:22.999" level="INFO">Successfully initialized new page object and opened url: https://www.google.com/</msg>
<msg timestamp="20241129 09:27:23.000" level="INFO">${page_id} = {'page_id': 'page=789ecb25-3a62-49c4-9d24-5d121f49f502', 'video_path': ''}</msg>
<status status="PASS" starttime="20241129 09:27:18.477" endtime="20241129 09:27:23.000"/>
</kw>
<status status="PASS" starttime="20241129 09:27:17.935" endtime="20241129 09:27:23.000"/>
</kw>
<try>
<branch type="TRY">
<kw name="execute-test-case">
<arg>${json}</arg>
<kw name="Log To Console" library="BuiltIn">
<arg>Test Case Data=&gt; ${input}</arg>
<doc>Logs the given message to the console.</doc>
<status status="PASS" starttime="20241129 09:27:23.001" endtime="20241129 09:27:23.007"/>
</kw>
<kw name="is-value-not-none" library="UTIL_Collection">
<var>${is_type_exists}</var>
<arg>${input}</arg>
<arg>type</arg>
<tag>util</tag>
<doc>checks whether the key exists in dicitonary</doc>
<kw name="Run Keyword And Return Status" library="BuiltIn">
<var>${no_none_exists}</var>
<arg>dictionary should contain key</arg>
<arg>${dictionary}</arg>
<arg>${key}</arg>
<doc>Runs the given keyword with given arguments and returns the status as a Boolean value.</doc>
<kw name="Dictionary Should Contain Key" library="Collections">
<arg>${dictionary}</arg>
<arg>${key}</arg>
<doc>Fails if ``key`` is not found from ``dictionary``.</doc>
<status status="PASS" starttime="20241129 09:27:23.009" endtime="20241129 09:27:23.009"/>
</kw>
<msg timestamp="20241129 09:27:23.009" level="INFO">${no_none_exists} = True</msg>
<status status="PASS" starttime="20241129 09:27:23.009" endtime="20241129 09:27:23.010"/>
</kw>
<if>
<branch type="IF" condition="$no_none_exists == $True">
<kw name="Set Variable" library="BuiltIn">
<var>${values}</var>
<arg>${dictionary}[${key}]</arg>
<doc>Returns the given values which can then be assigned to a variables.</doc>
<msg timestamp="20241129 09:27:23.013" level="INFO">${values} = START_RUN</msg>
<status status="PASS" starttime="20241129 09:27:23.013" endtime="20241129 09:27:23.013"/>
</kw>
<if>
<branch type="IF" condition="$values != $None">
<kw name="Set Variable" library="BuiltIn">
<var>${no_none_exists}</var>
<arg>${True}</arg>
<doc>Returns the given values which can then be assigned to a variables.</doc>
<msg timestamp="20241129 09:27:23.014" level="INFO">${no_none_exists} = True</msg>
<status status="PASS" starttime="20241129 09:27:23.014" endtime="20241129 09:27:23.014"/>
</kw>
<status status="PASS" starttime="20241129 09:27:23.013" endtime="20241129 09:27:23.014"/>
</branch>
<branch type="ELSE">
<kw name="Set Variable" library="BuiltIn">
<var>${no_none_exists}</var>
<arg>${False}</arg>
<doc>Returns the given values which can then be assigned to a variables.</doc>
<status status="NOT RUN" starttime="20241129 09:27:23.014" endtime="20241129 09:27:23.014"/>
</kw>
<status status="NOT RUN" starttime="20241129 09:27:23.014" endtime="20241129 09:27:23.014"/>
</branch>
<status status="PASS" starttime="20241129 09:27:23.013" endtime="20241129 09:27:23.014"/>
</if>
<status status="PASS" starttime="20241129 09:27:23.013" endtime="20241129 09:27:23.014"/>
</branch>
<status status="PASS" starttime="20241129 09:27:23.010" endtime="20241129 09:27:23.014"/>
</if>
<return>
<value>${no_none_exists}</value>
<status status="PASS" starttime="20241129 09:27:23.015" endtime="20241129 09:27:23.015"/>
</return>
<msg timestamp="20241129 09:27:23.015" level="INFO">${is_type_exists} = True</msg>
<status status="PASS" starttime="20241129 09:27:23.008" endtime="20241129 09:27:23.015"/>
</kw>
<if>
<branch type="IF" condition="$is_type_exists == $False">
<kw name="Log To Console" library="BuiltIn">
<arg>Type not exists in the input</arg>
<doc>Logs the given message to the console.</doc>
<status status="NOT RUN" starttime="20241129 09:27:23.016" endtime="20241129 09:27:23.016"/>
</kw>
<return>
<status status="NOT RUN" starttime="20241129 09:27:23.016" endtime="20241129 09:27:23.016"/>
</return>
<status status="NOT RUN" starttime="20241129 09:27:23.015" endtime="20241129 09:27:23.016"/>
</branch>
<status status="PASS" starttime="20241129 09:27:23.015" endtime="20241129 09:27:23.016"/>
</if>
<if>
<branch type="IF" condition="'${input}[type]' == '${COMMAND_TYPE_START_RUN}'">
<kw name="is-value-not-none" library="UTIL_Collection">
<var>${is_test_case_exists}</var>
<arg>${input}[payload]</arg>
<arg>testCase</arg>
<tag>util</tag>
<doc>checks whether the key exists in dicitonary</doc>
<kw name="Run Keyword And Return Status" library="BuiltIn">
<var>${no_none_exists}</var>
<arg>dictionary should contain key</arg>
<arg>${dictionary}</arg>
<arg>${key}</arg>
<doc>Runs the given keyword with given arguments and returns the status as a Boolean value.</doc>
<kw name="Dictionary Should Contain Key" library="Collections">
<arg>${dictionary}</arg>
<arg>${key}</arg>
<doc>Fails if ``key`` is not found from ``dictionary``.</doc>
<status status="PASS" starttime="20241129 09:27:23.019" endtime="20241129 09:27:23.020"/>
</kw>
<msg timestamp="20241129 09:27:23.020" level="INFO">${no_none_exists} = True</msg>
<status status="PASS" starttime="20241129 09:27:23.019" endtime="20241129 09:27:23.020"/>
</kw>
<if>
<branch type="IF" condition="$no_none_exists == $True">
<kw name="Set Variable" library="BuiltIn">
<var>${values}</var>
<arg>${dictionary}[${key}]</arg>
<doc>Returns the given values which can then be assigned to a variables.</doc>
<msg timestamp="20241129 09:27:23.020" level="INFO">${values} = {'id': '2', 'name': 'Login 2', 'projectId': '1', 'createdAt': '2024-11-28T07:32:36.453Z', 'updatedAt': '2024-11-28T13:10:03.633Z', 'project': {'id': '1', 'name': 'IAssistant', 'createdAt': '2024-11-28...</msg>
<status status="PASS" starttime="20241129 09:27:23.020" endtime="20241129 09:27:23.020"/>
</kw>
<if>
<branch type="IF" condition="$values != $None">
<kw name="Set Variable" library="BuiltIn">
<var>${no_none_exists}</var>
<arg>${True}</arg>
<doc>Returns the given values which can then be assigned to a variables.</doc>
<msg timestamp="20241129 09:27:23.021" level="INFO">${no_none_exists} = True</msg>
<status status="PASS" starttime="20241129 09:27:23.021" endtime="20241129 09:27:23.021"/>
</kw>
<status status="PASS" starttime="20241129 09:27:23.021" endtime="20241129 09:27:23.021"/>
</branch>
<branch type="ELSE">
<kw name="Set Variable" library="BuiltIn">
<var>${no_none_exists}</var>
<arg>${False}</arg>
<doc>Returns the given values which can then be assigned to a variables.</doc>
<status status="NOT RUN" starttime="20241129 09:27:23.021" endtime="20241129 09:27:23.021"/>
</kw>
<status status="NOT RUN" starttime="20241129 09:27:23.021" endtime="20241129 09:27:23.021"/>
</branch>
<status status="PASS" starttime="20241129 09:27:23.021" endtime="20241129 09:27:23.022"/>
</if>
<status status="PASS" starttime="20241129 09:27:23.020" endtime="20241129 09:27:23.022"/>
</branch>
<status status="PASS" starttime="20241129 09:27:23.020" endtime="20241129 09:27:23.022"/>
</if>
<return>
<value>${no_none_exists}</value>
<status status="PASS" starttime="20241129 09:27:23.022" endtime="20241129 09:27:23.022"/>
</return>
<msg timestamp="20241129 09:27:23.022" level="INFO">${is_test_case_exists} = True</msg>
<status status="PASS" starttime="20241129 09:27:23.019" endtime="20241129 09:27:23.022"/>
</kw>
<kw name="is-value-not-none" library="UTIL_Collection">
<var>${is_test_case_run_exists}</var>
<arg>${input}[payload]</arg>
<arg>testCaseRun</arg>
<tag>util</tag>
<doc>checks whether the key exists in dicitonary</doc>
<kw name="Run Keyword And Return Status" library="BuiltIn">
<var>${no_none_exists}</var>
<arg>dictionary should contain key</arg>
<arg>${dictionary}</arg>
<arg>${key}</arg>
<doc>Runs the given keyword with given arguments and returns the status as a Boolean value.</doc>
<kw name="Dictionary Should Contain Key" library="Collections">
<arg>${dictionary}</arg>
<arg>${key}</arg>
<doc>Fails if ``key`` is not found from ``dictionary``.</doc>
<status status="PASS" starttime="20241129 09:27:23.024" endtime="20241129 09:27:23.024"/>
</kw>
<msg timestamp="20241129 09:27:23.024" level="INFO">${no_none_exists} = True</msg>
<status status="PASS" starttime="20241129 09:27:23.024" endtime="20241129 09:27:23.024"/>
</kw>
<if>
<branch type="IF" condition="$no_none_exists == $True">
<kw name="Set Variable" library="BuiltIn">
<var>${values}</var>
<arg>${dictionary}[${key}]</arg>
<doc>Returns the given values which can then be assigned to a variables.</doc>
<msg timestamp="20241129 09:27:23.025" level="INFO">${values} = {'id': '13', 'testCaseId': '2', 'testSuiteRunId': '6', 'status': 'ADDED_TO_QUEUE', 'updatedAt': '2024-11-29T03:57:17.679Z', 'createdAt': '2024-11-29T03:57:17.679Z', 'errorMessage': None}</msg>
<status status="PASS" starttime="20241129 09:27:23.025" endtime="20241129 09:27:23.025"/>
</kw>
<if>
<branch type="IF" condition="$values != $None">
<kw name="Set Variable" library="BuiltIn">
<var>${no_none_exists}</var>
<arg>${True}</arg>
<doc>Returns the given values which can then be assigned to a variables.</doc>
<msg timestamp="20241129 09:27:23.026" level="INFO">${no_none_exists} = True</msg>
<status status="PASS" starttime="20241129 09:27:23.025" endtime="20241129 09:27:23.026"/>
</kw>
<status status="PASS" starttime="20241129 09:27:23.025" endtime="20241129 09:27:23.026"/>
</branch>
<branch type="ELSE">
<kw name="Set Variable" library="BuiltIn">
<var>${no_none_exists}</var>
<arg>${False}</arg>
<doc>Returns the given values which can then be assigned to a variables.</doc>
<status status="NOT RUN" starttime="20241129 09:27:23.026" endtime="20241129 09:27:23.026"/>
</kw>
<status status="NOT RUN" starttime="20241129 09:27:23.026" endtime="20241129 09:27:23.026"/>
</branch>
<status status="PASS" starttime="20241129 09:27:23.025" endtime="20241129 09:27:23.026"/>
</if>
<status status="PASS" starttime="20241129 09:27:23.025" endtime="20241129 09:27:23.026"/>
</branch>
<status status="PASS" starttime="20241129 09:27:23.024" endtime="20241129 09:27:23.026"/>
</if>
<return>
<value>${no_none_exists}</value>
<status status="PASS" starttime="20241129 09:27:23.026" endtime="20241129 09:27:23.026"/>
</return>
<msg timestamp="20241129 09:27:23.027" level="INFO">${is_test_case_run_exists} = True</msg>
<status status="PASS" starttime="20241129 09:27:23.023" endtime="20241129 09:27:23.027"/>
</kw>
<if>
<branch type="IF" condition="$is_test_case_exists == $False or $is_test_case_run_exists == $False">
<kw name="Log To Console" library="BuiltIn">
<arg>Testcase or TestCaseRun data not available in input</arg>
<doc>Logs the given message to the console.</doc>
<status status="NOT RUN" starttime="20241129 09:27:23.027" endtime="20241129 09:27:23.027"/>
</kw>
<status status="NOT RUN" starttime="20241129 09:27:23.027" endtime="20241129 09:27:23.027"/>
</branch>
<status status="PASS" starttime="20241129 09:27:23.027" endtime="20241129 09:27:23.027"/>
</if>
<kw name="Set Variable" library="BuiltIn">
<var>${testCase}</var>
<arg>${input}[payload][testCase]</arg>
<doc>Returns the given values which can then be assigned to a variables.</doc>
<msg timestamp="20241129 09:27:23.028" level="INFO">${testCase} = {'id': '2', 'name': 'Login 2', 'projectId': '1', 'createdAt': '2024-11-28T07:32:36.453Z', 'updatedAt': '2024-11-28T13:10:03.633Z', 'project': {'id': '1', 'name': 'IAssistant', 'createdAt': '2024-11-28...</msg>
<status status="PASS" starttime="20241129 09:27:23.027" endtime="20241129 09:27:23.028"/>
</kw>
<kw name="Set Variable" library="BuiltIn">
<var>${testCaseRun}</var>
<arg>${input}[payload][testCaseRun]</arg>
<doc>Returns the given values which can then be assigned to a variables.</doc>
<msg timestamp="20241129 09:27:23.028" level="INFO">${testCaseRun} = {'id': '13', 'testCaseId': '2', 'testSuiteRunId': '6', 'status': 'ADDED_TO_QUEUE', 'updatedAt': '2024-11-29T03:57:17.679Z', 'createdAt': '2024-11-29T03:57:17.679Z', 'errorMessage': None}</msg>
<status status="PASS" starttime="20241129 09:27:23.028" endtime="20241129 09:27:23.028"/>
</kw>
<kw name="Set Variable" library="BuiltIn">
<var>${assertions}</var>
<arg>${testCase}[assertions]</arg>
<doc>Returns the given values which can then be assigned to a variables.</doc>
<msg timestamp="20241129 09:27:23.029" level="INFO">${assertions} = []</msg>
<status status="PASS" starttime="20241129 09:27:23.028" endtime="20241129 09:27:23.029"/>
</kw>
<kw name="Log To Console" library="BuiltIn">
<arg>Test Case Name: ${testCase}[name]</arg>
<doc>Logs the given message to the console.</doc>
<status status="PASS" starttime="20241129 09:27:23.029" endtime="20241129 09:27:23.029"/>
</kw>
<try>
<branch type="TRY">
<kw name="is-value-not-none" library="UTIL_Collection">
<var>${is_test_case_flow_sequences_exists}</var>
<arg>${testCase}</arg>
<arg>testCaseFlowSequences</arg>
<tag>util</tag>
<doc>checks whether the key exists in dicitonary</doc>
<kw name="Run Keyword And Return Status" library="BuiltIn">
<var>${no_none_exists}</var>
<arg>dictionary should contain key</arg>
<arg>${dictionary}</arg>
<arg>${key}</arg>
<doc>Runs the given keyword with given arguments and returns the status as a Boolean value.</doc>
<kw name="Dictionary Should Contain Key" library="Collections">
<arg>${dictionary}</arg>
<arg>${key}</arg>
<doc>Fails if ``key`` is not found from ``dictionary``.</doc>
<status status="PASS" starttime="20241129 09:27:23.034" endtime="20241129 09:27:23.035"/>
</kw>
<msg timestamp="20241129 09:27:23.035" level="INFO">${no_none_exists} = True</msg>
<status status="PASS" starttime="20241129 09:27:23.033" endtime="20241129 09:27:23.035"/>
</kw>
<if>
<branch type="IF" condition="$no_none_exists == $True">
<kw name="Set Variable" library="BuiltIn">
<var>${values}</var>
<arg>${dictionary}[${key}]</arg>
<doc>Returns the given values which can then be assigned to a variables.</doc>
<msg timestamp="20241129 09:27:23.037" level="INFO">${values} = [{'id': '3', 'testCaseId': '2', 'flowId': '1', 'order': 0, 'createdAt': '2024-11-28T07:32:36.752Z', 'updatedAt': '2024-11-28T13:10:03.690Z', 'flow': {'id': '1', 'name': 'Login', 'projectId': '1', 'cre...</msg>
<status status="PASS" starttime="20241129 09:27:23.036" endtime="20241129 09:27:23.037"/>
</kw>
<if>
<branch type="IF" condition="$values != $None">
<kw name="Set Variable" library="BuiltIn">
<var>${no_none_exists}</var>
<arg>${True}</arg>
<doc>Returns the given values which can then be assigned to a variables.</doc>
<msg timestamp="20241129 09:27:23.037" level="INFO">${no_none_exists} = True</msg>
<status status="PASS" starttime="20241129 09:27:23.037" endtime="20241129 09:27:23.037"/>
</kw>
<status status="PASS" starttime="20241129 09:27:23.037" endtime="20241129 09:27:23.038"/>
</branch>
<branch type="ELSE">
<kw name="Set Variable" library="BuiltIn">
<var>${no_none_exists}</var>
<arg>${False}</arg>
<doc>Returns the given values which can then be assigned to a variables.</doc>
<status status="NOT RUN" starttime="20241129 09:27:23.038" endtime="20241129 09:27:23.038"/>
</kw>
<status status="NOT RUN" starttime="20241129 09:27:23.038" endtime="20241129 09:27:23.038"/>
</branch>
<status status="PASS" starttime="20241129 09:27:23.037" endtime="20241129 09:27:23.038"/>
</if>
<status status="PASS" starttime="20241129 09:27:23.036" endtime="20241129 09:27:23.038"/>
</branch>
<status status="PASS" starttime="20241129 09:27:23.035" endtime="20241129 09:27:23.038"/>
</if>
<return>
<value>${no_none_exists}</value>
<status status="PASS" starttime="20241129 09:27:23.038" endtime="20241129 09:27:23.038"/>
</return>
<msg timestamp="20241129 09:27:23.038" level="INFO">${is_test_case_flow_sequences_exists} = True</msg>
<status status="PASS" starttime="20241129 09:27:23.032" endtime="20241129 09:27:23.039"/>
</kw>
<kw name="Create Dictionary" library="BuiltIn">
<var>${test_case_run_response_message}</var>
<arg>testCaseRunId=${testCaseRun}[id]</arg>
<arg>status=STARTED</arg>
<doc>Creates and returns a dictionary based on the given ``items``.</doc>
<msg timestamp="20241129 09:27:23.039" level="INFO">${test_case_run_response_message} = {'testCaseRunId': '13', 'status': 'STARTED'}</msg>
<status status="PASS" starttime="20241129 09:27:23.039" endtime="20241129 09:27:23.039"/>
</kw>
<kw name="Push response message to kafka topic" library="UTIL_Common">
<arg>${test_case_run_response_message}</arg>
<tag>function</tag>
<doc>push the response message to kafka topic</doc>
<kw name="Evaluate" library="BuiltIn">
<var>${json_response}</var>
<arg>json.dumps(${payload_response_msg})</arg>
<arg>json</arg>
<doc>Evaluates the given expression in Python and returns the result.</doc>
<msg timestamp="20241129 09:27:23.040" level="INFO">${json_response} = {"testCaseRunId": "13", "status": "STARTED"}</msg>
<status status="PASS" starttime="20241129 09:27:23.040" endtime="20241129 09:27:23.040"/>
</kw>
<kw name="Push Message To Topic" library="TopicProducer">
<var>${producer_response}</var>
<arg>${json_response}</arg>
<doc>Kafka Producer to send the response as json message and push it</doc>
<msg timestamp="20241129 09:27:23.070" level="INFO">Message delivered to response_topic [0]</msg>
<msg timestamp="20241129 09:27:23.070" level="INFO">${producer_response} = &lt;function delivery_report at 0x00000194D50AB430&gt;</msg>
<status status="PASS" starttime="20241129 09:27:23.040" endtime="20241129 09:27:23.070"/>
</kw>
<kw name="Log To Console" library="BuiltIn">
<arg>kafka_producer_response:${producer_response}</arg>
<doc>Logs the given message to the console.</doc>
<status status="PASS" starttime="20241129 09:27:23.071" endtime="20241129 09:27:23.072"/>
</kw>
<return>
<value>${producer_response}</value>
<status status="PASS" starttime="20241129 09:27:23.072" endtime="20241129 09:27:23.072"/>
</return>
<status status="PASS" starttime="20241129 09:27:23.040" endtime="20241129 09:27:23.072"/>
</kw>
<if>
<branch type="IF" condition="$is_test_case_flow_sequences_exists">
<kw name="Create Dictionary" library="BuiltIn">
<var>${ACCUMULATION}</var>
<doc>Creates and returns a dictionary based on the given ``items``.</doc>
<msg timestamp="20241129 09:27:23.074" level="INFO">${ACCUMULATION} = {}</msg>
<status status="PASS" starttime="20241129 09:27:23.073" endtime="20241129 09:27:23.074"/>
</kw>
<for flavor="IN">
<var>${testCaseFlowSequence}</var>
<value>@{testCase}[testCaseFlowSequences]</value>
<iter>
<var name="${testCaseFlowSequence}">{'id': '3', 'testCaseId': '2', 'flowId': '1', 'order': 0, 'createdAt': '2024-11-28T07:32:36.752Z', 'updatedAt': '2024-11-28T13:10:03.690Z', 'flow': {'id': '1', 'name': 'Login', 'projectId': '1', 'crea...</var>
<try>
<branch type="TRY">
<kw name="Set Variable" library="BuiltIn">
<var>${flow}</var>
<arg>${testCaseFlowSequence}[flow]</arg>
<doc>Returns the given values which can then be assigned to a variables.</doc>
<msg timestamp="20241129 09:27:23.076" level="INFO">${flow} = {'id': '1', 'name': 'Login', 'projectId': '1', 'createdAt': '2024-11-28T06:58:06.459Z', 'updatedAt': '2024-11-28T07:02:35.243Z', 'flowActionSequences': [{'id': '1', 'actionId': '1', 'flowId': '1', 'or...</msg>
<status status="PASS" starttime="20241129 09:27:23.076" endtime="20241129 09:27:23.076"/>
</kw>
<kw name="Log To Console" library="BuiltIn">
<arg>Flow Name: ${flow}[name]</arg>
<doc>Logs the given message to the console.</doc>
<status status="PASS" starttime="20241129 09:27:23.077" endtime="20241129 09:27:23.078"/>
</kw>
<kw name="is-value-not-none" library="UTIL_Collection">
<var>${is_flow_action_sequences_exists}</var>
<arg>${flow}</arg>
<arg>flowActionSequences</arg>
<tag>util</tag>
<doc>checks whether the key exists in dicitonary</doc>
<kw name="Run Keyword And Return Status" library="BuiltIn">
<var>${no_none_exists}</var>
<arg>dictionary should contain key</arg>
<arg>${dictionary}</arg>
<arg>${key}</arg>
<doc>Runs the given keyword with given arguments and returns the status as a Boolean value.</doc>
<kw name="Dictionary Should Contain Key" library="Collections">
<arg>${dictionary}</arg>
<arg>${key}</arg>
<doc>Fails if ``key`` is not found from ``dictionary``.</doc>
<status status="PASS" starttime="20241129 09:27:23.085" endtime="20241129 09:27:23.085"/>
</kw>
<msg timestamp="20241129 09:27:23.085" level="INFO">${no_none_exists} = True</msg>
<status status="PASS" starttime="20241129 09:27:23.084" endtime="20241129 09:27:23.085"/>
</kw>
<if>
<branch type="IF" condition="$no_none_exists == $True">
<kw name="Set Variable" library="BuiltIn">
<var>${values}</var>
<arg>${dictionary}[${key}]</arg>
<doc>Returns the given values which can then be assigned to a variables.</doc>
<msg timestamp="20241129 09:27:23.086" level="INFO">${values} = [{'id': '1', 'actionId': '1', 'flowId': '1', 'order': 0, 'createdAt': '2024-11-28T07:02:20.350Z', 'updatedAt': '2024-11-28T07:02:35.087Z', 'action': {'id': '1', 'name': 'Launch browser', 'type': 'LAUN...</msg>
<status status="PASS" starttime="20241129 09:27:23.086" endtime="20241129 09:27:23.087"/>
</kw>
<if>
<branch type="IF" condition="$values != $None">
<kw name="Set Variable" library="BuiltIn">
<var>${no_none_exists}</var>
<arg>${True}</arg>
<doc>Returns the given values which can then be assigned to a variables.</doc>
<msg timestamp="20241129 09:27:23.087" level="INFO">${no_none_exists} = True</msg>
<status status="PASS" starttime="20241129 09:27:23.087" endtime="20241129 09:27:23.088"/>
</kw>
<status status="PASS" starttime="20241129 09:27:23.087" endtime="20241129 09:27:23.088"/>
</branch>
<branch type="ELSE">
<kw name="Set Variable" library="BuiltIn">
<var>${no_none_exists}</var>
<arg>${False}</arg>
<doc>Returns the given values which can then be assigned to a variables.</doc>
<status status="NOT RUN" starttime="20241129 09:27:23.088" endtime="20241129 09:27:23.088"/>
</kw>
<status status="NOT RUN" starttime="20241129 09:27:23.088" endtime="20241129 09:27:23.088"/>
</branch>
<status status="PASS" starttime="20241129 09:27:23.087" endtime="20241129 09:27:23.088"/>
</if>
<status status="PASS" starttime="20241129 09:27:23.086" endtime="20241129 09:27:23.088"/>
</branch>
<status status="PASS" starttime="20241129 09:27:23.085" endtime="20241129 09:27:23.088"/>
</if>
<return>
<value>${no_none_exists}</value>
<status status="PASS" starttime="20241129 09:27:23.088" endtime="20241129 09:27:23.089"/>
</return>
<msg timestamp="20241129 09:27:23.089" level="INFO">${is_flow_action_sequences_exists} = True</msg>
<status status="PASS" starttime="20241129 09:27:23.083" endtime="20241129 09:27:23.089"/>
</kw>
<if>
<branch type="IF" condition="$is_flow_action_sequences_exists">
<for flavor="IN">
<var>${flowActionSequence}</var>
<value>@{flow}[flowActionSequences]</value>
<iter>
<var name="${flowActionSequence}">{'id': '1', 'actionId': '1', 'flowId': '1', 'order': 0, 'createdAt': '2024-11-28T07:02:20.350Z', 'updatedAt': '2024-11-28T07:02:35.087Z', 'action': {'id': '1', 'name': 'Launch browser', 'type': 'LAUNC...</var>
<try>
<branch type="TRY">
<kw name="Set Variable" library="BuiltIn">
<var>${action}</var>
<arg>${flowActionSequence}[action]</arg>
<doc>Returns the given values which can then be assigned to a variables.</doc>
<msg timestamp="20241129 09:27:23.090" level="INFO">${action} = {'id': '1', 'name': 'Launch browser', 'type': 'LAUNCH_BROWSER', 'selectorI': None, 'valueRege': '', 'projectId': '1', 'enter': None, 'createdAt': '2024-11-28T06:55:33.267Z', 'updatedAt': '2024-11-28T0...</msg>
<status status="PASS" starttime="20241129 09:27:23.090" endtime="20241129 09:27:23.091"/>
</kw>
<kw name="Log To Console" library="BuiltIn">
<arg>Action Name: ${action}[name]</arg>
<doc>Logs the given message to the console.</doc>
<status status="PASS" starttime="20241129 09:27:23.091" endtime="20241129 09:27:23.092"/>
</kw>
<kw name="Get Selected Input" library="Common_util">
<var>${input}</var>
<arg>${flowActionSequence}</arg>
<msg timestamp="20241129 09:27:23.092" level="INFO">${input} = {'id': '1', 'actionId': '1', 'name': 'prod', 'value': 'https://iassistant.ideas2it.com/', 'waitAfterAction': '0', 'isDefault': True, 'createdAt': '2024-11-28T06:55:33.497Z', 'updatedAt': '2024-11-28T0...</msg>
<status status="PASS" starttime="20241129 09:27:23.092" endtime="20241129 09:27:23.092"/>
</kw>
<if>
<branch type="IF" condition="$input == $None">
<kw name="Log To Console" library="BuiltIn">
<arg>Input not found for this action. Terminate the test case here!!!</arg>
<doc>Logs the given message to the console.</doc>
<status status="NOT RUN" starttime="20241129 09:27:23.092" endtime="20241129 09:27:23.092"/>
</kw>
<kw name="ex-fail" library="EX_Exception">
<arg>INPUT_NOT_FOUND_IN_ACTION</arg>
<tag>exception</tag>
<doc>wrapper over the builtin Fail keyword, to support additional operations during failure</doc>
<status status="NOT RUN" starttime="20241129 09:27:23.093" endtime="20241129 09:27:23.093"/>
</kw>
<status status="NOT RUN" starttime="20241129 09:27:23.092" endtime="20241129 09:27:23.093"/>
</branch>
<status status="PASS" starttime="20241129 09:27:23.092" endtime="20241129 09:27:23.093"/>
</if>
<kw name="execute-action">
<var>${value}</var>
<arg>${action}</arg>
<arg>${input}</arg>
<kw name="Set Variable" library="BuiltIn">
<var>${value}</var>
<arg>${input}[value]</arg>
<doc>Returns the given values which can then be assigned to a variables.</doc>
<msg timestamp="20241129 09:27:23.094" level="INFO">${value} = https://iassistant.ideas2it.com/</msg>
<status status="PASS" starttime="20241129 09:27:23.094" endtime="20241129 09:27:23.094"/>
</kw>
<if>
<branch type="IF" condition="'${action}[type]' == '${LAUNCH_BROWSER}'">
<kw name="new-page" library="COMP_BrowserContext">
<arg>${input}[value]</arg>
<kw name="New Page" library="RPA.Browser.Playwright">
<var>${page_id}</var>
<arg>${url}</arg>
<tag>BrowserControl</tag>
<tag>Setter</tag>
<doc>Open a new Page.</doc>
<msg timestamp="20241129 09:27:27.609" level="INFO">Successfully initialized new page object and opened url: https://iassistant.ideas2it.com/</msg>
<msg timestamp="20241129 09:27:27.609" level="INFO">${page_id} = {'page_id': 'page=40dfcecd-237a-4aa0-8974-d0854284cfdf', 'video_path': ''}</msg>
<status status="PASS" starttime="20241129 09:27:23.095" endtime="20241129 09:27:27.609"/>
</kw>
<kw name="Switch Page" library="RPA.Browser.Playwright">
<arg>${page_id}</arg>
<tag>BrowserControl</tag>
<tag>Setter</tag>
<doc>Switches the active browser page to another open page by ``id`` or ``NEW``.</doc>
<msg timestamp="20241129 09:27:27.610" level="INFO">Switching to page {'page_id': 'page=40dfcecd-237a-4aa0-8974-d0854284cfdf', 'video_path': ''},context CURRENT, browser CURRENT</msg>
<msg timestamp="20241129 09:27:27.648" level="INFO">[
  {
    "type": "chromium",
    "id": "browser=bd19fe63-c2d1-443f-88b6-69c250360451",
    "contexts": [
      {
        "type": "context",
        "id": "context=252dfbfa-51e8-4b38-b872-84b192fbf240",
        "activePage": "page=40dfcecd-237a-4aa0-8974-d0854284cfdf",
        "pages": [
          {
            "type": "page",
            "title": "Google",
            "url": "https://www.google.com/",
            "id": "page=789ecb25-3a62-49c4-9d24-5d121f49f502",
            "timestamp": 1732852638.637
          },
          {
            "type": "page",
            "title": "iAssistant",
            "url": "https://iassistant.ideas2it.com/login",
            "id": "page=40dfcecd-237a-4aa0-8974-d0854284cfdf",
            "timestamp": 1732852643.136
          }
        ]
      }
    ],
    "activeContext": "context=252dfbfa-51e8-4b38-b872-84b192fbf240",
    "activeBrowser": true
  }
]</msg>
<msg timestamp="20241129 09:27:27.679" level="INFO">Successfully changed active page</msg>
<status status="PASS" starttime="20241129 09:27:27.610" endtime="20241129 09:27:27.681"/>
</kw>
<status status="PASS" starttime="20241129 09:27:23.094" endtime="20241129 09:27:27.681"/>
</kw>
<status status="PASS" starttime="20241129 09:27:23.094" endtime="20241129 09:27:27.682"/>
</branch>
<branch type="ELSE IF" condition="'${action}[type]' == '${NEW_PAGE}'">
<kw name="new-page" library="COMP_BrowserContext">
<arg>${input}[value]</arg>
<status status="NOT RUN" starttime="20241129 09:27:27.682" endtime="20241129 09:27:27.683"/>
</kw>
<status status="NOT RUN" starttime="20241129 09:27:27.682" endtime="20241129 09:27:27.683"/>
</branch>
<branch type="ELSE IF" condition="'${action}[type]' == '${CLICK}'">
<kw name="left-click" library="COMP_Button">
<arg>${action}[selector][xpath]</arg>
<tag>component</tag>
<doc>Performs left click operation on button</doc>
<status status="NOT RUN" starttime="20241129 09:27:27.687" endtime="20241129 09:27:27.687"/>
</kw>
<status status="NOT RUN" starttime="20241129 09:27:27.683" endtime="20241129 09:27:27.687"/>
</branch>
<branch type="ELSE IF" condition="'${action}[type]' == '${DOUBLE_CLICK}'">
<kw name="left-click" library="COMP_Button">
<arg>${action}[selector][xpath]</arg>
<tag>component</tag>
<doc>Performs left click operation on button</doc>
<status status="NOT RUN" starttime="20241129 09:27:27.689" endtime="20241129 09:27:27.689"/>
</kw>
<kw name="left-click" library="COMP_Button">
<arg>${action}[selector][xpath]</arg>
<tag>component</tag>
<doc>Performs left click operation on button</doc>
<status status="NOT RUN" starttime="20241129 09:27:27.691" endtime="20241129 09:27:27.691"/>
</kw>
<status status="NOT RUN" starttime="20241129 09:27:27.688" endtime="20241129 09:27:27.691"/>
</branch>
<branch type="ELSE IF" condition="'${action}[type]' == '${GET_DROPDOWN_VALUE}'">
<kw name="get-selected-option" library="COMP_Select">
<var>${value}</var>
<arg>${action}[selector][xpath]</arg>
<tag>component</tag>
<doc>Gets the selected option
Error will thrown if multiple options selected</doc>
<status status="NOT RUN" starttime="20241129 09:27:27.692" endtime="20241129 09:27:27.692"/>
</kw>
<status status="NOT RUN" starttime="20241129 09:27:27.691" endtime="20241129 09:27:27.693"/>
</branch>
<branch type="ELSE IF" condition="'${action}[type]' == '${SET_DROPDOWN_VALUE}'">
<kw name="select-single-option" library="COMP_Select">
<arg>${action}[selector][xpath]</arg>
<arg>${input}[value]</arg>
<tag>component</tag>
<doc>Selects the option by given attribute</doc>
<status status="NOT RUN" starttime="20241129 09:27:27.697" endtime="20241129 09:27:27.697"/>
</kw>
<status status="NOT RUN" starttime="20241129 09:27:27.693" endtime="20241129 09:27:27.697"/>
</branch>
<branch type="ELSE IF" condition="'${action}[type]' == '${TYPE_TEXT}'">
<kw name="set-value" library="COMP_Textbox">
<arg>${action}[selector][xpath]</arg>
<arg>${input}[value]</arg>
<tag>component</tag>
<doc>Updates Field Value and checks for post condition
And retries if the retry value is provided</doc>
<status status="NOT RUN" starttime="20241129 09:27:27.699" endtime="20241129 09:27:27.700"/>
</kw>
<if>
<branch type="IF" condition="${action}[enter]">
<kw name="Keyboard Key" library="RPA.Browser.Playwright">
<arg>press</arg>
<arg>Enter</arg>
<tag>PageContent</tag>
<tag>Setter</tag>
<doc>Press a keyboard key on the virtual keyboard or set a key up or down.</doc>
<status status="NOT RUN" starttime="20241129 09:27:27.701" endtime="20241129 09:27:27.701"/>
</kw>
<status status="NOT RUN" starttime="20241129 09:27:27.701" endtime="20241129 09:27:27.701"/>
</branch>
<status status="NOT RUN" starttime="20241129 09:27:27.700" endtime="20241129 09:27:27.701"/>
</if>
<status status="NOT RUN" starttime="20241129 09:27:27.697" endtime="20241129 09:27:27.701"/>
</branch>
<branch type="ELSE IF" condition="'${action}[type]' == '${GET_TEXTBOX_VALUE}'">
<kw name="get-value" library="COMP_Textbox">
<var>${value}</var>
<arg>${action}[selector][xpath]</arg>
<tag>component</tag>
<doc>Returns Field Value</doc>
<status status="NOT RUN" starttime="20241129 09:27:27.703" endtime="20241129 09:27:27.703"/>
</kw>
<status status="NOT RUN" starttime="20241129 09:27:27.701" endtime="20241129 09:27:27.703"/>
</branch>
<branch type="ELSE IF" condition="'${action}[type]' == '${GET_CHECKBOX_VALUE}'">
<kw name="get-value" library="COMP_Checkbox">
<var>${value}</var>
<arg>${action}[selector][xpath]</arg>
<tag>component</tag>
<doc>Gets the current checkbox status</doc>
<status status="NOT RUN" starttime="20241129 09:27:27.705" endtime="20241129 09:27:27.705"/>
</kw>
<if>
<branch type="IF" condition="${value}">
<kw name="Set Variable" library="BuiltIn">
<var>${value}</var>
<arg>TRUE</arg>
<doc>Returns the given values which can then be assigned to a variables.</doc>
<status status="NOT RUN" starttime="20241129 09:27:27.705" endtime="20241129 09:27:27.705"/>
</kw>
<status status="NOT RUN" starttime="20241129 09:27:27.705" endtime="20241129 09:27:27.706"/>
</branch>
<branch type="ELSE">
<kw name="Set Variable" library="BuiltIn">
<var>${value}</var>
<arg>FALSE</arg>
<doc>Returns the given values which can then be assigned to a variables.</doc>
<status status="NOT RUN" starttime="20241129 09:27:27.706" endtime="20241129 09:27:27.706"/>
</kw>
<status status="NOT RUN" starttime="20241129 09:27:27.706" endtime="20241129 09:27:27.706"/>
</branch>
<status status="NOT RUN" starttime="20241129 09:27:27.705" endtime="20241129 09:27:27.706"/>
</if>
<status status="NOT RUN" starttime="20241129 09:27:27.703" endtime="20241129 09:27:27.706"/>
</branch>
<branch type="ELSE IF" condition="'${action}[type]' == '${SET_CHECKBOX_VALUE}'">
<kw name="evaluate(${input}[value] == TRUE)">
<var>${select}</var>
<status status="NOT RUN" starttime="20241129 09:27:27.711" endtime="20241129 09:27:27.711"/>
</kw>
<kw name="set-value" library="COMP_Checkbox">
<arg>${action}[selector][xpath]</arg>
<arg>${select}</arg>
<tag>component</tag>
<doc>Updates the Field value and checks for post condition
And retries if the retry value is provided</doc>
<status status="NOT RUN" starttime="20241129 09:27:27.714" endtime="20241129 09:27:27.714"/>
</kw>
<status status="NOT RUN" starttime="20241129 09:27:27.706" endtime="20241129 09:27:27.714"/>
</branch>
<branch type="ELSE IF" condition="'${action}[type]' == '${GET_RADIO_VALUE}'">
<kw name="get-value" library="COMP_Checkbox">
<var>${value}</var>
<arg>${action}[selector][xpath]</arg>
<tag>component</tag>
<doc>Gets the current checkbox status</doc>
<status status="NOT RUN" starttime="20241129 09:27:27.716" endtime="20241129 09:27:27.716"/>
</kw>
<if>
<branch type="IF" condition="${value}">
<kw name="Set Variable" library="BuiltIn">
<var>${value}</var>
<arg>TRUE</arg>
<doc>Returns the given values which can then be assigned to a variables.</doc>
<status status="NOT RUN" starttime="20241129 09:27:27.716" endtime="20241129 09:27:27.716"/>
</kw>
<status status="NOT RUN" starttime="20241129 09:27:27.716" endtime="20241129 09:27:27.716"/>
</branch>
<branch type="ELSE">
<kw name="Set Variable" library="BuiltIn">
<var>${value}</var>
<arg>FALSE</arg>
<doc>Returns the given values which can then be assigned to a variables.</doc>
<status status="NOT RUN" starttime="20241129 09:27:27.717" endtime="20241129 09:27:27.717"/>
</kw>
<status status="NOT RUN" starttime="20241129 09:27:27.716" endtime="20241129 09:27:27.717"/>
</branch>
<status status="NOT RUN" starttime="20241129 09:27:27.716" endtime="20241129 09:27:27.717"/>
</if>
<status status="NOT RUN" starttime="20241129 09:27:27.714" endtime="20241129 09:27:27.717"/>
</branch>
<branch type="ELSE IF" condition="'${action}[type]' == '${SET_RADIO_VALUE}'">
<kw name="evaluate(${input}[value] == TRUE)">
<var>${select}</var>
<status status="NOT RUN" starttime="20241129 09:27:27.721" endtime="20241129 09:27:27.721"/>
</kw>
<kw name="set-value" library="COMP_Checkbox">
<arg>${action}[selector][xpath]</arg>
<arg>${select}</arg>
<tag>component</tag>
<doc>Updates the Field value and checks for post condition
And retries if the retry value is provided</doc>
<status status="NOT RUN" starttime="20241129 09:27:27.724" endtime="20241129 09:27:27.724"/>
</kw>
<status status="NOT RUN" starttime="20241129 09:27:27.717" endtime="20241129 09:27:27.724"/>
</branch>
<branch type="ELSE IF" condition="'${action}[type]' == '${IS_ELEMENT_VISIBLE}'">
<kw name="is-attached-after-wait" library="UTIL_BrowserHelper">
<var>${value}</var>
<arg>${action}[selector][xpath]</arg>
<tag>util</tag>
<doc>checks whether the given selector is attached to the DOM
after waiting for the element state</doc>
<status status="NOT RUN" starttime="20241129 09:27:27.725" endtime="20241129 09:27:27.725"/>
</kw>
<if>
<branch type="IF" condition="${value}">
<kw name="Set Variable" library="BuiltIn">
<var>${value}</var>
<arg>TRUE</arg>
<doc>Returns the given values which can then be assigned to a variables.</doc>
<status status="NOT RUN" starttime="20241129 09:27:27.726" endtime="20241129 09:27:27.726"/>
</kw>
<status status="NOT RUN" starttime="20241129 09:27:27.725" endtime="20241129 09:27:27.726"/>
</branch>
<branch type="ELSE">
<kw name="Set Variable" library="BuiltIn">
<var>${value}</var>
<arg>FALSE</arg>
<doc>Returns the given values which can then be assigned to a variables.</doc>
<status status="NOT RUN" starttime="20241129 09:27:27.726" endtime="20241129 09:27:27.727"/>
</kw>
<status status="NOT RUN" starttime="20241129 09:27:27.726" endtime="20241129 09:27:27.727"/>
</branch>
<status status="NOT RUN" starttime="20241129 09:27:27.725" endtime="20241129 09:27:27.727"/>
</if>
<status status="NOT RUN" starttime="20241129 09:27:27.724" endtime="20241129 09:27:27.727"/>
</branch>
<branch type="ELSE IF" condition="'${action}[type]' == '${GET_TEXT}'">
<kw name="get-property" library="UTIL_BrowserHelper">
<var>${value}</var>
<arg>${action}[selector][xpath]</arg>
<arg>innerText</arg>
<tag>util</tag>
<doc>Method used to get property</doc>
<status status="NOT RUN" starttime="20241129 09:27:27.729" endtime="20241129 09:27:27.729"/>
</kw>
<status status="NOT RUN" starttime="20241129 09:27:27.727" endtime="20241129 09:27:27.729"/>
</branch>
<branch type="ELSE">
<kw name="Log To Message">
<arg>Action not developed. Terminate the TestCase here!!!</arg>
<status status="NOT RUN" starttime="20241129 09:27:27.737" endtime="20241129 09:27:27.737"/>
</kw>
<kw name="ex-fail" library="EX_Exception">
<arg>ACTION_NOT_DEVELOPED</arg>
<tag>exception</tag>
<doc>wrapper over the builtin Fail keyword, to support additional operations during failure</doc>
<status status="NOT RUN" starttime="20241129 09:27:27.737" endtime="20241129 09:27:27.737"/>
</kw>
<status status="NOT RUN" starttime="20241129 09:27:27.729" endtime="20241129 09:27:27.737"/>
</branch>
<status status="PASS" starttime="20241129 09:27:23.094" endtime="20241129 09:27:27.737"/>
</if>
<kw name="Log To Console" library="BuiltIn">
<arg>${value}</arg>
<doc>Logs the given message to the console.</doc>
<status status="PASS" starttime="20241129 09:27:27.738" endtime="20241129 09:27:27.738"/>
</kw>
<return>
<value>${value}</value>
<status status="PASS" starttime="20241129 09:27:27.738" endtime="20241129 09:27:27.739"/>
</return>
<msg timestamp="20241129 09:27:27.740" level="INFO">${value} = https://iassistant.ideas2it.com/</msg>
<status status="PASS" starttime="20241129 09:27:23.093" endtime="20241129 09:27:27.740"/>
</kw>
<kw name="perform-assertion">
<var>${assertion_message}</var>
<arg>${ACCUMULATION}</arg>
<arg>${assertions}</arg>
<arg>${testCaseFlowSequence}[id]</arg>
<arg>${flowActionSequence}[id]</arg>
<arg>${value}</arg>
<kw name="Set Variable" library="BuiltIn">
<var>${key}</var>
<arg>testCaseFlowSequenceId:${testCaseFlowSequenceId}::flowActionSequenceId:${flowActionSequenceId}</arg>
<doc>Returns the given values which can then be assigned to a variables.</doc>
<msg timestamp="20241129 09:27:27.744" level="INFO">${key} = testCaseFlowSequenceId:3::flowActionSequenceId:1</msg>
<status status="PASS" starttime="20241129 09:27:27.742" endtime="20241129 09:27:27.744"/>
</kw>
<for flavor="IN">
<var>${assertion}</var>
<value>@{assertions}</value>
<iter>
<var name="${assertion}"/>
<kw name="Set Variable" library="BuiltIn">
<var>${source}</var>
<arg>${assertion}[source]</arg>
<doc>Returns the given values which can then be assigned to a variables.</doc>
<status status="NOT RUN" starttime="20241129 09:27:27.746" endtime="20241129 09:27:27.746"/>
</kw>
<kw name="Set Variable" library="BuiltIn">
<var>${target}</var>
<arg>${assertion}[target]</arg>
<doc>Returns the given values which can then be assigned to a variables.</doc>
<status status="NOT RUN" starttime="20241129 09:27:27.747" endtime="20241129 09:27:27.748"/>
</kw>
<kw name="Set Variable" library="BuiltIn">
<var>${skip}</var>
<arg>${assertion}[skip]</arg>
<doc>Returns the given values which can then be assigned to a variables.</doc>
<status status="NOT RUN" starttime="20241129 09:27:27.749" endtime="20241129 09:27:27.752"/>
</kw>
<kw name="Set Variable" library="BuiltIn">
<var>${operator}</var>
<arg>${assertion}[operator]</arg>
<doc>Returns the given values which can then be assigned to a variables.</doc>
<status status="NOT RUN" starttime="20241129 09:27:27.753" endtime="20241129 09:27:27.753"/>
</kw>
<kw name="Set Variable" library="BuiltIn">
<var>${useCustomTargetValue}</var>
<arg>${assertion}[useCustomTargetValue]</arg>
<doc>Returns the given values which can then be assigned to a variables.</doc>
<status status="NOT RUN" starttime="20241129 09:27:27.754" endtime="20241129 09:27:27.754"/>
</kw>
<kw name="Set Variable" library="BuiltIn">
<var>${customTargetValue}</var>
<arg>${assertion}[customTargetValue]</arg>
<doc>Returns the given values which can then be assigned to a variables.</doc>
<status status="NOT RUN" starttime="20241129 09:27:27.756" endtime="20241129 09:27:27.757"/>
</kw>
<kw name="Set Variable" library="BuiltIn">
<var>${errorMessage}</var>
<arg>${assertion}[errorMessage]</arg>
<doc>Returns the given values which can then be assigned to a variables.</doc>
<status status="NOT RUN" starttime="20241129 09:27:27.757" endtime="20241129 09:27:27.758"/>
</kw>
<kw name="Set To Dictionary" library="Collections">
<arg>${ACCUMULATION}</arg>
<arg>${key}=${value}</arg>
<doc>Adds the given ``key_value_pairs`` and ``items`` to the ``dictionary``.</doc>
<status status="NOT RUN" starttime="20241129 09:27:27.758" endtime="20241129 09:27:27.759"/>
</kw>
<kw name="is-value-not-none" library="UTIL_Collection">
<var>${is_source_exists}</var>
<arg>${ACCUMULATION}</arg>
<arg>${source}</arg>
<tag>util</tag>
<doc>checks whether the key exists in dicitonary</doc>
<status status="NOT RUN" starttime="20241129 09:27:27.766" endtime="20241129 09:27:27.767"/>
</kw>
<kw name="is-value-not-none" library="UTIL_Collection">
<var>${is_target_exists}</var>
<arg>${ACCUMULATION}</arg>
<arg>${target}</arg>
<tag>util</tag>
<doc>checks whether the key exists in dicitonary</doc>
<status status="NOT RUN" starttime="20241129 09:27:27.771" endtime="20241129 09:27:27.771"/>
</kw>
<if>
<branch type="IF" condition="'${source}' == '${key}' and '${is_source_exists}' == '${True}'">
<if>
<branch type="IF" condition="$skip">
<return>
<value>Skipped assertion!!</value>
<status status="NOT RUN" starttime="20241129 09:27:27.772" endtime="20241129 09:27:27.772"/>
</return>
<status status="NOT RUN" starttime="20241129 09:27:27.772" endtime="20241129 09:27:27.772"/>
</branch>
<status status="NOT RUN" starttime="20241129 09:27:27.772" endtime="20241129 09:27:27.772"/>
</if>
<if>
<branch type="IF" condition="$useCustomTargetValue">
<kw name="assert">
<var>${message}</var>
<arg>${ACCUMULATION}[${source}]</arg>
<arg>${customTargetValue}</arg>
<arg>${operator}</arg>
<arg>${errorMessage}</arg>
<doc>Method used to assert and return assertion message</doc>
<status status="NOT RUN" starttime="20241129 09:27:27.773" endtime="20241129 09:27:27.773"/>
</kw>
<return>
<value>${message}</value>
<status status="NOT RUN" starttime="20241129 09:27:27.773" endtime="20241129 09:27:27.774"/>
</return>
<status status="NOT RUN" starttime="20241129 09:27:27.773" endtime="20241129 09:27:27.774"/>
</branch>
<status status="NOT RUN" starttime="20241129 09:27:27.773" endtime="20241129 09:27:27.774"/>
</if>
<if>
<branch type="IF" condition="$is_target_exists">
<kw name="assert">
<var>${message}</var>
<arg>${ACCUMULATION}[${source}]</arg>
<arg>${ACCUMULATION}[${target}]</arg>
<arg>${operator}</arg>
<arg>${errorMessage}</arg>
<doc>Method used to assert and return assertion message</doc>
<status status="NOT RUN" starttime="20241129 09:27:27.774" endtime="20241129 09:27:27.775"/>
</kw>
<return>
<value>${message}</value>
<status status="NOT RUN" starttime="20241129 09:27:27.775" endtime="20241129 09:27:27.775"/>
</return>
<status status="NOT RUN" starttime="20241129 09:27:27.774" endtime="20241129 09:27:27.775"/>
</branch>
<status status="NOT RUN" starttime="20241129 09:27:27.774" endtime="20241129 09:27:27.775"/>
</if>
<status status="NOT RUN" starttime="20241129 09:27:27.772" endtime="20241129 09:27:27.775"/>
</branch>
<status status="NOT RUN" starttime="20241129 09:27:27.771" endtime="20241129 09:27:27.775"/>
</if>
<if>
<branch type="IF" condition="'${target}' == '${key}' and '${is_target_exists}' == '${True}'">
<if>
<branch type="IF" condition="$skip">
<return>
<value>Skipped assertion!!</value>
<status status="NOT RUN" starttime="20241129 09:27:27.775" endtime="20241129 09:27:27.776"/>
</return>
<status status="NOT RUN" starttime="20241129 09:27:27.775" endtime="20241129 09:27:27.776"/>
</branch>
<status status="NOT RUN" starttime="20241129 09:27:27.775" endtime="20241129 09:27:27.776"/>
</if>
<if>
<branch type="IF" condition="$useCustomTargetValue">
<kw name="Log To Console" library="BuiltIn">
<arg>No need to assert here.</arg>
<doc>Logs the given message to the console.</doc>
<status status="NOT RUN" starttime="20241129 09:27:27.777" endtime="20241129 09:27:27.778"/>
</kw>
<status status="NOT RUN" starttime="20241129 09:27:27.776" endtime="20241129 09:27:27.778"/>
</branch>
<status status="NOT RUN" starttime="20241129 09:27:27.776" endtime="20241129 09:27:27.778"/>
</if>
<if>
<branch type="IF" condition="$is_source_exists">
<kw name="assert">
<var>${message}</var>
<arg>${ACCUMULATION}[${source}]</arg>
<arg>${ACCUMULATION}[${target}]</arg>
<arg>${operator}</arg>
<arg>${errorMessage}</arg>
<doc>Method used to assert and return assertion message</doc>
<status status="NOT RUN" starttime="20241129 09:27:27.779" endtime="20241129 09:27:27.779"/>
</kw>
<return>
<value>${message}</value>
<status status="NOT RUN" starttime="20241129 09:27:27.779" endtime="20241129 09:27:27.782"/>
</return>
<status status="NOT RUN" starttime="20241129 09:27:27.778" endtime="20241129 09:27:27.787"/>
</branch>
<status status="NOT RUN" starttime="20241129 09:27:27.778" endtime="20241129 09:27:27.787"/>
</if>
<status status="NOT RUN" starttime="20241129 09:27:27.775" endtime="20241129 09:27:27.787"/>
</branch>
<status status="NOT RUN" starttime="20241129 09:27:27.775" endtime="20241129 09:27:27.788"/>
</if>
<status status="NOT RUN" starttime="20241129 09:27:27.745" endtime="20241129 09:27:27.788"/>
</iter>
<status status="NOT RUN" starttime="20241129 09:27:27.745" endtime="20241129 09:27:27.789"/>
</for>
<msg timestamp="20241129 09:27:27.789" level="INFO">${assertion_message} = None</msg>
<status status="PASS" starttime="20241129 09:27:27.740" endtime="20241129 09:27:27.789"/>
</kw>
<kw name="Log To Console" library="BuiltIn">
<arg>${assertion_message}</arg>
<doc>Logs the given message to the console.</doc>
<status status="PASS" starttime="20241129 09:27:27.792" endtime="20241129 09:27:27.802"/>
</kw>
<kw name="send-action-sequence-message">
<arg>${flowActionSequence}[flowActionSequenceHistoryId]</arg>
<arg>COMPLETED</arg>
<arg>${action}</arg>
<arg>${input}</arg>
<arg>${EMPTY}</arg>
<arg>${assertion_message}</arg>
<kw name="is-value-not-none" library="UTIL_Collection">
<var>${is_selector_exists}</var>
<arg>${action}</arg>
<arg>selector</arg>
<tag>util</tag>
<doc>checks whether the key exists in dicitonary</doc>
<kw name="Run Keyword And Return Status" library="BuiltIn">
<var>${no_none_exists}</var>
<arg>dictionary should contain key</arg>
<arg>${dictionary}</arg>
<arg>${key}</arg>
<doc>Runs the given keyword with given arguments and returns the status as a Boolean value.</doc>
<kw name="Dictionary Should Contain Key" library="Collections">
<arg>${dictionary}</arg>
<arg>${key}</arg>
<doc>Fails if ``key`` is not found from ``dictionary``.</doc>
<msg timestamp="20241129 09:27:27.833" level="FAIL">Dictionary does not contain key 'selector'.</msg>
<status status="FAIL" starttime="20241129 09:27:27.832" endtime="20241129 09:27:27.833"/>
</kw>
<msg timestamp="20241129 09:27:27.835" level="INFO">${no_none_exists} = False</msg>
<status status="PASS" starttime="20241129 09:27:27.831" endtime="20241129 09:27:27.835"/>
</kw>
<if>
<branch type="IF" condition="$no_none_exists == $True">
<kw name="Set Variable" library="BuiltIn">
<var>${values}</var>
<arg>${dictionary}[${key}]</arg>
<doc>Returns the given values which can then be assigned to a variables.</doc>
<status status="NOT RUN" starttime="20241129 09:27:27.835" endtime="20241129 09:27:27.836"/>
</kw>
<if>
<branch type="IF" condition="$values != $None">
<kw name="Set Variable" library="BuiltIn">
<var>${no_none_exists}</var>
<arg>${True}</arg>
<doc>Returns the given values which can then be assigned to a variables.</doc>
<status status="NOT RUN" starttime="20241129 09:27:27.836" endtime="20241129 09:27:27.836"/>
</kw>
<status status="NOT RUN" starttime="20241129 09:27:27.836" endtime="20241129 09:27:27.836"/>
</branch>
<branch type="ELSE">
<kw name="Set Variable" library="BuiltIn">
<var>${no_none_exists}</var>
<arg>${False}</arg>
<doc>Returns the given values which can then be assigned to a variables.</doc>
<status status="NOT RUN" starttime="20241129 09:27:27.836" endtime="20241129 09:27:27.836"/>
</kw>
<status status="NOT RUN" starttime="20241129 09:27:27.836" endtime="20241129 09:27:27.837"/>
</branch>
<status status="NOT RUN" starttime="20241129 09:27:27.836" endtime="20241129 09:27:27.837"/>
</if>
<status status="NOT RUN" starttime="20241129 09:27:27.835" endtime="20241129 09:27:27.837"/>
</branch>
<status status="PASS" starttime="20241129 09:27:27.835" endtime="20241129 09:27:27.837"/>
</if>
<return>
<value>${no_none_exists}</value>
<status status="PASS" starttime="20241129 09:27:27.837" endtime="20241129 09:27:27.837"/>
</return>
<msg timestamp="20241129 09:27:27.837" level="INFO">${is_selector_exists} = False</msg>
<status status="PASS" starttime="20241129 09:27:27.830" endtime="20241129 09:27:27.837"/>
</kw>
<if>
<branch type="IF" condition="$is_selector_exists">
<kw name="Set Variable" library="BuiltIn">
<var>${xpath}</var>
<arg>${action}[selector][xpath]</arg>
<doc>Returns the given values which can then be assigned to a variables.</doc>
<status status="NOT RUN" starttime="20241129 09:27:27.838" endtime="20241129 09:27:27.838"/>
</kw>
<status status="NOT RUN" starttime="20241129 09:27:27.838" endtime="20241129 09:27:27.838"/>
</branch>
<branch type="ELSE">
<kw name="Set Variable" library="BuiltIn">
<var>${xpath}</var>
<arg>${EMPTY}</arg>
<doc>Returns the given values which can then be assigned to a variables.</doc>
<msg timestamp="20241129 09:27:27.839" level="INFO">${xpath} = </msg>
<status status="PASS" starttime="20241129 09:27:27.838" endtime="20241129 09:27:27.839"/>
</kw>
<status status="PASS" starttime="20241129 09:27:27.838" endtime="20241129 09:27:27.839"/>
</branch>
<status status="PASS" starttime="20241129 09:27:27.837" endtime="20241129 09:27:27.839"/>
</if>
<kw name="Create Dictionary" library="BuiltIn">
<var>${response_message}</var>
<arg>flowActionSequenceHistoryId=${flowActionSequenceHistoryId}</arg>
<arg>status=${status}</arg>
<arg>actionName=${action}[name]</arg>
<arg>actionType=${action}[type]</arg>
<arg>actionXpath=${xpath}</arg>
<arg>inputValue=${input}[value]</arg>
<arg>errorMessage=${errorMessage}</arg>
<arg>assertionMessage=${assertionMessage}</arg>
<doc>Creates and returns a dictionary based on the given ``items``.</doc>
<msg timestamp="20241129 09:27:27.841" level="INFO">${response_message} = {'flowActionSequenceHistoryId': '77', 'status': 'COMPLETED', 'actionName': 'Launch browser', 'actionType': 'LAUNCH_BROWSER', 'actionXpath': '', 'inputValue': 'https://iassistant.ideas2it.com/', 'error...</msg>
<status status="PASS" starttime="20241129 09:27:27.839" endtime="20241129 09:27:27.841"/>
</kw>
<kw name="Push response message to kafka topic" library="UTIL_Common">
<arg>${response_message}</arg>
<tag>function</tag>
<doc>push the response message to kafka topic</doc>
<kw name="Evaluate" library="BuiltIn">
<var>${json_response}</var>
<arg>json.dumps(${payload_response_msg})</arg>
<arg>json</arg>
<doc>Evaluates the given expression in Python and returns the result.</doc>
<msg timestamp="20241129 09:27:27.844" level="INFO">${json_response} = {"flowActionSequenceHistoryId": "77", "status": "COMPLETED", "actionName": "Launch browser", "actionType": "LAUNCH_BROWSER", "actionXpath": "", "inputValue": "https://iassistant.ideas2it.com/", "error...</msg>
<status status="PASS" starttime="20241129 09:27:27.842" endtime="20241129 09:27:27.844"/>
</kw>
<kw name="Push Message To Topic" library="TopicProducer">
<var>${producer_response}</var>
<arg>${json_response}</arg>
<doc>Kafka Producer to send the response as json message and push it</doc>
<msg timestamp="20241129 09:27:27.856" level="INFO">Message delivered to response_topic [0]</msg>
<msg timestamp="20241129 09:27:27.858" level="INFO">${producer_response} = &lt;function delivery_report at 0x00000194D50AB430&gt;</msg>
<status status="PASS" starttime="20241129 09:27:27.844" endtime="20241129 09:27:27.858"/>
</kw>
<kw name="Log To Console" library="BuiltIn">
<arg>kafka_producer_response:${producer_response}</arg>
<doc>Logs the given message to the console.</doc>
<status status="PASS" starttime="20241129 09:27:27.859" endtime="20241129 09:27:27.861"/>
</kw>
<return>
<value>${producer_response}</value>
<status status="PASS" starttime="20241129 09:27:27.861" endtime="20241129 09:27:27.862"/>
</return>
<status status="PASS" starttime="20241129 09:27:27.841" endtime="20241129 09:27:27.862"/>
</kw>
<status status="PASS" starttime="20241129 09:27:27.803" endtime="20241129 09:27:27.863"/>
</kw>
<kw name="Sleep" library="BuiltIn">
<arg>${input}[waitAfterAction]s</arg>
<doc>Pauses the test executed for the given time.</doc>
<msg timestamp="20241129 09:27:27.864" level="INFO">Slept 0 seconds</msg>
<status status="PASS" starttime="20241129 09:27:27.863" endtime="20241129 09:27:27.864"/>
</kw>
<status status="PASS" starttime="20241129 09:27:23.090" endtime="20241129 09:27:27.864"/>
</branch>
<branch type="EXCEPT" variable="${error_message}">
<kw name="Log To Console" library="BuiltIn">
<arg>${error_message}</arg>
<doc>Logs the given message to the console.</doc>
<status status="NOT RUN" starttime="20241129 09:27:27.864" endtime="20241129 09:27:27.866"/>
</kw>
<kw name="send-action-sequence-message">
<arg>${flowActionSequence}[flowActionSequenceHistoryId]</arg>
<arg>FAILED</arg>
<arg>${action}</arg>
<arg>${input}</arg>
<arg>${error_message}</arg>
<status status="NOT RUN" starttime="20241129 09:27:27.867" endtime="20241129 09:27:27.867"/>
</kw>
<kw name="ex-fail" library="EX_Exception">
<arg>${error_message}</arg>
<tag>exception</tag>
<doc>wrapper over the builtin Fail keyword, to support additional operations during failure</doc>
<status status="NOT RUN" starttime="20241129 09:27:27.868" endtime="20241129 09:27:27.868"/>
</kw>
<status status="NOT RUN" starttime="20241129 09:27:27.864" endtime="20241129 09:27:27.869"/>
</branch>
<status status="PASS" starttime="20241129 09:27:23.090" endtime="20241129 09:27:27.869"/>
</try>
<status status="PASS" starttime="20241129 09:27:23.090" endtime="20241129 09:27:27.869"/>
</iter>
<iter>
<var name="${flowActionSequence}">{'id': '2', 'actionId': '2', 'flowId': '1', 'order': 1, 'createdAt': '2024-11-28T07:02:35.067Z', 'updatedAt': '2024-11-28T07:02:35.067Z', 'action': {'id': '2', 'name': 'Set username', 'type': 'TYPE_TE...</var>
<try>
<branch type="TRY">
<kw name="Set Variable" library="BuiltIn">
<var>${action}</var>
<arg>${flowActionSequence}[action]</arg>
<doc>Returns the given values which can then be assigned to a variables.</doc>
<msg timestamp="20241129 09:27:27.871" level="INFO">${action} = {'id': '2', 'name': 'Set username', 'type': 'TYPE_TEXT', 'selectorI': '1', 'valueRege': '', 'projectId': '1', 'enter': None, 'createdAt': '2024-11-28T06:56:18.180Z', 'updatedAt': '2024-11-28T06:56:18....</msg>
<status status="PASS" starttime="20241129 09:27:27.870" endtime="20241129 09:27:27.871"/>
</kw>
<kw name="Log To Console" library="BuiltIn">
<arg>Action Name: ${action}[name]</arg>
<doc>Logs the given message to the console.</doc>
<status status="PASS" starttime="20241129 09:27:27.871" endtime="20241129 09:27:27.872"/>
</kw>
<kw name="Get Selected Input" library="Common_util">
<var>${input}</var>
<arg>${flowActionSequence}</arg>
<msg timestamp="20241129 09:27:27.873" level="INFO">${input} = {'id': '2', 'actionId': '2', 'name': 'Bharani', 'value': 'bharani@ideas2it.com', 'waitAfterAction': '0', 'isDefault': True, 'createdAt': '2024-11-28T06:56:18.421Z', 'updatedAt': '2024-11-28T06:56:28.0...</msg>
<status status="PASS" starttime="20241129 09:27:27.872" endtime="20241129 09:27:27.873"/>
</kw>
<if>
<branch type="IF" condition="$input == $None">
<kw name="Log To Console" library="BuiltIn">
<arg>Input not found for this action. Terminate the test case here!!!</arg>
<doc>Logs the given message to the console.</doc>
<status status="NOT RUN" starttime="20241129 09:27:27.874" endtime="20241129 09:27:27.874"/>
</kw>
<kw name="ex-fail" library="EX_Exception">
<arg>INPUT_NOT_FOUND_IN_ACTION</arg>
<tag>exception</tag>
<doc>wrapper over the builtin Fail keyword, to support additional operations during failure</doc>
<status status="NOT RUN" starttime="20241129 09:27:27.874" endtime="20241129 09:27:27.874"/>
</kw>
<status status="NOT RUN" starttime="20241129 09:27:27.874" endtime="20241129 09:27:27.874"/>
</branch>
<status status="PASS" starttime="20241129 09:27:27.873" endtime="20241129 09:27:27.874"/>
</if>
<kw name="execute-action">
<var>${value}</var>
<arg>${action}</arg>
<arg>${input}</arg>
<kw name="Set Variable" library="BuiltIn">
<var>${value}</var>
<arg>${input}[value]</arg>
<doc>Returns the given values which can then be assigned to a variables.</doc>
<msg timestamp="20241129 09:27:27.876" level="INFO">${value} = bharani@ideas2it.com</msg>
<status status="PASS" starttime="20241129 09:27:27.875" endtime="20241129 09:27:27.876"/>
</kw>
<if>
<branch type="IF" condition="'${action}[type]' == '${LAUNCH_BROWSER}'">
<kw name="new-page" library="COMP_BrowserContext">
<arg>${input}[value]</arg>
<status status="NOT RUN" starttime="20241129 09:27:27.877" endtime="20241129 09:27:27.877"/>
</kw>
<status status="NOT RUN" starttime="20241129 09:27:27.876" endtime="20241129 09:27:27.877"/>
</branch>
<branch type="ELSE IF" condition="'${action}[type]' == '${NEW_PAGE}'">
<kw name="new-page" library="COMP_BrowserContext">
<arg>${input}[value]</arg>
<status status="NOT RUN" starttime="20241129 09:27:27.878" endtime="20241129 09:27:27.878"/>
</kw>
<status status="NOT RUN" starttime="20241129 09:27:27.878" endtime="20241129 09:27:27.878"/>
</branch>
<branch type="ELSE IF" condition="'${action}[type]' == '${CLICK}'">
<kw name="left-click" library="COMP_Button">
<arg>${action}[selector][xpath]</arg>
<tag>component</tag>
<doc>Performs left click operation on button</doc>
<status status="NOT RUN" starttime="20241129 09:27:27.883" endtime="20241129 09:27:27.883"/>
</kw>
<status status="NOT RUN" starttime="20241129 09:27:27.879" endtime="20241129 09:27:27.883"/>
</branch>
<branch type="ELSE IF" condition="'${action}[type]' == '${DOUBLE_CLICK}'">
<kw name="left-click" library="COMP_Button">
<arg>${action}[selector][xpath]</arg>
<tag>component</tag>
<doc>Performs left click operation on button</doc>
<status status="NOT RUN" starttime="20241129 09:27:27.886" endtime="20241129 09:27:27.886"/>
</kw>
<kw name="left-click" library="COMP_Button">
<arg>${action}[selector][xpath]</arg>
<tag>component</tag>
<doc>Performs left click operation on button</doc>
<status status="NOT RUN" starttime="20241129 09:27:27.888" endtime="20241129 09:27:27.888"/>
</kw>
<status status="NOT RUN" starttime="20241129 09:27:27.884" endtime="20241129 09:27:27.888"/>
</branch>
<branch type="ELSE IF" condition="'${action}[type]' == '${GET_DROPDOWN_VALUE}'">
<kw name="get-selected-option" library="COMP_Select">
<var>${value}</var>
<arg>${action}[selector][xpath]</arg>
<tag>component</tag>
<doc>Gets the selected option
Error will thrown if multiple options selected</doc>
<status status="NOT RUN" starttime="20241129 09:27:27.890" endtime="20241129 09:27:27.890"/>
</kw>
<status status="NOT RUN" starttime="20241129 09:27:27.888" endtime="20241129 09:27:27.890"/>
</branch>
<branch type="ELSE IF" condition="'${action}[type]' == '${SET_DROPDOWN_VALUE}'">
<kw name="select-single-option" library="COMP_Select">
<arg>${action}[selector][xpath]</arg>
<arg>${input}[value]</arg>
<tag>component</tag>
<doc>Selects the option by given attribute</doc>
<status status="NOT RUN" starttime="20241129 09:27:27.896" endtime="20241129 09:27:27.896"/>
</kw>
<status status="NOT RUN" starttime="20241129 09:27:27.891" endtime="20241129 09:27:27.896"/>
</branch>
<branch type="ELSE IF" condition="'${action}[type]' == '${TYPE_TEXT}'">
<kw name="set-value" library="COMP_Textbox">
<arg>${action}[selector][xpath]</arg>
<arg>${input}[value]</arg>
<tag>component</tag>
<doc>Updates Field Value and checks for post condition
And retries if the retry value is provided</doc>
<kw name="validate-precondition" library="COMP_Textbox">
<arg>${selector}</arg>
<tag>robot:private</tag>
<doc>Method used to validate if the selector is actually an input
Also used to validate the input element before performing any action
...
INPUT:
id=username or id=password: string</doc>
<kw name="fail-if-not-attached-after-wait" library="UTIL_Validation">
<arg>${selector}</arg>
<tag>util</tag>
<doc>Throws error if the element is not attached to the DOM
after waiting for the element state</doc>
<kw name="Highlight Elements" library="RPA.Browser.Playwright">
<arg>${selector}</arg>
<tag>PageContent</tag>
<tag>Setter</tag>
<doc>Adds a highlight to elements matched by the ``selector``. Provides a style adjustment.</doc>
<msg timestamp="20241129 09:27:27.945" level="INFO">Highlighted 0 elements for 5000.</msg>
<status status="PASS" starttime="20241129 09:27:27.903" endtime="20241129 09:27:27.945"/>
</kw>
<kw name="fail-if-multiple-elements-found" library="UTIL_Validation">
<arg>${selector}</arg>
<doc>Throws error if multiple elements found for the given selector</doc>
<kw name="get-element-count" library="UTIL_BrowserHelper">
<var>${count}</var>
<arg>${selector}</arg>
<tag>util</tag>
<doc>Method is used to get element count for given selector
INPUT:
id=username or id=password: String</doc>
<kw name="Get Element Count" library="RPA.Browser.Playwright">
<var>${element_count}</var>
<arg>${selector}</arg>
<tag>Assertion</tag>
<tag>Getter</tag>
<tag>PageContent</tag>
<doc>Returns the count of elements found with ``selector``.</doc>
<msg timestamp="20241129 09:27:27.953" level="INFO">${element_count} = 0</msg>
<status status="PASS" starttime="20241129 09:27:27.946" endtime="20241129 09:27:27.953"/>
</kw>
<return>
<value>${element_count}</value>
<status status="PASS" starttime="20241129 09:27:27.953" endtime="20241129 09:27:27.953"/>
</return>
<msg timestamp="20241129 09:27:27.954" level="INFO">${count} = 0</msg>
<status status="PASS" starttime="20241129 09:27:27.946" endtime="20241129 09:27:27.954"/>
</kw>
<kw name="fail-keyword-if" library="UTIL_Validation">
<arg>${count &gt;&gt; ${1}}</arg>
<arg>${message}</arg>
<tag>util</tag>
<doc>Throws error with a custom message if given condition satisifes
first argument must be an expression/boolean
second argument must a message
Eg: fail-keyword-if {var1 == var2} {message}</doc>
<if>
<branch type="IF" condition="${condition}">
<kw name="Log To Console" library="BuiltIn">
<arg>Conditional exception: ${message}</arg>
<arg>ERROR</arg>
<doc>Logs the given message to the console.</doc>
<status status="NOT RUN" starttime="20241129 09:27:27.957" endtime="20241129 09:27:27.957"/>
</kw>
<kw name="ex-fail" library="EX_Exception">
<arg>${message}</arg>
<tag>exception</tag>
<doc>wrapper over the builtin Fail keyword, to support additional operations during failure</doc>
<status status="NOT RUN" starttime="20241129 09:27:27.957" endtime="20241129 09:27:27.957"/>
</kw>
<status status="NOT RUN" starttime="20241129 09:27:27.956" endtime="20241129 09:27:27.957"/>
</branch>
<status status="PASS" starttime="20241129 09:27:27.956" endtime="20241129 09:27:27.957"/>
</if>
<status status="PASS" starttime="20241129 09:27:27.955" endtime="20241129 09:27:27.957"/>
</kw>
<status status="PASS" starttime="20241129 09:27:27.945" endtime="20241129 09:27:27.957"/>
</kw>
<kw name="is-attached-after-wait" library="UTIL_BrowserHelper">
<var>${is_attached}</var>
<arg>${selector}</arg>
<tag>util</tag>
<doc>checks whether the given selector is attached to the DOM
after waiting for the element state</doc>
<try>
<branch type="TRY">
<kw name="is-element-state-appear-after-wait" library="UTIL_BrowserHelper">
<var>${result}</var>
<arg>${selector}</arg>
<arg>${ELEMENT_STATE_ATTACHED}</arg>
<tag>util</tag>
<doc>Used to get the element state
after waiting for the element state</doc>
<try>
<branch type="TRY">
<kw name="Run Keyword And Return Status" library="BuiltIn">
<var>${result}</var>
<arg>RPA.Browser.Playwright.Wait For Elements State</arg>
<arg>${selector}</arg>
<arg>${state}</arg>
<arg>timeout=12s</arg>
<doc>Runs the given keyword with given arguments and returns the status as a Boolean value.</doc>
<kw name="Wait For Elements State" library="RPA.Browser.Playwright">
<arg>${selector}</arg>
<arg>${state}</arg>
<arg>timeout=12s</arg>
<tag>PageContent</tag>
<tag>Wait</tag>
<doc>Waits for the element found by ``selector`` to satisfy state option.</doc>
<msg timestamp="20241129 09:27:40.479" level="INFO" html="true">&lt;/td&gt;&lt;/tr&gt;&lt;tr&gt;&lt;td colspan="3"&gt;&lt;a href="browser/screenshot/fail-screenshot-1.png" target="_blank"&gt;&lt;img src="browser/screenshot/fail-screenshot-1.png" width="800px"/&gt;&lt;/a&gt;</msg>
<msg timestamp="20241129 09:27:40.479" level="INFO">See also file:///C:/Users/Admin/Documents/Hackathon/Test%20Automation%20Studio/Test-automation-studio-projects/test-automation-rf/code/playwright-log.txt for additional details.</msg>
<msg timestamp="20241129 09:27:40.480" level="FAIL">TimeoutError: locator.waitFor: Timeout 12000ms exceeded.
=========================== logs ===========================
waiting for locator('id=username or id=password')
============================================================
Tip: Use "Set Browser Timeout" for increasing the timeout or double check your locator as the targeted element(s) couldn't be found.</msg>
<status status="FAIL" starttime="20241129 09:27:27.961" endtime="20241129 09:27:40.483"/>
</kw>
<msg timestamp="20241129 09:27:40.484" level="INFO">${result} = False</msg>
<status status="PASS" starttime="20241129 09:27:27.961" endtime="20241129 09:27:40.484"/>
</kw>
<return>
<value>${result}</value>
<status status="PASS" starttime="20241129 09:27:40.484" endtime="20241129 09:27:40.484"/>
</return>
<status status="PASS" starttime="20241129 09:27:27.960" endtime="20241129 09:27:40.484"/>
</branch>
<branch type="EXCEPT" variable="${error_message}">
<kw name="Log To Console" library="BuiltIn">
<arg>Error while getting element state: ${error_message}</arg>
<arg>ERROR</arg>
<doc>Logs the given message to the console.</doc>
<status status="NOT RUN" starttime="20241129 09:27:40.484" endtime="20241129 09:27:40.484"/>
</kw>
<kw name="ex-fail" library="EX_Exception">
<arg>ELEMENT_NOT_ATTACHED</arg>
<tag>exception</tag>
<doc>wrapper over the builtin Fail keyword, to support additional operations during failure</doc>
<status status="NOT RUN" starttime="20241129 09:27:40.485" endtime="20241129 09:27:40.485"/>
</kw>
<status status="NOT RUN" starttime="20241129 09:27:40.484" endtime="20241129 09:27:40.485"/>
</branch>
<status status="PASS" starttime="20241129 09:27:27.960" endtime="20241129 09:27:40.485"/>
</try>
<msg timestamp="20241129 09:27:40.485" level="INFO">${result} = False</msg>
<status status="PASS" starttime="20241129 09:27:27.960" endtime="20241129 09:27:40.485"/>
</kw>
<return>
<value>${result}</value>
<status status="PASS" starttime="20241129 09:27:40.485" endtime="20241129 09:27:40.486"/>
</return>
<status status="PASS" starttime="20241129 09:27:27.958" endtime="20241129 09:27:40.486"/>
</branch>
<branch type="EXCEPT">
<return>
<value>${False}</value>
<status status="NOT RUN" starttime="20241129 09:27:40.486" endtime="20241129 09:27:40.486"/>
</return>
<status status="NOT RUN" starttime="20241129 09:27:40.486" endtime="20241129 09:27:40.486"/>
</branch>
<status status="PASS" starttime="20241129 09:27:27.958" endtime="20241129 09:27:40.487"/>
</try>
<msg timestamp="20241129 09:27:40.487" level="INFO">${is_attached} = False</msg>
<status status="PASS" starttime="20241129 09:27:27.958" endtime="20241129 09:27:40.487"/>
</kw>
<kw name="fail-keyword-if" library="UTIL_Validation">
<arg>${is_attached == False}</arg>
<arg>${message}</arg>
<tag>util</tag>
<doc>Throws error with a custom message if given condition satisifes
first argument must be an expression/boolean
second argument must a message
Eg: fail-keyword-if {var1 == var2} {message}</doc>
<if>
<branch type="IF" condition="${condition}">
<kw name="Log To Console" library="BuiltIn">
<arg>Conditional exception: ${message}</arg>
<arg>ERROR</arg>
<doc>Logs the given message to the console.</doc>
<status status="PASS" starttime="20241129 09:27:40.490" endtime="20241129 09:27:40.490"/>
</kw>
<kw name="ex-fail" library="EX_Exception">
<arg>${message}</arg>
<tag>exception</tag>
<doc>wrapper over the builtin Fail keyword, to support additional operations during failure</doc>
<kw name="Log To Console" library="BuiltIn">
<arg>&lt;===Error occurred:${exception}===&gt;</arg>
<arg>ERROR</arg>
<doc>Logs the given message to the console.</doc>
<status status="PASS" starttime="20241129 09:27:40.491" endtime="20241129 09:27:40.492"/>
</kw>
<kw name="Fail" library="BuiltIn">
<arg>${exception}</arg>
<doc>Fails the test with the given message and optionally alters its tags.</doc>
<msg timestamp="20241129 09:27:40.492" level="FAIL">ELEMENT_NOT_ATTACHED</msg>
<status status="FAIL" starttime="20241129 09:27:40.492" endtime="20241129 09:27:40.492"/>
</kw>
<status status="FAIL" starttime="20241129 09:27:40.491" endtime="20241129 09:27:40.494"/>
</kw>
<status status="FAIL" starttime="20241129 09:27:40.490" endtime="20241129 09:27:40.494"/>
</branch>
<status status="FAIL" starttime="20241129 09:27:40.490" endtime="20241129 09:27:40.494"/>
</if>
<status status="FAIL" starttime="20241129 09:27:40.489" endtime="20241129 09:27:40.495"/>
</kw>
<status status="FAIL" starttime="20241129 09:27:27.903" endtime="20241129 09:27:40.496"/>
</kw>
<kw name="fail-if-not-a-textbox" library="UTIL_Validation">
<arg>${selector}</arg>
<tag>util</tag>
<doc>Throws error if the element is not a valid textbox</doc>
<status status="NOT RUN" starttime="20241129 09:27:40.498" endtime="20241129 09:27:40.499"/>
</kw>
<kw name="fail-if-not-visible-after-wait" library="UTIL_Validation">
<arg>${selector}</arg>
<tag>util</tag>
<doc>Throws error if the element is not visible
after waiting for the element state</doc>
<status status="NOT RUN" starttime="20241129 09:27:40.500" endtime="20241129 09:27:40.500"/>
</kw>
<status status="FAIL" starttime="20241129 09:27:27.901" endtime="20241129 09:27:40.501"/>
</kw>
<kw name="fail-if-not-editable-after-wait" library="UTIL_Validation">
<arg>${selector}</arg>
<tag>util</tag>
<doc>Throws error if the element is not editable
after waiting for the element state</doc>
<status status="NOT RUN" starttime="20241129 09:27:40.503" endtime="20241129 09:27:40.503"/>
</kw>
<kw name="Create Dictionary" library="BuiltIn">
<var>${retry_info}</var>
<arg>is_first_try=${True}</arg>
<doc>Creates and returns a dictionary based on the given ``items``.</doc>
<status status="NOT RUN" starttime="20241129 09:27:40.503" endtime="20241129 09:27:40.503"/>
</kw>
<try>
<branch type="TRY">
<kw name="Wait Until Keyword Succeeds" library="BuiltIn">
<arg>${retry_count}</arg>
<arg>1s</arg>
<arg>COMP_Textbox.fill-text-and-validate-post-condition</arg>
<arg>${retry_info}</arg>
<arg>${selector}</arg>
<arg>${value}</arg>
<doc>Runs the specified keyword and retries if it fails.</doc>
<status status="NOT RUN" starttime="20241129 09:27:40.503" endtime="20241129 09:27:40.503"/>
</kw>
<status status="NOT RUN" starttime="20241129 09:27:40.503" endtime="20241129 09:27:40.503"/>
</branch>
<branch type="EXCEPT" variable="${err_msg}">
<kw name="ex-throw-actual-message-from-retry-error-message" library="EX_Exception">
<arg>${err_msg}</arg>
<tag>exception</tag>
<doc>Method used to get the actual message from string(Error msg from retry)</doc>
<status status="NOT RUN" starttime="20241129 09:27:40.503" endtime="20241129 09:27:40.504"/>
</kw>
<status status="NOT RUN" starttime="20241129 09:27:40.503" endtime="20241129 09:27:40.504"/>
</branch>
<status status="NOT RUN" starttime="20241129 09:27:40.503" endtime="20241129 09:27:40.504"/>
</try>
<status status="FAIL" starttime="20241129 09:27:27.900" endtime="20241129 09:27:40.504"/>
</kw>
<if>
<branch type="IF" condition="${action}[enter]">
<kw name="Keyboard Key" library="RPA.Browser.Playwright">
<arg>press</arg>
<arg>Enter</arg>
<tag>PageContent</tag>
<tag>Setter</tag>
<doc>Press a keyboard key on the virtual keyboard or set a key up or down.</doc>
<status status="NOT RUN" starttime="20241129 09:27:40.505" endtime="20241129 09:27:40.505"/>
</kw>
<status status="NOT RUN" starttime="20241129 09:27:40.505" endtime="20241129 09:27:40.505"/>
</branch>
<status status="NOT RUN" starttime="20241129 09:27:40.504" endtime="20241129 09:27:40.505"/>
</if>
<status status="FAIL" starttime="20241129 09:27:27.897" endtime="20241129 09:27:40.505"/>
</branch>
<branch type="ELSE IF" condition="'${action}[type]' == '${GET_TEXTBOX_VALUE}'">
<kw name="get-value" library="COMP_Textbox">
<var>${value}</var>
<arg>${action}[selector][xpath]</arg>
<tag>component</tag>
<doc>Returns Field Value</doc>
<status status="NOT RUN" starttime="20241129 09:27:40.506" endtime="20241129 09:27:40.506"/>
</kw>
<status status="NOT RUN" starttime="20241129 09:27:40.505" endtime="20241129 09:27:40.506"/>
</branch>
<branch type="ELSE IF" condition="'${action}[type]' == '${GET_CHECKBOX_VALUE}'">
<kw name="get-value" library="COMP_Checkbox">
<var>${value}</var>
<arg>${action}[selector][xpath]</arg>
<tag>component</tag>
<doc>Gets the current checkbox status</doc>
<status status="NOT RUN" starttime="20241129 09:27:40.507" endtime="20241129 09:27:40.507"/>
</kw>
<if>
<branch type="IF" condition="${value}">
<kw name="Set Variable" library="BuiltIn">
<var>${value}</var>
<arg>TRUE</arg>
<doc>Returns the given values which can then be assigned to a variables.</doc>
<status status="NOT RUN" starttime="20241129 09:27:40.507" endtime="20241129 09:27:40.507"/>
</kw>
<status status="NOT RUN" starttime="20241129 09:27:40.507" endtime="20241129 09:27:40.507"/>
</branch>
<branch type="ELSE">
<kw name="Set Variable" library="BuiltIn">
<var>${value}</var>
<arg>FALSE</arg>
<doc>Returns the given values which can then be assigned to a variables.</doc>
[...]
<doc>Method used to get the actual message from string(Error msg from retry)</doc>
<status status="NOT RUN" starttime="20241129 09:28:41.979" endtime="20241129 09:28:41.979"/>
</kw>
<status status="NOT RUN" starttime="20241129 09:28:41.978" endtime="20241129 09:28:41.979"/>
</branch>
<status status="NOT RUN" starttime="20241129 09:28:41.978" endtime="20241129 09:28:41.979"/>
</try>
<status status="FAIL" starttime="20241129 09:28:41.910" endtime="20241129 09:28:41.979"/>
</kw>
<if>
<branch type="IF" condition="${action}[enter]">
<kw name="Keyboard Key" library="RPA.Browser.Playwright">
<arg>press</arg>
<arg>Enter</arg>
<tag>PageContent</tag>
<tag>Setter</tag>
<doc>Press a keyboard key on the virtual keyboard or set a key up or down.</doc>
<status status="NOT RUN" starttime="20241129 09:28:41.980" endtime="20241129 09:28:41.980"/>
</kw>
<status status="NOT RUN" starttime="20241129 09:28:41.979" endtime="20241129 09:28:41.980"/>
</branch>
<status status="NOT RUN" starttime="20241129 09:28:41.979" endtime="20241129 09:28:41.980"/>
</if>
<status status="FAIL" starttime="20241129 09:28:41.907" endtime="20241129 09:28:41.980"/>
</branch>
<branch type="ELSE IF" condition="'${action}[type]' == '${GET_TEXTBOX_VALUE}'">
<kw name="get-value" library="COMP_Textbox">
<var>${value}</var>
<arg>${action}[selector][xpath]</arg>
<tag>component</tag>
<doc>Returns Field Value</doc>
<status status="NOT RUN" starttime="20241129 09:28:41.982" endtime="20241129 09:28:41.982"/>
</kw>
<status status="NOT RUN" starttime="20241129 09:28:41.980" endtime="20241129 09:28:41.982"/>
</branch>
<branch type="ELSE IF" condition="'${action}[type]' == '${GET_CHECKBOX_VALUE}'">
<kw name="get-value" library="COMP_Checkbox">
<var>${value}</var>
<arg>${action}[selector][xpath]</arg>
<tag>component</tag>
<doc>Gets the current checkbox status</doc>
<status status="NOT RUN" starttime="20241129 09:28:41.984" endtime="20241129 09:28:41.984"/>
</kw>
<if>
<branch type="IF" condition="${value}">
<kw name="Set Variable" library="BuiltIn">
<var>${value}</var>
<arg>TRUE</arg>
<doc>Returns the given values which can then be assigned to a variables.</doc>
<status status="NOT RUN" starttime="20241129 09:28:41.984" endtime="20241129 09:28:41.984"/>
</kw>
<status status="NOT RUN" starttime="20241129 09:28:41.984" endtime="20241129 09:28:41.984"/>
</branch>
<branch type="ELSE">
<kw name="Set Variable" library="BuiltIn">
<var>${value}</var>
<arg>FALSE</arg>
<doc>Returns the given values which can then be assigned to a variables.</doc>
<status status="NOT RUN" starttime="20241129 09:28:41.985" endtime="20241129 09:28:41.985"/>
</kw>
<status status="NOT RUN" starttime="20241129 09:28:41.985" endtime="20241129 09:28:41.985"/>
</branch>
<status status="NOT RUN" starttime="20241129 09:28:41.984" endtime="20241129 09:28:41.985"/>
</if>
<status status="NOT RUN" starttime="20241129 09:28:41.982" endtime="20241129 09:28:41.985"/>
</branch>
<branch type="ELSE IF" condition="'${action}[type]' == '${SET_CHECKBOX_VALUE}'">
<kw name="evaluate(${input}[value] == TRUE)">
<var>${select}</var>
<status status="NOT RUN" starttime="20241129 09:28:41.993" endtime="20241129 09:28:41.993"/>
</kw>
<kw name="set-value" library="COMP_Checkbox">
<arg>${action}[selector][xpath]</arg>
<arg>${select}</arg>
<tag>component</tag>
<doc>Updates the Field value and checks for post condition
And retries if the retry value is provided</doc>
<status status="NOT RUN" starttime="20241129 09:28:41.996" endtime="20241129 09:28:41.996"/>
</kw>
<status status="NOT RUN" starttime="20241129 09:28:41.985" endtime="20241129 09:28:41.996"/>
</branch>
<branch type="ELSE IF" condition="'${action}[type]' == '${GET_RADIO_VALUE}'">
<kw name="get-value" library="COMP_Checkbox">
<var>${value}</var>
<arg>${action}[selector][xpath]</arg>
<tag>component</tag>
<doc>Gets the current checkbox status</doc>
<status status="NOT RUN" starttime="20241129 09:28:41.997" endtime="20241129 09:28:41.997"/>
</kw>
<if>
<branch type="IF" condition="${value}">
<kw name="Set Variable" library="BuiltIn">
<var>${value}</var>
<arg>TRUE</arg>
<doc>Returns the given values which can then be assigned to a variables.</doc>
<status status="NOT RUN" starttime="20241129 09:28:41.998" endtime="20241129 09:28:41.998"/>
</kw>
<status status="NOT RUN" starttime="20241129 09:28:41.997" endtime="20241129 09:28:41.998"/>
</branch>
<branch type="ELSE">
<kw name="Set Variable" library="BuiltIn">
<var>${value}</var>
<arg>FALSE</arg>
<doc>Returns the given values which can then be assigned to a variables.</doc>
<status status="NOT RUN" starttime="20241129 09:28:41.998" endtime="20241129 09:28:41.998"/>
</kw>
<status status="NOT RUN" starttime="20241129 09:28:41.998" endtime="20241129 09:28:41.998"/>
</branch>
<status status="NOT RUN" starttime="20241129 09:28:41.997" endtime="20241129 09:28:41.998"/>
</if>
<status status="NOT RUN" starttime="20241129 09:28:41.996" endtime="20241129 09:28:41.998"/>
</branch>
<branch type="ELSE IF" condition="'${action}[type]' == '${SET_RADIO_VALUE}'">
<kw name="evaluate(${input}[value] == TRUE)">
<var>${select}</var>
<status status="NOT RUN" starttime="20241129 09:28:42.003" endtime="20241129 09:28:42.004"/>
</kw>
<kw name="set-value" library="COMP_Checkbox">
<arg>${action}[selector][xpath]</arg>
<arg>${select}</arg>
<tag>component</tag>
<doc>Updates the Field value and checks for post condition
And retries if the retry value is provided</doc>
<status status="NOT RUN" starttime="20241129 09:28:42.007" endtime="20241129 09:28:42.007"/>
</kw>
<status status="NOT RUN" starttime="20241129 09:28:41.998" endtime="20241129 09:28:42.008"/>
</branch>
<branch type="ELSE IF" condition="'${action}[type]' == '${IS_ELEMENT_VISIBLE}'">
<kw name="is-attached-after-wait" library="UTIL_BrowserHelper">
<var>${value}</var>
<arg>${action}[selector][xpath]</arg>
<tag>util</tag>
<doc>checks whether the given selector is attached to the DOM
after waiting for the element state</doc>
<status status="NOT RUN" starttime="20241129 09:28:42.010" endtime="20241129 09:28:42.010"/>
</kw>
<if>
<branch type="IF" condition="${value}">
<kw name="Set Variable" library="BuiltIn">
<var>${value}</var>
<arg>TRUE</arg>
<doc>Returns the given values which can then be assigned to a variables.</doc>
<status status="NOT RUN" starttime="20241129 09:28:42.011" endtime="20241129 09:28:42.011"/>
</kw>
<status status="NOT RUN" starttime="20241129 09:28:42.010" endtime="20241129 09:28:42.011"/>
</branch>
<branch type="ELSE">
<kw name="Set Variable" library="BuiltIn">
<var>${value}</var>
<arg>FALSE</arg>
<doc>Returns the given values which can then be assigned to a variables.</doc>
<status status="NOT RUN" starttime="20241129 09:28:42.011" endtime="20241129 09:28:42.011"/>
</kw>
<status status="NOT RUN" starttime="20241129 09:28:42.011" endtime="20241129 09:28:42.011"/>
</branch>
<status status="NOT RUN" starttime="20241129 09:28:42.010" endtime="20241129 09:28:42.011"/>
</if>
<status status="NOT RUN" starttime="20241129 09:28:42.008" endtime="20241129 09:28:42.011"/>
</branch>
<branch type="ELSE IF" condition="'${action}[type]' == '${GET_TEXT}'">
<kw name="get-property" library="UTIL_BrowserHelper">
<var>${value}</var>
<arg>${action}[selector][xpath]</arg>
<arg>innerText</arg>
<tag>util</tag>
<doc>Method used to get property</doc>
<status status="NOT RUN" starttime="20241129 09:28:42.014" endtime="20241129 09:28:42.014"/>
</kw>
<status status="NOT RUN" starttime="20241129 09:28:42.011" endtime="20241129 09:28:42.014"/>
</branch>
<branch type="ELSE">
<kw name="Log To Message">
<arg>Action not developed. Terminate the TestCase here!!!</arg>
<status status="NOT RUN" starttime="20241129 09:28:42.022" endtime="20241129 09:28:42.022"/>
</kw>
<kw name="ex-fail" library="EX_Exception">
<arg>ACTION_NOT_DEVELOPED</arg>
<tag>exception</tag>
<doc>wrapper over the builtin Fail keyword, to support additional operations during failure</doc>
<status status="NOT RUN" starttime="20241129 09:28:42.022" endtime="20241129 09:28:42.023"/>
</kw>
<status status="NOT RUN" starttime="20241129 09:28:42.014" endtime="20241129 09:28:42.023"/>
</branch>
<status status="FAIL" starttime="20241129 09:28:41.894" endtime="20241129 09:28:42.023"/>
</if>
<kw name="Log To Console" library="BuiltIn">
<arg>${value}</arg>
<doc>Logs the given message to the console.</doc>
<status status="NOT RUN" starttime="20241129 09:28:42.024" endtime="20241129 09:28:42.024"/>
</kw>
<return>
<value>${value}</value>
<status status="NOT RUN" starttime="20241129 09:28:42.024" endtime="20241129 09:28:42.024"/>
</return>
<status status="FAIL" starttime="20241129 09:28:41.893" endtime="20241129 09:28:42.025"/>
</kw>
<kw name="perform-assertion">
<var>${assertion_message}</var>
<arg>${ACCUMULATION}</arg>
<arg>${assertions}</arg>
<arg>${testCaseFlowSequence}[id]</arg>
<arg>${flowActionSequence}[id]</arg>
<arg>${value}</arg>
<status status="NOT RUN" starttime="20241129 09:28:42.026" endtime="20241129 09:28:42.026"/>
</kw>
<kw name="Log To Console" library="BuiltIn">
<arg>${assertion_message}</arg>
<doc>Logs the given message to the console.</doc>
<status status="NOT RUN" starttime="20241129 09:28:42.026" endtime="20241129 09:28:42.026"/>
</kw>
<kw name="send-action-sequence-message">
<arg>${flowActionSequence}[flowActionSequenceHistoryId]</arg>
<arg>COMPLETED</arg>
<arg>${action}</arg>
<arg>${input}</arg>
<arg>${EMPTY}</arg>
<arg>${assertion_message}</arg>
<status status="NOT RUN" starttime="20241129 09:28:42.026" endtime="20241129 09:28:42.027"/>
</kw>
<kw name="Sleep" library="BuiltIn">
<arg>${input}[waitAfterAction]s</arg>
<doc>Pauses the test executed for the given time.</doc>
<status status="NOT RUN" starttime="20241129 09:28:42.027" endtime="20241129 09:28:42.027"/>
</kw>
<status status="FAIL" starttime="20241129 09:28:41.888" endtime="20241129 09:28:42.027"/>
</branch>
<branch type="EXCEPT" variable="${error_message}">
<kw name="Log To Console" library="BuiltIn">
<arg>${error_message}</arg>
<doc>Logs the given message to the console.</doc>
<status status="PASS" starttime="20241129 09:28:42.027" endtime="20241129 09:28:42.028"/>
</kw>
<kw name="send-action-sequence-message">
<arg>${flowActionSequence}[flowActionSequenceHistoryId]</arg>
<arg>FAILED</arg>
<arg>${action}</arg>
<arg>${input}</arg>
<arg>${error_message}</arg>
<kw name="is-value-not-none" library="UTIL_Collection">
<var>${is_selector_exists}</var>
<arg>${action}</arg>
<arg>selector</arg>
<tag>util</tag>
<doc>checks whether the key exists in dicitonary</doc>
<kw name="Run Keyword And Return Status" library="BuiltIn">
<var>${no_none_exists}</var>
<arg>dictionary should contain key</arg>
<arg>${dictionary}</arg>
<arg>${key}</arg>
<doc>Runs the given keyword with given arguments and returns the status as a Boolean value.</doc>
<kw name="Dictionary Should Contain Key" library="Collections">
<arg>${dictionary}</arg>
<arg>${key}</arg>
<doc>Fails if ``key`` is not found from ``dictionary``.</doc>
<status status="PASS" starttime="20241129 09:28:42.031" endtime="20241129 09:28:42.031"/>
</kw>
<msg timestamp="20241129 09:28:42.032" level="INFO">${no_none_exists} = True</msg>
<status status="PASS" starttime="20241129 09:28:42.031" endtime="20241129 09:28:42.032"/>
</kw>
<if>
<branch type="IF" condition="$no_none_exists == $True">
<kw name="Set Variable" library="BuiltIn">
<var>${values}</var>
<arg>${dictionary}[${key}]</arg>
<doc>Returns the given values which can then be assigned to a variables.</doc>
<msg timestamp="20241129 09:28:42.032" level="INFO">${values} = {'id': '1', 'name': 'Username', 'xpath': '//input', 'pageId': '1', 'createdAt': '2024-11-28T06:56:16.519Z', 'updatedAt': '2024-11-29T03:58:09.844Z'}</msg>
<status status="PASS" starttime="20241129 09:28:42.032" endtime="20241129 09:28:42.032"/>
</kw>
<if>
<branch type="IF" condition="$values != $None">
<kw name="Set Variable" library="BuiltIn">
<var>${no_none_exists}</var>
<arg>${True}</arg>
<doc>Returns the given values which can then be assigned to a variables.</doc>
<msg timestamp="20241129 09:28:42.033" level="INFO">${no_none_exists} = True</msg>
<status status="PASS" starttime="20241129 09:28:42.033" endtime="20241129 09:28:42.033"/>
</kw>
<status status="PASS" starttime="20241129 09:28:42.033" endtime="20241129 09:28:42.033"/>
</branch>
<branch type="ELSE">
<kw name="Set Variable" library="BuiltIn">
<var>${no_none_exists}</var>
<arg>${False}</arg>
<doc>Returns the given values which can then be assigned to a variables.</doc>
<status status="NOT RUN" starttime="20241129 09:28:42.033" endtime="20241129 09:28:42.033"/>
</kw>
<status status="NOT RUN" starttime="20241129 09:28:42.033" endtime="20241129 09:28:42.033"/>
</branch>
<status status="PASS" starttime="20241129 09:28:42.032" endtime="20241129 09:28:42.034"/>
</if>
<status status="PASS" starttime="20241129 09:28:42.032" endtime="20241129 09:28:42.034"/>
</branch>
<status status="PASS" starttime="20241129 09:28:42.032" endtime="20241129 09:28:42.034"/>
</if>
<return>
<value>${no_none_exists}</value>
<status status="PASS" starttime="20241129 09:28:42.034" endtime="20241129 09:28:42.034"/>
</return>
<msg timestamp="20241129 09:28:42.034" level="INFO">${is_selector_exists} = True</msg>
<status status="PASS" starttime="20241129 09:28:42.031" endtime="20241129 09:28:42.034"/>
</kw>
<if>
<branch type="IF" condition="$is_selector_exists">
<kw name="Set Variable" library="BuiltIn">
<var>${xpath}</var>
<arg>${action}[selector][xpath]</arg>
<doc>Returns the given values which can then be assigned to a variables.</doc>
<msg timestamp="20241129 09:28:42.035" level="INFO">${xpath} = //input</msg>
<status status="PASS" starttime="20241129 09:28:42.035" endtime="20241129 09:28:42.035"/>
</kw>
<status status="PASS" starttime="20241129 09:28:42.034" endtime="20241129 09:28:42.035"/>
</branch>
<branch type="ELSE">
<kw name="Set Variable" library="BuiltIn">
<var>${xpath}</var>
<arg>${EMPTY}</arg>
<doc>Returns the given values which can then be assigned to a variables.</doc>
<status status="NOT RUN" starttime="20241129 09:28:42.035" endtime="20241129 09:28:42.035"/>
</kw>
<status status="NOT RUN" starttime="20241129 09:28:42.035" endtime="20241129 09:28:42.035"/>
</branch>
<status status="PASS" starttime="20241129 09:28:42.034" endtime="20241129 09:28:42.035"/>
</if>
<kw name="Create Dictionary" library="BuiltIn">
<var>${response_message}</var>
<arg>flowActionSequenceHistoryId=${flowActionSequenceHistoryId}</arg>
<arg>status=${status}</arg>
<arg>actionName=${action}[name]</arg>
<arg>actionType=${action}[type]</arg>
<arg>actionXpath=${xpath}</arg>
<arg>inputValue=${input}[value]</arg>
<arg>errorMessage=${errorMessage}</arg>
<arg>assertionMessage=${assertionMessage}</arg>
<doc>Creates and returns a dictionary based on the given ``items``.</doc>
<msg timestamp="20241129 09:28:42.036" level="INFO">${response_message} = {'flowActionSequenceHistoryId': '82', 'status': 'FAILED', 'actionName': 'Set username', 'actionType': 'TYPE_TEXT', 'actionXpath': '//input', 'inputValue': 'bharani@ideas2it.com', 'errorMessage': 'FOUN...</msg>
<status status="PASS" starttime="20241129 09:28:42.035" endtime="20241129 09:28:42.036"/>
</kw>
<kw name="Push response message to kafka topic" library="UTIL_Common">
<arg>${response_message}</arg>
<tag>function</tag>
<doc>push the response message to kafka topic</doc>
<kw name="Evaluate" library="BuiltIn">
<var>${json_response}</var>
<arg>json.dumps(${payload_response_msg})</arg>
<arg>json</arg>
<doc>Evaluates the given expression in Python and returns the result.</doc>
<msg timestamp="20241129 09:28:42.037" level="INFO">${json_response} = {"flowActionSequenceHistoryId": "82", "status": "FAILED", "actionName": "Set username", "actionType": "TYPE_TEXT", "actionXpath": "//input", "inputValue": "bharani@ideas2it.com", "errorMessage": "FOUN...</msg>
<status status="PASS" starttime="20241129 09:28:42.037" endtime="20241129 09:28:42.037"/>
</kw>
<kw name="Push Message To Topic" library="TopicProducer">
<var>${producer_response}</var>
<arg>${json_response}</arg>
<doc>Kafka Producer to send the response as json message and push it</doc>
<msg timestamp="20241129 09:28:42.063" level="INFO">Message delivered to response_topic [0]</msg>
<msg timestamp="20241129 09:28:42.063" level="INFO">${producer_response} = &lt;function delivery_report at 0x00000194D50AB430&gt;</msg>
<status status="PASS" starttime="20241129 09:28:42.038" endtime="20241129 09:28:42.063"/>
</kw>
<kw name="Log To Console" library="BuiltIn">
<arg>kafka_producer_response:${producer_response}</arg>
<doc>Logs the given message to the console.</doc>
<status status="PASS" starttime="20241129 09:28:42.063" endtime="20241129 09:28:42.064"/>
</kw>
<return>
<value>${producer_response}</value>
<status status="PASS" starttime="20241129 09:28:42.064" endtime="20241129 09:28:42.064"/>
</return>
<status status="PASS" starttime="20241129 09:28:42.037" endtime="20241129 09:28:42.064"/>
</kw>
<status status="PASS" starttime="20241129 09:28:42.028" endtime="20241129 09:28:42.064"/>
</kw>
<kw name="ex-fail" library="EX_Exception">
<arg>${error_message}</arg>
<tag>exception</tag>
<doc>wrapper over the builtin Fail keyword, to support additional operations during failure</doc>
<kw name="Log To Console" library="BuiltIn">
<arg>&lt;===Error occurred:${exception}===&gt;</arg>
<arg>ERROR</arg>
<doc>Logs the given message to the console.</doc>
<status status="PASS" starttime="20241129 09:28:42.065" endtime="20241129 09:28:42.066"/>
</kw>
<kw name="Fail" library="BuiltIn">
<arg>${exception}</arg>
<doc>Fails the test with the given message and optionally alters its tags.</doc>
<msg timestamp="20241129 09:28:42.066" level="FAIL">FOUND_MULTIPLE_ELEMENTS</msg>
<status status="FAIL" starttime="20241129 09:28:42.066" endtime="20241129 09:28:42.066"/>
</kw>
<status status="FAIL" starttime="20241129 09:28:42.065" endtime="20241129 09:28:42.067"/>
</kw>
<status status="FAIL" starttime="20241129 09:28:42.027" endtime="20241129 09:28:42.067"/>
</branch>
<status status="FAIL" starttime="20241129 09:28:41.888" endtime="20241129 09:28:42.067"/>
</try>
<status status="FAIL" starttime="20241129 09:28:41.888" endtime="20241129 09:28:42.068"/>
</iter>
<status status="FAIL" starttime="20241129 09:28:37.200" endtime="20241129 09:28:42.068"/>
</for>
<status status="FAIL" starttime="20241129 09:28:37.200" endtime="20241129 09:28:42.068"/>
</branch>
<status status="FAIL" starttime="20241129 09:28:37.200" endtime="20241129 09:28:42.068"/>
</if>
<kw name="send-flow-sequence-message">
<arg>${testCaseFlowSequence}[testCaseFlowSequenceHistoryId]</arg>
<arg>COMPLETED</arg>
<status status="NOT RUN" starttime="20241129 09:28:42.069" endtime="20241129 09:28:42.069"/>
</kw>
<status status="FAIL" starttime="20241129 09:28:37.191" endtime="20241129 09:28:42.069"/>
</branch>
<branch type="EXCEPT" variable="${error_message}">
<kw name="Log To Console" library="BuiltIn">
<arg>${error_message}</arg>
<doc>Logs the given message to the console.</doc>
<status status="PASS" starttime="20241129 09:28:42.069" endtime="20241129 09:28:42.070"/>
</kw>
<kw name="send-flow-sequence-message">
<arg>${testCaseFlowSequence}[testCaseFlowSequenceHistoryId]</arg>
<arg>FAILED</arg>
<arg>${error_message}</arg>
<kw name="Create Dictionary" library="BuiltIn">
<var>${response_message}</var>
<arg>testCaseFlowSequenceHistoryId=${testCaseFlowSequenceHistoryId}</arg>
<arg>status=${status}</arg>
<arg>errorMessage=${errorMessage}</arg>
<doc>Creates and returns a dictionary based on the given ``items``.</doc>
<msg timestamp="20241129 09:28:42.071" level="INFO">${response_message} = {'testCaseFlowSequenceHistoryId': '21', 'status': 'FAILED', 'errorMessage': 'FOUND_MULTIPLE_ELEMENTS'}</msg>
<status status="PASS" starttime="20241129 09:28:42.070" endtime="20241129 09:28:42.071"/>
</kw>
<kw name="Push response message to kafka topic" library="UTIL_Common">
<arg>${response_message}</arg>
<tag>function</tag>
<doc>push the response message to kafka topic</doc>
<kw name="Evaluate" library="BuiltIn">
<var>${json_response}</var>
