<?xml version="1.0" encoding="UTF-8"?>
<robot generator="Robot 5.0.1 (Python 3.9.20 on win32)" generated="20241123 15:13:53.905" rpa="true" schemaversion="3">
<suite id="s1" name="Start" source="C:\Users\Admin\Documents\Hackathon\Test Automation Studio\Test-automation-studio-projects\test-automation-rf\code\robots\start.robot">
<test id="s1-t1" name="initialize-fb-worker" line="43">
<kw name="execute-functional-block">
<tag>to-initialize-library</tag>
<doc>To execute fb</doc>
<while condition="'${TERMINATION_FLAG}' == 'False'">
<iter>
<kw name="launch-browser" library="COMP_BrowserContext">
<kw name="New Browser" library="RPA.Browser.Playwright">
<arg>chromium</arg>
<arg>headless=False</arg>
<tag>BrowserControl</tag>
<tag>Setter</tag>
<doc>Create a new playwright Browser with specified options.</doc>
<msg timestamp="20241123 15:14:02.262" level="INFO">{"browser": "chromium", "headless": false, "devtools": false, "handleSIGHUP": true, "handleSIGINT": true, "handleSIGTERM": true, "slowMo": 0.0, "timeout": 30000.0, "deprecated_pos_args": [], "tracesDir": "C:\\Users\\Admin\\Documents\\Hackathon\\Test Automation Studio\\Test-automation-studio-projects\\test-automation-rf\\code\\browser\\traces\\7364d280-3e0f-44a1-82d7-02fcc79bb375"}</msg>
<msg timestamp="20241123 15:14:03.239" level="INFO">Successfully created browser with options: {"browser":"chromium","headless":false,"devtools":false,"handleSIGHUP":true,"handleSIGINT":true,"handleSIGTERM":true,"slowMo":0,"timeout":30000,"deprecated_pos_args":[],"tracesDir":"C:\\Users\\Admin\\Documents\\Hackathon\\Test Automation Studio\\Test-automation-studio-projects\\test-automation-rf\\code\\browser\\traces\\7364d280-3e0f-44a1-82d7-02fcc79bb375"}</msg>
<status status="PASS" starttime="20241123 15:14:02.261" endtime="20241123 15:14:03.239"/>
</kw>
<kw name="New Context" library="RPA.Browser.Playwright">
<arg>viewport={'width': 1280, 'height': 720}</arg>
<arg>acceptDownloads=True</arg>
<tag>BrowserControl</tag>
<tag>Setter</tag>
<doc>Create a new BrowserContext with specified options.</doc>
<msg timestamp="20241123 15:14:03.241" level="INFO">{
  "acceptDownloads": true,
  "bypassCSP": false,
  "forcedColors": "none",
  "hideRfBrowser": false,
  "ignoreHTTPSErrors": false,
  "javaScriptEnabled": true,
  "offline": false,
  "reducedMotion": "no-preference",
  "viewport": {
    "height": 720,
    "width": 1280
  },
  "deprecated_pos_args": []
}</msg>
<msg timestamp="20241123 15:14:03.274" level="INFO">Successfully created context. </msg>
<msg timestamp="20241123 15:14:03.275" level="INFO">{'acceptDownloads': True, 'bypassCSP': False, 'forcedColors': 'none', 'hideRfBrowser': False, 'ignoreHTTPSErrors': False, 'javaScriptEnabled': True, 'offline': False, 'reducedMotion': 'no-preference', 'viewport': {'height': 720, 'width': 1280}, 'deprecated_pos_args': []}</msg>
<status status="PASS" starttime="20241123 15:14:03.240" endtime="20241123 15:14:03.275"/>
</kw>
<kw name="Set Browser Timeout" library="RPA.Browser.Playwright">
<arg>${browser_timeout}</arg>
<tag>Config</tag>
<tag>Setter</tag>
<doc>Sets the timeout used by most input and getter keywords.</doc>
<msg timestamp="20241123 15:14:03.283" level="INFO">Set timeout to: 20000</msg>
<status status="PASS" starttime="20241123 15:14:03.276" endtime="20241123 15:14:03.283"/>
</kw>
<kw name="New Page" library="RPA.Browser.Playwright">
<var>${page_id}</var>
<arg>https://www.google.com/</arg>
<tag>BrowserControl</tag>
<tag>Setter</tag>
<doc>Open a new Page.</doc>
<msg timestamp="20241123 15:14:06.396" level="INFO">Successfully initialized new page object and opened url: https://www.google.com/</msg>
<msg timestamp="20241123 15:14:06.396" level="INFO">${page_id} = {'page_id': 'page=8cba51d2-7a9c-469c-9680-fa40c58fb68d', 'video_path': ''}</msg>
<status status="PASS" starttime="20241123 15:14:03.284" endtime="20241123 15:14:06.396"/>
</kw>
<status status="PASS" starttime="20241123 15:14:02.261" endtime="20241123 15:14:06.397"/>
</kw>
<kw name="Log To Console" library="BuiltIn">
<arg>&lt;===Polling message===&gt;</arg>
<doc>Logs the given message to the console.</doc>
<status status="PASS" starttime="20241123 15:14:06.397" endtime="20241123 15:14:06.398"/>
</kw>
<kw name="Get A Command" library="CommandConsumer">
<var>${json}</var>
<arg>${5}</arg>
<msg timestamp="20241123 15:14:06.416" level="INFO">${json} = {'type': 'START_RUN', 'payload': {'testCaseRun': {'id': '86', 'testCaseId': '27', 'status': 'ADDED_TO_QUEUE', 'updatedAt': '2024-11-23T09:41:52.140Z', 'createdAt': '2024-11-23T09:41:52.140Z', 'errorMe...</msg>
<status status="PASS" starttime="20241123 15:14:06.398" endtime="20241123 15:14:06.416"/>
</kw>
<if>
<branch type="IF" condition="'${json}[type]' == 'KILL'">
<break>
<status status="NOT RUN" starttime="20241123 15:14:06.417" endtime="20241123 15:14:06.417"/>
</break>
<status status="NOT RUN" starttime="20241123 15:14:06.417" endtime="20241123 15:14:06.417"/>
</branch>
<status status="PASS" starttime="20241123 15:14:06.417" endtime="20241123 15:14:06.417"/>
</if>
<try>
<branch type="TRY">
<kw name="execute-test-case">
<arg>${json}</arg>
<kw name="Log To Console" library="BuiltIn">
<arg>Test Case Data=&gt; ${input}</arg>
<doc>Logs the given message to the console.</doc>
<status status="PASS" starttime="20241123 15:14:06.418" endtime="20241123 15:14:06.420"/>
</kw>
<kw name="is-value-not-none" library="UTIL_Collection">
<var>${is_type_exists}</var>
<arg>${input}</arg>
<arg>type</arg>
<tag>util</tag>
<doc>checks whether the key exists in dicitonary</doc>
<kw name="Run Keyword And Return Status" library="BuiltIn">
<var>${no_none_exists}</var>
<arg>dictionary should contain key</arg>
<arg>${dictionary}</arg>
<arg>${key}</arg>
<doc>Runs the given keyword with given arguments and returns the status as a Boolean value.</doc>
<kw name="Dictionary Should Contain Key" library="Collections">
<arg>${dictionary}</arg>
<arg>${key}</arg>
<doc>Fails if ``key`` is not found from ``dictionary``.</doc>
<status status="PASS" starttime="20241123 15:14:06.423" endtime="20241123 15:14:06.423"/>
</kw>
<msg timestamp="20241123 15:14:06.423" level="INFO">${no_none_exists} = True</msg>
<status status="PASS" starttime="20241123 15:14:06.422" endtime="20241123 15:14:06.423"/>
</kw>
<if>
<branch type="IF" condition="$no_none_exists == $True">
<kw name="Set Variable" library="BuiltIn">
<var>${values}</var>
<arg>${dictionary}[${key}]</arg>
<doc>Returns the given values which can then be assigned to a variables.</doc>
<msg timestamp="20241123 15:14:06.426" level="INFO">${values} = START_RUN</msg>
<status status="PASS" starttime="20241123 15:14:06.426" endtime="20241123 15:14:06.426"/>
</kw>
<if>
<branch type="IF" condition="$values != $None">
<kw name="Set Variable" library="BuiltIn">
<var>${no_none_exists}</var>
<arg>${True}</arg>
<doc>Returns the given values which can then be assigned to a variables.</doc>
<msg timestamp="20241123 15:14:06.427" level="INFO">${no_none_exists} = True</msg>
<status status="PASS" starttime="20241123 15:14:06.426" endtime="20241123 15:14:06.427"/>
</kw>
<status status="PASS" starttime="20241123 15:14:06.426" endtime="20241123 15:14:06.427"/>
</branch>
<branch type="ELSE">
<kw name="Set Variable" library="BuiltIn">
<var>${no_none_exists}</var>
<arg>${False}</arg>
<doc>Returns the given values which can then be assigned to a variables.</doc>
<status status="NOT RUN" starttime="20241123 15:14:06.427" endtime="20241123 15:14:06.427"/>
</kw>
<status status="NOT RUN" starttime="20241123 15:14:06.427" endtime="20241123 15:14:06.427"/>
</branch>
<status status="PASS" starttime="20241123 15:14:06.426" endtime="20241123 15:14:06.427"/>
</if>
<status status="PASS" starttime="20241123 15:14:06.426" endtime="20241123 15:14:06.427"/>
</branch>
<status status="PASS" starttime="20241123 15:14:06.423" endtime="20241123 15:14:06.427"/>
</if>
<return>
<value>${no_none_exists}</value>
<status status="PASS" starttime="20241123 15:14:06.427" endtime="20241123 15:14:06.427"/>
</return>
<msg timestamp="20241123 15:14:06.428" level="INFO">${is_type_exists} = True</msg>
<status status="PASS" starttime="20241123 15:14:06.422" endtime="20241123 15:14:06.428"/>
</kw>
<if>
<branch type="IF" condition="$is_type_exists == $False">
<kw name="Log To Console" library="BuiltIn">
<arg>Type not exists in the input</arg>
<doc>Logs the given message to the console.</doc>
<status status="NOT RUN" starttime="20241123 15:14:06.428" endtime="20241123 15:14:06.428"/>
</kw>
<return>
<status status="NOT RUN" starttime="20241123 15:14:06.428" endtime="20241123 15:14:06.429"/>
</return>
<status status="NOT RUN" starttime="20241123 15:14:06.428" endtime="20241123 15:14:06.429"/>
</branch>
<status status="PASS" starttime="20241123 15:14:06.428" endtime="20241123 15:14:06.429"/>
</if>
<if>
<branch type="IF" condition="'${input}[type]' == '${COMMAND_TYPE_START_RUN}'">
<kw name="is-value-not-none" library="UTIL_Collection">
<var>${is_test_case_exists}</var>
<arg>${input}[payload]</arg>
<arg>testCase</arg>
<tag>util</tag>
<doc>checks whether the key exists in dicitonary</doc>
<kw name="Run Keyword And Return Status" library="BuiltIn">
<var>${no_none_exists}</var>
<arg>dictionary should contain key</arg>
<arg>${dictionary}</arg>
<arg>${key}</arg>
<doc>Runs the given keyword with given arguments and returns the status as a Boolean value.</doc>
<kw name="Dictionary Should Contain Key" library="Collections">
<arg>${dictionary}</arg>
<arg>${key}</arg>
<doc>Fails if ``key`` is not found from ``dictionary``.</doc>
<status status="PASS" starttime="20241123 15:14:06.431" endtime="20241123 15:14:06.431"/>
</kw>
<msg timestamp="20241123 15:14:06.432" level="INFO">${no_none_exists} = True</msg>
<status status="PASS" starttime="20241123 15:14:06.431" endtime="20241123 15:14:06.432"/>
</kw>
<if>
<branch type="IF" condition="$no_none_exists == $True">
<kw name="Set Variable" library="BuiltIn">
<var>${values}</var>
<arg>${dictionary}[${key}]</arg>
<doc>Returns the given values which can then be assigned to a variables.</doc>
<msg timestamp="20241123 15:14:06.432" level="INFO">${values} = {'id': '27', 'name': 'Login positive', 'projectId': '4', 'createdAt': '2024-11-21T16:43:35.118Z', 'updatedAt': '2024-11-22T07:35:54.969Z', 'testCaseFlowSequences': [{'id': '46', 'testCaseId': '27', 'f...</msg>
<status status="PASS" starttime="20241123 15:14:06.432" endtime="20241123 15:14:06.432"/>
</kw>
<if>
<branch type="IF" condition="$values != $None">
<kw name="Set Variable" library="BuiltIn">
<var>${no_none_exists}</var>
<arg>${True}</arg>
<doc>Returns the given values which can then be assigned to a variables.</doc>
<msg timestamp="20241123 15:14:06.433" level="INFO">${no_none_exists} = True</msg>
<status status="PASS" starttime="20241123 15:14:06.433" endtime="20241123 15:14:06.433"/>
</kw>
<status status="PASS" starttime="20241123 15:14:06.433" endtime="20241123 15:14:06.433"/>
</branch>
<branch type="ELSE">
<kw name="Set Variable" library="BuiltIn">
<var>${no_none_exists}</var>
<arg>${False}</arg>
<doc>Returns the given values which can then be assigned to a variables.</doc>
<status status="NOT RUN" starttime="20241123 15:14:06.433" endtime="20241123 15:14:06.433"/>
</kw>
<status status="NOT RUN" starttime="20241123 15:14:06.433" endtime="20241123 15:14:06.433"/>
</branch>
<status status="PASS" starttime="20241123 15:14:06.432" endtime="20241123 15:14:06.433"/>
</if>
<status status="PASS" starttime="20241123 15:14:06.432" endtime="20241123 15:14:06.433"/>
</branch>
<status status="PASS" starttime="20241123 15:14:06.432" endtime="20241123 15:14:06.433"/>
</if>
<return>
<value>${no_none_exists}</value>
<status status="PASS" starttime="20241123 15:14:06.433" endtime="20241123 15:14:06.434"/>
</return>
<msg timestamp="20241123 15:14:06.434" level="INFO">${is_test_case_exists} = True</msg>
<status status="PASS" starttime="20241123 15:14:06.431" endtime="20241123 15:14:06.434"/>
</kw>
<kw name="is-value-not-none" library="UTIL_Collection">
<var>${is_test_case_run_exists}</var>
<arg>${input}[payload]</arg>
<arg>testCaseRun</arg>
<tag>util</tag>
<doc>checks whether the key exists in dicitonary</doc>
<kw name="Run Keyword And Return Status" library="BuiltIn">
<var>${no_none_exists}</var>
<arg>dictionary should contain key</arg>
<arg>${dictionary}</arg>
<arg>${key}</arg>
<doc>Runs the given keyword with given arguments and returns the status as a Boolean value.</doc>
<kw name="Dictionary Should Contain Key" library="Collections">
<arg>${dictionary}</arg>
<arg>${key}</arg>
<doc>Fails if ``key`` is not found from ``dictionary``.</doc>
<status status="PASS" starttime="20241123 15:14:06.436" endtime="20241123 15:14:06.436"/>
</kw>
<msg timestamp="20241123 15:14:06.437" level="INFO">${no_none_exists} = True</msg>
<status status="PASS" starttime="20241123 15:14:06.436" endtime="20241123 15:14:06.437"/>
</kw>
<if>
<branch type="IF" condition="$no_none_exists == $True">
<kw name="Set Variable" library="BuiltIn">
<var>${values}</var>
<arg>${dictionary}[${key}]</arg>
<doc>Returns the given values which can then be assigned to a variables.</doc>
<msg timestamp="20241123 15:14:06.438" level="INFO">${values} = {'id': '86', 'testCaseId': '27', 'status': 'ADDED_TO_QUEUE', 'updatedAt': '2024-11-23T09:41:52.140Z', 'createdAt': '2024-11-23T09:41:52.140Z', 'errorMessage': None}</msg>
<status status="PASS" starttime="20241123 15:14:06.438" endtime="20241123 15:14:06.438"/>
</kw>
<if>
<branch type="IF" condition="$values != $None">
<kw name="Set Variable" library="BuiltIn">
<var>${no_none_exists}</var>
<arg>${True}</arg>
<doc>Returns the given values which can then be assigned to a variables.</doc>
<msg timestamp="20241123 15:14:06.439" level="INFO">${no_none_exists} = True</msg>
<status status="PASS" starttime="20241123 15:14:06.439" endtime="20241123 15:14:06.439"/>
</kw>
<status status="PASS" starttime="20241123 15:14:06.439" endtime="20241123 15:14:06.439"/>
</branch>
<branch type="ELSE">
<kw name="Set Variable" library="BuiltIn">
<var>${no_none_exists}</var>
<arg>${False}</arg>
<doc>Returns the given values which can then be assigned to a variables.</doc>
<status status="NOT RUN" starttime="20241123 15:14:06.440" endtime="20241123 15:14:06.440"/>
</kw>
<status status="NOT RUN" starttime="20241123 15:14:06.439" endtime="20241123 15:14:06.440"/>
</branch>
<status status="PASS" starttime="20241123 15:14:06.438" endtime="20241123 15:14:06.440"/>
</if>
<status status="PASS" starttime="20241123 15:14:06.437" endtime="20241123 15:14:06.440"/>
</branch>
<status status="PASS" starttime="20241123 15:14:06.437" endtime="20241123 15:14:06.440"/>
</if>
<return>
<value>${no_none_exists}</value>
<status status="PASS" starttime="20241123 15:14:06.440" endtime="20241123 15:14:06.440"/>
</return>
<msg timestamp="20241123 15:14:06.440" level="INFO">${is_test_case_run_exists} = True</msg>
<status status="PASS" starttime="20241123 15:14:06.435" endtime="20241123 15:14:06.440"/>
</kw>
<if>
<branch type="IF" condition="$is_test_case_exists == $False or $is_test_case_run_exists == $False">
<kw name="Log To Console" library="BuiltIn">
<arg>Testcase or TestCaseRun data not available in input</arg>
<doc>Logs the given message to the console.</doc>
<status status="NOT RUN" starttime="20241123 15:14:06.441" endtime="20241123 15:14:06.441"/>
</kw>
<status status="NOT RUN" starttime="20241123 15:14:06.441" endtime="20241123 15:14:06.441"/>
</branch>
<status status="PASS" starttime="20241123 15:14:06.441" endtime="20241123 15:14:06.441"/>
</if>
<kw name="Set Variable" library="BuiltIn">
<var>${testCase}</var>
<arg>${input}[payload][testCase]</arg>
<doc>Returns the given values which can then be assigned to a variables.</doc>
<msg timestamp="20241123 15:14:06.442" level="INFO">${testCase} = {'id': '27', 'name': 'Login positive', 'projectId': '4', 'createdAt': '2024-11-21T16:43:35.118Z', 'updatedAt': '2024-11-22T07:35:54.969Z', 'testCaseFlowSequences': [{'id': '46', 'testCaseId': '27', 'f...</msg>
<status status="PASS" starttime="20241123 15:14:06.441" endtime="20241123 15:14:06.442"/>
</kw>
<kw name="Set Variable" library="BuiltIn">
<var>${testCaseRun}</var>
<arg>${input}[payload][testCaseRun]</arg>
<doc>Returns the given values which can then be assigned to a variables.</doc>
<msg timestamp="20241123 15:14:06.442" level="INFO">${testCaseRun} = {'id': '86', 'testCaseId': '27', 'status': 'ADDED_TO_QUEUE', 'updatedAt': '2024-11-23T09:41:52.140Z', 'createdAt': '2024-11-23T09:41:52.140Z', 'errorMessage': None}</msg>
<status status="PASS" starttime="20241123 15:14:06.442" endtime="20241123 15:14:06.442"/>
</kw>
<kw name="Log To Console" library="BuiltIn">
<arg>Test Case Name: ${testCase}[name]</arg>
<doc>Logs the given message to the console.</doc>
<status status="PASS" starttime="20241123 15:14:06.443" endtime="20241123 15:14:06.444"/>
</kw>
<try>
<branch type="TRY">
<kw name="is-value-not-none" library="UTIL_Collection">
<var>${is_test_case_flow_sequences_exists}</var>
<arg>${testCase}</arg>
<arg>testCaseFlowSequences</arg>
<tag>util</tag>
<doc>checks whether the key exists in dicitonary</doc>
<kw name="Run Keyword And Return Status" library="BuiltIn">
<var>${no_none_exists}</var>
<arg>dictionary should contain key</arg>
<arg>${dictionary}</arg>
<arg>${key}</arg>
<doc>Runs the given keyword with given arguments and returns the status as a Boolean value.</doc>
<kw name="Dictionary Should Contain Key" library="Collections">
<arg>${dictionary}</arg>
<arg>${key}</arg>
<doc>Fails if ``key`` is not found from ``dictionary``.</doc>
<status status="PASS" starttime="20241123 15:14:06.447" endtime="20241123 15:14:06.448"/>
</kw>
<msg timestamp="20241123 15:14:06.448" level="INFO">${no_none_exists} = True</msg>
<status status="PASS" starttime="20241123 15:14:06.447" endtime="20241123 15:14:06.448"/>
</kw>
<if>
<branch type="IF" condition="$no_none_exists == $True">
<kw name="Set Variable" library="BuiltIn">
<var>${values}</var>
<arg>${dictionary}[${key}]</arg>
<doc>Returns the given values which can then be assigned to a variables.</doc>
<msg timestamp="20241123 15:14:06.449" level="INFO">${values} = [{'id': '46', 'testCaseId': '27', 'flowId': '14', 'order': 0, 'createdAt': '2024-11-21T16:43:35.233Z', 'updatedAt': '2024-11-22T07:35:55.016Z', 'flow': {'id': '14', 'name': 'Login', 'projectId': '4', ...</msg>
<status status="PASS" starttime="20241123 15:14:06.448" endtime="20241123 15:14:06.449"/>
</kw>
<if>
<branch type="IF" condition="$values != $None">
<kw name="Set Variable" library="BuiltIn">
<var>${no_none_exists}</var>
<arg>${True}</arg>
<doc>Returns the given values which can then be assigned to a variables.</doc>
<msg timestamp="20241123 15:14:06.450" level="INFO">${no_none_exists} = True</msg>
<status status="PASS" starttime="20241123 15:14:06.449" endtime="20241123 15:14:06.450"/>
</kw>
<status status="PASS" starttime="20241123 15:14:06.449" endtime="20241123 15:14:06.450"/>
</branch>
<branch type="ELSE">
<kw name="Set Variable" library="BuiltIn">
<var>${no_none_exists}</var>
<arg>${False}</arg>
<doc>Returns the given values which can then be assigned to a variables.</doc>
<status status="NOT RUN" starttime="20241123 15:14:06.450" endtime="20241123 15:14:06.450"/>
</kw>
<status status="NOT RUN" starttime="20241123 15:14:06.450" endtime="20241123 15:14:06.450"/>
</branch>
<status status="PASS" starttime="20241123 15:14:06.449" endtime="20241123 15:14:06.450"/>
</if>
<status status="PASS" starttime="20241123 15:14:06.448" endtime="20241123 15:14:06.450"/>
</branch>
<status status="PASS" starttime="20241123 15:14:06.448" endtime="20241123 15:14:06.450"/>
</if>
<return>
<value>${no_none_exists}</value>
<status status="PASS" starttime="20241123 15:14:06.451" endtime="20241123 15:14:06.451"/>
</return>
<msg timestamp="20241123 15:14:06.451" level="INFO">${is_test_case_flow_sequences_exists} = True</msg>
<status status="PASS" starttime="20241123 15:14:06.446" endtime="20241123 15:14:06.451"/>
</kw>
<kw name="Create Dictionary" library="BuiltIn">
<var>${test_case_run_response_message}</var>
<arg>testCaseRunId=${testCaseRun}[id]</arg>
<arg>status=STARTED</arg>
<doc>Creates and returns a dictionary based on the given ``items``.</doc>
<msg timestamp="20241123 15:14:06.452" level="INFO">${test_case_run_response_message} = {'testCaseRunId': '86', 'status': 'STARTED'}</msg>
<status status="PASS" starttime="20241123 15:14:06.451" endtime="20241123 15:14:06.452"/>
</kw>
<kw name="Push response message to kafka topic" library="UTIL_Common">
<arg>${test_case_run_response_message}</arg>
<tag>function</tag>
<doc>push the response message to kafka topic</doc>
<kw name="Evaluate" library="BuiltIn">
<var>${json_response}</var>
<arg>json.dumps(${payload_response_msg})</arg>
<arg>json</arg>
<doc>Evaluates the given expression in Python and returns the result.</doc>
<msg timestamp="20241123 15:14:06.453" level="INFO">${json_response} = {"testCaseRunId": "86", "status": "STARTED"}</msg>
<status status="PASS" starttime="20241123 15:14:06.453" endtime="20241123 15:14:06.453"/>
</kw>
<kw name="Push Message To Topic" library="TopicProducer">
<var>${producer_response}</var>
<arg>${json_response}</arg>
<doc>Kafka Producer to send the response as json message and push it</doc>
<msg timestamp="20241123 15:14:06.483" level="INFO">Message delivered to response_topic [0]</msg>
<msg timestamp="20241123 15:14:06.483" level="INFO">${producer_response} = &lt;function delivery_report at 0x000002658F6A03A0&gt;</msg>
<status status="PASS" starttime="20241123 15:14:06.453" endtime="20241123 15:14:06.483"/>
</kw>
<kw name="Log To Console" library="BuiltIn">
<arg>kafka_producer_response:${producer_response}</arg>
<doc>Logs the given message to the console.</doc>
<status status="PASS" starttime="20241123 15:14:06.483" endtime="20241123 15:14:06.484"/>
</kw>
<return>
<value>${producer_response}</value>
<status status="PASS" starttime="20241123 15:14:06.484" endtime="20241123 15:14:06.484"/>
</return>
<status status="PASS" starttime="20241123 15:14:06.452" endtime="20241123 15:14:06.484"/>
</kw>
<if>
<branch type="IF" condition="$is_test_case_flow_sequences_exists">
<for flavor="IN">
<var>${testCaseFlowSequence}</var>
<value>@{testCase}[testCaseFlowSequences]</value>
<iter>
<var name="${testCaseFlowSequence}">{'id': '46', 'testCaseId': '27', 'flowId': '14', 'order': 0, 'createdAt': '2024-11-21T16:43:35.233Z', 'updatedAt': '2024-11-22T07:35:55.016Z', 'flow': {'id': '14', 'name': 'Login', 'projectId': '4', '...</var>
<try>
<branch type="TRY">
<kw name="Set Variable" library="BuiltIn">
<var>${flow}</var>
<arg>${testCaseFlowSequence}[flow]</arg>
<doc>Returns the given values which can then be assigned to a variables.</doc>
<msg timestamp="20241123 15:14:06.486" level="INFO">${flow} = {'id': '14', 'name': 'Login', 'projectId': '4', 'createdAt': '2024-11-21T16:43:09.327Z', 'updatedAt': '2024-11-22T04:20:41.623Z', 'flowActionSequences': [{'id': '41', 'actionId': '28', 'flowId': '14',...</msg>
<status status="PASS" starttime="20241123 15:14:06.485" endtime="20241123 15:14:06.486"/>
</kw>
<kw name="Log To Console" library="BuiltIn">
<arg>Flow Name: ${flow}[name]</arg>
<doc>Logs the given message to the console.</doc>
<status status="PASS" starttime="20241123 15:14:06.486" endtime="20241123 15:14:06.487"/>
</kw>
<kw name="is-value-not-none" library="UTIL_Collection">
<var>${is_flow_action_sequences_exists}</var>
<arg>${flow}</arg>
<arg>flowActionSequences</arg>
<tag>util</tag>
<doc>checks whether the key exists in dicitonary</doc>
<kw name="Run Keyword And Return Status" library="BuiltIn">
<var>${no_none_exists}</var>
<arg>dictionary should contain key</arg>
<arg>${dictionary}</arg>
<arg>${key}</arg>
<doc>Runs the given keyword with given arguments and returns the status as a Boolean value.</doc>
<kw name="Dictionary Should Contain Key" library="Collections">
<arg>${dictionary}</arg>
<arg>${key}</arg>
<doc>Fails if ``key`` is not found from ``dictionary``.</doc>
<status status="PASS" starttime="20241123 15:14:06.492" endtime="20241123 15:14:06.493"/>
</kw>
<msg timestamp="20241123 15:14:06.493" level="INFO">${no_none_exists} = True</msg>
<status status="PASS" starttime="20241123 15:14:06.492" endtime="20241123 15:14:06.493"/>
</kw>
<if>
<branch type="IF" condition="$no_none_exists == $True">
<kw name="Set Variable" library="BuiltIn">
<var>${values}</var>
<arg>${dictionary}[${key}]</arg>
<doc>Returns the given values which can then be assigned to a variables.</doc>
<msg timestamp="20241123 15:14:06.495" level="INFO">${values} = [{'id': '41', 'actionId': '28', 'flowId': '14', 'order': 0, 'createdAt': '2024-11-21T16:43:09.645Z', 'updatedAt': '2024-11-22T04:20:41.468Z', 'action': {'id': '28', 'name': 'Launch browser', 'type': '...</msg>
<status status="PASS" starttime="20241123 15:14:06.494" endtime="20241123 15:14:06.495"/>
</kw>
<if>
<branch type="IF" condition="$values != $None">
<kw name="Set Variable" library="BuiltIn">
<var>${no_none_exists}</var>
<arg>${True}</arg>
<doc>Returns the given values which can then be assigned to a variables.</doc>
<msg timestamp="20241123 15:14:06.496" level="INFO">${no_none_exists} = True</msg>
<status status="PASS" starttime="20241123 15:14:06.495" endtime="20241123 15:14:06.496"/>
</kw>
<status status="PASS" starttime="20241123 15:14:06.495" endtime="20241123 15:14:06.496"/>
</branch>
<branch type="ELSE">
<kw name="Set Variable" library="BuiltIn">
<var>${no_none_exists}</var>
<arg>${False}</arg>
<doc>Returns the given values which can then be assigned to a variables.</doc>
<status status="NOT RUN" starttime="20241123 15:14:06.496" endtime="20241123 15:14:06.497"/>
</kw>
<status status="NOT RUN" starttime="20241123 15:14:06.496" endtime="20241123 15:14:06.497"/>
</branch>
<status status="PASS" starttime="20241123 15:14:06.495" endtime="20241123 15:14:06.497"/>
</if>
<status status="PASS" starttime="20241123 15:14:06.494" endtime="20241123 15:14:06.497"/>
</branch>
<status status="PASS" starttime="20241123 15:14:06.493" endtime="20241123 15:14:06.497"/>
</if>
<return>
<value>${no_none_exists}</value>
<status status="PASS" starttime="20241123 15:14:06.497" endtime="20241123 15:14:06.498"/>
</return>
<msg timestamp="20241123 15:14:06.498" level="INFO">${is_flow_action_sequences_exists} = True</msg>
<status status="PASS" starttime="20241123 15:14:06.490" endtime="20241123 15:14:06.498"/>
</kw>
<if>
<branch type="IF" condition="$is_flow_action_sequences_exists">
<for flavor="IN">
<var>${flowActionSequence}</var>
<value>@{flow}[flowActionSequences]</value>
<iter>
<var name="${flowActionSequence}">{'id': '41', 'actionId': '28', 'flowId': '14', 'order': 0, 'createdAt': '2024-11-21T16:43:09.645Z', 'updatedAt': '2024-11-22T04:20:41.468Z', 'action': {'id': '28', 'name': 'Launch browser', 'type': 'L...</var>
<try>
<branch type="TRY">
<kw name="Set Variable" library="BuiltIn">
<var>${action}</var>
<arg>${flowActionSequence}[action]</arg>
<doc>Returns the given values which can then be assigned to a variables.</doc>
<msg timestamp="20241123 15:14:06.499" level="INFO">${action} = {'id': '28', 'name': 'Launch browser', 'type': 'LAUNCH_BROWSER', 'xpath': '', 'valueRege': '', 'projectId': '4', 'createdAt': '2024-11-21T16:38:00.836Z', 'updatedAt': '2024-11-21T16:38:00.836Z', 'inpu...</msg>
<status status="PASS" starttime="20241123 15:14:06.499" endtime="20241123 15:14:06.500"/>
</kw>
<kw name="Log To Console" library="BuiltIn">
<arg>Action Name: ${action}[name]</arg>
<doc>Logs the given message to the console.</doc>
<status status="PASS" starttime="20241123 15:14:06.500" endtime="20241123 15:14:06.500"/>
</kw>
<kw name="Get Selected Input" library="Common_util">
<var>${input}</var>
<arg>${flowActionSequence}</arg>
<msg timestamp="20241123 15:14:06.501" level="INFO">${input} = {'id': '25', 'actionId': '28', 'name': 'Login page', 'value': 'https://iassistant.ideas2it.com/login', 'waitAfterAction': '1', 'isDefault': True, 'createdAt': '2024-11-21T16:38:01.166Z', 'updatedAt': ...</msg>
<status status="PASS" starttime="20241123 15:14:06.501" endtime="20241123 15:14:06.501"/>
</kw>
<if>
<branch type="IF" condition="$input == $None">
<kw name="Log To Console" library="BuiltIn">
<arg>Input not found for this action. Terminate the test case here!!!</arg>
<doc>Logs the given message to the console.</doc>
<status status="NOT RUN" starttime="20241123 15:14:06.501" endtime="20241123 15:14:06.501"/>
</kw>
<kw name="ex-fail" library="EX_Exception">
<arg>INPUT_NOT_FOUND_IN_ACTION</arg>
<tag>exception</tag>
<doc>wrapper over the builtin Fail keyword, to support additional operations during failure</doc>
<status status="NOT RUN" starttime="20241123 15:14:06.502" endtime="20241123 15:14:06.502"/>
</kw>
<status status="NOT RUN" starttime="20241123 15:14:06.501" endtime="20241123 15:14:06.502"/>
</branch>
<status status="PASS" starttime="20241123 15:14:06.501" endtime="20241123 15:14:06.502"/>
</if>
<kw name="execute-action">
<arg>${action}</arg>
<arg>${input}</arg>
<kw name="Set Variable" library="BuiltIn">
<var>${value}</var>
<arg>${input}[value]</arg>
<doc>Returns the given values which can then be assigned to a variables.</doc>
<msg timestamp="20241123 15:14:06.502" level="INFO">${value} = https://iassistant.ideas2it.com/login</msg>
<status status="PASS" starttime="20241123 15:14:06.502" endtime="20241123 15:14:06.502"/>
</kw>
<if>
<branch type="IF" condition="'${action}[type]' == '${LAUNCH_BROWSER}'">
<kw name="new-page" library="COMP_BrowserContext">
<arg>${input}[value]</arg>
<kw name="New Page" library="RPA.Browser.Playwright">
<var>${page_id}</var>
<arg>${url}</arg>
<tag>BrowserControl</tag>
<tag>Setter</tag>
<doc>Open a new Page.</doc>
<msg timestamp="20241123 15:14:13.093" level="INFO">Successfully initialized new page object and opened url: https://iassistant.ideas2it.com/login</msg>
<msg timestamp="20241123 15:14:13.093" level="INFO">${page_id} = {'page_id': 'page=9752bce0-8421-48ef-9464-f75d3e3c5703', 'video_path': ''}</msg>
<status status="PASS" starttime="20241123 15:14:06.503" endtime="20241123 15:14:13.093"/>
</kw>
<kw name="Switch Page" library="RPA.Browser.Playwright">
<arg>${page_id}</arg>
<tag>BrowserControl</tag>
<tag>Setter</tag>
<doc>Switches the active browser page to another open page by ``id`` or ``NEW``.</doc>
<msg timestamp="20241123 15:14:13.094" level="INFO">Switching to page {'page_id': 'page=9752bce0-8421-48ef-9464-f75d3e3c5703', 'video_path': ''},context CURRENT, browser CURRENT</msg>
<msg timestamp="20241123 15:14:13.108" level="INFO">[
  {
    "type": "chromium",
    "id": "browser=eec30b0b-22e5-448f-97ef-6a341b0a5578",
    "contexts": [
      {
        "type": "context",
        "id": "context=f738259a-eeca-4331-be89-561b1414fdf3",
        "activePage": "page=9752bce0-8421-48ef-9464-f75d3e3c5703",
        "pages": [
          {
            "type": "page",
            "title": "Google",
            "url": "https://www.google.com/",
            "id": "page=8cba51d2-7a9c-469c-9680-fa40c58fb68d",
            "timestamp": 1732355043.603
          },
          {
            "type": "page",
            "title": "iAssistant",
            "url": "https://iassistant.ideas2it.com/login",
            "id": "page=9752bce0-8421-48ef-9464-f75d3e3c5703",
            "timestamp": 1732355046.556
          }
        ]
      }
    ],
    "activeContext": "context=f738259a-eeca-4331-be89-561b1414fdf3",
    "activeBrowser": true
  }
]</msg>
<msg timestamp="20241123 15:14:13.117" level="INFO">Successfully changed active page</msg>
<status status="PASS" starttime="20241123 15:14:13.094" endtime="20241123 15:14:13.118"/>
</kw>
<status status="PASS" starttime="20241123 15:14:06.503" endtime="20241123 15:14:13.118"/>
</kw>
<status status="PASS" starttime="20241123 15:14:06.503" endtime="20241123 15:14:13.118"/>
</branch>
<branch type="ELSE IF" condition="'${action}[type]' == '${NEW_PAGE}'">
<kw name="new-page" library="COMP_BrowserContext">
<arg>${input}[value]</arg>
<status status="NOT RUN" starttime="20241123 15:14:13.119" endtime="20241123 15:14:13.119"/>
</kw>
<status status="NOT RUN" starttime="20241123 15:14:13.118" endtime="20241123 15:14:13.119"/>
</branch>
<branch type="ELSE IF" condition="'${action}[type]' == '${CLICK}'">
<kw name="left-click" library="COMP_Button">
<arg>${action}[xpath]</arg>
<tag>component</tag>
<doc>Performs left click operation on button</doc>
<status status="NOT RUN" starttime="20241123 15:14:13.123" endtime="20241123 15:14:13.123"/>
</kw>
<status status="NOT RUN" starttime="20241123 15:14:13.119" endtime="20241123 15:14:13.124"/>
</branch>
<branch type="ELSE IF" condition="'${action}[type]' == '${DOUBLE_CLICK}'">
<kw name="left-click" library="COMP_Button">
<arg>${action}[xpath]</arg>
<tag>component</tag>
<doc>Performs left click operation on button</doc>
<status status="NOT RUN" starttime="20241123 15:14:13.126" endtime="20241123 15:14:13.126"/>
</kw>
<kw name="left-click" library="COMP_Button">
<arg>${action}[xpath]</arg>
<tag>component</tag>
<doc>Performs left click operation on button</doc>
<status status="NOT RUN" starttime="20241123 15:14:13.128" endtime="20241123 15:14:13.128"/>
</kw>
<status status="NOT RUN" starttime="20241123 15:14:13.124" endtime="20241123 15:14:13.128"/>
</branch>
<branch type="ELSE IF" condition="'${action}[type]' == '${GET_DROPDOWN_VALUE}'">
<kw name="get-selected-option" library="COMP_Select">
<var>${value}</var>
<arg>${action}[xpath]</arg>
<tag>component</tag>
<doc>Gets the selected option
Error will thrown if multiple options selected</doc>
<status status="NOT RUN" starttime="20241123 15:14:13.130" endtime="20241123 15:14:13.130"/>
</kw>
<status status="NOT RUN" starttime="20241123 15:14:13.129" endtime="20241123 15:14:13.130"/>
</branch>
<branch type="ELSE IF" condition="'${action}[type]' == '${SET_DROPDOWN_VALUE}'">
<kw name="select-single-option" library="COMP_Select">
<arg>${action}[xpath]</arg>
<arg>${input}[value]</arg>
<tag>component</tag>
<doc>Selects the option by given attribute</doc>
<status status="NOT RUN" starttime="20241123 15:14:13.134" endtime="20241123 15:14:13.135"/>
</kw>
<status status="NOT RUN" starttime="20241123 15:14:13.130" endtime="20241123 15:14:13.135"/>
</branch>
<branch type="ELSE IF" condition="'${action}[type]' == '${TYPE_TEXT}'">
<kw name="set-value" library="COMP_Textbox">
<arg>${action}[xpath]</arg>
<arg>${input}[value]</arg>
<tag>component</tag>
<doc>Updates Field Value and checks for post condition
And retries if the retry value is provided</doc>
<status status="NOT RUN" starttime="20241123 15:14:13.138" endtime="20241123 15:14:13.138"/>
</kw>
<status status="NOT RUN" starttime="20241123 15:14:13.135" endtime="20241123 15:14:13.138"/>
</branch>
<branch type="ELSE IF" condition="'${action}[type]' == '${GET_TEXTBOX_VALUE}'">
<kw name="get-value" library="COMP_Textbox">
<var>${value}</var>
<arg>${action}[xpath]</arg>
<tag>component</tag>
<doc>Returns Field Value</doc>
<status status="NOT RUN" starttime="20241123 15:14:13.140" endtime="20241123 15:14:13.140"/>
</kw>
<status status="NOT RUN" starttime="20241123 15:14:13.139" endtime="20241123 15:14:13.141"/>
</branch>
<branch type="ELSE IF" condition="'${action}[type]' == '${GET_CHECKBOX_VALUE}'">
<kw name="get-value" library="COMP_Checkbox">
<var>${value}</var>
<arg>${action}[xpath]</arg>
<tag>component</tag>
<doc>Gets the current checkbox status</doc>
<status status="NOT RUN" starttime="20241123 15:14:13.142" endtime="20241123 15:14:13.142"/>
</kw>
<if>
<branch type="IF" condition="${value}">
<kw name="Set Variable" library="BuiltIn">
<var>${value}</var>
<arg>SELECT</arg>
<doc>Returns the given values which can then be assigned to a variables.</doc>
<status status="NOT RUN" starttime="20241123 15:14:13.142" endtime="20241123 15:14:13.142"/>
</kw>
<status status="NOT RUN" starttime="20241123 15:14:13.142" endtime="20241123 15:14:13.143"/>
</branch>
<branch type="ELSE">
<kw name="Set Variable" library="BuiltIn">
<var>${value}</var>
<arg>UN_SELECT</arg>
<doc>Returns the given values which can then be assigned to a variables.</doc>
<status status="NOT RUN" starttime="20241123 15:14:13.143" endtime="20241123 15:14:13.143"/>
</kw>
<status status="NOT RUN" starttime="20241123 15:14:13.143" endtime="20241123 15:14:13.143"/>
</branch>
<status status="NOT RUN" starttime="20241123 15:14:13.142" endtime="20241123 15:14:13.143"/>
</if>
<status status="NOT RUN" starttime="20241123 15:14:13.141" endtime="20241123 15:14:13.143"/>
</branch>
<branch type="ELSE IF" condition="'${action}[type]' == '${SET_CHECKBOX_VALUE}'">
<kw name="evaluate(${input}[value] == SELECT)">
<var>${select}</var>
<status status="NOT RUN" starttime="20241123 15:14:13.149" endtime="20241123 15:14:13.149"/>
</kw>
<kw name="set-value" library="COMP_Checkbox">
<arg>${action}[xpath]</arg>
<arg>${select}</arg>
<tag>component</tag>
<doc>Updates the Field value and checks for post condition
And retries if the retry value is provided</doc>
<status status="NOT RUN" starttime="20241123 15:14:13.152" endtime="20241123 15:14:13.153"/>
</kw>
<status status="NOT RUN" starttime="20241123 15:14:13.143" endtime="20241123 15:14:13.153"/>
</branch>
<branch type="ELSE IF" condition="'${action}[type]' == '${GET_RADIO_VALUE}'">
<kw name="get-value" library="COMP_Checkbox">
<var>${value}</var>
<arg>${action}[xpath]</arg>
<tag>component</tag>
<doc>Gets the current checkbox status</doc>
<status status="NOT RUN" starttime="20241123 15:14:13.154" endtime="20241123 15:14:13.154"/>
</kw>
<if>
<branch type="IF" condition="${value}">
<kw name="Set Variable" library="BuiltIn">
<var>${value}</var>
<arg>SELECT</arg>
<doc>Returns the given values which can then be assigned to a variables.</doc>
<status status="NOT RUN" starttime="20241123 15:14:13.155" endtime="20241123 15:14:13.155"/>
</kw>
<status status="NOT RUN" starttime="20241123 15:14:13.155" endtime="20241123 15:14:13.155"/>
</branch>
<branch type="ELSE">
<kw name="Set Variable" library="BuiltIn">
<var>${value}</var>
<arg>UN_SELECT</arg>
<doc>Returns the given values which can then be assigned to a variables.</doc>
<status status="NOT RUN" starttime="20241123 15:14:13.155" endtime="20241123 15:14:13.155"/>
</kw>
<status status="NOT RUN" starttime="20241123 15:14:13.155" endtime="20241123 15:14:13.155"/>
</branch>
<status status="NOT RUN" starttime="20241123 15:14:13.154" endtime="20241123 15:14:13.155"/>
</if>
<status status="NOT RUN" starttime="20241123 15:14:13.153" endtime="20241123 15:14:13.156"/>
</branch>
<branch type="ELSE IF" condition="'${action}[type]' == '${SET_RADIO_VALUE}'">
<kw name="evaluate(${input}[value] == SELECT)">
<var>${select}</var>
<status status="NOT RUN" starttime="20241123 15:14:13.161" endtime="20241123 15:14:13.161"/>
</kw>
<kw name="set-value" library="COMP_Checkbox">
<arg>${action}[xpath]</arg>
<arg>${select}</arg>
<tag>component</tag>
<doc>Updates the Field value and checks for post condition
And retries if the retry value is provided</doc>
<status status="NOT RUN" starttime="20241123 15:14:13.165" endtime="20241123 15:14:13.165"/>
</kw>
<status status="NOT RUN" starttime="20241123 15:14:13.156" endtime="20241123 15:14:13.165"/>
</branch>
<branch type="ELSE IF" condition="'${action}[type]' == '${IS_ELEMENT_VISIBLE}'">
<kw name="is-attached-after-wait" library="UTIL_BrowserHelper">
<var>${value}</var>
<arg>${action}[xpath]</arg>
<tag>util</tag>
<doc>checks whether the given selector is attached to the DOM
after waiting for the element state</doc>
<status status="NOT RUN" starttime="20241123 15:14:13.167" endtime="20241123 15:14:13.167"/>
</kw>
<status status="NOT RUN" starttime="20241123 15:14:13.165" endtime="20241123 15:14:13.167"/>
</branch>
<branch type="ELSE IF" condition="'${action}[type]' == '${GET_TEXT}'">
<kw name="get-property" library="UTIL_BrowserHelper">
<var>${value}</var>
<arg>${action}[xpath]</arg>
<arg>innerText</arg>
<tag>util</tag>
<doc>Method used to get property</doc>
<status status="NOT RUN" starttime="20241123 15:14:13.170" endtime="20241123 15:14:13.170"/>
</kw>
<status status="NOT RUN" starttime="20241123 15:14:13.168" endtime="20241123 15:14:13.170"/>
</branch>
<branch type="ELSE">
<kw name="Log To Message">
<arg>Action not developed. Terminate the TestCase here!!!</arg>
<status status="NOT RUN" starttime="20241123 15:14:13.176" endtime="20241123 15:14:13.176"/>
</kw>
<kw name="ex-fail" library="EX_Exception">
<arg>ACTION_NOT_DEVELOPED</arg>
<tag>exception</tag>
<doc>wrapper over the builtin Fail keyword, to support additional operations during failure</doc>
<status status="NOT RUN" starttime="20241123 15:14:13.177" endtime="20241123 15:14:13.177"/>
</kw>
<status status="NOT RUN" starttime="20241123 15:14:13.170" endtime="20241123 15:14:13.177"/>
</branch>
<status status="PASS" starttime="20241123 15:14:06.503" endtime="20241123 15:14:13.177"/>
</if>
<kw name="Log To Console" library="BuiltIn">
<arg>${value}</arg>
<doc>Logs the given message to the console.</doc>
<status status="PASS" starttime="20241123 15:14:13.177" endtime="20241123 15:14:13.178"/>
</kw>
<kw name="Sleep" library="BuiltIn">
<arg>${input}[waitAfterAction]s</arg>
<doc>Pauses the test executed for the given time.</doc>
<msg timestamp="20241123 15:14:14.185" level="INFO">Slept 1 second</msg>
<status status="PASS" starttime="20241123 15:14:13.178" endtime="20241123 15:14:14.185"/>
</kw>
<status status="PASS" starttime="20241123 15:14:06.502" endtime="20241123 15:14:14.185"/>
</kw>
<kw name="send-action-sequence-message">
<arg>${flowActionSequence}[id]</arg>
<arg>${testCaseRun}[id]</arg>
<arg>COMPLETED</arg>
<kw name="Create Dictionary" library="BuiltIn">
<var>${response_message}</var>
<arg>flowActionSequenceId=${flowActionSequenceId}</arg>
<arg>testCaseRunId=${testCaseRunId}</arg>
<arg>status=${status}</arg>
<arg>errorMessage=${errorMessage}</arg>
<doc>Creates and returns a dictionary based on the given ``items``.</doc>
<msg timestamp="20241123 15:14:14.187" level="INFO">${response_message} = {'flowActionSequenceId': '41', 'testCaseRunId': '86', 'status': 'COMPLETED', 'errorMessage': ''}</msg>
<status status="PASS" starttime="20241123 15:14:14.186" endtime="20241123 15:14:14.187"/>
</kw>
<kw name="Push response message to kafka topic" library="UTIL_Common">
<arg>${response_message}</arg>
<tag>function</tag>
<doc>push the response message to kafka topic</doc>
<kw name="Evaluate" library="BuiltIn">
<var>${json_response}</var>
<arg>json.dumps(${payload_response_msg})</arg>
<arg>json</arg>
<doc>Evaluates the given expression in Python and returns the result.</doc>
<msg timestamp="20241123 15:14:14.188" level="INFO">${json_response} = {"flowActionSequenceId": "41", "testCaseRunId": "86", "status": "COMPLETED", "errorMessage": ""}</msg>
<status status="PASS" starttime="20241123 15:14:14.188" endtime="20241123 15:14:14.188"/>
</kw>
<kw name="Push Message To Topic" library="TopicProducer">
<var>${producer_response}</var>
<arg>${json_response}</arg>
<doc>Kafka Producer to send the response as json message and push it</doc>
<msg timestamp="20241123 15:14:14.194" level="INFO">Message delivered to response_topic [0]</msg>
<msg timestamp="20241123 15:14:14.194" level="INFO">${producer_response} = &lt;function delivery_report at 0x000002658F6A03A0&gt;</msg>
<status status="PASS" starttime="20241123 15:14:14.188" endtime="20241123 15:14:14.194"/>
</kw>
<kw name="Log To Console" library="BuiltIn">
<arg>kafka_producer_response:${producer_response}</arg>
<doc>Logs the given message to the console.</doc>
<status status="PASS" starttime="20241123 15:14:14.194" endtime="20241123 15:14:14.195"/>
</kw>
<return>
<value>${producer_response}</value>
<status status="PASS" starttime="20241123 15:14:14.195" endtime="20241123 15:14:14.195"/>
</return>
<status status="PASS" starttime="20241123 15:14:14.187" endtime="20241123 15:14:14.196"/>
</kw>
<status status="PASS" starttime="20241123 15:14:14.185" endtime="20241123 15:14:14.196"/>
</kw>
<status status="PASS" starttime="20241123 15:14:06.499" endtime="20241123 15:14:14.196"/>
</branch>
<branch type="EXCEPT" variable="${error_message}">
<kw name="Log To Console" library="BuiltIn">
<arg>${error_message}</arg>
<doc>Logs the given message to the console.</doc>
<status status="NOT RUN" starttime="20241123 15:14:14.196" endtime="20241123 15:14:14.196"/>
</kw>
<kw name="send-action-sequence-message">
<arg>${flowActionSequence}[id]</arg>
<arg>${testCaseRun}[id]</arg>
<arg>FAILED</arg>
<arg>${error_message}</arg>
<status status="NOT RUN" starttime="20241123 15:14:14.196" endtime="20241123 15:14:14.197"/>
</kw>
<kw name="ex-fail" library="EX_Exception">
<arg>${error_message}</arg>
<tag>exception</tag>
<doc>wrapper over the builtin Fail keyword, to support additional operations during failure</doc>
<status status="NOT RUN" starttime="20241123 15:14:14.198" endtime="20241123 15:14:14.198"/>
</kw>
<status status="NOT RUN" starttime="20241123 15:14:14.196" endtime="20241123 15:14:14.198"/>
</branch>
<status status="PASS" starttime="20241123 15:14:06.499" endtime="20241123 15:14:14.199"/>
</try>
<status status="PASS" starttime="20241123 15:14:06.499" endtime="20241123 15:14:14.199"/>
</iter>
<iter>
<var name="${flowActionSequence}">{'id': '43', 'actionId': '30', 'flowId': '14', 'order': 1, 'createdAt': '2024-11-21T16:43:09.646Z', 'updatedAt': '2024-11-22T04:20:41.490Z', 'action': {'id': '30', 'name': 'Set login password', 'type'...</var>
<try>
<branch type="TRY">
<kw name="Set Variable" library="BuiltIn">
<var>${action}</var>
<arg>${flowActionSequence}[action]</arg>
<doc>Returns the given values which can then be assigned to a variables.</doc>
<msg timestamp="20241123 15:14:14.200" level="INFO">${action} = {'id': '30', 'name': 'Set login password', 'type': 'TYPE_TEXT', 'xpath': '//input[@id="password"]', 'valueRege': '', 'projectId': '4', 'createdAt': '2024-11-21T16:39:54.768Z', 'updatedAt': '2024-11-21...</msg>
<status status="PASS" starttime="20241123 15:14:14.200" endtime="20241123 15:14:14.200"/>
</kw>
<kw name="Log To Console" library="BuiltIn">
<arg>Action Name: ${action}[name]</arg>
<doc>Logs the given message to the console.</doc>
<status status="PASS" starttime="20241123 15:14:14.201" endtime="20241123 15:14:14.202"/>
</kw>
<kw name="Get Selected Input" library="Common_util">
<var>${input}</var>
<arg>${flowActionSequence}</arg>
<msg timestamp="20241123 15:14:14.203" level="INFO">${input} = {'id': '27', 'actionId': '30', 'name': 'Bharani', 'value': 'vijaybharani', 'waitAfterAction': '1', 'isDefault': True, 'createdAt': '2024-11-21T16:39:55.091Z', 'updatedAt': '2024-11-21T17:23:21.466Z'}</msg>
<status status="PASS" starttime="20241123 15:14:14.202" endtime="20241123 15:14:14.203"/>
</kw>
<if>
<branch type="IF" condition="$input == $None">
<kw name="Log To Console" library="BuiltIn">
<arg>Input not found for this action. Terminate the test case here!!!</arg>
<doc>Logs the given message to the console.</doc>
<status status="NOT RUN" starttime="20241123 15:14:14.204" endtime="20241123 15:14:14.204"/>
</kw>
<kw name="ex-fail" library="EX_Exception">
<arg>INPUT_NOT_FOUND_IN_ACTION</arg>
<tag>exception</tag>
<doc>wrapper over the builtin Fail keyword, to support additional operations during failure</doc>
<status status="NOT RUN" starttime="20241123 15:14:14.204" endtime="20241123 15:14:14.205"/>
</kw>
<status status="NOT RUN" starttime="20241123 15:14:14.204" endtime="20241123 15:14:14.205"/>
</branch>
<status status="PASS" starttime="20241123 15:14:14.203" endtime="20241123 15:14:14.205"/>
</if>
<kw name="execute-action">
<arg>${action}</arg>
<arg>${input}</arg>
<kw name="Set Variable" library="BuiltIn">
<var>${value}</var>
<arg>${input}[value]</arg>
<doc>Returns the given values which can then be assigned to a variables.</doc>
<msg timestamp="20241123 15:14:14.206" level="INFO">${value} = vijaybharani</msg>
<status status="PASS" starttime="20241123 15:14:14.206" endtime="20241123 15:14:14.206"/>
</kw>
<if>
<branch type="IF" condition="'${action}[type]' == '${LAUNCH_BROWSER}'">
<kw name="new-page" library="COMP_BrowserContext">
<arg>${input}[value]</arg>
<status status="NOT RUN" starttime="20241123 15:14:14.207" endtime="20241123 15:14:14.207"/>
</kw>
<status status="NOT RUN" starttime="20241123 15:14:14.206" endtime="20241123 15:14:14.207"/>
</branch>
<branch type="ELSE IF" condition="'${action}[type]' == '${NEW_PAGE}'">
<kw name="new-page" library="COMP_BrowserContext">
<arg>${input}[value]</arg>
<status status="NOT RUN" starttime="20241123 15:14:14.208" endtime="20241123 15:14:14.208"/>
</kw>
<status status="NOT RUN" starttime="20241123 15:14:14.208" endtime="20241123 15:14:14.208"/>
</branch>
<branch type="ELSE IF" condition="'${action}[type]' == '${CLICK}'">
<kw name="left-click" library="COMP_Button">
<arg>${action}[xpath]</arg>
<tag>component</tag>
<doc>Performs left click operation on button</doc>
<status status="NOT RUN" starttime="20241123 15:14:14.212" endtime="20241123 15:14:14.212"/>
</kw>
<status status="NOT RUN" starttime="20241123 15:14:14.209" endtime="20241123 15:14:14.212"/>
</branch>
<branch type="ELSE IF" condition="'${action}[type]' == '${DOUBLE_CLICK}'">
<kw name="left-click" library="COMP_Button">
<arg>${action}[xpath]</arg>
<tag>component</tag>
<doc>Performs left click operation on button</doc>
<status status="NOT RUN" starttime="20241123 15:14:14.217" endtime="20241123 15:14:14.217"/>
</kw>
<kw name="left-click" library="COMP_Button">
<arg>${action}[xpath]</arg>
<tag>component</tag>
<doc>Performs left click operation on button</doc>
<status status="NOT RUN" starttime="20241123 15:14:14.220" endtime="20241123 15:14:14.220"/>
</kw>
<status status="NOT RUN" starttime="20241123 15:14:14.212" endtime="20241123 15:14:14.220"/>
</branch>
<branch type="ELSE IF" condition="'${action}[type]' == '${GET_DROPDOWN_VALUE}'">
<kw name="get-selected-option" library="COMP_Select">
<var>${value}</var>
<arg>${action}[xpath]</arg>
<tag>component</tag>
<doc>Gets the selected option
Error will thrown if multiple options selected</doc>
<status status="NOT RUN" starttime="20241123 15:14:14.222" endtime="20241123 15:14:14.222"/>
</kw>
<status status="NOT RUN" starttime="20241123 15:14:14.221" endtime="20241123 15:14:14.223"/>
</branch>
<branch type="ELSE IF" condition="'${action}[type]' == '${SET_DROPDOWN_VALUE}'">
<kw name="select-single-option" library="COMP_Select">
<arg>${action}[xpath]</arg>
<arg>${input}[value]</arg>
<tag>component</tag>
<doc>Selects the option by given attribute</doc>
<status status="NOT RUN" starttime="20241123 15:14:14.226" endtime="20241123 15:14:14.226"/>
</kw>
<status status="NOT RUN" starttime="20241123 15:14:14.223" endtime="20241123 15:14:14.226"/>
</branch>
<branch type="ELSE IF" condition="'${action}[type]' == '${TYPE_TEXT}'">
<kw name="set-value" library="COMP_Textbox">
<arg>${action}[xpath]</arg>
<arg>${input}[value]</arg>
<tag>component</tag>
<doc>Updates Field Value and checks for post condition
And retries if the retry value is provided</doc>
<kw name="validate-precondition" library="COMP_Textbox">
<arg>${selector}</arg>
<tag>robot:private</tag>
<doc>Method used to validate if the selector is actually an input
Also used to validate the input element before performing any action
...
INPUT:
//input[@id="password"]: string</doc>
<kw name="fail-if-not-attached-after-wait" library="UTIL_Validation">
<arg>${selector}</arg>
<tag>util</tag>
<doc>Throws error if the element is not attached to the DOM
after waiting for the element state</doc>
<kw name="is-attached-after-wait" library="UTIL_BrowserHelper">
<var>${is_attached}</var>
<arg>${selector}</arg>
<tag>util</tag>
<doc>checks whether the given selector is attached to the DOM
after waiting for the element state</doc>
<try>
<branch type="TRY">
<kw name="is-element-state-appear-after-wait" library="UTIL_BrowserHelper">
<var>${result}</var>
<arg>${selector}</arg>
<arg>${ELEMENT_STATE_ATTACHED}</arg>
<tag>util</tag>
<doc>Used to get the element state
after waiting for the element state</doc>
<try>
<branch type="TRY">
<kw name="Run Keyword And Return Status" library="BuiltIn">
<var>${result}</var>
<arg>RPA.Browser.Playwright.Wait For Elements State</arg>
<arg>${selector}</arg>
<arg>${state}</arg>
<arg>timeout=12s</arg>
<doc>Runs the given keyword with given arguments and returns the status as a Boolean value.</doc>
<kw name="Wait For Elements State" library="RPA.Browser.Playwright">
<arg>${selector}</arg>
<arg>${state}</arg>
<arg>timeout=12s</arg>
<tag>PageContent</tag>
<tag>Wait</tag>
<doc>Waits for the element found by ``selector`` to satisfy state option.</doc>
<msg timestamp="20241123 15:14:14.272" level="INFO">Waited for Element with selector //input[@id="password"] at state attached</msg>
<status status="PASS" starttime="20241123 15:14:14.240" endtime="20241123 15:14:14.272"/>
</kw>
<msg timestamp="20241123 15:14:14.273" level="INFO">${result} = True</msg>
<status status="PASS" starttime="20241123 15:14:14.239" endtime="20241123 15:14:14.273"/>
</kw>
<return>
<value>${result}</value>
<status status="PASS" starttime="20241123 15:14:14.273" endtime="20241123 15:14:14.273"/>
</return>
<status status="PASS" starttime="20241123 15:14:14.239" endtime="20241123 15:14:14.273"/>
</branch>
<branch type="EXCEPT" variable="${error_message}">
<kw name="Log To Console" library="BuiltIn">
<arg>Error while getting element state: ${error_message}</arg>
<arg>ERROR</arg>
<doc>Logs the given message to the console.</doc>
<status status="NOT RUN" starttime="20241123 15:14:14.273" endtime="20241123 15:14:14.273"/>
</kw>
<kw name="ex-fail" library="EX_Exception">
<arg>ELEMENT_NOT_ATTACHED</arg>
<tag>exception</tag>
<doc>wrapper over the builtin Fail keyword, to support additional operations during failure</doc>
<status status="NOT RUN" starttime="20241123 15:14:14.274" endtime="20241123 15:14:14.274"/>
</kw>
<status status="NOT RUN" starttime="20241123 15:14:14.273" endtime="20241123 15:14:14.274"/>
</branch>
<status status="PASS" starttime="20241123 15:14:14.239" endtime="20241123 15:14:14.274"/>
</try>
<msg timestamp="20241123 15:14:14.274" level="INFO">${result} = True</msg>
<status status="PASS" starttime="20241123 15:14:14.238" endtime="20241123 15:14:14.274"/>
</kw>
<return>
<value>${result}</value>
<status status="PASS" starttime="20241123 15:14:14.274" endtime="20241123 15:14:14.274"/>
</return>
<status status="PASS" starttime="20241123 15:14:14.236" endtime="20241123 15:14:14.274"/>
</branch>
<branch type="EXCEPT">
<return>
<value>${False}</value>
<status status="NOT RUN" starttime="20241123 15:14:14.275" endtime="20241123 15:14:14.275"/>
</return>
<status status="NOT RUN" starttime="20241123 15:14:14.274" endtime="20241123 15:14:14.275"/>
</branch>
<status status="PASS" starttime="20241123 15:14:14.236" endtime="20241123 15:14:14.275"/>
</try>
<msg timestamp="20241123 15:14:14.275" level="INFO">${is_attached} = True</msg>
<status status="PASS" starttime="20241123 15:14:14.235" endtime="20241123 15:14:14.275"/>
</kw>
<kw name="fail-keyword-if" library="UTIL_Validation">
<arg>${is_attached == False}</arg>
<arg>${message}</arg>
<tag>util</tag>
<doc>Throws error with a custom message if given condition satisifes
first argument must be an expression/boolean
second argument must a message
Eg: fail-keyword-if {var1 == var2} {message}</doc>
<if>
<branch type="IF" condition="${condition}">
<kw name="Log To Console" library="BuiltIn">
<arg>Conditional exception: ${message}</arg>
<arg>ERROR</arg>
<doc>Logs the given message to the console.</doc>
<status status="NOT RUN" starttime="20241123 15:14:14.278" endtime="20241123 15:14:14.278"/>
</kw>
<kw name="ex-fail" library="EX_Exception">
<arg>${message}</arg>
<tag>exception</tag>
<doc>wrapper over the builtin Fail keyword, to support additional operations during failure</doc>
<status status="NOT RUN" starttime="20241123 15:14:14.278" endtime="20241123 15:14:14.278"/>
</kw>
<status status="NOT RUN" starttime="20241123 15:14:14.277" endtime="20241123 15:14:14.278"/>
</branch>
<status status="PASS" starttime="20241123 15:14:14.277" endtime="20241123 15:14:14.278"/>
</if>
<status status="PASS" starttime="20241123 15:14:14.276" endtime="20241123 15:14:14.278"/>
</kw>
<status status="PASS" starttime="20241123 15:14:14.234" endtime="20241123 15:14:14.278"/>
</kw>
<kw name="fail-if-not-a-textbox" library="UTIL_Validation">
<arg>${selector}</arg>
<tag>util</tag>
<doc>Throws error if the element is not a valid textbox</doc>
<try>
<branch type="TRY">
<kw name="get-property" library="UTIL_BrowserHelper">
<var>${tag_name}</var>
<arg>${selector}</arg>
<arg>tagName</arg>
<tag>util</tag>
<doc>Method used to get property</doc>
<kw name="fail-if-not-attached-after-wait" library="UTIL_Validation">
<arg>${selector}</arg>
<tag>util</tag>
<doc>Throws error if the element is not attached to the DOM
after waiting for the element state</doc>
<kw name="is-attached-after-wait" library="UTIL_BrowserHelper">
<var>${is_attached}</var>
<arg>${selector}</arg>
<tag>util</tag>
<doc>checks whether the given selector is attached to the DOM
after waiting for the element state</doc>
<try>
<branch type="TRY">
<kw name="is-element-state-appear-after-wait" library="UTIL_BrowserHelper">
<var>${result}</var>
<arg>${selector}</arg>
<arg>${ELEMENT_STATE_ATTACHED}</arg>
<tag>util</tag>
<doc>Used to get the element state
after waiting for the element state</doc>
<try>
<branch type="TRY">
<kw name="Run Keyword And Return Status" library="BuiltIn">
<var>${result}</var>
<arg>RPA.Browser.Playwright.Wait For Elements State</arg>
<arg>${selector}</arg>
<arg>${state}</arg>
<arg>timeout=12s</arg>
<doc>Runs the given keyword with given arguments and returns the status as a Boolean value.</doc>
<kw name="Wait For Elements State" library="RPA.Browser.Playwright">
<arg>${selector}</arg>
<arg>${state}</arg>
<arg>timeout=12s</arg>
<tag>PageContent</tag>
<tag>Wait</tag>
<doc>Waits for the element found by ``selector`` to satisfy state option.</doc>
<msg timestamp="20241123 15:14:14.301" level="INFO">Waited for Element with selector //input[@id="password"] at state attached</msg>
<status status="PASS" starttime="20241123 15:14:14.290" endtime="20241123 15:14:14.301"/>
</kw>
<msg timestamp="20241123 15:14:14.301" level="INFO">${result} = True</msg>
<status status="PASS" starttime="20241123 15:14:14.290" endtime="20241123 15:14:14.301"/>
</kw>
<return>
<value>${result}</value>
<status status="PASS" starttime="20241123 15:14:14.301" endtime="20241123 15:14:14.301"/>
</return>
<status status="PASS" starttime="20241123 15:14:14.290" endtime="20241123 15:14:14.302"/>
</branch>
<branch type="EXCEPT" variable="${error_message}">
<kw name="Log To Console" library="BuiltIn">
<arg>Error while getting element state: ${error_message}</arg>
<arg>ERROR</arg>
<doc>Logs the given message to the console.</doc>
<status status="NOT RUN" starttime="20241123 15:14:14.302" endtime="20241123 15:14:14.302"/>
</kw>
<kw name="ex-fail" library="EX_Exception">
<arg>ELEMENT_NOT_ATTACHED</arg>
<tag>exception</tag>
<doc>wrapper over the builtin Fail keyword, to support additional operations during failure</doc>
<status status="NOT RUN" starttime="20241123 15:14:14.302" endtime="20241123 15:14:14.303"/>
</kw>
<status status="NOT RUN" starttime="20241123 15:14:14.302" endtime="20241123 15:14:14.303"/>
</branch>
<status status="PASS" starttime="20241123 15:14:14.290" endtime="20241123 15:14:14.303"/>
</try>
<msg timestamp="20241123 15:14:14.303" level="INFO">${result} = True</msg>
<status status="PASS" starttime="20241123 15:14:14.289" endtime="20241123 15:14:14.303"/>
</kw>
<return>
<value>${result}</value>
<status status="PASS" starttime="20241123 15:14:14.303" endtime="20241123 15:14:14.303"/>
</return>
<status status="PASS" starttime="20241123 15:14:14.288" endtime="20241123 15:14:14.304"/>
</branch>
<branch type="EXCEPT">
<return>
<value>${False}</value>
<status status="NOT RUN" starttime="20241123 15:14:14.304" endtime="20241123 15:14:14.304"/>
</return>
<status status="NOT RUN" starttime="20241123 15:14:14.304" endtime="20241123 15:14:14.304"/>
</branch>
<status status="PASS" starttime="20241123 15:14:14.288" endtime="20241123 15:14:14.304"/>
</try>
<msg timestamp="20241123 15:14:14.305" level="INFO">${is_attached} = True</msg>
<status status="PASS" starttime="20241123 15:14:14.288" endtime="20241123 15:14:14.305"/>
</kw>
<kw name="fail-keyword-if" library="UTIL_Validation">
<arg>${is_attached == False}</arg>
<arg>${message}</arg>
<tag>util</tag>
<doc>Throws error with a custom message if given condition satisifes
first argument must be an expression/boolean
second argument must a message
Eg: fail-keyword-if {var1 == var2} {message}</doc>
<if>
<branch type="IF" condition="${condition}">
<kw name="Log To Console" library="BuiltIn">
<arg>Conditional exception: ${message}</arg>
<arg>ERROR</arg>
<doc>Logs the given message to the console.</doc>
<status status="NOT RUN" starttime="20241123 15:14:14.309" endtime="20241123 15:14:14.309"/>
</kw>
<kw name="ex-fail" library="EX_Exception">
<arg>${message}</arg>
<tag>exception</tag>
<doc>wrapper over the builtin Fail keyword, to support additional operations during failure</doc>
<status status="NOT RUN" starttime="20241123 15:14:14.310" endtime="20241123 15:14:14.310"/>
</kw>
<status status="NOT RUN" starttime="20241123 15:14:14.309" endtime="20241123 15:14:14.310"/>
</branch>
<status status="PASS" starttime="20241123 15:14:14.309" endtime="20241123 15:14:14.310"/>
</if>
<status status="PASS" starttime="20241123 15:14:14.307" endtime="20241123 15:14:14.311"/>
</kw>
<status status="PASS" starttime="20241123 15:14:14.287" endtime="20241123 15:14:14.311"/>
</kw>
<try>
<branch type="TRY">
<kw name="Get Property" library="RPA.Browser.Playwright">
<var>${property}</var>
<arg>${selector}</arg>
<arg>${property_name}</arg>
<tag>Assertion</tag>
<tag>Getter</tag>
<tag>PageContent</tag>
<doc>Returns the ``property`` of the element found by ``selector``.</doc>
<msg timestamp="20241123 15:14:14.343" level="INFO">Property: 'INPUT'</msg>
<msg timestamp="20241123 15:14:14.343" level="INFO">${property} = INPUT</msg>
<status status="PASS" starttime="20241123 15:14:14.312" endtime="20241123 15:14:14.343"/>
</kw>
<return>
<value>${property}</value>
<status status="PASS" starttime="20241123 15:14:14.343" endtime="20241123 15:14:14.344"/>
</return>
<status status="PASS" starttime="20241123 15:14:14.312" endtime="20241123 15:14:14.344"/>
</branch>
<branch type="EXCEPT" variable="${error_message}">
<kw name="Log To Console" library="BuiltIn">
<arg>${error_message}</arg>
<arg>ERROR</arg>
<doc>Logs the given message to the console.</doc>
<status status="NOT RUN" starttime="20241123 15:14:14.344" endtime="20241123 15:14:14.344"/>
</kw>
<kw name="ex-fail" library="EX_Exception">
<arg>INVALID_BROWSER_ELEMENT_PROPERTY</arg>
<tag>exception</tag>
<doc>wrapper over the builtin Fail keyword, to support additional operations during failure</doc>
<status status="NOT RUN" starttime="20241123 15:14:14.344" endtime="20241123 15:14:14.344"/>
</kw>
<status status="NOT RUN" starttime="20241123 15:14:14.344" endtime="20241123 15:14:14.345"/>
</branch>
<status status="PASS" starttime="20241123 15:14:14.312" endtime="20241123 15:14:14.345"/>
</try>
<msg timestamp="20241123 15:14:14.345" level="INFO">${tag_name} = INPUT</msg>
<status status="PASS" starttime="20241123 15:14:14.285" endtime="20241123 15:14:14.345"/>
</kw>
<kw name="fail-keyword-if" library="UTIL_Validation">
<arg>${tag_name != 'INPUT'}</arg>
<arg>${message}</arg>
<tag>util</tag>
<doc>Throws error with a custom message if given condition satisifes
first argument must be an expression/boolean
second argument must a message
Eg: fail-keyword-if {var1 == var2} {message}</doc>
<if>
<branch type="IF" condition="${condition}">
<kw name="Log To Console" library="BuiltIn">
<arg>Conditional exception: ${message}</arg>
<arg>ERROR</arg>
<doc>Logs the given message to the console.</doc>
<status status="NOT RUN" starttime="20241123 15:14:14.349" endtime="20241123 15:14:14.349"/>
</kw>
<kw name="ex-fail" library="EX_Exception">
<arg>${message}</arg>
<tag>exception</tag>
<doc>wrapper over the builtin Fail keyword, to support additional operations during failure</doc>
<status status="NOT RUN" starttime="20241123 15:14:14.349" endtime="20241123 15:14:14.350"/>
</kw>
<status status="NOT RUN" starttime="20241123 15:14:14.348" endtime="20241123 15:14:14.350"/>
</branch>
<status status="PASS" starttime="20241123 15:14:14.348" endtime="20241123 15:14:14.350"/>
</if>
<status status="PASS" starttime="20241123 15:14:14.347" endtime="20241123 15:14:14.350"/>
</kw>
<status status="PASS" starttime="20241123 15:14:14.283" endtime="20241123 15:14:14.351"/>
</branch>
<branch type="EXCEPT">
<pattern>INVALID_BROWSER_ELEMENT_PROPERTY</pattern>
<kw name="ex-fail" library="EX_Exception">
<arg>${message}</arg>
<tag>exception</tag>
<doc>wrapper over the builtin Fail keyword, to support additional operations during failure</doc>
<status status="NOT RUN" starttime="20241123 15:14:14.351" endtime="20241123 15:14:14.351"/>
</kw>
<status status="NOT RUN" starttime="20241123 15:14:14.351" endtime="20241123 15:14:14.352"/>
</branch>
<status status="PASS" starttime="20241123 15:14:14.283" endtime="20241123 15:14:14.352"/>
</try>
<status status="PASS" starttime="20241123 15:14:14.282" endtime="20241123 15:14:14.352"/>
</kw>
<kw name="fail-if-not-visible-after-wait" library="UTIL_Validation">
<arg>${selector}</arg>
<tag>util</tag>
<doc>Throws error if the element is not visible
after waiting for the element state</doc>
<kw name="is-visible-after-wait" library="UTIL_BrowserHelper">
<var>${is_visible}</var>
<arg>${selector}</arg>
<tag>util</tag>
<doc>checks whether the given selector is visible
after waiting for the element state</doc>
<kw name="is-element-state-appear-after-wait" library="UTIL_BrowserHelper">
<var>${result}</var>
<arg>${selector}</arg>
<arg>${ELEMENT_STATE_VISIBLE}</arg>
<tag>util</tag>
<doc>Used to get the element state
after waiting for the element state</doc>
<try>
<branch type="TRY">
<kw name="Run Keyword And Return Status" library="BuiltIn">
<var>${result}</var>
<arg>RPA.Browser.Playwright.Wait For Elements State</arg>
<arg>${selector}</arg>
<arg>${state}</arg>
<arg>timeout=12s</arg>
<doc>Runs the given keyword with given arguments and returns the status as a Boolean value.</doc>
<kw name="Wait For Elements State" library="RPA.Browser.Playwright">
<arg>${selector}</arg>
<arg>${state}</arg>
<arg>timeout=12s</arg>
<tag>PageContent</tag>
<tag>Wait</tag>
<doc>Waits for the element found by ``selector`` to satisfy state option.</doc>
<msg timestamp="20241123 15:14:14.371" level="INFO">Waited for Element with selector //input[@id="password"] at state visible</msg>
<status status="PASS" starttime="20241123 15:14:14.363" endtime="20241123 15:14:14.371"/>
</kw>
<msg timestamp="20241123 15:14:14.372" level="INFO">${result} = True</msg>
<status status="PASS" starttime="20241123 15:14:14.362" endtime="20241123 15:14:14.372"/>
</kw>
<return>
<value>${result}</value>
<status status="PASS" starttime="20241123 15:14:14.372" endtime="20241123 15:14:14.372"/>
</return>
<status status="PASS" starttime="20241123 15:14:14.361" endtime="20241123 15:14:14.372"/>
</branch>
<branch type="EXCEPT" variable="${error_message}">
<kw name="Log To Console" library="BuiltIn">
<arg>Error while getting element state: ${error_message}</arg>
<arg>ERROR</arg>
<doc>Logs the given message to the console.</doc>
<status status="NOT RUN" starttime="20241123 15:14:14.373" endtime="20241123 15:14:14.373"/>
</kw>
<kw name="ex-fail" library="EX_Exception">
<arg>ELEMENT_NOT_ATTACHED</arg>
<tag>exception</tag>
<doc>wrapper over the builtin Fail keyword, to support additional operations during failure</doc>
<status status="NOT RUN" starttime="20241123 15:14:14.373" endtime="20241123 15:14:14.373"/>
</kw>
<status status="NOT RUN" starttime="20241123 15:14:14.372" endtime="20241123 15:14:14.374"/>
</branch>
<status status="PASS" starttime="20241123 15:14:14.361" endtime="20241123 15:14:14.374"/>
</try>
<msg timestamp="20241123 15:14:14.374" level="INFO">${result} = True</msg>
<status status="PASS" starttime="20241123 15:14:14.359" endtime="20241123 15:14:14.374"/>
</kw>
<return>
<value>${result}</value>
<status status="PASS" starttime="20241123 15:14:14.374" endtime="20241123 15:14:14.375"/>
</return>
<msg timestamp="20241123 15:14:14.375" level="INFO">${is_visible} = True</msg>
<status status="PASS" starttime="20241123 15:14:14.357" endtime="20241123 15:14:14.375"/>
</kw>
<kw name="fail-keyword-if" library="UTIL_Validation">
<arg>${is_visible == False}</arg>
<arg>${message}</arg>
<tag>util</tag>
<doc>Throws error with a custom message if given condition satisifes
first argument must be an expression/boolean
second argument must a message
Eg: fail-keyword-if {var1 == var2} {message}</doc>
<if>
<branch type="IF" condition="${condition}">
<kw name="Log To Console" library="BuiltIn">
<arg>Conditional exception: ${message}</arg>
<arg>ERROR</arg>
<doc>Logs the given message to the console.</doc>
<status status="NOT RUN" starttime="20241123 15:14:14.380" endtime="20241123 15:14:14.380"/>
</kw>
<kw name="ex-fail" library="EX_Exception">
<arg>${message}</arg>
<tag>exception</tag>
<doc>wrapper over the builtin Fail keyword, to support additional operations during failure</doc>
<status status="NOT RUN" starttime="20241123 15:14:14.381" endtime="20241123 15:14:14.381"/>
</kw>
<status status="NOT RUN" starttime="20241123 15:14:14.380" endtime="20241123 15:14:14.381"/>
</branch>
<status status="PASS" starttime="20241123 15:14:14.379" endtime="20241123 15:14:14.381"/>
</if>
<status status="PASS" starttime="20241123 15:14:14.377" endtime="20241123 15:14:14.381"/>
</kw>
<status status="PASS" starttime="20241123 15:14:14.356" endtime="20241123 15:14:14.381"/>
</kw>
<status status="PASS" starttime="20241123 15:14:14.230" endtime="20241123 15:14:14.382"/>
</kw>
<kw name="fail-if-not-editable-after-wait" library="UTIL_Validation">
<arg>${selector}</arg>
<tag>util</tag>
<doc>Throws error if the element is not editable
after waiting for the element state</doc>
<kw name="is-editable-after-wait" library="UTIL_BrowserHelper">
<var>${is_editable}</var>
<arg>${selector}</arg>
<tag>util</tag>
<doc>checks whether the given selector is editable
after waiting for the element state</doc>
<kw name="is-element-state-appear-after-wait" library="UTIL_BrowserHelper">
<var>${result}</var>
<arg>${selector}</arg>
<arg>${ELEMENT_STATE_EDITABLE}</arg>
<tag>util</tag>
<doc>Used to get the element state
after waiting for the element state</doc>
<try>
<branch type="TRY">
<kw name="Run Keyword And Return Status" library="BuiltIn">
<var>${result}</var>
<arg>RPA.Browser.Playwright.Wait For Elements State</arg>
<arg>${selector}</arg>
<arg>${state}</arg>
<arg>timeout=12s</arg>
<doc>Runs the given keyword with given arguments and returns the status as a Boolean value.</doc>
<kw name="Wait For Elements State" library="RPA.Browser.Playwright">
<arg>${selector}</arg>
<arg>${state}</arg>
<arg>timeout=12s</arg>
<tag>PageContent</tag>
<tag>Wait</tag>
<doc>Waits for the element found by ``selector`` to satisfy state option.</doc>
<msg timestamp="20241123 15:14:14.409" level="INFO">Waited for Element with selector //input[@id="password"] at state editable</msg>
<status status="PASS" starttime="20241123 15:14:14.387" endtime="20241123 15:14:14.409"/>
</kw>
<msg timestamp="20241123 15:14:14.410" level="INFO">${result} = True</msg>
<status status="PASS" starttime="20241123 15:14:14.387" endtime="20241123 15:14:14.410"/>
</kw>
<return>
<value>${result}</value>
<status status="PASS" starttime="20241123 15:14:14.410" endtime="20241123 15:14:14.410"/>
</return>
<status status="PASS" starttime="20241123 15:14:14.387" endtime="20241123 15:14:14.410"/>
</branch>
<branch type="EXCEPT" variable="${error_message}">
<kw name="Log To Console" library="BuiltIn">
<arg>Error while getting element state: ${error_message}</arg>
<arg>ERROR</arg>
<doc>Logs the given message to the console.</doc>
<status status="NOT RUN" starttime="20241123 15:14:14.410" endtime="20241123 15:14:14.410"/>
</kw>
<kw name="ex-fail" library="EX_Exception">
<arg>ELEMENT_NOT_ATTACHED</arg>
<tag>exception</tag>
<doc>wrapper over the builtin Fail keyword, to support additional operations during failure</doc>
<status status="NOT RUN" starttime="20241123 15:14:14.411" endtime="20241123 15:14:14.411"/>
</kw>
<status status="NOT RUN" starttime="20241123 15:14:14.410" endtime="20241123 15:14:14.411"/>
</branch>
<status status="PASS" starttime="20241123 15:14:14.387" endtime="20241123 15:14:14.411"/>
</try>
<msg timestamp="20241123 15:14:14.411" level="INFO">${result} = True</msg>
<status status="PASS" starttime="20241123 15:14:14.386" endtime="20241123 15:14:14.411"/>
</kw>
<return>
<value>${result}</value>
<status status="PASS" starttime="20241123 15:14:14.411" endtime="20241123 15:14:14.412"/>
</return>
<msg timestamp="20241123 15:14:14.412" level="INFO">${is_editable} = True</msg>
<status status="PASS" starttime="20241123 15:14:14.384" endtime="20241123 15:14:14.412"/>
</kw>
<kw name="fail-keyword-if" library="UTIL_Validation">
<arg>${is_editable == False}</arg>
<arg>${message}</arg>
<tag>util</tag>
<doc>Throws error with a custom message if given condition satisifes
first argument must be an expression/boolean
second argument must a message
Eg: fail-keyword-if {var1 == var2} {message}</doc>
<if>
<branch type="IF" condition="${condition}">
<kw name="Log To Console" library="BuiltIn">
<arg>Conditional exception: ${message}</arg>
<arg>ERROR</arg>
<doc>Logs the given message to the console.</doc>
<status status="NOT RUN" starttime="20241123 15:14:14.415" endtime="20241123 15:14:14.415"/>
</kw>
<kw name="ex-fail" library="EX_Exception">
<arg>${message}</arg>
<tag>exception</tag>
<doc>wrapper over the builtin Fail keyword, to support additional operations during failure</doc>
<status status="NOT RUN" starttime="20241123 15:14:14.416" endtime="20241123 15:14:14.416"/>
</kw>
<status status="NOT RUN" starttime="20241123 15:14:14.415" endtime="20241123 15:14:14.416"/>
</branch>
<status status="PASS" starttime="20241123 15:14:14.415" endtime="20241123 15:14:14.416"/>
</if>
<status status="PASS" starttime="20241123 15:14:14.414" endtime="20241123 15:14:14.416"/>
</kw>
<status status="PASS" starttime="20241123 15:14:14.384" endtime="20241123 15:14:14.416"/>
</kw>
<kw name="Create Dictionary" library="BuiltIn">
<var>${retry_info}</var>
<arg>is_first_try=${True}</arg>
<doc>Creates and returns a dictionary based on the given ``items``.</doc>
<msg timestamp="20241123 15:14:14.417" level="INFO">${retry_info} = {'is_first_try': True}</msg>
<status status="PASS" starttime="20241123 15:14:14.417" endtime="20241123 15:14:14.417"/>
</kw>
<try>
<branch type="TRY">
<kw name="Wait Until Keyword Succeeds" library="BuiltIn">
<arg>${retry_count}</arg>
<arg>1s</arg>
<arg>COMP_Textbox.fill-text-and-validate-post-condition</arg>
<arg>${retry_info}</arg>
<arg>${selector}</arg>
<arg>${value}</arg>
<doc>Runs the specified keyword and retries if it fails.</doc>
<kw name="fill-text-and-validate-post-condition" library="COMP_Textbox">
<arg>${retry_info}</arg>
<arg>${selector}</arg>
<arg>${value}</arg>
<tag>robot:private</tag>
<doc>Updates the Field value and checks for post condition
And retries if the retry value is provided</doc>
<if>
<branch type="IF" condition="${retry_info}[is_first_try] == ${False}">
<kw name="validate-precondition" library="COMP_Textbox">
<arg>${selector}</arg>
<tag>robot:private</tag>
<doc>Method used to validate if the selector is actually an input
Also used to validate the input element before performing any action
...
INPUT:
//input[@id="password"]: string</doc>
<status status="NOT RUN" starttime="20241123 15:14:14.419" endtime="20241123 15:14:14.419"/>
</kw>
<kw name="fail-if-not-editable-after-wait" library="UTIL_Validation">
<arg>${selector}</arg>
<tag>util</tag>
<doc>Throws error if the element is not editable
after waiting for the element state</doc>
<status status="NOT RUN" starttime="20241123 15:14:14.422" endtime="20241123 15:14:14.422"/>
</kw>
<status status="NOT RUN" starttime="20241123 15:14:14.419" endtime="20241123 15:14:14.422"/>
</branch>
<branch type="ELSE">
<kw name="Set To Dictionary" library="Collections">
<arg>${retry_info}</arg>
<arg>is_first_try=${False}</arg>
<doc>Adds the given ``key_value_pairs`` and ``items`` to the ``dictionary``.</doc>
<status status="PASS" starttime="20241123 15:14:14.422" endtime="20241123 15:14:14.423"/>
</kw>
<status status="PASS" starttime="20241123 15:14:14.422" endtime="20241123 15:14:14.423"/>
</branch>
<status status="PASS" starttime="20241123 15:14:14.419" endtime="20241123 15:14:14.423"/>
</if>
<try>
<branch type="TRY">
<kw name="Fill Text" library="RPA.Browser.Playwright">
<arg>${selector}</arg>
<arg>${value}</arg>
<tag>PageContent</tag>
<tag>Setter</tag>
<doc>Clears and fills the given ``txt`` into the text field found by ``selector``.</doc>
<msg timestamp="20241123 15:14:14.424" level="INFO">Fills the text 'vijaybharani' in the given field.</msg>
<status status="PASS" starttime="20241123 15:14:14.423" endtime="20241123 15:14:14.471"/>
</kw>
<status status="PASS" starttime="20241123 15:14:14.423" endtime="20241123 15:14:14.472"/>
</branch>
<branch type="EXCEPT" variable="${err_msg}">
<kw name="Log To Console" library="BuiltIn">
<arg>${err_msg}</arg>
<doc>Logs the given message to the console.</doc>
<status status="NOT RUN" starttime="20241123 15:14:14.472" endtime="20241123 15:14:14.472"/>
</kw>
<kw name="ex-fail" library="EX_Exception">
<arg>UNKNOWN_ERROR_OCCURRED</arg>
<tag>exception</tag>
<doc>wrapper over the builtin Fail keyword, to support additional operations during failure</doc>
<status status="NOT RUN" starttime="20241123 15:14:14.473" endtime="20241123 15:14:14.473"/>
</kw>
<status status="NOT RUN" starttime="20241123 15:14:14.472" endtime="20241123 15:14:14.473"/>
</branch>
<status status="PASS" starttime="20241123 15:14:14.423" endtime="20241123 15:14:14.473"/>
</try>
<kw name="fail-if-value-not-populated" library="COMP_Textbox">
<arg>${selector}</arg>
<arg>${value}</arg>
<tag>robot:private</tag>
<doc>Fails if the value is not populated in the given input field</doc>
<kw name="get-value" library="COMP_Textbox">
<var>${populated_value}</var>
<arg>${selector}</arg>
<tag>component</tag>
<doc>Returns Field Value</doc>
<kw name="validate-precondition" library="COMP_Textbox">
<arg>${selector}</arg>
<tag>robot:private</tag>
<doc>Method used to validate if the selector is actually an input
Also used to validate the input element before performing any action
...
INPUT:
//input[@id="password"]: string</doc>
<kw name="fail-if-not-attached-after-wait" library="UTIL_Validation">
<arg>${selector}</arg>
<tag>util</tag>
<doc>Throws error if the element is not attached to the DOM
after waiting for the element state</doc>
<kw name="is-attached-after-wait" library="UTIL_BrowserHelper">
<var>${is_attached}</var>
<arg>${selector}</arg>
<tag>util</tag>
<doc>checks whether the given selector is attached to the DOM
after waiting for the element state</doc>
<try>
<branch type="TRY">
<kw name="is-element-state-appear-after-wait" library="UTIL_BrowserHelper">
<var>${result}</var>
<arg>${selector}</arg>
<arg>${ELEMENT_STATE_ATTACHED}</arg>
<tag>util</tag>
<doc>Used to get the element state
after waiting for the element state</doc>
<try>
<branch type="TRY">
<kw name="Run Keyword And Return Status" library="BuiltIn">
<var>${result}</var>
<arg>RPA.Browser.Playwright.Wait For Elements State</arg>
<arg>${selector}</arg>
<arg>${state}</arg>
<arg>timeout=12s</arg>
<doc>Runs the given keyword with given arguments and returns the status as a Boolean value.</doc>
<kw name="Wait For Elements State" library="RPA.Browser.Playwright">
<arg>${selector}</arg>
<arg>${state}</arg>
<arg>timeout=12s</arg>
<tag>PageContent</tag>
<tag>Wait</tag>
<doc>Waits for the element found by ``selector`` to satisfy state option.</doc>
<msg timestamp="20241123 15:14:14.499" level="INFO">Waited for Element with selector //input[@id="password"] at state attached</msg>
[...]
<arg>${action}[xpath]</arg>
<tag>component</tag>
<doc>Performs left click operation on button</doc>
<status status="NOT RUN" starttime="20241123 15:14:23.182" endtime="20241123 15:14:23.182"/>
</kw>
<status status="NOT RUN" starttime="20241123 15:14:23.179" endtime="20241123 15:14:23.182"/>
</branch>
<branch type="ELSE IF" condition="'${action}[type]' == '${DOUBLE_CLICK}'">
<kw name="left-click" library="COMP_Button">
<arg>${action}[xpath]</arg>
<tag>component</tag>
<doc>Performs left click operation on button</doc>
<status status="NOT RUN" starttime="20241123 15:14:23.184" endtime="20241123 15:14:23.184"/>
</kw>
<kw name="left-click" library="COMP_Button">
<arg>${action}[xpath]</arg>
<tag>component</tag>
<doc>Performs left click operation on button</doc>
<status status="NOT RUN" starttime="20241123 15:14:23.186" endtime="20241123 15:14:23.186"/>
</kw>
<status status="NOT RUN" starttime="20241123 15:14:23.182" endtime="20241123 15:14:23.186"/>
</branch>
<branch type="ELSE IF" condition="'${action}[type]' == '${GET_DROPDOWN_VALUE}'">
<kw name="get-selected-option" library="COMP_Select">
<var>${value}</var>
<arg>${action}[xpath]</arg>
<tag>component</tag>
<doc>Gets the selected option
Error will thrown if multiple options selected</doc>
<status status="NOT RUN" starttime="20241123 15:14:23.188" endtime="20241123 15:14:23.189"/>
</kw>
<status status="NOT RUN" starttime="20241123 15:14:23.187" endtime="20241123 15:14:23.189"/>
</branch>
<branch type="ELSE IF" condition="'${action}[type]' == '${SET_DROPDOWN_VALUE}'">
<kw name="select-single-option" library="COMP_Select">
<arg>${action}[xpath]</arg>
<arg>${input}[value]</arg>
<tag>component</tag>
<doc>Selects the option by given attribute</doc>
<status status="NOT RUN" starttime="20241123 15:14:23.194" endtime="20241123 15:14:23.194"/>
</kw>
<status status="NOT RUN" starttime="20241123 15:14:23.191" endtime="20241123 15:14:23.194"/>
</branch>
<branch type="ELSE IF" condition="'${action}[type]' == '${TYPE_TEXT}'">
<kw name="set-value" library="COMP_Textbox">
<arg>${action}[xpath]</arg>
<arg>${input}[value]</arg>
<tag>component</tag>
<doc>Updates Field Value and checks for post condition
And retries if the retry value is provided</doc>
<status status="NOT RUN" starttime="20241123 15:14:23.198" endtime="20241123 15:14:23.198"/>
</kw>
<status status="NOT RUN" starttime="20241123 15:14:23.195" endtime="20241123 15:14:23.198"/>
</branch>
<branch type="ELSE IF" condition="'${action}[type]' == '${GET_TEXTBOX_VALUE}'">
<kw name="get-value" library="COMP_Textbox">
<var>${value}</var>
<arg>${action}[xpath]</arg>
<tag>component</tag>
<doc>Returns Field Value</doc>
<status status="NOT RUN" starttime="20241123 15:14:23.200" endtime="20241123 15:14:23.200"/>
</kw>
<status status="NOT RUN" starttime="20241123 15:14:23.199" endtime="20241123 15:14:23.200"/>
</branch>
<branch type="ELSE IF" condition="'${action}[type]' == '${GET_CHECKBOX_VALUE}'">
<kw name="get-value" library="COMP_Checkbox">
<var>${value}</var>
<arg>${action}[xpath]</arg>
<tag>component</tag>
<doc>Gets the current checkbox status</doc>
<status status="NOT RUN" starttime="20241123 15:14:23.202" endtime="20241123 15:14:23.202"/>
</kw>
<if>
<branch type="IF" condition="${value}">
<kw name="Set Variable" library="BuiltIn">
<var>${value}</var>
<arg>SELECT</arg>
<doc>Returns the given values which can then be assigned to a variables.</doc>
<status status="NOT RUN" starttime="20241123 15:14:23.202" endtime="20241123 15:14:23.202"/>
</kw>
<status status="NOT RUN" starttime="20241123 15:14:23.202" endtime="20241123 15:14:23.202"/>
</branch>
<branch type="ELSE">
<kw name="Set Variable" library="BuiltIn">
<var>${value}</var>
<arg>UN_SELECT</arg>
<doc>Returns the given values which can then be assigned to a variables.</doc>
<status status="NOT RUN" starttime="20241123 15:14:23.203" endtime="20241123 15:14:23.203"/>
</kw>
<status status="NOT RUN" starttime="20241123 15:14:23.203" endtime="20241123 15:14:23.203"/>
</branch>
<status status="NOT RUN" starttime="20241123 15:14:23.202" endtime="20241123 15:14:23.203"/>
</if>
<status status="NOT RUN" starttime="20241123 15:14:23.201" endtime="20241123 15:14:23.203"/>
</branch>
<branch type="ELSE IF" condition="'${action}[type]' == '${SET_CHECKBOX_VALUE}'">
<kw name="evaluate(${input}[value] == SELECT)">
<var>${select}</var>
<status status="NOT RUN" starttime="20241123 15:14:23.211" endtime="20241123 15:14:23.211"/>
</kw>
<kw name="set-value" library="COMP_Checkbox">
<arg>${action}[xpath]</arg>
<arg>${select}</arg>
<tag>component</tag>
<doc>Updates the Field value and checks for post condition
And retries if the retry value is provided</doc>
<status status="NOT RUN" starttime="20241123 15:14:23.214" endtime="20241123 15:14:23.214"/>
</kw>
<status status="NOT RUN" starttime="20241123 15:14:23.204" endtime="20241123 15:14:23.215"/>
</branch>
<branch type="ELSE IF" condition="'${action}[type]' == '${GET_RADIO_VALUE}'">
<kw name="get-value" library="COMP_Checkbox">
<var>${value}</var>
<arg>${action}[xpath]</arg>
<tag>component</tag>
<doc>Gets the current checkbox status</doc>
<status status="NOT RUN" starttime="20241123 15:14:23.216" endtime="20241123 15:14:23.216"/>
</kw>
<if>
<branch type="IF" condition="${value}">
<kw name="Set Variable" library="BuiltIn">
<var>${value}</var>
<arg>SELECT</arg>
<doc>Returns the given values which can then be assigned to a variables.</doc>
<status status="NOT RUN" starttime="20241123 15:14:23.217" endtime="20241123 15:14:23.217"/>
</kw>
<status status="NOT RUN" starttime="20241123 15:14:23.216" endtime="20241123 15:14:23.217"/>
</branch>
<branch type="ELSE">
<kw name="Set Variable" library="BuiltIn">
<var>${value}</var>
<arg>UN_SELECT</arg>
<doc>Returns the given values which can then be assigned to a variables.</doc>
<status status="NOT RUN" starttime="20241123 15:14:23.217" endtime="20241123 15:14:23.217"/>
</kw>
<status status="NOT RUN" starttime="20241123 15:14:23.217" endtime="20241123 15:14:23.217"/>
</branch>
<status status="NOT RUN" starttime="20241123 15:14:23.216" endtime="20241123 15:14:23.217"/>
</if>
<status status="NOT RUN" starttime="20241123 15:14:23.215" endtime="20241123 15:14:23.217"/>
</branch>
<branch type="ELSE IF" condition="'${action}[type]' == '${SET_RADIO_VALUE}'">
<kw name="evaluate(${input}[value] == SELECT)">
<var>${select}</var>
<status status="NOT RUN" starttime="20241123 15:14:23.224" endtime="20241123 15:14:23.224"/>
</kw>
<kw name="set-value" library="COMP_Checkbox">
<arg>${action}[xpath]</arg>
<arg>${select}</arg>
<tag>component</tag>
<doc>Updates the Field value and checks for post condition
And retries if the retry value is provided</doc>
<status status="NOT RUN" starttime="20241123 15:14:23.227" endtime="20241123 15:14:23.227"/>
</kw>
<status status="NOT RUN" starttime="20241123 15:14:23.218" endtime="20241123 15:14:23.227"/>
</branch>
<branch type="ELSE IF" condition="'${action}[type]' == '${IS_ELEMENT_VISIBLE}'">
<kw name="is-attached-after-wait" library="UTIL_BrowserHelper">
<var>${value}</var>
<arg>${action}[xpath]</arg>
<tag>util</tag>
<doc>checks whether the given selector is attached to the DOM
after waiting for the element state</doc>
<try>
<branch type="TRY">
<kw name="is-element-state-appear-after-wait" library="UTIL_BrowserHelper">
<var>${result}</var>
<arg>${selector}</arg>
<arg>${ELEMENT_STATE_ATTACHED}</arg>
<tag>util</tag>
<doc>Used to get the element state
after waiting for the element state</doc>
<try>
<branch type="TRY">
<kw name="Run Keyword And Return Status" library="BuiltIn">
<var>${result}</var>
<arg>RPA.Browser.Playwright.Wait For Elements State</arg>
<arg>${selector}</arg>
<arg>${state}</arg>
<arg>timeout=12s</arg>
<doc>Runs the given keyword with given arguments and returns the status as a Boolean value.</doc>
<kw name="Wait For Elements State" library="RPA.Browser.Playwright">
<arg>${selector}</arg>
<arg>${state}</arg>
<arg>timeout=12s</arg>
<tag>PageContent</tag>
<tag>Wait</tag>
<doc>Waits for the element found by ``selector`` to satisfy state option.</doc>
<msg timestamp="20241123 15:14:23.523" level="INFO">Waited for Element with selector //h4[text()="bharani deepan"] at state attached</msg>
<status status="PASS" starttime="20241123 15:14:23.232" endtime="20241123 15:14:23.523"/>
</kw>
<msg timestamp="20241123 15:14:23.524" level="INFO">${result} = True</msg>
<status status="PASS" starttime="20241123 15:14:23.231" endtime="20241123 15:14:23.524"/>
</kw>
<return>
<value>${result}</value>
<status status="PASS" starttime="20241123 15:14:23.524" endtime="20241123 15:14:23.524"/>
</return>
<status status="PASS" starttime="20241123 15:14:23.231" endtime="20241123 15:14:23.524"/>
</branch>
<branch type="EXCEPT" variable="${error_message}">
<kw name="Log To Console" library="BuiltIn">
<arg>Error while getting element state: ${error_message}</arg>
<arg>ERROR</arg>
<doc>Logs the given message to the console.</doc>
<status status="NOT RUN" starttime="20241123 15:14:23.524" endtime="20241123 15:14:23.524"/>
</kw>
<kw name="ex-fail" library="EX_Exception">
<arg>ELEMENT_NOT_ATTACHED</arg>
<tag>exception</tag>
<doc>wrapper over the builtin Fail keyword, to support additional operations during failure</doc>
<status status="NOT RUN" starttime="20241123 15:14:23.525" endtime="20241123 15:14:23.525"/>
</kw>
<status status="NOT RUN" starttime="20241123 15:14:23.524" endtime="20241123 15:14:23.525"/>
</branch>
<status status="PASS" starttime="20241123 15:14:23.231" endtime="20241123 15:14:23.525"/>
</try>
<msg timestamp="20241123 15:14:23.525" level="INFO">${result} = True</msg>
<status status="PASS" starttime="20241123 15:14:23.230" endtime="20241123 15:14:23.525"/>
</kw>
<return>
<value>${result}</value>
<status status="PASS" starttime="20241123 15:14:23.526" endtime="20241123 15:14:23.526"/>
</return>
<status status="PASS" starttime="20241123 15:14:23.229" endtime="20241123 15:14:23.526"/>
</branch>
<branch type="EXCEPT">
<return>
<value>${False}</value>
<status status="NOT RUN" starttime="20241123 15:14:23.526" endtime="20241123 15:14:23.526"/>
</return>
<status status="NOT RUN" starttime="20241123 15:14:23.526" endtime="20241123 15:14:23.526"/>
</branch>
<status status="PASS" starttime="20241123 15:14:23.229" endtime="20241123 15:14:23.526"/>
</try>
<msg timestamp="20241123 15:14:23.527" level="INFO">${value} = True</msg>
<status status="PASS" starttime="20241123 15:14:23.229" endtime="20241123 15:14:23.527"/>
</kw>
<status status="PASS" starttime="20241123 15:14:23.228" endtime="20241123 15:14:23.527"/>
</branch>
<branch type="ELSE IF" condition="'${action}[type]' == '${GET_TEXT}'">
<kw name="get-property" library="UTIL_BrowserHelper">
<var>${value}</var>
<arg>${action}[xpath]</arg>
<arg>innerText</arg>
<tag>util</tag>
<doc>Method used to get property</doc>
<status status="NOT RUN" starttime="20241123 15:14:23.529" endtime="20241123 15:14:23.530"/>
</kw>
<status status="NOT RUN" starttime="20241123 15:14:23.527" endtime="20241123 15:14:23.530"/>
</branch>
<branch type="ELSE">
<kw name="Log To Message">
<arg>Action not developed. Terminate the TestCase here!!!</arg>
<status status="NOT RUN" starttime="20241123 15:14:23.537" endtime="20241123 15:14:23.537"/>
</kw>
<kw name="ex-fail" library="EX_Exception">
<arg>ACTION_NOT_DEVELOPED</arg>
<tag>exception</tag>
<doc>wrapper over the builtin Fail keyword, to support additional operations during failure</doc>
<status status="NOT RUN" starttime="20241123 15:14:23.538" endtime="20241123 15:14:23.538"/>
</kw>
<status status="NOT RUN" starttime="20241123 15:14:23.530" endtime="20241123 15:14:23.538"/>
</branch>
<status status="PASS" starttime="20241123 15:14:23.177" endtime="20241123 15:14:23.538"/>
</if>
<kw name="Log To Console" library="BuiltIn">
<arg>${value}</arg>
<doc>Logs the given message to the console.</doc>
<status status="PASS" starttime="20241123 15:14:23.539" endtime="20241123 15:14:23.541"/>
</kw>
<kw name="Sleep" library="BuiltIn">
<arg>${input}[waitAfterAction]s</arg>
<doc>Pauses the test executed for the given time.</doc>
<msg timestamp="20241123 15:14:23.542" level="INFO">Slept 0 seconds</msg>
<status status="PASS" starttime="20241123 15:14:23.542" endtime="20241123 15:14:23.542"/>
</kw>
<status status="PASS" starttime="20241123 15:14:23.176" endtime="20241123 15:14:23.543"/>
</kw>
<kw name="send-action-sequence-message">
<arg>${flowActionSequence}[id]</arg>
<arg>${testCaseRun}[id]</arg>
<arg>COMPLETED</arg>
<kw name="Create Dictionary" library="BuiltIn">
<var>${response_message}</var>
<arg>flowActionSequenceId=${flowActionSequenceId}</arg>
<arg>testCaseRunId=${testCaseRunId}</arg>
<arg>status=${status}</arg>
<arg>errorMessage=${errorMessage}</arg>
<doc>Creates and returns a dictionary based on the given ``items``.</doc>
<msg timestamp="20241123 15:14:23.545" level="INFO">${response_message} = {'flowActionSequenceId': '47', 'testCaseRunId': '86', 'status': 'COMPLETED', 'errorMessage': ''}</msg>
<status status="PASS" starttime="20241123 15:14:23.544" endtime="20241123 15:14:23.545"/>
</kw>
<kw name="Push response message to kafka topic" library="UTIL_Common">
<arg>${response_message}</arg>
<tag>function</tag>
<doc>push the response message to kafka topic</doc>
<kw name="Evaluate" library="BuiltIn">
<var>${json_response}</var>
<arg>json.dumps(${payload_response_msg})</arg>
<arg>json</arg>
<doc>Evaluates the given expression in Python and returns the result.</doc>
<msg timestamp="20241123 15:14:23.546" level="INFO">${json_response} = {"flowActionSequenceId": "47", "testCaseRunId": "86", "status": "COMPLETED", "errorMessage": ""}</msg>
<status status="PASS" starttime="20241123 15:14:23.546" endtime="20241123 15:14:23.546"/>
</kw>
<kw name="Push Message To Topic" library="TopicProducer">
<var>${producer_response}</var>
<arg>${json_response}</arg>
<doc>Kafka Producer to send the response as json message and push it</doc>
<msg timestamp="20241123 15:14:23.554" level="INFO">Message delivered to response_topic [0]</msg>
<msg timestamp="20241123 15:14:23.554" level="INFO">${producer_response} = &lt;function delivery_report at 0x000002658F6A03A0&gt;</msg>
<status status="PASS" starttime="20241123 15:14:23.547" endtime="20241123 15:14:23.554"/>
</kw>
<kw name="Log To Console" library="BuiltIn">
<arg>kafka_producer_response:${producer_response}</arg>
<doc>Logs the given message to the console.</doc>
<status status="PASS" starttime="20241123 15:14:23.555" endtime="20241123 15:14:23.556"/>
</kw>
<return>
<value>${producer_response}</value>
<status status="PASS" starttime="20241123 15:14:23.557" endtime="20241123 15:14:23.557"/>
</return>
<status status="PASS" starttime="20241123 15:14:23.545" endtime="20241123 15:14:23.558"/>
</kw>
<status status="PASS" starttime="20241123 15:14:23.543" endtime="20241123 15:14:23.558"/>
</kw>
<status status="PASS" starttime="20241123 15:14:23.170" endtime="20241123 15:14:23.558"/>
</branch>
<branch type="EXCEPT" variable="${error_message}">
<kw name="Log To Console" library="BuiltIn">
<arg>${error_message}</arg>
<doc>Logs the given message to the console.</doc>
<status status="NOT RUN" starttime="20241123 15:14:23.560" endtime="20241123 15:14:23.560"/>
</kw>
<kw name="send-action-sequence-message">
<arg>${flowActionSequence}[id]</arg>
<arg>${testCaseRun}[id]</arg>
<arg>FAILED</arg>
<arg>${error_message}</arg>
<status status="NOT RUN" starttime="20241123 15:14:23.560" endtime="20241123 15:14:23.560"/>
</kw>
<kw name="ex-fail" library="EX_Exception">
<arg>${error_message}</arg>
<tag>exception</tag>
<doc>wrapper over the builtin Fail keyword, to support additional operations during failure</doc>
<status status="NOT RUN" starttime="20241123 15:14:23.561" endtime="20241123 15:14:23.561"/>
</kw>
<status status="NOT RUN" starttime="20241123 15:14:23.559" endtime="20241123 15:14:23.561"/>
</branch>
<status status="PASS" starttime="20241123 15:14:23.170" endtime="20241123 15:14:23.561"/>
</try>
<status status="PASS" starttime="20241123 15:14:23.170" endtime="20241123 15:14:23.561"/>
</iter>
<status status="PASS" starttime="20241123 15:14:22.713" endtime="20241123 15:14:23.561"/>
</for>
<status status="PASS" starttime="20241123 15:14:22.713" endtime="20241123 15:14:23.561"/>
</branch>
<status status="PASS" starttime="20241123 15:14:22.712" endtime="20241123 15:14:23.561"/>
</if>
<kw name="send-flow-sequence-message">
<arg>${testCaseFlowSequence}[id]</arg>
<arg>${testCaseRun}[id]</arg>
<arg>COMPLETED</arg>
<kw name="Create Dictionary" library="BuiltIn">
<var>${response_message}</var>
<arg>testCaseFlowSequenceId=${testCaseFlowSequenceId}</arg>
<arg>testCaseRunId=${testCaseRunId}</arg>
<arg>status=${status}</arg>
<arg>errorMessage=${errorMessage}</arg>
<doc>Creates and returns a dictionary based on the given ``items``.</doc>
<msg timestamp="20241123 15:14:23.564" level="INFO">${response_message} = {'testCaseFlowSequenceId': '47', 'testCaseRunId': '86', 'status': 'COMPLETED', 'errorMessage': ''}</msg>
<status status="PASS" starttime="20241123 15:14:23.563" endtime="20241123 15:14:23.564"/>
</kw>
<kw name="Push response message to kafka topic" library="UTIL_Common">
<arg>${response_message}</arg>
<tag>function</tag>
<doc>push the response message to kafka topic</doc>
<kw name="Evaluate" library="BuiltIn">
<var>${json_response}</var>
<arg>json.dumps(${payload_response_msg})</arg>
<arg>json</arg>
<doc>Evaluates the given expression in Python and returns the result.</doc>
<msg timestamp="20241123 15:14:23.566" level="INFO">${json_response} = {"testCaseFlowSequenceId": "47", "testCaseRunId": "86", "status": "COMPLETED", "errorMessage": ""}</msg>
<status status="PASS" starttime="20241123 15:14:23.565" endtime="20241123 15:14:23.566"/>
</kw>
<kw name="Push Message To Topic" library="TopicProducer">
<var>${producer_response}</var>
<arg>${json_response}</arg>
<doc>Kafka Producer to send the response as json message and push it</doc>
<msg timestamp="20241123 15:14:23.586" level="INFO">Message delivered to response_topic [0]</msg>
<msg timestamp="20241123 15:14:23.586" level="INFO">${producer_response} = &lt;function delivery_report at 0x000002658F6A03A0&gt;</msg>
<status status="PASS" starttime="20241123 15:14:23.566" endtime="20241123 15:14:23.586"/>
</kw>
<kw name="Log To Console" library="BuiltIn">
<arg>kafka_producer_response:${producer_response}</arg>
<doc>Logs the given message to the console.</doc>
<status status="PASS" starttime="20241123 15:14:23.587" endtime="20241123 15:14:23.588"/>
</kw>
<return>
<value>${producer_response}</value>
<status status="PASS" starttime="20241123 15:14:23.588" endtime="20241123 15:14:23.589"/>
</return>
<status status="PASS" starttime="20241123 15:14:23.564" endtime="20241123 15:14:23.589"/>
</kw>
<status status="PASS" starttime="20241123 15:14:23.562" endtime="20241123 15:14:23.589"/>
</kw>
<status status="PASS" starttime="20241123 15:14:22.703" endtime="20241123 15:14:23.590"/>
</branch>
<branch type="EXCEPT" variable="${error_message}">
<kw name="Log To Console" library="BuiltIn">
<arg>${error_message}</arg>
<doc>Logs the given message to the console.</doc>
<status status="NOT RUN" starttime="20241123 15:14:23.590" endtime="20241123 15:14:23.591"/>
</kw>
<kw name="send-flow-sequence-message">
<arg>${testCaseFlowSequence}[id]</arg>
<arg>${testCaseRun}[id]</arg>
<arg>FAILED</arg>
<arg>${error_message}</arg>
<status status="NOT RUN" starttime="20241123 15:14:23.591" endtime="20241123 15:14:23.591"/>
</kw>
<kw name="ex-fail" library="EX_Exception">
<arg>${error_message}</arg>
<tag>exception</tag>
<doc>wrapper over the builtin Fail keyword, to support additional operations during failure</doc>
<status status="NOT RUN" starttime="20241123 15:14:23.592" endtime="20241123 15:14:23.592"/>
</kw>
<status status="NOT RUN" starttime="20241123 15:14:23.590" endtime="20241123 15:14:23.592"/>
</branch>
<status status="PASS" starttime="20241123 15:14:22.703" endtime="20241123 15:14:23.593"/>
</try>
<status status="PASS" starttime="20241123 15:14:22.703" endtime="20241123 15:14:23.593"/>
</iter>
