<?xml version="1.0" encoding="UTF-8"?>
<robot generator="Robot 5.0.1 (Python 3.9.20 on win32)" generated="20241121 23:08:17.468" rpa="true" schemaversion="3">
<suite id="s1" name="Start" source="C:\Users\Admin\Documents\Hackathon\Test Automation Studio\Test-automation-studio-projects\test-automation-rf\code\robots\start.robot">
<test id="s1-t1" name="initialize-fb-worker" line="42">
<kw name="execute-functional-block">
<tag>to-initialize-library</tag>
<doc>To execute fb</doc>
<while condition="'${TERMINATION_FLAG}' == 'False'">
<iter>
<kw name="Log To Console" library="BuiltIn">
<arg>&lt;===Polling message===&gt;</arg>
<doc>Logs the given message to the console.</doc>
<status status="PASS" starttime="20241121 23:08:19.739" endtime="20241121 23:08:19.739"/>
</kw>
<kw name="Get A Command" library="CommandConsumer">
<var>${json}</var>
<arg>${5}</arg>
<msg timestamp="20241121 23:09:08.243" level="INFO">${json} = {'type': 'START_RUN', 'payload': {'testCaseRun': {'id': '49', 'testCaseId': '27', 'status': 'STARTED', 'updatedAt': '2024-11-21T17:39:08.096Z', 'createdAt': '2024-11-21T17:39:08.096Z'}, 'testCase': {'...</msg>
<status status="PASS" starttime="20241121 23:08:19.739" endtime="20241121 23:09:08.243"/>
</kw>
<try>
<branch type="TRY">
<kw name="execute-test-case">
<arg>${json}</arg>
<kw name="Log To Console" library="BuiltIn">
<arg>Test Case Data=&gt; ${input}</arg>
<doc>Logs the given message to the console.</doc>
<status status="PASS" starttime="20241121 23:09:08.244" endtime="20241121 23:09:08.249"/>
</kw>
<kw name="is-value-not-none" library="UTIL_Collection">
<var>${is_type_exists}</var>
<arg>${input}</arg>
<arg>type</arg>
<tag>util</tag>
<doc>checks whether the key exists in dicitonary</doc>
<kw name="Run Keyword And Return Status" library="BuiltIn">
<var>${no_none_exists}</var>
<arg>dictionary should contain key</arg>
<arg>${dictionary}</arg>
<arg>${key}</arg>
<doc>Runs the given keyword with given arguments and returns the status as a Boolean value.</doc>
<kw name="Dictionary Should Contain Key" library="Collections">
<arg>${dictionary}</arg>
<arg>${key}</arg>
<doc>Fails if ``key`` is not found from ``dictionary``.</doc>
<status status="PASS" starttime="20241121 23:09:08.255" endtime="20241121 23:09:08.255"/>
</kw>
<msg timestamp="20241121 23:09:08.255" level="INFO">${no_none_exists} = True</msg>
<status status="PASS" starttime="20241121 23:09:08.254" endtime="20241121 23:09:08.255"/>
</kw>
<if>
<branch type="IF" condition="$no_none_exists == $True">
<kw name="Set Variable" library="BuiltIn">
<var>${values}</var>
<arg>${dictionary}[${key}]</arg>
<doc>Returns the given values which can then be assigned to a variables.</doc>
<msg timestamp="20241121 23:09:08.264" level="INFO">${values} = START_RUN</msg>
<status status="PASS" starttime="20241121 23:09:08.263" endtime="20241121 23:09:08.264"/>
</kw>
<if>
<branch type="IF" condition="$values != $None">
<kw name="Set Variable" library="BuiltIn">
<var>${no_none_exists}</var>
<arg>${True}</arg>
<doc>Returns the given values which can then be assigned to a variables.</doc>
<msg timestamp="20241121 23:09:08.266" level="INFO">${no_none_exists} = True</msg>
<status status="PASS" starttime="20241121 23:09:08.265" endtime="20241121 23:09:08.266"/>
</kw>
<status status="PASS" starttime="20241121 23:09:08.265" endtime="20241121 23:09:08.266"/>
</branch>
<branch type="ELSE">
<kw name="Set Variable" library="BuiltIn">
<var>${no_none_exists}</var>
<arg>${False}</arg>
<doc>Returns the given values which can then be assigned to a variables.</doc>
<status status="NOT RUN" starttime="20241121 23:09:08.267" endtime="20241121 23:09:08.267"/>
</kw>
<status status="NOT RUN" starttime="20241121 23:09:08.266" endtime="20241121 23:09:08.267"/>
</branch>
<status status="PASS" starttime="20241121 23:09:08.264" endtime="20241121 23:09:08.268"/>
</if>
<status status="PASS" starttime="20241121 23:09:08.262" endtime="20241121 23:09:08.268"/>
</branch>
<status status="PASS" starttime="20241121 23:09:08.256" endtime="20241121 23:09:08.268"/>
</if>
<return>
<value>${no_none_exists}</value>
<status status="PASS" starttime="20241121 23:09:08.269" endtime="20241121 23:09:08.269"/>
</return>
<msg timestamp="20241121 23:09:08.269" level="INFO">${is_type_exists} = True</msg>
<status status="PASS" starttime="20241121 23:09:08.253" endtime="20241121 23:09:08.270"/>
</kw>
<if>
<branch type="IF" condition="$is_type_exists == $False">
<kw name="Log To Console" library="BuiltIn">
<arg>Type not exists in the input</arg>
<doc>Logs the given message to the console.</doc>
<status status="NOT RUN" starttime="20241121 23:09:08.271" endtime="20241121 23:09:08.271"/>
</kw>
<return>
<status status="NOT RUN" starttime="20241121 23:09:08.272" endtime="20241121 23:09:08.272"/>
</return>
<status status="NOT RUN" starttime="20241121 23:09:08.270" endtime="20241121 23:09:08.272"/>
</branch>
<status status="PASS" starttime="20241121 23:09:08.270" endtime="20241121 23:09:08.272"/>
</if>
<if>
<branch type="IF" condition="'${input}[type]' == '${COMMAND_TYPE_START_RUN}'">
<kw name="is-value-not-none" library="UTIL_Collection">
<var>${is_test_case_exists}</var>
<arg>${input}[payload]</arg>
<arg>testCase</arg>
<tag>util</tag>
<doc>checks whether the key exists in dicitonary</doc>
<kw name="Run Keyword And Return Status" library="BuiltIn">
<var>${no_none_exists}</var>
<arg>dictionary should contain key</arg>
<arg>${dictionary}</arg>
<arg>${key}</arg>
<doc>Runs the given keyword with given arguments and returns the status as a Boolean value.</doc>
<kw name="Dictionary Should Contain Key" library="Collections">
<arg>${dictionary}</arg>
<arg>${key}</arg>
<doc>Fails if ``key`` is not found from ``dictionary``.</doc>
<status status="PASS" starttime="20241121 23:09:08.276" endtime="20241121 23:09:08.277"/>
</kw>
<msg timestamp="20241121 23:09:08.277" level="INFO">${no_none_exists} = True</msg>
<status status="PASS" starttime="20241121 23:09:08.276" endtime="20241121 23:09:08.277"/>
</kw>
<if>
<branch type="IF" condition="$no_none_exists == $True">
<kw name="Set Variable" library="BuiltIn">
<var>${values}</var>
<arg>${dictionary}[${key}]</arg>
<doc>Returns the given values which can then be assigned to a variables.</doc>
<msg timestamp="20241121 23:09:08.278" level="INFO">${values} = {'id': '27', 'name': 'Login positive', 'projectId': '4', 'createdAt': '2024-11-21T16:43:35.118Z', 'updatedAt': '2024-11-21T17:34:46.418Z', 'testCaseFlowSequences': [{'id': '46', 'testCaseId': '27', 'f...</msg>
<status status="PASS" starttime="20241121 23:09:08.277" endtime="20241121 23:09:08.278"/>
</kw>
<if>
<branch type="IF" condition="$values != $None">
<kw name="Set Variable" library="BuiltIn">
<var>${no_none_exists}</var>
<arg>${True}</arg>
<doc>Returns the given values which can then be assigned to a variables.</doc>
<msg timestamp="20241121 23:09:08.279" level="INFO">${no_none_exists} = True</msg>
<status status="PASS" starttime="20241121 23:09:08.278" endtime="20241121 23:09:08.279"/>
</kw>
<status status="PASS" starttime="20241121 23:09:08.278" endtime="20241121 23:09:08.279"/>
</branch>
<branch type="ELSE">
<kw name="Set Variable" library="BuiltIn">
<var>${no_none_exists}</var>
<arg>${False}</arg>
<doc>Returns the given values which can then be assigned to a variables.</doc>
<status status="NOT RUN" starttime="20241121 23:09:08.279" endtime="20241121 23:09:08.280"/>
</kw>
<status status="NOT RUN" starttime="20241121 23:09:08.279" endtime="20241121 23:09:08.280"/>
</branch>
<status status="PASS" starttime="20241121 23:09:08.278" endtime="20241121 23:09:08.280"/>
</if>
<status status="PASS" starttime="20241121 23:09:08.277" endtime="20241121 23:09:08.280"/>
</branch>
<status status="PASS" starttime="20241121 23:09:08.277" endtime="20241121 23:09:08.280"/>
</if>
<return>
<value>${no_none_exists}</value>
<status status="PASS" starttime="20241121 23:09:08.280" endtime="20241121 23:09:08.280"/>
</return>
<msg timestamp="20241121 23:09:08.280" level="INFO">${is_test_case_exists} = True</msg>
<status status="PASS" starttime="20241121 23:09:08.275" endtime="20241121 23:09:08.280"/>
</kw>
<kw name="is-value-not-none" library="UTIL_Collection">
<var>${is_test_case_run_exists}</var>
<arg>${input}[payload]</arg>
<arg>testCaseRun</arg>
<tag>util</tag>
<doc>checks whether the key exists in dicitonary</doc>
<kw name="Run Keyword And Return Status" library="BuiltIn">
<var>${no_none_exists}</var>
<arg>dictionary should contain key</arg>
<arg>${dictionary}</arg>
<arg>${key}</arg>
<doc>Runs the given keyword with given arguments and returns the status as a Boolean value.</doc>
<kw name="Dictionary Should Contain Key" library="Collections">
<arg>${dictionary}</arg>
<arg>${key}</arg>
<doc>Fails if ``key`` is not found from ``dictionary``.</doc>
<status status="PASS" starttime="20241121 23:09:08.285" endtime="20241121 23:09:08.286"/>
</kw>
<msg timestamp="20241121 23:09:08.287" level="INFO">${no_none_exists} = True</msg>
<status status="PASS" starttime="20241121 23:09:08.285" endtime="20241121 23:09:08.287"/>
</kw>
<if>
<branch type="IF" condition="$no_none_exists == $True">
<kw name="Set Variable" library="BuiltIn">
<var>${values}</var>
<arg>${dictionary}[${key}]</arg>
<doc>Returns the given values which can then be assigned to a variables.</doc>
<msg timestamp="20241121 23:09:08.288" level="INFO">${values} = {'id': '49', 'testCaseId': '27', 'status': 'STARTED', 'updatedAt': '2024-11-21T17:39:08.096Z', 'createdAt': '2024-11-21T17:39:08.096Z'}</msg>
<status status="PASS" starttime="20241121 23:09:08.288" endtime="20241121 23:09:08.288"/>
</kw>
<if>
<branch type="IF" condition="$values != $None">
<kw name="Set Variable" library="BuiltIn">
<var>${no_none_exists}</var>
<arg>${True}</arg>
<doc>Returns the given values which can then be assigned to a variables.</doc>
<msg timestamp="20241121 23:09:08.289" level="INFO">${no_none_exists} = True</msg>
<status status="PASS" starttime="20241121 23:09:08.289" endtime="20241121 23:09:08.289"/>
</kw>
<status status="PASS" starttime="20241121 23:09:08.289" endtime="20241121 23:09:08.290"/>
</branch>
<branch type="ELSE">
<kw name="Set Variable" library="BuiltIn">
<var>${no_none_exists}</var>
<arg>${False}</arg>
<doc>Returns the given values which can then be assigned to a variables.</doc>
<status status="NOT RUN" starttime="20241121 23:09:08.290" endtime="20241121 23:09:08.293"/>
</kw>
<status status="NOT RUN" starttime="20241121 23:09:08.290" endtime="20241121 23:09:08.293"/>
</branch>
<status status="PASS" starttime="20241121 23:09:08.288" endtime="20241121 23:09:08.293"/>
</if>
<status status="PASS" starttime="20241121 23:09:08.287" endtime="20241121 23:09:08.293"/>
</branch>
<status status="PASS" starttime="20241121 23:09:08.287" endtime="20241121 23:09:08.293"/>
</if>
<return>
<value>${no_none_exists}</value>
<status status="PASS" starttime="20241121 23:09:08.294" endtime="20241121 23:09:08.294"/>
</return>
<msg timestamp="20241121 23:09:08.295" level="INFO">${is_test_case_run_exists} = True</msg>
<status status="PASS" starttime="20241121 23:09:08.283" endtime="20241121 23:09:08.295"/>
</kw>
<if>
<branch type="IF" condition="$is_test_case_exists == $False or $is_test_case_run_exists == $False">
<kw name="Log To Console" library="BuiltIn">
<arg>Testcase or TestCaseRun data not available in input</arg>
<doc>Logs the given message to the console.</doc>
<status status="NOT RUN" starttime="20241121 23:09:08.296" endtime="20241121 23:09:08.296"/>
</kw>
<status status="NOT RUN" starttime="20241121 23:09:08.295" endtime="20241121 23:09:08.296"/>
</branch>
<status status="PASS" starttime="20241121 23:09:08.295" endtime="20241121 23:09:08.296"/>
</if>
<kw name="Set Variable" library="BuiltIn">
<var>${testCase}</var>
<arg>${input}[payload][testCase]</arg>
<doc>Returns the given values which can then be assigned to a variables.</doc>
<msg timestamp="20241121 23:09:08.297" level="INFO">${testCase} = {'id': '27', 'name': 'Login positive', 'projectId': '4', 'createdAt': '2024-11-21T16:43:35.118Z', 'updatedAt': '2024-11-21T17:34:46.418Z', 'testCaseFlowSequences': [{'id': '46', 'testCaseId': '27', 'f...</msg>
<status status="PASS" starttime="20241121 23:09:08.296" endtime="20241121 23:09:08.297"/>
</kw>
<kw name="Set Variable" library="BuiltIn">
<var>${testCaseRun}</var>
<arg>${input}[payload][testCaseRun]</arg>
<doc>Returns the given values which can then be assigned to a variables.</doc>
<msg timestamp="20241121 23:09:08.297" level="INFO">${testCaseRun} = {'id': '49', 'testCaseId': '27', 'status': 'STARTED', 'updatedAt': '2024-11-21T17:39:08.096Z', 'createdAt': '2024-11-21T17:39:08.096Z'}</msg>
<status status="PASS" starttime="20241121 23:09:08.297" endtime="20241121 23:09:08.297"/>
</kw>
<kw name="Log To Console" library="BuiltIn">
<arg>Test Case Name: ${testCase}[name]</arg>
<doc>Logs the given message to the console.</doc>
<status status="PASS" starttime="20241121 23:09:08.297" endtime="20241121 23:09:08.298"/>
</kw>
<kw name="is-value-not-none" library="UTIL_Collection">
<var>${is_test_case_flow_sequences_exists}</var>
<arg>${testCase}</arg>
<arg>testCaseFlowSequences</arg>
<tag>util</tag>
<doc>checks whether the key exists in dicitonary</doc>
<kw name="Run Keyword And Return Status" library="BuiltIn">
<var>${no_none_exists}</var>
<arg>dictionary should contain key</arg>
<arg>${dictionary}</arg>
<arg>${key}</arg>
<doc>Runs the given keyword with given arguments and returns the status as a Boolean value.</doc>
<kw name="Dictionary Should Contain Key" library="Collections">
<arg>${dictionary}</arg>
<arg>${key}</arg>
<doc>Fails if ``key`` is not found from ``dictionary``.</doc>
<status status="PASS" starttime="20241121 23:09:08.304" endtime="20241121 23:09:08.305"/>
</kw>
<msg timestamp="20241121 23:09:08.305" level="INFO">${no_none_exists} = True</msg>
<status status="PASS" starttime="20241121 23:09:08.303" endtime="20241121 23:09:08.305"/>
</kw>
<if>
<branch type="IF" condition="$no_none_exists == $True">
<kw name="Set Variable" library="BuiltIn">
<var>${values}</var>
<arg>${dictionary}[${key}]</arg>
<doc>Returns the given values which can then be assigned to a variables.</doc>
<msg timestamp="20241121 23:09:08.307" level="INFO">${values} = [{'id': '46', 'testCaseId': '27', 'flowId': '14', 'order': 0, 'createdAt': '2024-11-21T16:43:35.233Z', 'updatedAt': '2024-11-21T17:34:46.459Z', 'flow': {'id': '14', 'name': 'Login', 'projectId': '4', ...</msg>
<status status="PASS" starttime="20241121 23:09:08.306" endtime="20241121 23:09:08.307"/>
</kw>
<if>
<branch type="IF" condition="$values != $None">
<kw name="Set Variable" library="BuiltIn">
<var>${no_none_exists}</var>
<arg>${True}</arg>
<doc>Returns the given values which can then be assigned to a variables.</doc>
<msg timestamp="20241121 23:09:08.309" level="INFO">${no_none_exists} = True</msg>
<status status="PASS" starttime="20241121 23:09:08.308" endtime="20241121 23:09:08.309"/>
</kw>
<status status="PASS" starttime="20241121 23:09:08.308" endtime="20241121 23:09:08.309"/>
</branch>
<branch type="ELSE">
<kw name="Set Variable" library="BuiltIn">
<var>${no_none_exists}</var>
<arg>${False}</arg>
<doc>Returns the given values which can then be assigned to a variables.</doc>
<status status="NOT RUN" starttime="20241121 23:09:08.309" endtime="20241121 23:09:08.310"/>
</kw>
<status status="NOT RUN" starttime="20241121 23:09:08.309" endtime="20241121 23:09:08.310"/>
</branch>
<status status="PASS" starttime="20241121 23:09:08.307" endtime="20241121 23:09:08.310"/>
</if>
<status status="PASS" starttime="20241121 23:09:08.306" endtime="20241121 23:09:08.310"/>
</branch>
<status status="PASS" starttime="20241121 23:09:08.306" endtime="20241121 23:09:08.310"/>
</if>
<return>
<value>${no_none_exists}</value>
<status status="PASS" starttime="20241121 23:09:08.310" endtime="20241121 23:09:08.311"/>
</return>
<msg timestamp="20241121 23:09:08.311" level="INFO">${is_test_case_flow_sequences_exists} = True</msg>
<status status="PASS" starttime="20241121 23:09:08.301" endtime="20241121 23:09:08.311"/>
</kw>
<if>
<branch type="IF" condition="$is_test_case_flow_sequences_exists">
<for flavor="IN">
<var>${testCaseFlowSequence}</var>
<value>@{testCase}[testCaseFlowSequences]</value>
<iter>
<var name="${testCaseFlowSequence}">{'id': '46', 'testCaseId': '27', 'flowId': '14', 'order': 0, 'createdAt': '2024-11-21T16:43:35.233Z', 'updatedAt': '2024-11-21T17:34:46.459Z', 'flow': {'id': '14', 'name': 'Login', 'projectId': '4', '...</var>
<kw name="Set Variable" library="BuiltIn">
<var>${flow}</var>
<arg>${testCaseFlowSequence}[flow]</arg>
<doc>Returns the given values which can then be assigned to a variables.</doc>
<msg timestamp="20241121 23:09:08.314" level="INFO">${flow} = {'id': '14', 'name': 'Login', 'projectId': '4', 'createdAt': '2024-11-21T16:43:09.327Z', 'updatedAt': '2024-11-21T16:43:09.327Z', 'flowActionSequences': [{'id': '41', 'actionId': '28', 'flowId': '14',...</msg>
<status status="PASS" starttime="20241121 23:09:08.313" endtime="20241121 23:09:08.314"/>
</kw>
<kw name="Log To Console" library="BuiltIn">
<arg>Flow Name: ${flow}[name]</arg>
<doc>Logs the given message to the console.</doc>
<status status="PASS" starttime="20241121 23:09:08.314" endtime="20241121 23:09:08.315"/>
</kw>
<kw name="is-value-not-none" library="UTIL_Collection">
<var>${is_flow_action_sequences_exists}</var>
<arg>${flow}</arg>
<arg>flowActionSequences</arg>
<tag>util</tag>
<doc>checks whether the key exists in dicitonary</doc>
<kw name="Run Keyword And Return Status" library="BuiltIn">
<var>${no_none_exists}</var>
<arg>dictionary should contain key</arg>
<arg>${dictionary}</arg>
<arg>${key}</arg>
<doc>Runs the given keyword with given arguments and returns the status as a Boolean value.</doc>
<kw name="Dictionary Should Contain Key" library="Collections">
<arg>${dictionary}</arg>
<arg>${key}</arg>
<doc>Fails if ``key`` is not found from ``dictionary``.</doc>
<status status="PASS" starttime="20241121 23:09:08.322" endtime="20241121 23:09:08.323"/>
</kw>
<msg timestamp="20241121 23:09:08.323" level="INFO">${no_none_exists} = True</msg>
<status status="PASS" starttime="20241121 23:09:08.322" endtime="20241121 23:09:08.323"/>
</kw>
<if>
<branch type="IF" condition="$no_none_exists == $True">
<kw name="Set Variable" library="BuiltIn">
<var>${values}</var>
<arg>${dictionary}[${key}]</arg>
<doc>Returns the given values which can then be assigned to a variables.</doc>
<msg timestamp="20241121 23:09:08.325" level="INFO">${values} = [{'id': '41', 'actionId': '28', 'flowId': '14', 'order': 0, 'createdAt': '2024-11-21T16:43:09.645Z', 'updatedAt': '2024-11-21T16:43:09.645Z', 'action': {'id': '28', 'name': 'Launch browser', 'type': '...</msg>
<status status="PASS" starttime="20241121 23:09:08.325" endtime="20241121 23:09:08.325"/>
</kw>
<if>
<branch type="IF" condition="$values != $None">
<kw name="Set Variable" library="BuiltIn">
<var>${no_none_exists}</var>
<arg>${True}</arg>
<doc>Returns the given values which can then be assigned to a variables.</doc>
<msg timestamp="20241121 23:09:08.327" level="INFO">${no_none_exists} = True</msg>
<status status="PASS" starttime="20241121 23:09:08.326" endtime="20241121 23:09:08.327"/>
</kw>
<status status="PASS" starttime="20241121 23:09:08.326" endtime="20241121 23:09:08.327"/>
</branch>
<branch type="ELSE">
<kw name="Set Variable" library="BuiltIn">
<var>${no_none_exists}</var>
<arg>${False}</arg>
<doc>Returns the given values which can then be assigned to a variables.</doc>
<status status="NOT RUN" starttime="20241121 23:09:08.327" endtime="20241121 23:09:08.327"/>
</kw>
<status status="NOT RUN" starttime="20241121 23:09:08.327" endtime="20241121 23:09:08.328"/>
</branch>
<status status="PASS" starttime="20241121 23:09:08.325" endtime="20241121 23:09:08.328"/>
</if>
<status status="PASS" starttime="20241121 23:09:08.325" endtime="20241121 23:09:08.328"/>
</branch>
<status status="PASS" starttime="20241121 23:09:08.323" endtime="20241121 23:09:08.328"/>
</if>
<return>
<value>${no_none_exists}</value>
<status status="PASS" starttime="20241121 23:09:08.328" endtime="20241121 23:09:08.328"/>
</return>
<msg timestamp="20241121 23:09:08.329" level="INFO">${is_flow_action_sequences_exists} = True</msg>
<status status="PASS" starttime="20241121 23:09:08.322" endtime="20241121 23:09:08.329"/>
</kw>
<if>
<branch type="IF" condition="$is_flow_action_sequences_exists">
<for flavor="IN">
<var>${flowActionSequence}</var>
<value>@{flow}[flowActionSequences]</value>
<iter>
<var name="${flowActionSequence}">{'id': '41', 'actionId': '28', 'flowId': '14', 'order': 0, 'createdAt': '2024-11-21T16:43:09.645Z', 'updatedAt': '2024-11-21T16:43:09.645Z', 'action': {'id': '28', 'name': 'Launch browser', 'type': 'L...</var>
<kw name="Set Variable" library="BuiltIn">
<var>${action}</var>
<arg>${flowActionSequence}[action]</arg>
<doc>Returns the given values which can then be assigned to a variables.</doc>
<msg timestamp="20241121 23:09:08.331" level="INFO">${action} = {'id': '28', 'name': 'Launch browser', 'type': 'LAUNCH_BROWSER', 'xpath': '', 'valueRege': '', 'projectId': '4', 'createdAt': '2024-11-21T16:38:00.836Z', 'updatedAt': '2024-11-21T16:38:00.836Z', 'inpu...</msg>
<status status="PASS" starttime="20241121 23:09:08.331" endtime="20241121 23:09:08.332"/>
</kw>
<kw name="Log To Console" library="BuiltIn">
<arg>Action Name: ${action}[name]</arg>
<doc>Logs the given message to the console.</doc>
<status status="PASS" starttime="20241121 23:09:08.332" endtime="20241121 23:09:08.333"/>
</kw>
<kw name="Get Selected Input" library="Common_util">
<var>${input}</var>
<arg>${flowActionSequence}</arg>
<msg timestamp="20241121 23:09:08.334" level="INFO">${input} = {'id': '25', 'actionId': '28', 'name': 'Login page', 'value': 'https://iassistant.ideas2it.com/login', 'waitAfterAction': '1', 'isDefault': True, 'createdAt': '2024-11-21T16:38:01.166Z', 'updatedAt': ...</msg>
<status status="PASS" starttime="20241121 23:09:08.333" endtime="20241121 23:09:08.335"/>
</kw>
<if>
<branch type="IF" condition="$input == $None">
<kw name="Log To Console" library="BuiltIn">
<arg>Input not found for this action. Terminate the test case here!!!</arg>
<doc>Logs the given message to the console.</doc>
<status status="NOT RUN" starttime="20241121 23:09:08.337" endtime="20241121 23:09:08.340"/>
</kw>
<kw name="ex-fail" library="EX_Exception">
<arg>INPUT_NOT_FOUND_IN_ACTION</arg>
<tag>exception</tag>
<doc>wrapper over the builtin Fail keyword, to support additional operations during failure</doc>
<status status="NOT RUN" starttime="20241121 23:09:08.341" endtime="20241121 23:09:08.342"/>
</kw>
<status status="NOT RUN" starttime="20241121 23:09:08.335" endtime="20241121 23:09:08.342"/>
</branch>
<status status="PASS" starttime="20241121 23:09:08.335" endtime="20241121 23:09:08.342"/>
</if>
<try>
<branch type="TRY">
<kw name="execute-action">
<arg>${action}</arg>
<arg>${input}</arg>
<kw name="Set Variable" library="BuiltIn">
<var>${value}</var>
<arg>${input}[value]</arg>
<doc>Returns the given values which can then be assigned to a variables.</doc>
<msg timestamp="20241121 23:09:08.344" level="INFO">${value} = https://iassistant.ideas2it.com/login</msg>
<status status="PASS" starttime="20241121 23:09:08.344" endtime="20241121 23:09:08.344"/>
</kw>
<if>
<branch type="IF" condition="'${action}[type]' == '${LAUNCH_BROWSER}'">
<kw name="launch-browser" library="COMP_BrowserContext">
<arg>${input}[value]</arg>
<kw name="New Browser" library="RPA.Browser.Playwright">
<arg>chromium</arg>
<arg>headless=False</arg>
<tag>BrowserControl</tag>
<tag>Setter</tag>
<doc>Create a new playwright Browser with specified options.</doc>
<msg timestamp="20241121 23:09:08.346" level="INFO">{"browser": "chromium", "headless": false, "devtools": false, "handleSIGHUP": true, "handleSIGINT": true, "handleSIGTERM": true, "slowMo": 0.0, "timeout": 30000.0, "deprecated_pos_args": [], "tracesDir": "C:\\Users\\Admin\\Documents\\Hackathon\\Test Automation Studio\\Test-automation-studio-projects\\test-automation-rf\\code\\browser\\traces\\231b9003-7542-4616-a210-d0c11071b9e6"}</msg>
<msg timestamp="20241121 23:09:09.052" level="INFO">Successfully created browser with options: {"browser":"chromium","headless":false,"devtools":false,"handleSIGHUP":true,"handleSIGINT":true,"handleSIGTERM":true,"slowMo":0,"timeout":30000,"deprecated_pos_args":[],"tracesDir":"C:\\Users\\Admin\\Documents\\Hackathon\\Test Automation Studio\\Test-automation-studio-projects\\test-automation-rf\\code\\browser\\traces\\231b9003-7542-4616-a210-d0c11071b9e6"}</msg>
<status status="PASS" starttime="20241121 23:09:08.345" endtime="20241121 23:09:09.053"/>
</kw>
<kw name="New Context" library="RPA.Browser.Playwright">
<arg>viewport={'width': 1280, 'height': 720}</arg>
<arg>acceptDownloads=True</arg>
<tag>BrowserControl</tag>
<tag>Setter</tag>
<doc>Create a new BrowserContext with specified options.</doc>
<msg timestamp="20241121 23:09:09.055" level="INFO">{
  "acceptDownloads": true,
  "bypassCSP": false,
  "forcedColors": "none",
  "hideRfBrowser": false,
  "ignoreHTTPSErrors": false,
  "javaScriptEnabled": true,
  "offline": false,
  "reducedMotion": "no-preference",
  "viewport": {
    "height": 720,
    "width": 1280
  },
  "deprecated_pos_args": []
}</msg>
<msg timestamp="20241121 23:09:09.096" level="INFO">Successfully created context. </msg>
<msg timestamp="20241121 23:09:09.096" level="INFO">{'acceptDownloads': True, 'bypassCSP': False, 'forcedColors': 'none', 'hideRfBrowser': False, 'ignoreHTTPSErrors': False, 'javaScriptEnabled': True, 'offline': False, 'reducedMotion': 'no-preference', 'viewport': {'height': 720, 'width': 1280}, 'deprecated_pos_args': []}</msg>
<status status="PASS" starttime="20241121 23:09:09.053" endtime="20241121 23:09:09.096"/>
</kw>
<kw name="Set Browser Timeout" library="RPA.Browser.Playwright">
<arg>${browser_timeout}</arg>
<tag>Config</tag>
<tag>Setter</tag>
<doc>Sets the timeout used by most input and getter keywords.</doc>
<msg timestamp="20241121 23:09:09.103" level="INFO">Set timeout to: 20000</msg>
<status status="PASS" starttime="20241121 23:09:09.096" endtime="20241121 23:09:09.103"/>
</kw>
<kw name="New Page" library="RPA.Browser.Playwright">
<var>${page_id}</var>
<arg>${url}</arg>
<tag>BrowserControl</tag>
<tag>Setter</tag>
<doc>Open a new Page.</doc>
<msg timestamp="20241121 23:09:16.588" level="INFO">Successfully initialized new page object and opened url: https://iassistant.ideas2it.com/login</msg>
<msg timestamp="20241121 23:09:16.589" level="INFO">${page_id} = {'page_id': 'page=bbab7b56-1130-4b5d-9437-c45b150b77a6', 'video_path': ''}</msg>
<status status="PASS" starttime="20241121 23:09:09.103" endtime="20241121 23:09:16.589"/>
</kw>
<kw name="Switch Page" library="RPA.Browser.Playwright">
<arg>${page_id}</arg>
<tag>BrowserControl</tag>
<tag>Setter</tag>
<doc>Switches the active browser page to another open page by ``id`` or ``NEW``.</doc>
<msg timestamp="20241121 23:09:16.590" level="INFO">Switching to page {'page_id': 'page=bbab7b56-1130-4b5d-9437-c45b150b77a6', 'video_path': ''},context CURRENT, browser CURRENT</msg>
<msg timestamp="20241121 23:09:16.613" level="INFO">[
  {
    "type": "chromium",
    "id": "browser=d1edd618-8383-4677-999e-5c0ea18d67ef",
    "contexts": [
      {
        "type": "context",
        "id": "context=e50b2329-8d72-45d8-8a47-5614bd9dca4c",
        "activePage": "page=bbab7b56-1130-4b5d-9437-c45b150b77a6",
        "pages": [
          {
            "type": "page",
            "title": "iAssistant",
            "url": "https://iassistant.ideas2it.com/login",
            "id": "page=bbab7b56-1130-4b5d-9437-c45b150b77a6",
            "timestamp": 1732210749.378
          }
        ]
      }
    ],
    "activeContext": "context=e50b2329-8d72-45d8-8a47-5614bd9dca4c",
    "activeBrowser": true
  }
]</msg>
<msg timestamp="20241121 23:09:16.622" level="INFO">Successfully changed active page</msg>
<status status="PASS" starttime="20241121 23:09:16.589" endtime="20241121 23:09:16.623"/>
</kw>
<status status="PASS" starttime="20241121 23:09:08.345" endtime="20241121 23:09:16.623"/>
</kw>
<status status="PASS" starttime="20241121 23:09:08.345" endtime="20241121 23:09:16.623"/>
</branch>
<branch type="ELSE IF" condition="'${action}[type]' == '${NEW_PAGE}'">
<kw name="New Page" library="RPA.Browser.Playwright">
<arg>${input}[value]</arg>
<tag>BrowserControl</tag>
<tag>Setter</tag>
<doc>Open a new Page.</doc>
<status status="NOT RUN" starttime="20241121 23:09:16.623" endtime="20241121 23:09:16.624"/>
</kw>
<status status="NOT RUN" starttime="20241121 23:09:16.623" endtime="20241121 23:09:16.624"/>
</branch>
<branch type="ELSE IF" condition="'${action}[type]' == '${CLICK}'">
<kw name="left-click" library="COMP_Button">
<arg>${action}[xpath]</arg>
<tag>component</tag>
<doc>Performs left click operation on button</doc>
<status status="NOT RUN" starttime="20241121 23:09:16.627" endtime="20241121 23:09:16.628"/>
</kw>
<status status="NOT RUN" starttime="20241121 23:09:16.624" endtime="20241121 23:09:16.628"/>
</branch>
<branch type="ELSE IF" condition="'${action}[type]' == '${DOUBLE_CLICK}'">
<kw name="left-click" library="COMP_Button">
<arg>${action}[xpath]</arg>
<tag>component</tag>
<doc>Performs left click operation on button</doc>
<status status="NOT RUN" starttime="20241121 23:09:16.630" endtime="20241121 23:09:16.630"/>
</kw>
<kw name="left-click" library="COMP_Button">
<arg>${action}[xpath]</arg>
<tag>component</tag>
<doc>Performs left click operation on button</doc>
<status status="NOT RUN" starttime="20241121 23:09:16.632" endtime="20241121 23:09:16.633"/>
</kw>
<status status="NOT RUN" starttime="20241121 23:09:16.628" endtime="20241121 23:09:16.633"/>
</branch>
<branch type="ELSE IF" condition="'${action}[type]' == '${GET_DROPDOWN_VALUE}'">
<kw name="get-selected-option" library="COMP_Select">
<var>${value}</var>
<arg>${action}[xpath]</arg>
<tag>component</tag>
<doc>Gets the selected option
Error will thrown if multiple options selected</doc>
<status status="NOT RUN" starttime="20241121 23:09:16.634" endtime="20241121 23:09:16.634"/>
</kw>
<status status="NOT RUN" starttime="20241121 23:09:16.633" endtime="20241121 23:09:16.634"/>
</branch>
<branch type="ELSE IF" condition="'${action}[type]' == '${SET_DROPDOWN_VALUE}'">
<kw name="select-single-option" library="COMP_Select">
<arg>${action}[xpath]</arg>
<arg>${input}[value]</arg>
<tag>component</tag>
<doc>Selects the option by given attribute</doc>
<status status="NOT RUN" starttime="20241121 23:09:16.637" endtime="20241121 23:09:16.637"/>
</kw>
<status status="NOT RUN" starttime="20241121 23:09:16.634" endtime="20241121 23:09:16.637"/>
</branch>
<branch type="ELSE IF" condition="'${action}[type]' == '${TYPE_TEXT}'">
<kw name="set-value" library="COMP_Textbox">
<arg>${action}[xpath]</arg>
<arg>${input}[value]</arg>
<tag>component</tag>
<doc>Updates Field Value and checks for post condition
And retries if the retry value is provided</doc>
<status status="NOT RUN" starttime="20241121 23:09:16.639" endtime="20241121 23:09:16.640"/>
</kw>
<status status="NOT RUN" starttime="20241121 23:09:16.637" endtime="20241121 23:09:16.640"/>
</branch>
<branch type="ELSE IF" condition="'${action}[type]' == '${GET_TEXTBOX_VALUE}'">
<kw name="get-value" library="COMP_Textbox">
<var>${value}</var>
<arg>${action}[xpath]</arg>
<tag>component</tag>
<doc>Returns Field Value</doc>
<status status="NOT RUN" starttime="20241121 23:09:16.641" endtime="20241121 23:09:16.641"/>
</kw>
<status status="NOT RUN" starttime="20241121 23:09:16.640" endtime="20241121 23:09:16.641"/>
</branch>
<branch type="ELSE IF" condition="'${action}[type]' == '${GET_CHECKBOX_VALUE}'">
<kw name="get-value" library="COMP_Checkbox">
<var>${value}</var>
<arg>${action}[xpath]</arg>
<tag>component</tag>
<doc>Gets the current checkbox status</doc>
<status status="NOT RUN" starttime="20241121 23:09:16.643" endtime="20241121 23:09:16.643"/>
</kw>
<if>
<branch type="IF" condition="${value}">
<kw name="Set Variable" library="BuiltIn">
<var>${value}</var>
<arg>SELECT</arg>
<doc>Returns the given values which can then be assigned to a variables.</doc>
<status status="NOT RUN" starttime="20241121 23:09:16.644" endtime="20241121 23:09:16.644"/>
</kw>
<status status="NOT RUN" starttime="20241121 23:09:16.643" endtime="20241121 23:09:16.644"/>
</branch>
<branch type="ELSE">
<kw name="Set Variable" library="BuiltIn">
<var>${value}</var>
<arg>UN_SELECT</arg>
<doc>Returns the given values which can then be assigned to a variables.</doc>
<status status="NOT RUN" starttime="20241121 23:09:16.645" endtime="20241121 23:09:16.645"/>
</kw>
<status status="NOT RUN" starttime="20241121 23:09:16.644" endtime="20241121 23:09:16.645"/>
</branch>
<status status="NOT RUN" starttime="20241121 23:09:16.643" endtime="20241121 23:09:16.645"/>
</if>
<status status="NOT RUN" starttime="20241121 23:09:16.641" endtime="20241121 23:09:16.645"/>
</branch>
<branch type="ELSE IF" condition="'${action}[type]' == '${SET_CHECKBOX_VALUE}'">
<kw name="evaluate(${input}[value] == SELECT)">
<var>${select}</var>
<status status="NOT RUN" starttime="20241121 23:09:16.655" endtime="20241121 23:09:16.655"/>
</kw>
<kw name="set-value" library="COMP_Checkbox">
<arg>${action}[xpath]</arg>
<arg>${select}</arg>
<tag>component</tag>
<doc>Updates the Field value and checks for post condition
And retries if the retry value is provided</doc>
<status status="NOT RUN" starttime="20241121 23:09:16.659" endtime="20241121 23:09:16.659"/>
</kw>
<status status="NOT RUN" starttime="20241121 23:09:16.645" endtime="20241121 23:09:16.660"/>
</branch>
<branch type="ELSE IF" condition="'${action}[type]' == '${GET_RADIO_VALUE}'">
<kw name="get-value" library="COMP_Checkbox">
<var>${value}</var>
<arg>${action}[xpath]</arg>
<tag>component</tag>
<doc>Gets the current checkbox status</doc>
<status status="NOT RUN" starttime="20241121 23:09:16.661" endtime="20241121 23:09:16.661"/>
</kw>
<if>
<branch type="IF" condition="${value}">
<kw name="Set Variable" library="BuiltIn">
<var>${value}</var>
<arg>SELECT</arg>
<doc>Returns the given values which can then be assigned to a variables.</doc>
<status status="NOT RUN" starttime="20241121 23:09:16.662" endtime="20241121 23:09:16.662"/>
</kw>
<status status="NOT RUN" starttime="20241121 23:09:16.662" endtime="20241121 23:09:16.662"/>
</branch>
<branch type="ELSE">
<kw name="Set Variable" library="BuiltIn">
<var>${value}</var>
<arg>UN_SELECT</arg>
<doc>Returns the given values which can then be assigned to a variables.</doc>
<status status="NOT RUN" starttime="20241121 23:09:16.662" endtime="20241121 23:09:16.662"/>
</kw>
<status status="NOT RUN" starttime="20241121 23:09:16.662" endtime="20241121 23:09:16.663"/>
</branch>
<status status="NOT RUN" starttime="20241121 23:09:16.662" endtime="20241121 23:09:16.663"/>
</if>
<status status="NOT RUN" starttime="20241121 23:09:16.660" endtime="20241121 23:09:16.663"/>
</branch>
<branch type="ELSE IF" condition="'${action}[type]' == '${SET_RADIO_VALUE}'">
<kw name="evaluate(${input}[value] == SELECT)">
<var>${select}</var>
<status status="NOT RUN" starttime="20241121 23:09:16.669" endtime="20241121 23:09:16.669"/>
</kw>
<kw name="set-value" library="COMP_Checkbox">
<arg>${action}[xpath]</arg>
<arg>${select}</arg>
<tag>component</tag>
<doc>Updates the Field value and checks for post condition
And retries if the retry value is provided</doc>
<status status="NOT RUN" starttime="20241121 23:09:16.674" endtime="20241121 23:09:16.674"/>
</kw>
<status status="NOT RUN" starttime="20241121 23:09:16.663" endtime="20241121 23:09:16.674"/>
</branch>
<branch type="ELSE IF" condition="'${action}[type]' == '${IS_ELEMENT_VISIBLE}'">
<kw name="is-attached-after-wait" library="UTIL_BrowserHelper">
<var>${value}</var>
<arg>${action}[xpath]</arg>
<tag>util</tag>
<doc>checks whether the given selector is attached to the DOM
after waiting for the element state</doc>
<status status="NOT RUN" starttime="20241121 23:09:16.676" endtime="20241121 23:09:16.676"/>
</kw>
<status status="NOT RUN" starttime="20241121 23:09:16.674" endtime="20241121 23:09:16.676"/>
</branch>
<branch type="ELSE IF" condition="'${action}[type]' == '${GET_TEXT}'">
<kw name="get-property" library="UTIL_BrowserHelper">
<var>${value}</var>
<arg>${action}[xpath]</arg>
<arg>innerText</arg>
<tag>util</tag>
<doc>Method used to get property</doc>
<status status="NOT RUN" starttime="20241121 23:09:16.678" endtime="20241121 23:09:16.678"/>
</kw>
<status status="NOT RUN" starttime="20241121 23:09:16.676" endtime="20241121 23:09:16.678"/>
</branch>
<branch type="ELSE">
<kw name="Log To Message">
<arg>Action not developed. Terminate the TestCase here!!!</arg>
<status status="NOT RUN" starttime="20241121 23:09:16.684" endtime="20241121 23:09:16.684"/>
</kw>
<kw name="ex-fail" library="EX_Exception">
<arg>ACTION_NOT_DEVELOPED</arg>
<tag>exception</tag>
<doc>wrapper over the builtin Fail keyword, to support additional operations during failure</doc>
<status status="NOT RUN" starttime="20241121 23:09:16.685" endtime="20241121 23:09:16.685"/>
</kw>
<status status="NOT RUN" starttime="20241121 23:09:16.678" endtime="20241121 23:09:16.685"/>
</branch>
<status status="PASS" starttime="20241121 23:09:08.344" endtime="20241121 23:09:16.685"/>
</if>
<kw name="Log To Console" library="BuiltIn">
<arg>${value}</arg>
<doc>Logs the given message to the console.</doc>
<status status="PASS" starttime="20241121 23:09:16.685" endtime="20241121 23:09:16.686"/>
</kw>
<kw name="Sleep" library="BuiltIn">
<arg>${input}[waitAfterAction]s</arg>
<doc>Pauses the test executed for the given time.</doc>
<msg timestamp="20241121 23:09:17.695" level="INFO">Slept 1 second</msg>
<status status="PASS" starttime="20241121 23:09:16.686" endtime="20241121 23:09:17.695"/>
</kw>
<status status="PASS" starttime="20241121 23:09:08.343" endtime="20241121 23:09:17.696"/>
</kw>
<status status="PASS" starttime="20241121 23:09:08.343" endtime="20241121 23:09:17.696"/>
</branch>
<branch type="EXCEPT" variable="${error_message}">
<kw name="Log To Console" library="BuiltIn">
<arg>${error_message}</arg>
<doc>Logs the given message to the console.</doc>
<status status="NOT RUN" starttime="20241121 23:09:17.697" endtime="20241121 23:09:17.697"/>
</kw>
<status status="NOT RUN" starttime="20241121 23:09:17.696" endtime="20241121 23:09:17.697"/>
</branch>
<status status="PASS" starttime="20241121 23:09:08.343" endtime="20241121 23:09:17.698"/>
</try>
<status status="PASS" starttime="20241121 23:09:08.330" endtime="20241121 23:09:17.698"/>
</iter>
<iter>
<var name="${flowActionSequence}">{'id': '42', 'actionId': '29', 'flowId': '14', 'order': 1, 'createdAt': '2024-11-21T16:43:09.645Z', 'updatedAt': '2024-11-21T16:43:09.645Z', 'action': {'id': '29', 'name': 'Set login username', 'type'...</var>
<kw name="Set Variable" library="BuiltIn">
<var>${action}</var>
<arg>${flowActionSequence}[action]</arg>
<doc>Returns the given values which can then be assigned to a variables.</doc>
<msg timestamp="20241121 23:09:17.700" level="INFO">${action} = {'id': '29', 'name': 'Set login username', 'type': 'TYPE_TEXT', 'xpath': 'id=username', 'valueRege': '', 'projectId': '4', 'createdAt': '2024-11-21T16:39:14.809Z', 'updatedAt': '2024-11-21T17:13:35.53...</msg>
<status status="PASS" starttime="20241121 23:09:17.699" endtime="20241121 23:09:17.700"/>
</kw>
<kw name="Log To Console" library="BuiltIn">
<arg>Action Name: ${action}[name]</arg>
<doc>Logs the given message to the console.</doc>
<status status="PASS" starttime="20241121 23:09:17.700" endtime="20241121 23:09:17.701"/>
</kw>
<kw name="Get Selected Input" library="Common_util">
<var>${input}</var>
<arg>${flowActionSequence}</arg>
<msg timestamp="20241121 23:09:17.702" level="INFO">${input} = {'id': '26', 'actionId': '29', 'name': 'Bharani', 'value': 'bharani@ideas2it.com', 'waitAfterAction': '1', 'isDefault': True, 'createdAt': '2024-11-21T16:39:15.038Z', 'updatedAt': '2024-11-21T17:23:16...</msg>
<status status="PASS" starttime="20241121 23:09:17.702" endtime="20241121 23:09:17.703"/>
</kw>
<if>
<branch type="IF" condition="$input == $None">
<kw name="Log To Console" library="BuiltIn">
<arg>Input not found for this action. Terminate the test case here!!!</arg>
<doc>Logs the given message to the console.</doc>
<status status="NOT RUN" starttime="20241121 23:09:17.704" endtime="20241121 23:09:17.704"/>
</kw>
<kw name="ex-fail" library="EX_Exception">
<arg>INPUT_NOT_FOUND_IN_ACTION</arg>
<tag>exception</tag>
<doc>wrapper over the builtin Fail keyword, to support additional operations during failure</doc>
<status status="NOT RUN" starttime="20241121 23:09:17.705" endtime="20241121 23:09:17.705"/>
</kw>
<status status="NOT RUN" starttime="20241121 23:09:17.703" endtime="20241121 23:09:17.705"/>
</branch>
<status status="PASS" starttime="20241121 23:09:17.703" endtime="20241121 23:09:17.706"/>
</if>
<try>
<branch type="TRY">
<kw name="execute-action">
<arg>${action}</arg>
<arg>${input}</arg>
<kw name="Set Variable" library="BuiltIn">
<var>${value}</var>
<arg>${input}[value]</arg>
<doc>Returns the given values which can then be assigned to a variables.</doc>
<msg timestamp="20241121 23:09:17.709" level="INFO">${value} = bharani@ideas2it.com</msg>
<status status="PASS" starttime="20241121 23:09:17.708" endtime="20241121 23:09:17.709"/>
</kw>
<if>
<branch type="IF" condition="'${action}[type]' == '${LAUNCH_BROWSER}'">
<kw name="launch-browser" library="COMP_BrowserContext">
<arg>${input}[value]</arg>
<status status="NOT RUN" starttime="20241121 23:09:17.711" endtime="20241121 23:09:17.711"/>
</kw>
<status status="NOT RUN" starttime="20241121 23:09:17.710" endtime="20241121 23:09:17.711"/>
</branch>
<branch type="ELSE IF" condition="'${action}[type]' == '${NEW_PAGE}'">
<kw name="New Page" library="RPA.Browser.Playwright">
<arg>${input}[value]</arg>
<tag>BrowserControl</tag>
<tag>Setter</tag>
<doc>Open a new Page.</doc>
<status status="NOT RUN" starttime="20241121 23:09:17.713" endtime="20241121 23:09:17.713"/>
</kw>
<status status="NOT RUN" starttime="20241121 23:09:17.712" endtime="20241121 23:09:17.713"/>
</branch>
<branch type="ELSE IF" condition="'${action}[type]' == '${CLICK}'">
<kw name="left-click" library="COMP_Button">
<arg>${action}[xpath]</arg>
<tag>component</tag>
<doc>Performs left click operation on button</doc>
<status status="NOT RUN" starttime="20241121 23:09:17.718" endtime="20241121 23:09:17.719"/>
</kw>
<status status="NOT RUN" starttime="20241121 23:09:17.714" endtime="20241121 23:09:17.719"/>
</branch>
<branch type="ELSE IF" condition="'${action}[type]' == '${DOUBLE_CLICK}'">
<kw name="left-click" library="COMP_Button">
<arg>${action}[xpath]</arg>
<tag>component</tag>
<doc>Performs left click operation on button</doc>
<status status="NOT RUN" starttime="20241121 23:09:17.722" endtime="20241121 23:09:17.722"/>
</kw>
<kw name="left-click" library="COMP_Button">
<arg>${action}[xpath]</arg>
<tag>component</tag>
<doc>Performs left click operation on button</doc>
<status status="NOT RUN" starttime="20241121 23:09:17.725" endtime="20241121 23:09:17.725"/>
</kw>
<status status="NOT RUN" starttime="20241121 23:09:17.719" endtime="20241121 23:09:17.725"/>
</branch>
<branch type="ELSE IF" condition="'${action}[type]' == '${GET_DROPDOWN_VALUE}'">
<kw name="get-selected-option" library="COMP_Select">
<var>${value}</var>
<arg>${action}[xpath]</arg>
<tag>component</tag>
<doc>Gets the selected option
Error will thrown if multiple options selected</doc>
<status status="NOT RUN" starttime="20241121 23:09:17.727" endtime="20241121 23:09:17.728"/>
</kw>
<status status="NOT RUN" starttime="20241121 23:09:17.726" endtime="20241121 23:09:17.728"/>
</branch>
<branch type="ELSE IF" condition="'${action}[type]' == '${SET_DROPDOWN_VALUE}'">
<kw name="select-single-option" library="COMP_Select">
<arg>${action}[xpath]</arg>
<arg>${input}[value]</arg>
<tag>component</tag>
<doc>Selects the option by given attribute</doc>
<status status="NOT RUN" starttime="20241121 23:09:17.732" endtime="20241121 23:09:17.732"/>
</kw>
<status status="NOT RUN" starttime="20241121 23:09:17.729" endtime="20241121 23:09:17.732"/>
</branch>
<branch type="ELSE IF" condition="'${action}[type]' == '${TYPE_TEXT}'">
<kw name="set-value" library="COMP_Textbox">
<arg>${action}[xpath]</arg>
<arg>${input}[value]</arg>
<tag>component</tag>
<doc>Updates Field Value and checks for post condition
And retries if the retry value is provided</doc>
<kw name="validate-precondition" library="COMP_Textbox">
<arg>${selector}</arg>
<tag>robot:private</tag>
<doc>Method used to validate if the selector is actually an input
Also used to validate the input element before performing any action
...
INPUT:
id=username: string</doc>
<kw name="fail-if-not-attached-after-wait" library="UTIL_Validation">
<arg>${selector}</arg>
<tag>util</tag>
<doc>Throws error if the element is not attached to the DOM
after waiting for the element state</doc>
<kw name="is-attached-after-wait" library="UTIL_BrowserHelper">
<var>${is_attached}</var>
<arg>${selector}</arg>
<tag>util</tag>
<doc>checks whether the given selector is attached to the DOM
after waiting for the element state</doc>
<try>
<branch type="TRY">
<kw name="is-element-state-appear-after-wait" library="UTIL_BrowserHelper">
<var>${result}</var>
<arg>${selector}</arg>
<arg>${ELEMENT_STATE_ATTACHED}</arg>
<tag>util</tag>
<doc>Used to get the element state
after waiting for the element state</doc>
<try>
<branch type="TRY">
<kw name="Run Keyword And Return Status" library="BuiltIn">
<var>${result}</var>
<arg>RPA.Browser.Playwright.Wait For Elements State</arg>
<arg>${selector}</arg>
<arg>${state}</arg>
<arg>timeout=12s</arg>
<doc>Runs the given keyword with given arguments and returns the status as a Boolean value.</doc>
<kw name="Wait For Elements State" library="RPA.Browser.Playwright">
<arg>${selector}</arg>
<arg>${state}</arg>
<arg>timeout=12s</arg>
<tag>PageContent</tag>
<tag>Wait</tag>
<doc>Waits for the element found by ``selector`` to satisfy state option.</doc>
<msg timestamp="20241121 23:09:17.773" level="INFO">Waited for Element with selector id=username at state attached</msg>
<status status="PASS" starttime="20241121 23:09:17.741" endtime="20241121 23:09:17.773"/>
</kw>
<msg timestamp="20241121 23:09:17.773" level="INFO">${result} = True</msg>
<status status="PASS" starttime="20241121 23:09:17.740" endtime="20241121 23:09:17.773"/>
</kw>
<return>
<value>${result}</value>
<status status="PASS" starttime="20241121 23:09:17.774" endtime="20241121 23:09:17.774"/>
</return>
<status status="PASS" starttime="20241121 23:09:17.740" endtime="20241121 23:09:17.774"/>
</branch>
<branch type="EXCEPT" variable="${error_message}">
<kw name="Log To Console" library="BuiltIn">
<arg>Error while getting element state: ${error_message}</arg>
<arg>ERROR</arg>
<doc>Logs the given message to the console.</doc>
<status status="NOT RUN" starttime="20241121 23:09:17.774" endtime="20241121 23:09:17.774"/>
</kw>
<kw name="ex-fail" library="EX_Exception">
<arg>ELEMENT_NOT_ATTACHED</arg>
<tag>exception</tag>
<doc>wrapper over the builtin Fail keyword, to support additional operations during failure</doc>
<status status="NOT RUN" starttime="20241121 23:09:17.774" endtime="20241121 23:09:17.774"/>
</kw>
<status status="NOT RUN" starttime="20241121 23:09:17.774" endtime="20241121 23:09:17.775"/>
</branch>
<status status="PASS" starttime="20241121 23:09:17.740" endtime="20241121 23:09:17.775"/>
</try>
<msg timestamp="20241121 23:09:17.775" level="INFO">${result} = True</msg>
<status status="PASS" starttime="20241121 23:09:17.739" endtime="20241121 23:09:17.775"/>
</kw>
<return>
<value>${result}</value>
<status status="PASS" starttime="20241121 23:09:17.775" endtime="20241121 23:09:17.775"/>
</return>
<status status="PASS" starttime="20241121 23:09:17.738" endtime="20241121 23:09:17.775"/>
</branch>
<branch type="EXCEPT">
<return>
<value>${False}</value>
<status status="NOT RUN" starttime="20241121 23:09:17.776" endtime="20241121 23:09:17.776"/>
</return>
<status status="NOT RUN" starttime="20241121 23:09:17.775" endtime="20241121 23:09:17.776"/>
</branch>
<status status="PASS" starttime="20241121 23:09:17.738" endtime="20241121 23:09:17.776"/>
</try>
<msg timestamp="20241121 23:09:17.776" level="INFO">${is_attached} = True</msg>
<status status="PASS" starttime="20241121 23:09:17.738" endtime="20241121 23:09:17.776"/>
</kw>
<kw name="fail-keyword-if" library="UTIL_Validation">
<arg>${is_attached == False}</arg>
<arg>${message}</arg>
<tag>util</tag>
<doc>Throws error with a custom message if given condition satisifes
first argument must be an expression/boolean
second argument must a message
Eg: fail-keyword-if {var1 == var2} {message}</doc>
<if>
<branch type="IF" condition="${condition}">
<kw name="Log To Console" library="BuiltIn">
<arg>Conditional exception: ${message}</arg>
<arg>ERROR</arg>
<doc>Logs the given message to the console.</doc>
<status status="NOT RUN" starttime="20241121 23:09:17.779" endtime="20241121 23:09:17.779"/>
</kw>
<kw name="ex-fail" library="EX_Exception">
<arg>${message}</arg>
<tag>exception</tag>
<doc>wrapper over the builtin Fail keyword, to support additional operations during failure</doc>
<status status="NOT RUN" starttime="20241121 23:09:17.779" endtime="20241121 23:09:17.779"/>
</kw>
<status status="NOT RUN" starttime="20241121 23:09:17.779" endtime="20241121 23:09:17.779"/>
</branch>
<status status="PASS" starttime="20241121 23:09:17.778" endtime="20241121 23:09:17.779"/>
</if>
<status status="PASS" starttime="20241121 23:09:17.777" endtime="20241121 23:09:17.779"/>
</kw>
<status status="PASS" starttime="20241121 23:09:17.737" endtime="20241121 23:09:17.780"/>
</kw>
<kw name="fail-if-not-a-textbox" library="UTIL_Validation">
<arg>${selector}</arg>
<tag>util</tag>
<doc>Throws error if the element is not a valid textbox</doc>
<try>
<branch type="TRY">
<kw name="get-property" library="UTIL_BrowserHelper">
<var>${tag_name}</var>
<arg>${selector}</arg>
<arg>tagName</arg>
<tag>util</tag>
<doc>Method used to get property</doc>
<kw name="fail-if-not-attached-after-wait" library="UTIL_Validation">
<arg>${selector}</arg>
<tag>util</tag>
<doc>Throws error if the element is not attached to the DOM
after waiting for the element state</doc>
<kw name="is-attached-after-wait" library="UTIL_BrowserHelper">
<var>${is_attached}</var>
<arg>${selector}</arg>
<tag>util</tag>
<doc>checks whether the given selector is attached to the DOM
after waiting for the element state</doc>
<try>
<branch type="TRY">
<kw name="is-element-state-appear-after-wait" library="UTIL_BrowserHelper">
<var>${result}</var>
<arg>${selector}</arg>
<arg>${ELEMENT_STATE_ATTACHED}</arg>
<tag>util</tag>
<doc>Used to get the element state
after waiting for the element state</doc>
<try>
<branch type="TRY">
<kw name="Run Keyword And Return Status" library="BuiltIn">
<var>${result}</var>
<arg>RPA.Browser.Playwright.Wait For Elements State</arg>
<arg>${selector}</arg>
<arg>${state}</arg>
<arg>timeout=12s</arg>
<doc>Runs the given keyword with given arguments and returns the status as a Boolean value.</doc>
<kw name="Wait For Elements State" library="RPA.Browser.Playwright">
<arg>${selector}</arg>
<arg>${state}</arg>
<arg>timeout=12s</arg>
<tag>PageContent</tag>
<tag>Wait</tag>
<doc>Waits for the element found by ``selector`` to satisfy state option.</doc>
<msg timestamp="20241121 23:09:17.795" level="INFO">Waited for Element with selector id=username at state attached</msg>
<status status="PASS" starttime="20241121 23:09:17.788" endtime="20241121 23:09:17.795"/>
</kw>
<msg timestamp="20241121 23:09:17.796" level="INFO">${result} = True</msg>
<status status="PASS" starttime="20241121 23:09:17.788" endtime="20241121 23:09:17.796"/>
</kw>
<return>
<value>${result}</value>
<status status="PASS" starttime="20241121 23:09:17.796" endtime="20241121 23:09:17.796"/>
</return>
<status status="PASS" starttime="20241121 23:09:17.787" endtime="20241121 23:09:17.796"/>
</branch>
<branch type="EXCEPT" variable="${error_message}">
<kw name="Log To Console" library="BuiltIn">
<arg>Error while getting element state: ${error_message}</arg>
<arg>ERROR</arg>
<doc>Logs the given message to the console.</doc>
<status status="NOT RUN" starttime="20241121 23:09:17.796" endtime="20241121 23:09:17.796"/>
</kw>
<kw name="ex-fail" library="EX_Exception">
<arg>ELEMENT_NOT_ATTACHED</arg>
<tag>exception</tag>
<doc>wrapper over the builtin Fail keyword, to support additional operations during failure</doc>
<status status="NOT RUN" starttime="20241121 23:09:17.796" endtime="20241121 23:09:17.797"/>
</kw>
<status status="NOT RUN" starttime="20241121 23:09:17.796" endtime="20241121 23:09:17.797"/>
</branch>
<status status="PASS" starttime="20241121 23:09:17.787" endtime="20241121 23:09:17.797"/>
</try>
<msg timestamp="20241121 23:09:17.797" level="INFO">${result} = True</msg>
<status status="PASS" starttime="20241121 23:09:17.787" endtime="20241121 23:09:17.797"/>
</kw>
<return>
<value>${result}</value>
<status status="PASS" starttime="20241121 23:09:17.797" endtime="20241121 23:09:17.797"/>
</return>
<status status="PASS" starttime="20241121 23:09:17.786" endtime="20241121 23:09:17.797"/>
</branch>
<branch type="EXCEPT">
<return>
<value>${False}</value>
<status status="NOT RUN" starttime="20241121 23:09:17.797" endtime="20241121 23:09:17.797"/>
</return>
<status status="NOT RUN" starttime="20241121 23:09:17.797" endtime="20241121 23:09:17.798"/>
</branch>
<status status="PASS" starttime="20241121 23:09:17.786" endtime="20241121 23:09:17.798"/>
</try>
<msg timestamp="20241121 23:09:17.798" level="INFO">${is_attached} = True</msg>
<status status="PASS" starttime="20241121 23:09:17.785" endtime="20241121 23:09:17.798"/>
</kw>
<kw name="fail-keyword-if" library="UTIL_Validation">
<arg>${is_attached == False}</arg>
<arg>${message}</arg>
<tag>util</tag>
<doc>Throws error with a custom message if given condition satisifes
first argument must be an expression/boolean
second argument must a message
Eg: fail-keyword-if {var1 == var2} {message}</doc>
<if>
<branch type="IF" condition="${condition}">
<kw name="Log To Console" library="BuiltIn">
<arg>Conditional exception: ${message}</arg>
<arg>ERROR</arg>
<doc>Logs the given message to the console.</doc>
<status status="NOT RUN" starttime="20241121 23:09:17.800" endtime="20241121 23:09:17.800"/>
</kw>
<kw name="ex-fail" library="EX_Exception">
<arg>${message}</arg>
<tag>exception</tag>
<doc>wrapper over the builtin Fail keyword, to support additional operations during failure</doc>
<status status="NOT RUN" starttime="20241121 23:09:17.801" endtime="20241121 23:09:17.801"/>
</kw>
<status status="NOT RUN" starttime="20241121 23:09:17.800" endtime="20241121 23:09:17.801"/>
</branch>
<status status="PASS" starttime="20241121 23:09:17.800" endtime="20241121 23:09:17.801"/>
</if>
<status status="PASS" starttime="20241121 23:09:17.799" endtime="20241121 23:09:17.801"/>
</kw>
<status status="PASS" starttime="20241121 23:09:17.785" endtime="20241121 23:09:17.801"/>
</kw>
<try>
<branch type="TRY">
<kw name="Get Property" library="RPA.Browser.Playwright">
<var>${property}</var>
<arg>${selector}</arg>
<arg>${property_name}</arg>
<tag>Assertion</tag>
<tag>Getter</tag>
<tag>PageContent</tag>
<doc>Returns the ``property`` of the element found by ``selector``.</doc>
<msg timestamp="20241121 23:09:17.825" level="INFO">Property: 'INPUT'</msg>
<msg timestamp="20241121 23:09:17.826" level="INFO">${property} = INPUT</msg>
<status status="PASS" starttime="20241121 23:09:17.801" endtime="20241121 23:09:17.826"/>
</kw>
<return>
<value>${property}</value>
<status status="PASS" starttime="20241121 23:09:17.826" endtime="20241121 23:09:17.826"/>
</return>
<status status="PASS" starttime="20241121 23:09:17.801" endtime="20241121 23:09:17.826"/>
</branch>
<branch type="EXCEPT" variable="${error_message}">
<kw name="Log To Console" library="BuiltIn">
<arg>${error_message}</arg>
<arg>ERROR</arg>
<doc>Logs the given message to the console.</doc>
<status status="NOT RUN" starttime="20241121 23:09:17.826" endtime="20241121 23:09:17.826"/>
</kw>
<kw name="ex-fail" library="EX_Exception">
<arg>INVALID_BROWSER_ELEMENT_PROPERTY</arg>
<tag>exception</tag>
<doc>wrapper over the builtin Fail keyword, to support additional operations during failure</doc>
<status status="NOT RUN" starttime="20241121 23:09:17.827" endtime="20241121 23:09:17.827"/>
</kw>
<status status="NOT RUN" starttime="20241121 23:09:17.826" endtime="20241121 23:09:17.827"/>
</branch>
<status status="PASS" starttime="20241121 23:09:17.801" endtime="20241121 23:09:17.827"/>
</try>
<msg timestamp="20241121 23:09:17.827" level="INFO">${tag_name} = INPUT</msg>
<status status="PASS" starttime="20241121 23:09:17.783" endtime="20241121 23:09:17.827"/>
</kw>
<kw name="fail-keyword-if" library="UTIL_Validation">
<arg>${tag_name != 'INPUT'}</arg>
<arg>${message}</arg>
<tag>util</tag>
<doc>Throws error with a custom message if given condition satisifes
first argument must be an expression/boolean
second argument must a message
Eg: fail-keyword-if {var1 == var2} {message}</doc>
<if>
<branch type="IF" condition="${condition}">
<kw name="Log To Console" library="BuiltIn">
<arg>Conditional exception: ${message}</arg>
<arg>ERROR</arg>
<doc>Logs the given message to the console.</doc>
<status status="NOT RUN" starttime="20241121 23:09:17.830" endtime="20241121 23:09:17.830"/>
</kw>
<kw name="ex-fail" library="EX_Exception">
<arg>${message}</arg>
<tag>exception</tag>
<doc>wrapper over the builtin Fail keyword, to support additional operations during failure</doc>
<status status="NOT RUN" starttime="20241121 23:09:17.830" endtime="20241121 23:09:17.830"/>
</kw>
<status status="NOT RUN" starttime="20241121 23:09:17.829" endtime="20241121 23:09:17.830"/>
</branch>
<status status="PASS" starttime="20241121 23:09:17.829" endtime="20241121 23:09:17.830"/>
</if>
<status status="PASS" starttime="20241121 23:09:17.828" endtime="20241121 23:09:17.830"/>
</kw>
<status status="PASS" starttime="20241121 23:09:17.782" endtime="20241121 23:09:17.830"/>
</branch>
<branch type="EXCEPT">
<pattern>INVALID_BROWSER_ELEMENT_PROPERTY</pattern>
<kw name="ex-fail" library="EX_Exception">
<arg>${message}</arg>
<tag>exception</tag>
<doc>wrapper over the builtin Fail keyword, to support additional operations during failure</doc>
<status status="NOT RUN" starttime="20241121 23:09:17.831" endtime="20241121 23:09:17.831"/>
</kw>
<status status="NOT RUN" starttime="20241121 23:09:17.830" endtime="20241121 23:09:17.831"/>
</branch>
<status status="PASS" starttime="20241121 23:09:17.782" endtime="20241121 23:09:17.831"/>
</try>
<status status="PASS" starttime="20241121 23:09:17.781" endtime="20241121 23:09:17.831"/>
</kw>
<kw name="fail-if-not-visible-after-wait" library="UTIL_Validation">
<arg>${selector}</arg>
<tag>util</tag>
<doc>Throws error if the element is not visible
after waiting for the element state</doc>
<kw name="is-visible-after-wait" library="UTIL_BrowserHelper">
<var>${is_visible}</var>
<arg>${selector}</arg>
<tag>util</tag>
<doc>checks whether the given selector is visible
after waiting for the element state</doc>
<kw name="is-element-state-appear-after-wait" library="UTIL_BrowserHelper">
<var>${result}</var>
<arg>${selector}</arg>
<arg>${ELEMENT_STATE_VISIBLE}</arg>
<tag>util</tag>
<doc>Used to get the element state
after waiting for the element state</doc>
<try>
<branch type="TRY">
<kw name="Run Keyword And Return Status" library="BuiltIn">
<var>${result}</var>
<arg>RPA.Browser.Playwright.Wait For Elements State</arg>
<arg>${selector}</arg>
<arg>${state}</arg>
<arg>timeout=12s</arg>
<doc>Runs the given keyword with given arguments and returns the status as a Boolean value.</doc>
<kw name="Wait For Elements State" library="RPA.Browser.Playwright">
<arg>${selector}</arg>
<arg>${state}</arg>
<arg>timeout=12s</arg>
<tag>PageContent</tag>
<tag>Wait</tag>
<doc>Waits for the element found by ``selector`` to satisfy state option.</doc>
<msg timestamp="20241121 23:09:17.842" level="INFO">Waited for Element with selector id=username at state visible</msg>
<status status="PASS" starttime="20241121 23:09:17.836" endtime="20241121 23:09:17.843"/>
</kw>
<msg timestamp="20241121 23:09:17.843" level="INFO">${result} = True</msg>
<status status="PASS" starttime="20241121 23:09:17.835" endtime="20241121 23:09:17.843"/>
</kw>
<return>
<value>${result}</value>
<status status="PASS" starttime="20241121 23:09:17.843" endtime="20241121 23:09:17.843"/>
</return>
<status status="PASS" starttime="20241121 23:09:17.835" endtime="20241121 23:09:17.843"/>
</branch>
<branch type="EXCEPT" variable="${error_message}">
<kw name="Log To Console" library="BuiltIn">
<arg>Error while getting element state: ${error_message}</arg>
<arg>ERROR</arg>
<doc>Logs the given message to the console.</doc>
<status status="NOT RUN" starttime="20241121 23:09:17.843" endtime="20241121 23:09:17.843"/>
</kw>
<kw name="ex-fail" library="EX_Exception">
<arg>ELEMENT_NOT_ATTACHED</arg>
<tag>exception</tag>
<doc>wrapper over the builtin Fail keyword, to support additional operations during failure</doc>
<status status="NOT RUN" starttime="20241121 23:09:17.844" endtime="20241121 23:09:17.844"/>
</kw>
<status status="NOT RUN" starttime="20241121 23:09:17.843" endtime="20241121 23:09:17.844"/>
</branch>
<status status="PASS" starttime="20241121 23:09:17.835" endtime="20241121 23:09:17.844"/>
</try>
<msg timestamp="20241121 23:09:17.844" level="INFO">${result} = True</msg>
<status status="PASS" starttime="20241121 23:09:17.835" endtime="20241121 23:09:17.844"/>
</kw>
<return>
<value>${result}</value>
<status status="PASS" starttime="20241121 23:09:17.844" endtime="20241121 23:09:17.844"/>
</return>
<msg timestamp="20241121 23:09:17.845" level="INFO">${is_visible} = True</msg>
<status status="PASS" starttime="20241121 23:09:17.833" endtime="20241121 23:09:17.845"/>
</kw>
<kw name="fail-keyword-if" library="UTIL_Validation">
<arg>${is_visible == False}</arg>
<arg>${message}</arg>
<tag>util</tag>
<doc>Throws error with a custom message if given condition satisifes
first argument must be an expression/boolean
second argument must a message
Eg: fail-keyword-if {var1 == var2} {message}</doc>
<if>
<branch type="IF" condition="${condition}">
<kw name="Log To Console" library="BuiltIn">
<arg>Conditional exception: ${message}</arg>
<arg>ERROR</arg>
<doc>Logs the given message to the console.</doc>
<status status="NOT RUN" starttime="20241121 23:09:17.847" endtime="20241121 23:09:17.847"/>
</kw>
<kw name="ex-fail" library="EX_Exception">
<arg>${message}</arg>
<tag>exception</tag>
<doc>wrapper over the builtin Fail keyword, to support additional operations during failure</doc>
<status status="NOT RUN" starttime="20241121 23:09:17.847" endtime="20241121 23:09:17.847"/>
</kw>
<status status="NOT RUN" starttime="20241121 23:09:17.847" endtime="20241121 23:09:17.847"/>
</branch>
<status status="PASS" starttime="20241121 23:09:17.847" endtime="20241121 23:09:17.847"/>
</if>
<status status="PASS" starttime="20241121 23:09:17.846" endtime="20241121 23:09:17.848"/>
</kw>
<status status="PASS" starttime="20241121 23:09:17.833" endtime="20241121 23:09:17.848"/>
</kw>
<status status="PASS" starttime="20241121 23:09:17.735" endtime="20241121 23:09:17.848"/>
</kw>
<kw name="fail-if-not-editable-after-wait" library="UTIL_Validation">
<arg>${selector}</arg>
<tag>util</tag>
<doc>Throws error if the element is not editable
after waiting for the element state</doc>
<kw name="is-editable-after-wait" library="UTIL_BrowserHelper">
<var>${is_editable}</var>
<arg>${selector}</arg>
<tag>util</tag>
<doc>checks whether the given selector is editable
after waiting for the element state</doc>
<kw name="is-element-state-appear-after-wait" library="UTIL_BrowserHelper">
<var>${result}</var>
<arg>${selector}</arg>
<arg>${ELEMENT_STATE_EDITABLE}</arg>
<tag>util</tag>
<doc>Used to get the element state
after waiting for the element state</doc>
<try>
<branch type="TRY">
<kw name="Run Keyword And Return Status" library="BuiltIn">
<var>${result}</var>
<arg>RPA.Browser.Playwright.Wait For Elements State</arg>
<arg>${selector}</arg>
<arg>${state}</arg>
<arg>timeout=12s</arg>
<doc>Runs the given keyword with given arguments and returns the status as a Boolean value.</doc>
<kw name="Wait For Elements State" library="RPA.Browser.Playwright">
<arg>${selector}</arg>
<arg>${state}</arg>
<arg>timeout=12s</arg>
<tag>PageContent</tag>
<tag>Wait</tag>
<doc>Waits for the element found by ``selector`` to satisfy state option.</doc>
<msg timestamp="20241121 23:09:17.872" level="INFO">Waited for Element with selector id=username at state editable</msg>
<status status="PASS" starttime="20241121 23:09:17.853" endtime="20241121 23:09:17.872"/>
</kw>
<msg timestamp="20241121 23:09:17.872" level="INFO">${result} = True</msg>
<status status="PASS" starttime="20241121 23:09:17.852" endtime="20241121 23:09:17.872"/>
</kw>
<return>
<value>${result}</value>
<status status="PASS" starttime="20241121 23:09:17.872" endtime="20241121 23:09:17.872"/>
</return>
<status status="PASS" starttime="20241121 23:09:17.852" endtime="20241121 23:09:17.872"/>
</branch>
<branch type="EXCEPT" variable="${error_message}">
<kw name="Log To Console" library="BuiltIn">
<arg>Error while getting element state: ${error_message}</arg>
<arg>ERROR</arg>
<doc>Logs the given message to the console.</doc>
<status status="NOT RUN" starttime="20241121 23:09:17.873" endtime="20241121 23:09:17.873"/>
</kw>
<kw name="ex-fail" library="EX_Exception">
<arg>ELEMENT_NOT_ATTACHED</arg>
<tag>exception</tag>
<doc>wrapper over the builtin Fail keyword, to support additional operations during failure</doc>
<status status="NOT RUN" starttime="20241121 23:09:17.873" endtime="20241121 23:09:17.873"/>
</kw>
<status status="NOT RUN" starttime="20241121 23:09:17.873" endtime="20241121 23:09:17.873"/>
</branch>
<status status="PASS" starttime="20241121 23:09:17.852" endtime="20241121 23:09:17.873"/>
</try>
<msg timestamp="20241121 23:09:17.874" level="INFO">${result} = True</msg>
<status status="PASS" starttime="20241121 23:09:17.851" endtime="20241121 23:09:17.874"/>
</kw>
<return>
<value>${result}</value>
<status status="PASS" starttime="20241121 23:09:17.874" endtime="20241121 23:09:17.874"/>
</return>
<msg timestamp="20241121 23:09:17.874" level="INFO">${is_editable} = True</msg>
<status status="PASS" starttime="20241121 23:09:17.850" endtime="20241121 23:09:17.874"/>
</kw>
<kw name="fail-keyword-if" library="UTIL_Validation">
<arg>${is_editable == False}</arg>
<arg>${message}</arg>
<tag>util</tag>
<doc>Throws error with a custom message if given condition satisifes
first argument must be an expression/boolean
second argument must a message
Eg: fail-keyword-if {var1 == var2} {message}</doc>
<if>
<branch type="IF" condition="${condition}">
<kw name="Log To Console" library="BuiltIn">
<arg>Conditional exception: ${message}</arg>
<arg>ERROR</arg>
<doc>Logs the given message to the console.</doc>
<status status="NOT RUN" starttime="20241121 23:09:17.876" endtime="20241121 23:09:17.876"/>
</kw>
<kw name="ex-fail" library="EX_Exception">
<arg>${message}</arg>
<tag>exception</tag>
<doc>wrapper over the builtin Fail keyword, to support additional operations during failure</doc>
<status status="NOT RUN" starttime="20241121 23:09:17.877" endtime="20241121 23:09:17.877"/>
</kw>
<status status="NOT RUN" starttime="20241121 23:09:17.876" endtime="20241121 23:09:17.877"/>
</branch>
<status status="PASS" starttime="20241121 23:09:17.876" endtime="20241121 23:09:17.877"/>
</if>
<status status="PASS" starttime="20241121 23:09:17.875" endtime="20241121 23:09:17.877"/>
</kw>
<status status="PASS" starttime="20241121 23:09:17.850" endtime="20241121 23:09:17.877"/>
</kw>
<kw name="Create Dictionary" library="BuiltIn">
<var>${retry_info}</var>
<arg>is_first_try=${True}</arg>
<doc>Creates and returns a dictionary based on the given ``items``.</doc>
<msg timestamp="20241121 23:09:17.878" level="INFO">${retry_info} = {'is_first_try': True}</msg>
<status status="PASS" starttime="20241121 23:09:17.877" endtime="20241121 23:09:17.878"/>
</kw>
<try>
<branch type="TRY">
<kw name="Wait Until Keyword Succeeds" library="BuiltIn">
<arg>${retry_count}</arg>
<arg>1s</arg>
<arg>COMP_Textbox.fill-text-and-validate-post-condition</arg>
<arg>${retry_info}</arg>
<arg>${selector}</arg>
<arg>${value}</arg>
<doc>Runs the specified keyword and retries if it fails.</doc>
<kw name="fill-text-and-validate-post-condition" library="COMP_Textbox">
<arg>${retry_info}</arg>
<arg>${selector}</arg>
<arg>${value}</arg>
<tag>robot:private</tag>
<doc>Updates the Field value and checks for post condition
And retries if the retry value is provided</doc>
<if>
<branch type="IF" condition="${retry_info}[is_first_try] == ${False}">
<kw name="validate-precondition" library="COMP_Textbox">
<arg>${selector}</arg>
<tag>robot:private</tag>
<doc>Method used to validate if the selector is actually an input
Also used to validate the input element before performing any action
...
INPUT:
id=username: string</doc>
<status status="NOT RUN" starttime="20241121 23:09:17.880" endtime="20241121 23:09:17.880"/>
</kw>
<kw name="fail-if-not-editable-after-wait" library="UTIL_Validation">
<arg>${selector}</arg>
<tag>util</tag>
<doc>Throws error if the element is not editable
after waiting for the element state</doc>
<status status="NOT RUN" starttime="20241121 23:09:17.881" endtime="20241121 23:09:17.881"/>
</kw>
<status status="NOT RUN" starttime="20241121 23:09:17.879" endtime="20241121 23:09:17.882"/>
</branch>
<branch type="ELSE">
<kw name="Set To Dictionary" library="Collections">
<arg>${retry_info}</arg>
<arg>is_first_try=${False}</arg>
<doc>Adds the given ``key_value_pairs`` and ``items`` to the ``dictionary``.</doc>
<status status="PASS" starttime="20241121 23:09:17.882" endtime="20241121 23:09:17.882"/>
</kw>
<status status="PASS" starttime="20241121 23:09:17.882" endtime="20241121 23:09:17.882"/>
</branch>
<status status="PASS" starttime="20241121 23:09:17.879" endtime="20241121 23:09:17.882"/>
</if>
<try>
<branch type="TRY">
<kw name="Fill Text" library="RPA.Browser.Playwright">
<arg>${selector}</arg>
<arg>${value}</arg>
<tag>PageContent</tag>
<tag>Setter</tag>
<doc>Clears and fills the given ``txt`` into the text field found by ``selector``.</doc>
<msg timestamp="20241121 23:09:17.883" level="INFO">Fills the text 'bharani@ideas2it.com' in the given field.</msg>
<status status="PASS" starttime="20241121 23:09:17.883" endtime="20241121 23:09:17.917"/>
</kw>
<status status="PASS" starttime="20241121 23:09:17.882" endtime="20241121 23:09:17.917"/>
</branch>
<branch type="EXCEPT" variable="${err_msg}">
<kw name="Log To Console" library="BuiltIn">
<arg>${err_msg}</arg>
<doc>Logs the given message to the console.</doc>
<status status="NOT RUN" starttime="20241121 23:09:17.918" endtime="20241121 23:09:17.918"/>
</kw>
<kw name="ex-fail" library="EX_Exception">
<arg>UNKNOWN_ERROR_OCCURRED</arg>
<tag>exception</tag>
<doc>wrapper over the builtin Fail keyword, to support additional operations during failure</doc>
<status status="NOT RUN" starttime="20241121 23:09:17.918" endtime="20241121 23:09:17.918"/>
</kw>
<status status="NOT RUN" starttime="20241121 23:09:17.917" endtime="20241121 23:09:17.918"/>
</branch>
<status status="PASS" starttime="20241121 23:09:17.882" endtime="20241121 23:09:17.918"/>
</try>
<kw name="fail-if-value-not-populated" library="COMP_Textbox">
<arg>${selector}</arg>
<arg>${value}</arg>
<tag>robot:private</tag>
<doc>Fails if the value is not populated in the given input field</doc>
<kw name="get-value" library="COMP_Textbox">
<var>${populated_value}</var>
<arg>${selector}</arg>
<tag>component</tag>
<doc>Returns Field Value</doc>
<kw name="validate-precondition" library="COMP_Textbox">
<arg>${selector}</arg>
<tag>robot:private</tag>
<doc>Method used to validate if the selector is actually an input
Also used to validate the input element before performing any action
...
INPUT:
id=username: string</doc>
<kw name="fail-if-not-attached-after-wait" library="UTIL_Validation">
<arg>${selector}</arg>
<tag>util</tag>
<doc>Throws error if the element is not attached to the DOM
after waiting for the element state</doc>
<kw name="is-attached-after-wait" library="UTIL_BrowserHelper">
<var>${is_attached}</var>
<arg>${selector}</arg>
<tag>util</tag>
<doc>checks whether the given selector is attached to the DOM
after waiting for the element state</doc>
<try>
<branch type="TRY">
<kw name="is-element-state-appear-after-wait" library="UTIL_BrowserHelper">
<var>${result}</var>
<arg>${selector}</arg>
<arg>${ELEMENT_STATE_ATTACHED}</arg>
<tag>util</tag>
<doc>Used to get the element state
after waiting for the element state</doc>
<try>
<branch type="TRY">
<kw name="Run Keyword And Return Status" library="BuiltIn">
<var>${result}</var>
<arg>RPA.Browser.Playwright.Wait For Elements State</arg>
<arg>${selector}</arg>
<arg>${state}</arg>
<arg>timeout=12s</arg>
<doc>Runs the given keyword with given arguments and returns the status as a Boolean value.</doc>
<kw name="Wait For Elements State" library="RPA.Browser.Playwright">
<arg>${selector}</arg>
<arg>${state}</arg>
<arg>timeout=12s</arg>
<tag>PageContent</tag>
<tag>Wait</tag>
<doc>Waits for the element found by ``selector`` to satisfy state option.</doc>
<msg timestamp="20241121 23:09:17.931" level="INFO">Waited for Element with selector id=username at state attached</msg>
<status status="PASS" starttime="20241121 23:09:17.924" endtime="20241121 23:09:17.931"/>
</kw>
<msg timestamp="20241121 23:09:17.931" level="INFO">${result} = True</msg>
<status status="PASS" starttime="20241121 23:09:17.924" endtime="20241121 23:09:17.931"/>
</kw>
<return>
<value>${result}</value>
<status status="PASS" starttime="20241121 23:09:17.931" endtime="20241121 23:09:17.931"/>
</return>
<status status="PASS" starttime="20241121 23:09:17.924" endtime="20241121 23:09:17.931"/>
</branch>
<branch type="EXCEPT" variable="${error_message}">
<kw name="Log To Console" library="BuiltIn">
<arg>Error while getting element state: ${error_message}</arg>
<arg>ERROR</arg>
<doc>Logs the given message to the console.</doc>
<status status="NOT RUN" starttime="20241121 23:09:17.932" endtime="20241121 23:09:17.932"/>
</kw>
<kw name="ex-fail" library="EX_Exception">
<arg>ELEMENT_NOT_ATTACHED</arg>
<tag>exception</tag>
<doc>wrapper over the builtin Fail keyword, to support additional operations during failure</doc>
<status status="NOT RUN" starttime="20241121 23:09:17.932" endtime="20241121 23:09:17.932"/>
</kw>
<status status="NOT RUN" starttime="20241121 23:09:17.931" endtime="20241121 23:09:17.932"/>
</branch>
<status status="PASS" starttime="20241121 23:09:17.924" endtime="20241121 23:09:17.932"/>
</try>
<msg timestamp="20241121 23:09:17.932" level="INFO">${result} = True</msg>
<status status="PASS" starttime="20241121 23:09:17.923" endtime="20241121 23:09:17.932"/>
</kw>
<return>
<value>${result}</value>
<status status="PASS" starttime="20241121 23:09:17.932" endtime="20241121 23:09:17.933"/>
</return>
<status status="PASS" starttime="20241121 23:09:17.922" endtime="20241121 23:09:17.933"/>
</branch>
<branch type="EXCEPT">
<return>
<value>${False}</value>
<status status="NOT RUN" starttime="20241121 23:09:17.933" endtime="20241121 23:09:17.933"/>
</return>
<status status="NOT RUN" starttime="20241121 23:09:17.933" endtime="20241121 23:09:17.933"/>
</branch>
<status status="PASS" starttime="20241121 23:09:17.922" endtime="20241121 23:09:17.933"/>
</try>
<msg timestamp="20241121 23:09:17.933" level="INFO">${is_attached} = True</msg>
<status status="PASS" starttime="20241121 23:09:17.922" endtime="20241121 23:09:17.933"/>
</kw>
<kw name="fail-keyword-if" library="UTIL_Validation">
<arg>${is_attached == False}</arg>
<arg>${message}</arg>
<tag>util</tag>
<doc>Throws error with a custom message if given condition satisifes
first argument must be an expression/boolean
second argument must a message
Eg: fail-keyword-if {var1 == var2} {message}</doc>
<if>
<branch type="IF" condition="${condition}">
<kw name="Log To Console" library="BuiltIn">
<arg>Conditional exception: ${message}</arg>
<arg>ERROR</arg>
<doc>Logs the given message to the console.</doc>
<status status="NOT RUN" starttime="20241121 23:09:17.936" endtime="20241121 23:09:17.936"/>
</kw>
<kw name="ex-fail" library="EX_Exception">
<arg>${message}</arg>
<tag>exception</tag>
<doc>wrapper over the builtin Fail keyword, to support additional operations during failure</doc>
<status status="NOT RUN" starttime="20241121 23:09:17.936" endtime="20241121 23:09:17.936"/>
</kw>
<status status="NOT RUN" starttime="20241121 23:09:17.935" endtime="20241121 23:09:17.936"/>
</branch>
<status status="PASS" starttime="20241121 23:09:17.935" endtime="20241121 23:09:17.936"/>
</if>
<status status="PASS" starttime="20241121 23:09:17.934" endtime="20241121 23:09:17.936"/>
</kw>
<status status="PASS" starttime="20241121 23:09:17.921" endtime="20241121 23:09:17.936"/>
</kw>
<kw name="fail-if-not-a-textbox" library="UTIL_Validation">
<arg>${selector}</arg>
<tag>util</tag>
<doc>Throws error if the element is not a valid textbox</doc>
<try>
<branch type="TRY">
<kw name="get-property" library="UTIL_BrowserHelper">
<var>${tag_name}</var>
<arg>${selector}</arg>
<arg>tagName</arg>
<tag>util</tag>
<doc>Method used to get property</doc>
<kw name="fail-if-not-attached-after-wait" library="UTIL_Validation">
<arg>${selector}</arg>
<tag>util</tag>
<doc>Throws error if the element is not attached to the DOM
after waiting for the element state</doc>
<kw name="is-attached-after-wait" library="UTIL_BrowserHelper">
<var>${is_attached}</var>
<arg>${selector}</arg>
<tag>util</tag>
<doc>checks whether the given selector is attached to the DOM
after waiting for the element state</doc>
<try>
<branch type="TRY">
<kw name="is-element-state-appear-after-wait" library="UTIL_BrowserHelper">
<var>${result}</var>
<arg>${selector}</arg>
<arg>${ELEMENT_STATE_ATTACHED}</arg>
<tag>util</tag>
<doc>Used to get the element state
after waiting for the element state</doc>
<try>
<branch type="TRY">
<kw name="Run Keyword And Return Status" library="BuiltIn">
<var>${result}</var>
<arg>RPA.Browser.Playwright.Wait For Elements State</arg>
<arg>${selector}</arg>
<arg>${state}</arg>
<arg>timeout=12s</arg>
<doc>Runs the given keyword with given arguments and returns the status as a Boolean value.</doc>
<kw name="Wait For Elements State" library="RPA.Browser.Playwright">
<arg>${selector}</arg>
<arg>${state}</arg>
<arg>timeout=12s</arg>
<tag>PageContent</tag>
<tag>Wait</tag>
<doc>Waits for the element found by ``selector`` to satisfy state option.</doc>
<msg timestamp="20241121 23:09:17.951" level="INFO">Waited for Element with selector id=username at state attached</msg>
<status status="PASS" starttime="20241121 23:09:17.945" endtime="20241121 23:09:17.951"/>
</kw>
<msg timestamp="20241121 23:09:17.951" level="INFO">${result} = True</msg>
<status status="PASS" starttime="20241121 23:09:17.944" endtime="20241121 23:09:17.951"/>
</kw>
<return>
<value>${result}</value>
<status status="PASS" starttime="20241121 23:09:17.951" endtime="20241121 23:09:17.951"/>
</return>
<status status="PASS" starttime="20241121 23:09:17.944" endtime="20241121 23:09:17.951"/>
</branch>
<branch type="EXCEPT" variable="${error_message}">
<kw name="Log To Console" library="BuiltIn">
<arg>Error while getting element state: ${error_message}</arg>
<arg>ERROR</arg>
<doc>Logs the given message to the console.</doc>
<status status="NOT RUN" starttime="20241121 23:09:17.952" endtime="20241121 23:09:17.952"/>
</kw>
<kw name="ex-fail" library="EX_Exception">
<arg>ELEMENT_NOT_ATTACHED</arg>
<tag>exception</tag>
<doc>wrapper over the builtin Fail keyword, to support additional operations during failure</doc>
<status status="NOT RUN" starttime="20241121 23:09:17.952" endtime="20241121 23:09:17.952"/>
</kw>
[...]
</branch>
<status status="NOT RUN" starttime="20241121 23:09:26.221" endtime="20241121 23:09:26.223"/>
</if>
<status status="NOT RUN" starttime="20241121 23:09:26.218" endtime="20241121 23:09:26.223"/>
</branch>
<branch type="ELSE IF" condition="'${action}[type]' == '${SET_RADIO_VALUE}'">
<kw name="evaluate(${input}[value] == SELECT)">
<var>${select}</var>
<status status="NOT RUN" starttime="20241121 23:09:26.235" endtime="20241121 23:09:26.235"/>
</kw>
<kw name="set-value" library="COMP_Checkbox">
<arg>${action}[xpath]</arg>
<arg>${select}</arg>
<tag>component</tag>
<doc>Updates the Field value and checks for post condition
And retries if the retry value is provided</doc>
<status status="NOT RUN" starttime="20241121 23:09:26.240" endtime="20241121 23:09:26.241"/>
</kw>
<status status="NOT RUN" starttime="20241121 23:09:26.223" endtime="20241121 23:09:26.241"/>
</branch>
<branch type="ELSE IF" condition="'${action}[type]' == '${IS_ELEMENT_VISIBLE}'">
<kw name="is-attached-after-wait" library="UTIL_BrowserHelper">
<var>${value}</var>
<arg>${action}[xpath]</arg>
<tag>util</tag>
<doc>checks whether the given selector is attached to the DOM
after waiting for the element state</doc>
<try>
<branch type="TRY">
<kw name="is-element-state-appear-after-wait" library="UTIL_BrowserHelper">
<var>${result}</var>
<arg>${selector}</arg>
<arg>${ELEMENT_STATE_ATTACHED}</arg>
<tag>util</tag>
<doc>Used to get the element state
after waiting for the element state</doc>
<try>
<branch type="TRY">
<kw name="Run Keyword And Return Status" library="BuiltIn">
<var>${result}</var>
<arg>RPA.Browser.Playwright.Wait For Elements State</arg>
<arg>${selector}</arg>
<arg>${state}</arg>
<arg>timeout=12s</arg>
<doc>Runs the given keyword with given arguments and returns the status as a Boolean value.</doc>
<kw name="Wait For Elements State" library="RPA.Browser.Playwright">
<arg>${selector}</arg>
<arg>${state}</arg>
<arg>timeout=12s</arg>
<tag>PageContent</tag>
<tag>Wait</tag>
<doc>Waits for the element found by ``selector`` to satisfy state option.</doc>
<msg timestamp="20241121 23:09:26.382" level="INFO">Waited for Element with selector //h4[text()="bharani deepan"] at state attached</msg>
<status status="PASS" starttime="20241121 23:09:26.247" endtime="20241121 23:09:26.383"/>
</kw>
<msg timestamp="20241121 23:09:26.383" level="INFO">${result} = True</msg>
<status status="PASS" starttime="20241121 23:09:26.247" endtime="20241121 23:09:26.383"/>
</kw>
<return>
<value>${result}</value>
<status status="PASS" starttime="20241121 23:09:26.383" endtime="20241121 23:09:26.383"/>
</return>
<status status="PASS" starttime="20241121 23:09:26.246" endtime="20241121 23:09:26.383"/>
</branch>
<branch type="EXCEPT" variable="${error_message}">
<kw name="Log To Console" library="BuiltIn">
<arg>Error while getting element state: ${error_message}</arg>
<arg>ERROR</arg>
<doc>Logs the given message to the console.</doc>
<status status="NOT RUN" starttime="20241121 23:09:26.384" endtime="20241121 23:09:26.384"/>
</kw>
<kw name="ex-fail" library="EX_Exception">
<arg>ELEMENT_NOT_ATTACHED</arg>
<tag>exception</tag>
<doc>wrapper over the builtin Fail keyword, to support additional operations during failure</doc>
<status status="NOT RUN" starttime="20241121 23:09:26.385" endtime="20241121 23:09:26.385"/>
</kw>
<status status="NOT RUN" starttime="20241121 23:09:26.384" endtime="20241121 23:09:26.385"/>
</branch>
<status status="PASS" starttime="20241121 23:09:26.246" endtime="20241121 23:09:26.385"/>
</try>
<msg timestamp="20241121 23:09:26.386" level="INFO">${result} = True</msg>
<status status="PASS" starttime="20241121 23:09:26.245" endtime="20241121 23:09:26.386"/>
</kw>
<return>
<value>${result}</value>
<status status="PASS" starttime="20241121 23:09:26.386" endtime="20241121 23:09:26.387"/>
</return>
<status status="PASS" starttime="20241121 23:09:26.244" endtime="20241121 23:09:26.387"/>
</branch>
<branch type="EXCEPT">
<return>
<value>${False}</value>
<status status="NOT RUN" starttime="20241121 23:09:26.387" endtime="20241121 23:09:26.387"/>
</return>
<status status="NOT RUN" starttime="20241121 23:09:26.387" endtime="20241121 23:09:26.387"/>
</branch>
<status status="PASS" starttime="20241121 23:09:26.244" endtime="20241121 23:09:26.388"/>
</try>
<msg timestamp="20241121 23:09:26.388" level="INFO">${value} = True</msg>
<status status="PASS" starttime="20241121 23:09:26.243" endtime="20241121 23:09:26.388"/>
</kw>
<status status="PASS" starttime="20241121 23:09:26.241" endtime="20241121 23:09:26.388"/>
</branch>
<branch type="ELSE IF" condition="'${action}[type]' == '${GET_TEXT}'">
<kw name="get-property" library="UTIL_BrowserHelper">
<var>${value}</var>
<arg>${action}[xpath]</arg>
<arg>innerText</arg>
<tag>util</tag>
<doc>Method used to get property</doc>
<status status="NOT RUN" starttime="20241121 23:09:26.393" endtime="20241121 23:09:26.393"/>
</kw>
<status status="NOT RUN" starttime="20241121 23:09:26.388" endtime="20241121 23:09:26.393"/>
</branch>
<branch type="ELSE">
<kw name="Log To Message">
<arg>Action not developed. Terminate the TestCase here!!!</arg>
<status status="NOT RUN" starttime="20241121 23:09:26.404" endtime="20241121 23:09:26.404"/>
</kw>
<kw name="ex-fail" library="EX_Exception">
<arg>ACTION_NOT_DEVELOPED</arg>
<tag>exception</tag>
<doc>wrapper over the builtin Fail keyword, to support additional operations during failure</doc>
<status status="NOT RUN" starttime="20241121 23:09:26.405" endtime="20241121 23:09:26.405"/>
</kw>
<status status="NOT RUN" starttime="20241121 23:09:26.393" endtime="20241121 23:09:26.405"/>
</branch>
<status status="PASS" starttime="20241121 23:09:26.168" endtime="20241121 23:09:26.405"/>
</if>
<kw name="Log To Console" library="BuiltIn">
<arg>${value}</arg>
<doc>Logs the given message to the console.</doc>
<status status="PASS" starttime="20241121 23:09:26.405" endtime="20241121 23:09:26.406"/>
</kw>
<kw name="Sleep" library="BuiltIn">
<arg>${input}[waitAfterAction]s</arg>
<doc>Pauses the test executed for the given time.</doc>
<msg timestamp="20241121 23:09:26.407" level="INFO">Slept 0 seconds</msg>
<status status="PASS" starttime="20241121 23:09:26.406" endtime="20241121 23:09:26.407"/>
</kw>
<status status="PASS" starttime="20241121 23:09:26.166" endtime="20241121 23:09:26.407"/>
</kw>
<status status="PASS" starttime="20241121 23:09:26.166" endtime="20241121 23:09:26.408"/>
</branch>
<branch type="EXCEPT" variable="${error_message}">
<kw name="Log To Console" library="BuiltIn">
<arg>${error_message}</arg>
<doc>Logs the given message to the console.</doc>
<status status="NOT RUN" starttime="20241121 23:09:26.408" endtime="20241121 23:09:26.408"/>
</kw>
<status status="NOT RUN" starttime="20241121 23:09:26.408" endtime="20241121 23:09:26.408"/>
</branch>
<status status="PASS" starttime="20241121 23:09:26.166" endtime="20241121 23:09:26.409"/>
</try>
<status status="PASS" starttime="20241121 23:09:26.163" endtime="20241121 23:09:26.409"/>
</iter>
<status status="PASS" starttime="20241121 23:09:25.693" endtime="20241121 23:09:26.409"/>
</for>
<status status="PASS" starttime="20241121 23:09:25.693" endtime="20241121 23:09:26.409"/>
</branch>
<status status="PASS" starttime="20241121 23:09:25.692" endtime="20241121 23:09:26.410"/>
</if>
<status status="PASS" starttime="20241121 23:09:25.663" endtime="20241121 23:09:26.410"/>
</iter>
<status status="PASS" starttime="20241121 23:09:08.312" endtime="20241121 23:09:26.410"/>
</for>
<status status="PASS" starttime="20241121 23:09:08.312" endtime="20241121 23:09:26.410"/>
</branch>
<status status="PASS" starttime="20241121 23:09:08.312" endtime="20241121 23:09:26.411"/>
</if>
<status status="PASS" starttime="20241121 23:09:08.274" endtime="20241121 23:09:26.411"/>
</branch>
<branch type="ELSE">
<kw name="Log To Console" library="BuiltIn">
<arg>Command type not developed</arg>
<doc>Logs the given message to the console.</doc>
<status status="NOT RUN" starttime="20241121 23:09:26.411" endtime="20241121 23:09:26.412"/>
</kw>
<status status="NOT RUN" starttime="20241121 23:09:26.411" endtime="20241121 23:09:26.412"/>
</branch>
<status status="PASS" starttime="20241121 23:09:08.272" endtime="20241121 23:09:26.412"/>
</if>
<status status="PASS" starttime="20241121 23:09:08.244" endtime="20241121 23:09:26.412"/>
</kw>
<status status="PASS" starttime="20241121 23:09:08.243" endtime="20241121 23:09:26.413"/>
</branch>
<branch type="EXCEPT" variable="${error_message}">
<kw name="Log To Console" library="BuiltIn">
<arg>${error_message}</arg>
<doc>Logs the given message to the console.</doc>
<status status="NOT RUN" starttime="20241121 23:09:26.413" endtime="20241121 23:09:26.413"/>
</kw>
<status status="NOT RUN" starttime="20241121 23:09:26.413" endtime="20241121 23:09:26.413"/>
</branch>
<status status="PASS" starttime="20241121 23:09:08.243" endtime="20241121 23:09:26.414"/>
</try>
<status status="PASS" starttime="20241121 23:08:19.739" endtime="20241121 23:09:26.414"/>
</iter>
<iter>
<kw name="Log To Console" library="BuiltIn">
<arg>&lt;===Polling message===&gt;</arg>
<doc>Logs the given message to the console.</doc>
<status status="PASS" starttime="20241121 23:09:26.415" endtime="20241121 23:09:26.415"/>
</kw>
<kw name="Get A Command" library="CommandConsumer">
<var>${json}</var>
<arg>${5}</arg>
<msg timestamp="20241121 23:10:53.641" level="INFO">Execution terminated by signal</msg>
<msg timestamp="20241121 23:10:53.641" level="INFO">${json} = None</msg>
<status status="PASS" starttime="20241121 23:09:26.416" endtime="20241121 23:10:53.641"/>
</kw>
<try>
<branch type="TRY">
<kw name="execute-test-case">
<arg>${json}</arg>
<kw name="Log To Console" library="BuiltIn">
<arg>Test Case Data=&gt; ${input}</arg>
<doc>Logs the given message to the console.</doc>
<status status="FAIL" starttime="20241121 23:10:53.644" endtime="20241121 23:10:53.645"/>
</kw>
<kw name="is-value-not-none" library="UTIL_Collection">
<var>${is_type_exists}</var>
<arg>${input}</arg>
<arg>type</arg>
<tag>util</tag>
<doc>checks whether the key exists in dicitonary</doc>
<status status="NOT RUN" starttime="20241121 23:10:53.650" endtime="20241121 23:10:53.651"/>
</kw>
<if>
<branch type="IF" condition="$is_type_exists == $False">
<kw name="Log To Console" library="BuiltIn">
<arg>Type not exists in the input</arg>
<doc>Logs the given message to the console.</doc>
<status status="NOT RUN" starttime="20241121 23:10:53.652" endtime="20241121 23:10:53.652"/>
</kw>
<return>
<status status="NOT RUN" starttime="20241121 23:10:53.653" endtime="20241121 23:10:53.653"/>
</return>
<status status="NOT RUN" starttime="20241121 23:10:53.651" endtime="20241121 23:10:53.653"/>
</branch>
<status status="NOT RUN" starttime="20241121 23:10:53.651" endtime="20241121 23:10:53.653"/>
</if>
<if>
<branch type="IF" condition="'${input}[type]' == '${COMMAND_TYPE_START_RUN}'">
<kw name="is-value-not-none" library="UTIL_Collection">
<var>${is_test_case_exists}</var>
<arg>${input}[payload]</arg>
<arg>testCase</arg>
<tag>util</tag>
<doc>checks whether the key exists in dicitonary</doc>
<status status="NOT RUN" starttime="20241121 23:10:53.658" endtime="20241121 23:10:53.658"/>
</kw>
<kw name="is-value-not-none" library="UTIL_Collection">
<var>${is_test_case_run_exists}</var>
<arg>${input}[payload]</arg>
<arg>testCaseRun</arg>
<tag>util</tag>
<doc>checks whether the key exists in dicitonary</doc>
<status status="NOT RUN" starttime="20241121 23:10:53.661" endtime="20241121 23:10:53.662"/>
</kw>
<if>
<branch type="IF" condition="$is_test_case_exists == $False or $is_test_case_run_exists == $False">
<kw name="Log To Console" library="BuiltIn">
<arg>Testcase or TestCaseRun data not available in input</arg>
<doc>Logs the given message to the console.</doc>
<status status="NOT RUN" starttime="20241121 23:10:53.662" endtime="20241121 23:10:53.662"/>
</kw>
<status status="NOT RUN" starttime="20241121 23:10:53.662" endtime="20241121 23:10:53.662"/>
</branch>
<status status="NOT RUN" starttime="20241121 23:10:53.662" endtime="20241121 23:10:53.662"/>
</if>
<kw name="Set Variable" library="BuiltIn">
<var>${testCase}</var>
<arg>${input}[payload][testCase]</arg>
<doc>Returns the given values which can then be assigned to a variables.</doc>
<status status="NOT RUN" starttime="20241121 23:10:53.663" endtime="20241121 23:10:53.663"/>
</kw>
<kw name="Set Variable" library="BuiltIn">
<var>${testCaseRun}</var>
<arg>${input}[payload][testCaseRun]</arg>
<doc>Returns the given values which can then be assigned to a variables.</doc>
<status status="NOT RUN" starttime="20241121 23:10:53.663" endtime="20241121 23:10:53.663"/>
</kw>
<kw name="Log To Console" library="BuiltIn">
<arg>Test Case Name: ${testCase}[name]</arg>
<doc>Logs the given message to the console.</doc>
<status status="NOT RUN" starttime="20241121 23:10:53.663" endtime="20241121 23:10:53.664"/>
</kw>
<kw name="is-value-not-none" library="UTIL_Collection">
<var>${is_test_case_flow_sequences_exists}</var>
<arg>${testCase}</arg>
<arg>testCaseFlowSequences</arg>
<tag>util</tag>
<doc>checks whether the key exists in dicitonary</doc>
<status status="NOT RUN" starttime="20241121 23:10:53.664" endtime="20241121 23:10:53.664"/>
</kw>
<if>
<branch type="IF" condition="$is_test_case_flow_sequences_exists">
<for flavor="IN">
<var>${testCaseFlowSequence}</var>
<value>@{testCase}[testCaseFlowSequences]</value>
<iter>
<var name="${testCaseFlowSequence}"/>
<kw name="Set Variable" library="BuiltIn">
<var>${flow}</var>
<arg>${testCaseFlowSequence}[flow]</arg>
<doc>Returns the given values which can then be assigned to a variables.</doc>
<status status="NOT RUN" starttime="20241121 23:10:53.664" endtime="20241121 23:10:53.664"/>
</kw>
<kw name="Log To Console" library="BuiltIn">
<arg>Flow Name: ${flow}[name]</arg>
<doc>Logs the given message to the console.</doc>
<status status="NOT RUN" starttime="20241121 23:10:53.664" endtime="20241121 23:10:53.664"/>
</kw>
<kw name="is-value-not-none" library="UTIL_Collection">
<var>${is_flow_action_sequences_exists}</var>
<arg>${flow}</arg>
<arg>flowActionSequences</arg>
<tag>util</tag>
<doc>checks whether the key exists in dicitonary</doc>
<status status="NOT RUN" starttime="20241121 23:10:53.670" endtime="20241121 23:10:53.671"/>
</kw>
<if>
<branch type="IF" condition="$is_flow_action_sequences_exists">
<for flavor="IN">
<var>${flowActionSequence}</var>
<value>@{flow}[flowActionSequences]</value>
<iter>
<var name="${flowActionSequence}"/>
<kw name="Set Variable" library="BuiltIn">
<var>${action}</var>
<arg>${flowActionSequence}[action]</arg>
<doc>Returns the given values which can then be assigned to a variables.</doc>
<status status="NOT RUN" starttime="20241121 23:10:53.672" endtime="20241121 23:10:53.672"/>
</kw>
<kw name="Log To Console" library="BuiltIn">
<arg>Action Name: ${action}[name]</arg>
<doc>Logs the given message to the console.</doc>
<status status="NOT RUN" starttime="20241121 23:10:53.673" endtime="20241121 23:10:53.673"/>
</kw>
<kw name="Get Selected Input" library="Common_util">
<var>${input}</var>
<arg>${flowActionSequence}</arg>
<status status="NOT RUN" starttime="20241121 23:10:53.673" endtime="20241121 23:10:53.673"/>
</kw>
<if>
<branch type="IF" condition="$input == $None">
<kw name="Log To Console" library="BuiltIn">
<arg>Input not found for this action. Terminate the test case here!!!</arg>
<doc>Logs the given message to the console.</doc>
<status status="NOT RUN" starttime="20241121 23:10:53.674" endtime="20241121 23:10:53.674"/>
</kw>
<kw name="ex-fail" library="EX_Exception">
<arg>INPUT_NOT_FOUND_IN_ACTION</arg>
<tag>exception</tag>
<doc>wrapper over the builtin Fail keyword, to support additional operations during failure</doc>
<status status="NOT RUN" starttime="20241121 23:10:53.675" endtime="20241121 23:10:53.675"/>
</kw>
<status status="NOT RUN" starttime="20241121 23:10:53.674" endtime="20241121 23:10:53.675"/>
</branch>
<status status="NOT RUN" starttime="20241121 23:10:53.674" endtime="20241121 23:10:53.675"/>
</if>
<try>
<branch type="TRY">
<kw name="execute-action">
<arg>${action}</arg>
<arg>${input}</arg>
<status status="NOT RUN" starttime="20241121 23:10:53.675" endtime="20241121 23:10:53.675"/>
</kw>
<status status="NOT RUN" starttime="20241121 23:10:53.675" endtime="20241121 23:10:53.676"/>
</branch>
<branch type="EXCEPT" variable="${error_message}">
<kw name="Log To Console" library="BuiltIn">
<arg>${error_message}</arg>
<doc>Logs the given message to the console.</doc>
<status status="NOT RUN" starttime="20241121 23:10:53.676" endtime="20241121 23:10:53.676"/>
</kw>
<status status="NOT RUN" starttime="20241121 23:10:53.676" endtime="20241121 23:10:53.676"/>
</branch>
<status status="NOT RUN" starttime="20241121 23:10:53.675" endtime="20241121 23:10:53.676"/>
</try>
<status status="NOT RUN" starttime="20241121 23:10:53.672" endtime="20241121 23:10:53.676"/>
</iter>
<status status="NOT RUN" starttime="20241121 23:10:53.672" endtime="20241121 23:10:53.676"/>
</for>
<status status="NOT RUN" starttime="20241121 23:10:53.672" endtime="20241121 23:10:53.676"/>
</branch>
<status status="NOT RUN" starttime="20241121 23:10:53.672" endtime="20241121 23:10:53.676"/>
</if>
<status status="NOT RUN" starttime="20241121 23:10:53.664" endtime="20241121 23:10:53.677"/>
</iter>
<status status="NOT RUN" starttime="20241121 23:10:53.664" endtime="20241121 23:10:53.677"/>
</for>
<status status="NOT RUN" starttime="20241121 23:10:53.664" endtime="20241121 23:10:53.677"/>
</branch>
<status status="NOT RUN" starttime="20241121 23:10:53.664" endtime="20241121 23:10:53.677"/>
</if>
<status status="NOT RUN" starttime="20241121 23:10:53.653" endtime="20241121 23:10:53.677"/>
</branch>
<branch type="ELSE">
<kw name="Log To Console" library="BuiltIn">
<arg>Command type not developed</arg>
<doc>Logs the given message to the console.</doc>
<status status="NOT RUN" starttime="20241121 23:10:53.677" endtime="20241121 23:10:53.677"/>
</kw>
<status status="NOT RUN" starttime="20241121 23:10:53.677" endtime="20241121 23:10:53.677"/>
</branch>
<status status="NOT RUN" starttime="20241121 23:10:53.653" endtime="20241121 23:10:53.677"/>
</if>
<status status="FAIL" starttime="20241121 23:10:53.643" endtime="20241121 23:10:53.678"/>
</kw>
<status status="FAIL" starttime="20241121 23:10:53.642" endtime="20241121 23:10:53.678"/>
</branch>
<branch type="EXCEPT" variable="${error_message}">
<kw name="Log To Console" library="BuiltIn">
<arg>${error_message}</arg>
<doc>Logs the given message to the console.</doc>
<status status="FAIL" starttime="20241121 23:10:53.679" endtime="20241121 23:10:53.679"/>
</kw>
<status status="FAIL" starttime="20241121 23:10:53.678" endtime="20241121 23:10:53.679"/>
</branch>
<status status="FAIL" starttime="20241121 23:10:53.642" endtime="20241121 23:10:53.679"/>
</try>
<status status="FAIL" starttime="20241121 23:09:26.414" endtime="20241121 23:10:53.679"/>
</iter>
<status status="FAIL" starttime="20241121 23:08:19.739" endtime="20241121 23:10:53.679"/>
</while>
<status status="FAIL" starttime="20241121 23:08:19.739" endtime="20241121 23:10:53.679"/>
</kw>
<status status="FAIL" starttime="20241121 23:08:19.739" endtime="20241121 23:10:53.679">Execution terminated by signal</status>
</test>
<status status="FAIL" starttime="20241121 23:08:17.468" endtime="20241121 23:10:53.679"/>
</suite>
<statistics>
<total>
<stat pass="0" fail="1" skip="0">All Tasks</stat>
</total>
<tag>
</tag>
<suite>
<stat pass="0" fail="1" skip="0" id="s1" name="Start">Start</stat>
</suite>
</statistics>
<errors>
<msg timestamp="20241121 23:10:53.679" level="ERROR">Calling method '_end_test' of listener 'Playwright' failed: ConnectionError: Playwright process has been terminated with code 130</msg>
<msg timestamp="20241121 23:10:53.679" level="ERROR">Calling method '_end_suite' of listener 'Playwright' failed: ConnectionError: Playwright process has been terminated with code 130</msg>
</errors>
</robot>
