<?xml version="1.0" encoding="UTF-8"?>
<robot generator="Robot 5.0.1 (Python 3.9.20 on win32)" generated="20241122 21:52:05.653" rpa="true" schemaversion="3">
<suite id="s1" name="Start" source="C:\Users\Admin\Documents\Hackathon\Test Automation Studio\Test-automation-studio-projects\test-automation-rf\code\robots\start.robot">
<test id="s1-t1" name="initialize-fb-worker" line="43">
<kw name="execute-functional-block">
<tag>to-initialize-library</tag>
<doc>To execute fb</doc>
<while condition="'${TERMINATION_FLAG}' == 'False'">
<iter>
<kw name="launch-browser" library="COMP_BrowserContext">
<kw name="New Browser" library="RPA.Browser.Playwright">
<arg>chromium</arg>
<arg>headless=False</arg>
<tag>BrowserControl</tag>
<tag>Setter</tag>
<doc>Create a new playwright Browser with specified options.</doc>
<msg timestamp="20241122 21:52:08.681" level="INFO">{"browser": "chromium", "headless": false, "devtools": false, "handleSIGHUP": true, "handleSIGINT": true, "handleSIGTERM": true, "slowMo": 0.0, "timeout": 30000.0, "deprecated_pos_args": [], "tracesDir": "C:\\Users\\Admin\\Documents\\Hackathon\\Test Automation Studio\\Test-automation-studio-projects\\test-automation-rf\\code\\browser\\traces\\aa3874c9-90b1-4fd6-b2ef-3d6756a1a12d"}</msg>
<msg timestamp="20241122 21:52:09.264" level="INFO">Successfully created browser with options: {"browser":"chromium","headless":false,"devtools":false,"handleSIGHUP":true,"handleSIGINT":true,"handleSIGTERM":true,"slowMo":0,"timeout":30000,"deprecated_pos_args":[],"tracesDir":"C:\\Users\\Admin\\Documents\\Hackathon\\Test Automation Studio\\Test-automation-studio-projects\\test-automation-rf\\code\\browser\\traces\\aa3874c9-90b1-4fd6-b2ef-3d6756a1a12d"}</msg>
<status status="PASS" starttime="20241122 21:52:08.681" endtime="20241122 21:52:09.264"/>
</kw>
<kw name="New Context" library="RPA.Browser.Playwright">
<arg>viewport={'width': 1280, 'height': 720}</arg>
<arg>acceptDownloads=True</arg>
<tag>BrowserControl</tag>
<tag>Setter</tag>
<doc>Create a new BrowserContext with specified options.</doc>
<msg timestamp="20241122 21:52:09.264" level="INFO">{
  "acceptDownloads": true,
  "bypassCSP": false,
  "forcedColors": "none",
  "hideRfBrowser": false,
  "ignoreHTTPSErrors": false,
  "javaScriptEnabled": true,
  "offline": false,
  "reducedMotion": "no-preference",
  "viewport": {
    "height": 720,
    "width": 1280
  },
  "deprecated_pos_args": []
}</msg>
<msg timestamp="20241122 21:52:09.290" level="INFO">Successfully created context. </msg>
<msg timestamp="20241122 21:52:09.290" level="INFO">{'acceptDownloads': True, 'bypassCSP': False, 'forcedColors': 'none', 'hideRfBrowser': False, 'ignoreHTTPSErrors': False, 'javaScriptEnabled': True, 'offline': False, 'reducedMotion': 'no-preference', 'viewport': {'height': 720, 'width': 1280}, 'deprecated_pos_args': []}</msg>
<status status="PASS" starttime="20241122 21:52:09.264" endtime="20241122 21:52:09.290"/>
</kw>
<kw name="Set Browser Timeout" library="RPA.Browser.Playwright">
<arg>${browser_timeout}</arg>
<tag>Config</tag>
<tag>Setter</tag>
<doc>Sets the timeout used by most input and getter keywords.</doc>
<msg timestamp="20241122 21:52:09.294" level="INFO">Set timeout to: 20000</msg>
<status status="PASS" starttime="20241122 21:52:09.290" endtime="20241122 21:52:09.294"/>
</kw>
<status status="PASS" starttime="20241122 21:52:08.681" endtime="20241122 21:52:09.294"/>
</kw>
<kw name="Log To Console" library="BuiltIn">
<arg>&lt;===Polling message===&gt;</arg>
<doc>Logs the given message to the console.</doc>
<status status="PASS" starttime="20241122 21:52:09.298" endtime="20241122 21:52:09.299"/>
</kw>
<kw name="Get A Command" library="CommandConsumer">
<var>${json}</var>
<arg>${5}</arg>
<msg timestamp="20241122 21:56:52.759" level="INFO">${json} = {'type': 'START_RUN', 'payload': {'testCaseRun': {'id': '79', 'testCaseId': '27', 'status': 'ADDED_TO_QUEUE', 'updatedAt': '2024-11-22T16:26:52.218Z', 'createdAt': '2024-11-22T16:26:52.218Z', 'errorMe...</msg>
<status status="PASS" starttime="20241122 21:52:09.299" endtime="20241122 21:56:52.759"/>
</kw>
<if>
<branch type="IF" condition="'${json}[type]' == 'KILL'">
<break>
<status status="NOT RUN" starttime="20241122 21:56:52.759" endtime="20241122 21:56:52.759"/>
</break>
<status status="NOT RUN" starttime="20241122 21:56:52.759" endtime="20241122 21:56:52.759"/>
</branch>
<status status="PASS" starttime="20241122 21:56:52.759" endtime="20241122 21:56:52.759"/>
</if>
<try>
<branch type="TRY">
<kw name="execute-test-case">
<arg>${json}</arg>
<kw name="Log To Console" library="BuiltIn">
<arg>Test Case Data=&gt; ${input}</arg>
<doc>Logs the given message to the console.</doc>
<status status="PASS" starttime="20241122 21:56:52.759" endtime="20241122 21:56:52.765"/>
</kw>
<kw name="is-value-not-none" library="UTIL_Collection">
<var>${is_type_exists}</var>
<arg>${input}</arg>
<arg>type</arg>
<tag>util</tag>
<doc>checks whether the key exists in dicitonary</doc>
<kw name="Run Keyword And Return Status" library="BuiltIn">
<var>${no_none_exists}</var>
<arg>dictionary should contain key</arg>
<arg>${dictionary}</arg>
<arg>${key}</arg>
<doc>Runs the given keyword with given arguments and returns the status as a Boolean value.</doc>
<kw name="Dictionary Should Contain Key" library="Collections">
<arg>${dictionary}</arg>
<arg>${key}</arg>
<doc>Fails if ``key`` is not found from ``dictionary``.</doc>
<status status="PASS" starttime="20241122 21:56:52.767" endtime="20241122 21:56:52.767"/>
</kw>
<msg timestamp="20241122 21:56:52.767" level="INFO">${no_none_exists} = True</msg>
<status status="PASS" starttime="20241122 21:56:52.767" endtime="20241122 21:56:52.767"/>
</kw>
<if>
<branch type="IF" condition="$no_none_exists == $True">
<kw name="Set Variable" library="BuiltIn">
<var>${values}</var>
<arg>${dictionary}[${key}]</arg>
<doc>Returns the given values which can then be assigned to a variables.</doc>
<msg timestamp="20241122 21:56:52.773" level="INFO">${values} = START_RUN</msg>
<status status="PASS" starttime="20241122 21:56:52.773" endtime="20241122 21:56:52.773"/>
</kw>
<if>
<branch type="IF" condition="$values != $None">
<kw name="Set Variable" library="BuiltIn">
<var>${no_none_exists}</var>
<arg>${True}</arg>
<doc>Returns the given values which can then be assigned to a variables.</doc>
<msg timestamp="20241122 21:56:52.773" level="INFO">${no_none_exists} = True</msg>
<status status="PASS" starttime="20241122 21:56:52.773" endtime="20241122 21:56:52.773"/>
</kw>
<status status="PASS" starttime="20241122 21:56:52.773" endtime="20241122 21:56:52.773"/>
</branch>
<branch type="ELSE">
<kw name="Set Variable" library="BuiltIn">
<var>${no_none_exists}</var>
<arg>${False}</arg>
<doc>Returns the given values which can then be assigned to a variables.</doc>
<status status="NOT RUN" starttime="20241122 21:56:52.773" endtime="20241122 21:56:52.773"/>
</kw>
<status status="NOT RUN" starttime="20241122 21:56:52.773" endtime="20241122 21:56:52.773"/>
</branch>
<status status="PASS" starttime="20241122 21:56:52.773" endtime="20241122 21:56:52.773"/>
</if>
<status status="PASS" starttime="20241122 21:56:52.773" endtime="20241122 21:56:52.773"/>
</branch>
<status status="PASS" starttime="20241122 21:56:52.767" endtime="20241122 21:56:52.773"/>
</if>
<return>
<value>${no_none_exists}</value>
<status status="PASS" starttime="20241122 21:56:52.773" endtime="20241122 21:56:52.773"/>
</return>
<msg timestamp="20241122 21:56:52.777" level="INFO">${is_type_exists} = True</msg>
<status status="PASS" starttime="20241122 21:56:52.767" endtime="20241122 21:56:52.777"/>
</kw>
<if>
<branch type="IF" condition="$is_type_exists == $False">
<kw name="Log To Console" library="BuiltIn">
<arg>Type not exists in the input</arg>
<doc>Logs the given message to the console.</doc>
<status status="NOT RUN" starttime="20241122 21:56:52.778" endtime="20241122 21:56:52.778"/>
</kw>
<return>
<status status="NOT RUN" starttime="20241122 21:56:52.778" endtime="20241122 21:56:52.779"/>
</return>
<status status="NOT RUN" starttime="20241122 21:56:52.778" endtime="20241122 21:56:52.780"/>
</branch>
<status status="PASS" starttime="20241122 21:56:52.777" endtime="20241122 21:56:52.780"/>
</if>
<if>
<branch type="IF" condition="'${input}[type]' == '${COMMAND_TYPE_START_RUN}'">
<kw name="is-value-not-none" library="UTIL_Collection">
<var>${is_test_case_exists}</var>
<arg>${input}[payload]</arg>
<arg>testCase</arg>
<tag>util</tag>
<doc>checks whether the key exists in dicitonary</doc>
<kw name="Run Keyword And Return Status" library="BuiltIn">
<var>${no_none_exists}</var>
<arg>dictionary should contain key</arg>
<arg>${dictionary}</arg>
<arg>${key}</arg>
<doc>Runs the given keyword with given arguments and returns the status as a Boolean value.</doc>
<kw name="Dictionary Should Contain Key" library="Collections">
<arg>${dictionary}</arg>
<arg>${key}</arg>
<doc>Fails if ``key`` is not found from ``dictionary``.</doc>
<status status="PASS" starttime="20241122 21:56:52.784" endtime="20241122 21:56:52.784"/>
</kw>
<msg timestamp="20241122 21:56:52.784" level="INFO">${no_none_exists} = True</msg>
<status status="PASS" starttime="20241122 21:56:52.784" endtime="20241122 21:56:52.784"/>
</kw>
<if>
<branch type="IF" condition="$no_none_exists == $True">
<kw name="Set Variable" library="BuiltIn">
<var>${values}</var>
<arg>${dictionary}[${key}]</arg>
<doc>Returns the given values which can then be assigned to a variables.</doc>
<msg timestamp="20241122 21:56:52.786" level="INFO">${values} = {'id': '27', 'name': 'Login positive', 'projectId': '4', 'createdAt': '2024-11-21T16:43:35.118Z', 'updatedAt': '2024-11-22T07:35:54.969Z', 'testCaseFlowSequences': [{'id': '46', 'testCaseId': '27', 'f...</msg>
<status status="PASS" starttime="20241122 21:56:52.784" endtime="20241122 21:56:52.786"/>
</kw>
<if>
<branch type="IF" condition="$values != $None">
<kw name="Set Variable" library="BuiltIn">
<var>${no_none_exists}</var>
<arg>${True}</arg>
<doc>Returns the given values which can then be assigned to a variables.</doc>
<msg timestamp="20241122 21:56:52.786" level="INFO">${no_none_exists} = True</msg>
<status status="PASS" starttime="20241122 21:56:52.786" endtime="20241122 21:56:52.786"/>
</kw>
<status status="PASS" starttime="20241122 21:56:52.786" endtime="20241122 21:56:52.786"/>
</branch>
<branch type="ELSE">
<kw name="Set Variable" library="BuiltIn">
<var>${no_none_exists}</var>
<arg>${False}</arg>
<doc>Returns the given values which can then be assigned to a variables.</doc>
<status status="NOT RUN" starttime="20241122 21:56:52.786" endtime="20241122 21:56:52.786"/>
</kw>
<status status="NOT RUN" starttime="20241122 21:56:52.786" endtime="20241122 21:56:52.786"/>
</branch>
<status status="PASS" starttime="20241122 21:56:52.786" endtime="20241122 21:56:52.786"/>
</if>
<status status="PASS" starttime="20241122 21:56:52.784" endtime="20241122 21:56:52.786"/>
</branch>
<status status="PASS" starttime="20241122 21:56:52.784" endtime="20241122 21:56:52.786"/>
</if>
<return>
<value>${no_none_exists}</value>
<status status="PASS" starttime="20241122 21:56:52.786" endtime="20241122 21:56:52.786"/>
</return>
<msg timestamp="20241122 21:56:52.786" level="INFO">${is_test_case_exists} = True</msg>
<status status="PASS" starttime="20241122 21:56:52.784" endtime="20241122 21:56:52.786"/>
</kw>
<kw name="is-value-not-none" library="UTIL_Collection">
<var>${is_test_case_run_exists}</var>
<arg>${input}[payload]</arg>
<arg>testCaseRun</arg>
<tag>util</tag>
<doc>checks whether the key exists in dicitonary</doc>
<kw name="Run Keyword And Return Status" library="BuiltIn">
<var>${no_none_exists}</var>
<arg>dictionary should contain key</arg>
<arg>${dictionary}</arg>
<arg>${key}</arg>
<doc>Runs the given keyword with given arguments and returns the status as a Boolean value.</doc>
<kw name="Dictionary Should Contain Key" library="Collections">
<arg>${dictionary}</arg>
<arg>${key}</arg>
<doc>Fails if ``key`` is not found from ``dictionary``.</doc>
<status status="PASS" starttime="20241122 21:56:52.786" endtime="20241122 21:56:52.786"/>
</kw>
<msg timestamp="20241122 21:56:52.792" level="INFO">${no_none_exists} = True</msg>
<status status="PASS" starttime="20241122 21:56:52.786" endtime="20241122 21:56:52.792"/>
</kw>
<if>
<branch type="IF" condition="$no_none_exists == $True">
<kw name="Set Variable" library="BuiltIn">
<var>${values}</var>
<arg>${dictionary}[${key}]</arg>
<doc>Returns the given values which can then be assigned to a variables.</doc>
<msg timestamp="20241122 21:56:52.793" level="INFO">${values} = {'id': '79', 'testCaseId': '27', 'status': 'ADDED_TO_QUEUE', 'updatedAt': '2024-11-22T16:26:52.218Z', 'createdAt': '2024-11-22T16:26:52.218Z', 'errorMessage': None}</msg>
<status status="PASS" starttime="20241122 21:56:52.793" endtime="20241122 21:56:52.793"/>
</kw>
<if>
<branch type="IF" condition="$values != $None">
<kw name="Set Variable" library="BuiltIn">
<var>${no_none_exists}</var>
<arg>${True}</arg>
<doc>Returns the given values which can then be assigned to a variables.</doc>
<msg timestamp="20241122 21:56:52.793" level="INFO">${no_none_exists} = True</msg>
<status status="PASS" starttime="20241122 21:56:52.793" endtime="20241122 21:56:52.793"/>
</kw>
<status status="PASS" starttime="20241122 21:56:52.793" endtime="20241122 21:56:52.793"/>
</branch>
<branch type="ELSE">
<kw name="Set Variable" library="BuiltIn">
<var>${no_none_exists}</var>
<arg>${False}</arg>
<doc>Returns the given values which can then be assigned to a variables.</doc>
<status status="NOT RUN" starttime="20241122 21:56:52.793" endtime="20241122 21:56:52.793"/>
</kw>
<status status="NOT RUN" starttime="20241122 21:56:52.793" endtime="20241122 21:56:52.793"/>
</branch>
<status status="PASS" starttime="20241122 21:56:52.793" endtime="20241122 21:56:52.793"/>
</if>
<status status="PASS" starttime="20241122 21:56:52.793" endtime="20241122 21:56:52.793"/>
</branch>
<status status="PASS" starttime="20241122 21:56:52.792" endtime="20241122 21:56:52.793"/>
</if>
<return>
<value>${no_none_exists}</value>
<status status="PASS" starttime="20241122 21:56:52.793" endtime="20241122 21:56:52.793"/>
</return>
<msg timestamp="20241122 21:56:52.793" level="INFO">${is_test_case_run_exists} = True</msg>
<status status="PASS" starttime="20241122 21:56:52.786" endtime="20241122 21:56:52.793"/>
</kw>
<if>
<branch type="IF" condition="$is_test_case_exists == $False or $is_test_case_run_exists == $False">
<kw name="Log To Console" library="BuiltIn">
<arg>Testcase or TestCaseRun data not available in input</arg>
<doc>Logs the given message to the console.</doc>
<status status="NOT RUN" starttime="20241122 21:56:52.799" endtime="20241122 21:56:52.799"/>
</kw>
<status status="NOT RUN" starttime="20241122 21:56:52.799" endtime="20241122 21:56:52.799"/>
</branch>
<status status="PASS" starttime="20241122 21:56:52.793" endtime="20241122 21:56:52.799"/>
</if>
<kw name="Set Variable" library="BuiltIn">
<var>${testCase}</var>
<arg>${input}[payload][testCase]</arg>
<doc>Returns the given values which can then be assigned to a variables.</doc>
<msg timestamp="20241122 21:56:52.801" level="INFO">${testCase} = {'id': '27', 'name': 'Login positive', 'projectId': '4', 'createdAt': '2024-11-21T16:43:35.118Z', 'updatedAt': '2024-11-22T07:35:54.969Z', 'testCaseFlowSequences': [{'id': '46', 'testCaseId': '27', 'f...</msg>
<status status="PASS" starttime="20241122 21:56:52.799" endtime="20241122 21:56:52.801"/>
</kw>
<kw name="Set Variable" library="BuiltIn">
<var>${testCaseRun}</var>
<arg>${input}[payload][testCaseRun]</arg>
<doc>Returns the given values which can then be assigned to a variables.</doc>
<msg timestamp="20241122 21:56:52.801" level="INFO">${testCaseRun} = {'id': '79', 'testCaseId': '27', 'status': 'ADDED_TO_QUEUE', 'updatedAt': '2024-11-22T16:26:52.218Z', 'createdAt': '2024-11-22T16:26:52.218Z', 'errorMessage': None}</msg>
<status status="PASS" starttime="20241122 21:56:52.801" endtime="20241122 21:56:52.801"/>
</kw>
<kw name="Log To Console" library="BuiltIn">
<arg>Test Case Name: ${testCase}[name]</arg>
<doc>Logs the given message to the console.</doc>
<status status="PASS" starttime="20241122 21:56:52.801" endtime="20241122 21:56:52.801"/>
</kw>
<try>
<branch type="TRY">
<kw name="is-value-not-none" library="UTIL_Collection">
<var>${is_test_case_flow_sequences_exists}</var>
<arg>${testCase}</arg>
<arg>testCaseFlowSequences</arg>
<tag>util</tag>
<doc>checks whether the key exists in dicitonary</doc>
<kw name="Run Keyword And Return Status" library="BuiltIn">
<var>${no_none_exists}</var>
<arg>dictionary should contain key</arg>
<arg>${dictionary}</arg>
<arg>${key}</arg>
<doc>Runs the given keyword with given arguments and returns the status as a Boolean value.</doc>
<kw name="Dictionary Should Contain Key" library="Collections">
<arg>${dictionary}</arg>
<arg>${key}</arg>
<doc>Fails if ``key`` is not found from ``dictionary``.</doc>
<status status="PASS" starttime="20241122 21:56:52.807" endtime="20241122 21:56:52.807"/>
</kw>
<msg timestamp="20241122 21:56:52.807" level="INFO">${no_none_exists} = True</msg>
<status status="PASS" starttime="20241122 21:56:52.807" endtime="20241122 21:56:52.807"/>
</kw>
<if>
<branch type="IF" condition="$no_none_exists == $True">
<kw name="Set Variable" library="BuiltIn">
<var>${values}</var>
<arg>${dictionary}[${key}]</arg>
<doc>Returns the given values which can then be assigned to a variables.</doc>
<msg timestamp="20241122 21:56:52.810" level="INFO">${values} = [{'id': '46', 'testCaseId': '27', 'flowId': '14', 'order': 0, 'createdAt': '2024-11-21T16:43:35.233Z', 'updatedAt': '2024-11-22T07:35:55.016Z', 'flow': {'id': '14', 'name': 'Login', 'projectId': '4', ...</msg>
<status status="PASS" starttime="20241122 21:56:52.809" endtime="20241122 21:56:52.810"/>
</kw>
<if>
<branch type="IF" condition="$values != $None">
<kw name="Set Variable" library="BuiltIn">
<var>${no_none_exists}</var>
<arg>${True}</arg>
<doc>Returns the given values which can then be assigned to a variables.</doc>
<msg timestamp="20241122 21:56:52.812" level="INFO">${no_none_exists} = True</msg>
<status status="PASS" starttime="20241122 21:56:52.811" endtime="20241122 21:56:52.812"/>
</kw>
<status status="PASS" starttime="20241122 21:56:52.810" endtime="20241122 21:56:52.812"/>
</branch>
<branch type="ELSE">
<kw name="Set Variable" library="BuiltIn">
<var>${no_none_exists}</var>
<arg>${False}</arg>
<doc>Returns the given values which can then be assigned to a variables.</doc>
<status status="NOT RUN" starttime="20241122 21:56:52.813" endtime="20241122 21:56:52.813"/>
</kw>
<status status="NOT RUN" starttime="20241122 21:56:52.812" endtime="20241122 21:56:52.813"/>
</branch>
<status status="PASS" starttime="20241122 21:56:52.810" endtime="20241122 21:56:52.814"/>
</if>
<status status="PASS" starttime="20241122 21:56:52.809" endtime="20241122 21:56:52.814"/>
</branch>
<status status="PASS" starttime="20241122 21:56:52.809" endtime="20241122 21:56:52.814"/>
</if>
<return>
<value>${no_none_exists}</value>
<status status="PASS" starttime="20241122 21:56:52.814" endtime="20241122 21:56:52.814"/>
</return>
<msg timestamp="20241122 21:56:52.815" level="INFO">${is_test_case_flow_sequences_exists} = True</msg>
<status status="PASS" starttime="20241122 21:56:52.805" endtime="20241122 21:56:52.815"/>
</kw>
<kw name="Create Dictionary" library="BuiltIn">
<var>${test_case_run_response_message}</var>
<arg>testCaseRunId=${testCaseRun}[id]</arg>
<arg>status=STARTED</arg>
<doc>Creates and returns a dictionary based on the given ``items``.</doc>
<msg timestamp="20241122 21:56:52.817" level="INFO">${test_case_run_response_message} = {'testCaseRunId': '79', 'status': 'STARTED'}</msg>
<status status="PASS" starttime="20241122 21:56:52.815" endtime="20241122 21:56:52.817"/>
</kw>
<kw name="Push response message to kafka topic" library="UTIL_Common">
<arg>${test_case_run_response_message}</arg>
<tag>function</tag>
<doc>push the response message to kafka topic</doc>
<kw name="Evaluate" library="BuiltIn">
<var>${json_response}</var>
<arg>json.dumps(${payload_response_msg})</arg>
<arg>json</arg>
<doc>Evaluates the given expression in Python and returns the result.</doc>
<msg timestamp="20241122 21:56:52.817" level="INFO">${json_response} = {"testCaseRunId": "79", "status": "STARTED"}</msg>
<status status="PASS" starttime="20241122 21:56:52.817" endtime="20241122 21:56:52.817"/>
</kw>
<kw name="Push Message To Topic" library="TopicProducer">
<var>${producer_response}</var>
<arg>${json_response}</arg>
<doc>Kafka Producer to send the response as json message and push it</doc>
<msg timestamp="20241122 21:56:52.825" level="INFO">Message delivered to response_topic [0]</msg>
<msg timestamp="20241122 21:56:52.825" level="INFO">${producer_response} = &lt;function delivery_report at 0x000001F952D503A0&gt;</msg>
<status status="PASS" starttime="20241122 21:56:52.817" endtime="20241122 21:56:52.825"/>
</kw>
<kw name="Log To Console" library="BuiltIn">
<arg>kafka_producer_response:${producer_response}</arg>
<doc>Logs the given message to the console.</doc>
<status status="PASS" starttime="20241122 21:56:52.827" endtime="20241122 21:56:52.827"/>
</kw>
<return>
<value>${producer_response}</value>
<status status="PASS" starttime="20241122 21:56:52.827" endtime="20241122 21:56:52.827"/>
</return>
<status status="PASS" starttime="20241122 21:56:52.817" endtime="20241122 21:56:52.827"/>
</kw>
<if>
<branch type="IF" condition="$is_test_case_flow_sequences_exists">
<for flavor="IN">
<var>${testCaseFlowSequence}</var>
<value>@{testCase}[testCaseFlowSequences]</value>
<iter>
<var name="${testCaseFlowSequence}">{'id': '46', 'testCaseId': '27', 'flowId': '14', 'order': 0, 'createdAt': '2024-11-21T16:43:35.233Z', 'updatedAt': '2024-11-22T07:35:55.016Z', 'flow': {'id': '14', 'name': 'Login', 'projectId': '4', '...</var>
<try>
<branch type="TRY">
<kw name="Set Variable" library="BuiltIn">
<var>${flow}</var>
<arg>${testCaseFlowSequence}[flow]</arg>
<doc>Returns the given values which can then be assigned to a variables.</doc>
<msg timestamp="20241122 21:56:52.827" level="INFO">${flow} = {'id': '14', 'name': 'Login', 'projectId': '4', 'createdAt': '2024-11-21T16:43:09.327Z', 'updatedAt': '2024-11-22T04:20:41.623Z', 'flowActionSequences': [{'id': '41', 'actionId': '28', 'flowId': '14',...</msg>
<status status="PASS" starttime="20241122 21:56:52.827" endtime="20241122 21:56:52.827"/>
</kw>
<kw name="Log To Console" library="BuiltIn">
<arg>Flow Name: ${flow}[name]</arg>
<doc>Logs the given message to the console.</doc>
<status status="PASS" starttime="20241122 21:56:52.827" endtime="20241122 21:56:52.827"/>
</kw>
<kw name="is-value-not-none" library="UTIL_Collection">
<var>${is_flow_action_sequences_exists}</var>
<arg>${flow}</arg>
<arg>flowActionSequences</arg>
<tag>util</tag>
<doc>checks whether the key exists in dicitonary</doc>
<kw name="Run Keyword And Return Status" library="BuiltIn">
<var>${no_none_exists}</var>
<arg>dictionary should contain key</arg>
<arg>${dictionary}</arg>
<arg>${key}</arg>
<doc>Runs the given keyword with given arguments and returns the status as a Boolean value.</doc>
<kw name="Dictionary Should Contain Key" library="Collections">
<arg>${dictionary}</arg>
<arg>${key}</arg>
<doc>Fails if ``key`` is not found from ``dictionary``.</doc>
<status status="PASS" starttime="20241122 21:56:52.833" endtime="20241122 21:56:52.834"/>
</kw>
<msg timestamp="20241122 21:56:52.834" level="INFO">${no_none_exists} = True</msg>
<status status="PASS" starttime="20241122 21:56:52.833" endtime="20241122 21:56:52.834"/>
</kw>
<if>
<branch type="IF" condition="$no_none_exists == $True">
<kw name="Set Variable" library="BuiltIn">
<var>${values}</var>
<arg>${dictionary}[${key}]</arg>
<doc>Returns the given values which can then be assigned to a variables.</doc>
<msg timestamp="20241122 21:56:52.837" level="INFO">${values} = [{'id': '41', 'actionId': '28', 'flowId': '14', 'order': 0, 'createdAt': '2024-11-21T16:43:09.645Z', 'updatedAt': '2024-11-22T04:20:41.468Z', 'action': {'id': '28', 'name': 'Launch browser', 'type': '...</msg>
<status status="PASS" starttime="20241122 21:56:52.834" endtime="20241122 21:56:52.837"/>
</kw>
<if>
<branch type="IF" condition="$values != $None">
<kw name="Set Variable" library="BuiltIn">
<var>${no_none_exists}</var>
<arg>${True}</arg>
<doc>Returns the given values which can then be assigned to a variables.</doc>
<msg timestamp="20241122 21:56:52.839" level="INFO">${no_none_exists} = True</msg>
<status status="PASS" starttime="20241122 21:56:52.837" endtime="20241122 21:56:52.839"/>
</kw>
<status status="PASS" starttime="20241122 21:56:52.837" endtime="20241122 21:56:52.840"/>
</branch>
<branch type="ELSE">
<kw name="Set Variable" library="BuiltIn">
<var>${no_none_exists}</var>
<arg>${False}</arg>
<doc>Returns the given values which can then be assigned to a variables.</doc>
<status status="NOT RUN" starttime="20241122 21:56:52.840" endtime="20241122 21:56:52.840"/>
</kw>
<status status="NOT RUN" starttime="20241122 21:56:52.840" endtime="20241122 21:56:52.840"/>
</branch>
<status status="PASS" starttime="20241122 21:56:52.837" endtime="20241122 21:56:52.840"/>
</if>
<status status="PASS" starttime="20241122 21:56:52.834" endtime="20241122 21:56:52.840"/>
</branch>
<status status="PASS" starttime="20241122 21:56:52.834" endtime="20241122 21:56:52.840"/>
</if>
<return>
<value>${no_none_exists}</value>
<status status="PASS" starttime="20241122 21:56:52.840" endtime="20241122 21:56:52.840"/>
</return>
<msg timestamp="20241122 21:56:52.840" level="INFO">${is_flow_action_sequences_exists} = True</msg>
<status status="PASS" starttime="20241122 21:56:52.832" endtime="20241122 21:56:52.840"/>
</kw>
<if>
<branch type="IF" condition="$is_flow_action_sequences_exists">
<for flavor="IN">
<var>${flowActionSequence}</var>
<value>@{flow}[flowActionSequences]</value>
<iter>
<var name="${flowActionSequence}">{'id': '41', 'actionId': '28', 'flowId': '14', 'order': 0, 'createdAt': '2024-11-21T16:43:09.645Z', 'updatedAt': '2024-11-22T04:20:41.468Z', 'action': {'id': '28', 'name': 'Launch browser', 'type': 'L...</var>
<try>
<branch type="TRY">
<kw name="Set Variable" library="BuiltIn">
<var>${action}</var>
<arg>${flowActionSequence}[action]</arg>
<doc>Returns the given values which can then be assigned to a variables.</doc>
<msg timestamp="20241122 21:56:52.840" level="INFO">${action} = {'id': '28', 'name': 'Launch browser', 'type': 'LAUNCH_BROWSER', 'xpath': '', 'valueRege': '', 'projectId': '4', 'createdAt': '2024-11-21T16:38:00.836Z', 'updatedAt': '2024-11-21T16:38:00.836Z', 'inpu...</msg>
<status status="PASS" starttime="20241122 21:56:52.840" endtime="20241122 21:56:52.840"/>
</kw>
<kw name="Log To Console" library="BuiltIn">
<arg>Action Name: ${action}[name]</arg>
<doc>Logs the given message to the console.</doc>
<status status="PASS" starttime="20241122 21:56:52.840" endtime="20241122 21:56:52.840"/>
</kw>
<kw name="Get Selected Input" library="Common_util">
<var>${input}</var>
<arg>${flowActionSequence}</arg>
<msg timestamp="20241122 21:56:52.840" level="INFO">${input} = {'id': '25', 'actionId': '28', 'name': 'Login page', 'value': 'https://iassistant.ideas2it.com/login', 'waitAfterAction': '1', 'isDefault': True, 'createdAt': '2024-11-21T16:38:01.166Z', 'updatedAt': ...</msg>
<status status="PASS" starttime="20241122 21:56:52.840" endtime="20241122 21:56:52.840"/>
</kw>
<if>
<branch type="IF" condition="$input == $None">
<kw name="Log To Console" library="BuiltIn">
<arg>Input not found for this action. Terminate the test case here!!!</arg>
<doc>Logs the given message to the console.</doc>
<status status="NOT RUN" starttime="20241122 21:56:52.840" endtime="20241122 21:56:52.840"/>
</kw>
<kw name="ex-fail" library="EX_Exception">
<arg>INPUT_NOT_FOUND_IN_ACTION</arg>
<tag>exception</tag>
<doc>wrapper over the builtin Fail keyword, to support additional operations during failure</doc>
<status status="NOT RUN" starttime="20241122 21:56:52.840" endtime="20241122 21:56:52.840"/>
</kw>
<status status="NOT RUN" starttime="20241122 21:56:52.840" endtime="20241122 21:56:52.840"/>
</branch>
<status status="PASS" starttime="20241122 21:56:52.840" endtime="20241122 21:56:52.840"/>
</if>
<kw name="execute-action">
<arg>${action}</arg>
<arg>${input}</arg>
<kw name="Set Variable" library="BuiltIn">
<var>${value}</var>
<arg>${input}[value]</arg>
<doc>Returns the given values which can then be assigned to a variables.</doc>
<msg timestamp="20241122 21:56:52.847" level="INFO">${value} = https://iassistant.ideas2it.com/login</msg>
<status status="PASS" starttime="20241122 21:56:52.847" endtime="20241122 21:56:52.847"/>
</kw>
<if>
<branch type="IF" condition="'${action}[type]' == '${LAUNCH_BROWSER}'">
<kw name="new-page" library="COMP_BrowserContext">
<arg>${input}[value]</arg>
<kw name="New Page" library="RPA.Browser.Playwright">
<var>${page_id}</var>
<arg>${url}</arg>
<tag>BrowserControl</tag>
<tag>Setter</tag>
<doc>Open a new Page.</doc>
<msg timestamp="20241122 21:57:00.674" level="INFO">Successfully initialized new page object and opened url: https://iassistant.ideas2it.com/login</msg>
<msg timestamp="20241122 21:57:00.674" level="INFO">${page_id} = {'page_id': 'page=5d4e4926-9df6-42c0-b3a7-22273abc73ee', 'video_path': ''}</msg>
<status status="PASS" starttime="20241122 21:56:52.847" endtime="20241122 21:57:00.675"/>
</kw>
<kw name="Switch Page" library="RPA.Browser.Playwright">
<arg>${page_id}</arg>
<tag>BrowserControl</tag>
<tag>Setter</tag>
<doc>Switches the active browser page to another open page by ``id`` or ``NEW``.</doc>
<msg timestamp="20241122 21:57:00.677" level="INFO">Switching to page {'page_id': 'page=5d4e4926-9df6-42c0-b3a7-22273abc73ee', 'video_path': ''},context CURRENT, browser CURRENT</msg>
<msg timestamp="20241122 21:57:00.716" level="INFO">[
  {
    "type": "chromium",
    "id": "browser=a6cffe3e-b8db-47fc-ad45-c2a18b98e32f",
    "contexts": [
      {
        "type": "context",
        "id": "context=acbe8c6d-c7de-4820-a26f-346362ba2f37",
        "activePage": "page=5d4e4926-9df6-42c0-b3a7-22273abc73ee",
        "pages": [
          {
            "type": "page",
            "title": "iAssistant",
            "url": "https://iassistant.ideas2it.com/login",
            "id": "page=5d4e4926-9df6-42c0-b3a7-22273abc73ee",
            "timestamp": 1732292813.057
          }
        ]
      }
    ],
    "activeContext": "context=acbe8c6d-c7de-4820-a26f-346362ba2f37",
    "activeBrowser": true
  }
]</msg>
<msg timestamp="20241122 21:57:00.726" level="INFO">Successfully changed active page</msg>
<status status="PASS" starttime="20241122 21:57:00.675" endtime="20241122 21:57:00.726"/>
</kw>
<status status="PASS" starttime="20241122 21:56:52.847" endtime="20241122 21:57:00.726"/>
</kw>
<status status="PASS" starttime="20241122 21:56:52.847" endtime="20241122 21:57:00.726"/>
</branch>
<branch type="ELSE IF" condition="'${action}[type]' == '${NEW_PAGE}'">
<kw name="new-page" library="COMP_BrowserContext">
<arg>${input}[value]</arg>
<status status="NOT RUN" starttime="20241122 21:57:00.726" endtime="20241122 21:57:00.733"/>
</kw>
<status status="NOT RUN" starttime="20241122 21:57:00.726" endtime="20241122 21:57:00.733"/>
</branch>
<branch type="ELSE IF" condition="'${action}[type]' == '${CLICK}'">
<kw name="left-click" library="COMP_Button">
<arg>${action}[xpath]</arg>
<tag>component</tag>
<doc>Performs left click operation on button</doc>
<status status="NOT RUN" starttime="20241122 21:57:00.738" endtime="20241122 21:57:00.738"/>
</kw>
<status status="NOT RUN" starttime="20241122 21:57:00.733" endtime="20241122 21:57:00.738"/>
</branch>
<branch type="ELSE IF" condition="'${action}[type]' == '${DOUBLE_CLICK}'">
<kw name="left-click" library="COMP_Button">
<arg>${action}[xpath]</arg>
<tag>component</tag>
<doc>Performs left click operation on button</doc>
<status status="NOT RUN" starttime="20241122 21:57:00.741" endtime="20241122 21:57:00.741"/>
</kw>
<kw name="left-click" library="COMP_Button">
<arg>${action}[xpath]</arg>
<tag>component</tag>
<doc>Performs left click operation on button</doc>
<status status="NOT RUN" starttime="20241122 21:57:00.749" endtime="20241122 21:57:00.749"/>
</kw>
<status status="NOT RUN" starttime="20241122 21:57:00.738" endtime="20241122 21:57:00.749"/>
</branch>
<branch type="ELSE IF" condition="'${action}[type]' == '${GET_DROPDOWN_VALUE}'">
<kw name="get-selected-option" library="COMP_Select">
<var>${value}</var>
<arg>${action}[xpath]</arg>
<tag>component</tag>
<doc>Gets the selected option
Error will thrown if multiple options selected</doc>
<status status="NOT RUN" starttime="20241122 21:57:00.753" endtime="20241122 21:57:00.753"/>
</kw>
<status status="NOT RUN" starttime="20241122 21:57:00.749" endtime="20241122 21:57:00.753"/>
</branch>
<branch type="ELSE IF" condition="'${action}[type]' == '${SET_DROPDOWN_VALUE}'">
<kw name="select-single-option" library="COMP_Select">
<arg>${action}[xpath]</arg>
<arg>${input}[value]</arg>
<tag>component</tag>
<doc>Selects the option by given attribute</doc>
<status status="NOT RUN" starttime="20241122 21:57:00.758" endtime="20241122 21:57:00.758"/>
</kw>
<status status="NOT RUN" starttime="20241122 21:57:00.755" endtime="20241122 21:57:00.758"/>
</branch>
<branch type="ELSE IF" condition="'${action}[type]' == '${TYPE_TEXT}'">
<kw name="set-value" library="COMP_Textbox">
<arg>${action}[xpath]</arg>
<arg>${input}[value]</arg>
<tag>component</tag>
<doc>Updates Field Value and checks for post condition
And retries if the retry value is provided</doc>
<status status="NOT RUN" starttime="20241122 21:57:00.758" endtime="20241122 21:57:00.758"/>
</kw>
<status status="NOT RUN" starttime="20241122 21:57:00.758" endtime="20241122 21:57:00.758"/>
</branch>
<branch type="ELSE IF" condition="'${action}[type]' == '${GET_TEXTBOX_VALUE}'">
<kw name="get-value" library="COMP_Textbox">
<var>${value}</var>
<arg>${action}[xpath]</arg>
<tag>component</tag>
<doc>Returns Field Value</doc>
<status status="NOT RUN" starttime="20241122 21:57:00.758" endtime="20241122 21:57:00.758"/>
</kw>
<status status="NOT RUN" starttime="20241122 21:57:00.758" endtime="20241122 21:57:00.758"/>
</branch>
<branch type="ELSE IF" condition="'${action}[type]' == '${GET_CHECKBOX_VALUE}'">
<kw name="get-value" library="COMP_Checkbox">
<var>${value}</var>
<arg>${action}[xpath]</arg>
<tag>component</tag>
<doc>Gets the current checkbox status</doc>
<status status="NOT RUN" starttime="20241122 21:57:00.766" endtime="20241122 21:57:00.766"/>
</kw>
<if>
<branch type="IF" condition="${value}">
<kw name="Set Variable" library="BuiltIn">
<var>${value}</var>
<arg>SELECT</arg>
<doc>Returns the given values which can then be assigned to a variables.</doc>
<status status="NOT RUN" starttime="20241122 21:57:00.766" endtime="20241122 21:57:00.766"/>
</kw>
<status status="NOT RUN" starttime="20241122 21:57:00.766" endtime="20241122 21:57:00.766"/>
</branch>
<branch type="ELSE">
<kw name="Set Variable" library="BuiltIn">
<var>${value}</var>
<arg>UN_SELECT</arg>
<doc>Returns the given values which can then be assigned to a variables.</doc>
<status status="NOT RUN" starttime="20241122 21:57:00.768" endtime="20241122 21:57:00.768"/>
</kw>
<status status="NOT RUN" starttime="20241122 21:57:00.768" endtime="20241122 21:57:00.768"/>
</branch>
<status status="NOT RUN" starttime="20241122 21:57:00.766" endtime="20241122 21:57:00.768"/>
</if>
<status status="NOT RUN" starttime="20241122 21:57:00.758" endtime="20241122 21:57:00.768"/>
</branch>
<branch type="ELSE IF" condition="'${action}[type]' == '${SET_CHECKBOX_VALUE}'">
<kw name="evaluate(${input}[value] == SELECT)">
<var>${select}</var>
<status status="NOT RUN" starttime="20241122 21:57:00.777" endtime="20241122 21:57:00.777"/>
</kw>
<kw name="set-value" library="COMP_Checkbox">
<arg>${action}[xpath]</arg>
<arg>${select}</arg>
<tag>component</tag>
<doc>Updates the Field value and checks for post condition
And retries if the retry value is provided</doc>
<status status="NOT RUN" starttime="20241122 21:57:00.782" endtime="20241122 21:57:00.782"/>
</kw>
<status status="NOT RUN" starttime="20241122 21:57:00.768" endtime="20241122 21:57:00.782"/>
</branch>
<branch type="ELSE IF" condition="'${action}[type]' == '${GET_RADIO_VALUE}'">
<kw name="get-value" library="COMP_Checkbox">
<var>${value}</var>
<arg>${action}[xpath]</arg>
<tag>component</tag>
<doc>Gets the current checkbox status</doc>
<status status="NOT RUN" starttime="20241122 21:57:00.783" endtime="20241122 21:57:00.783"/>
</kw>
<if>
<branch type="IF" condition="${value}">
<kw name="Set Variable" library="BuiltIn">
<var>${value}</var>
<arg>SELECT</arg>
<doc>Returns the given values which can then be assigned to a variables.</doc>
<status status="NOT RUN" starttime="20241122 21:57:00.783" endtime="20241122 21:57:00.783"/>
</kw>
<status status="NOT RUN" starttime="20241122 21:57:00.783" endtime="20241122 21:57:00.783"/>
</branch>
<branch type="ELSE">
<kw name="Set Variable" library="BuiltIn">
<var>${value}</var>
<arg>UN_SELECT</arg>
<doc>Returns the given values which can then be assigned to a variables.</doc>
<status status="NOT RUN" starttime="20241122 21:57:00.783" endtime="20241122 21:57:00.783"/>
</kw>
<status status="NOT RUN" starttime="20241122 21:57:00.783" endtime="20241122 21:57:00.783"/>
</branch>
<status status="NOT RUN" starttime="20241122 21:57:00.783" endtime="20241122 21:57:00.783"/>
</if>
<status status="NOT RUN" starttime="20241122 21:57:00.782" endtime="20241122 21:57:00.783"/>
</branch>
<branch type="ELSE IF" condition="'${action}[type]' == '${SET_RADIO_VALUE}'">
<kw name="evaluate(${input}[value] == SELECT)">
<var>${select}</var>
<status status="NOT RUN" starttime="20241122 21:57:00.790" endtime="20241122 21:57:00.790"/>
</kw>
<kw name="set-value" library="COMP_Checkbox">
<arg>${action}[xpath]</arg>
<arg>${select}</arg>
<tag>component</tag>
<doc>Updates the Field value and checks for post condition
And retries if the retry value is provided</doc>
<status status="NOT RUN" starttime="20241122 21:57:00.798" endtime="20241122 21:57:00.798"/>
</kw>
<status status="NOT RUN" starttime="20241122 21:57:00.783" endtime="20241122 21:57:00.798"/>
</branch>
<branch type="ELSE IF" condition="'${action}[type]' == '${IS_ELEMENT_VISIBLE}'">
<kw name="is-attached-after-wait" library="UTIL_BrowserHelper">
<var>${value}</var>
<arg>${action}[xpath]</arg>
<tag>util</tag>
<doc>checks whether the given selector is attached to the DOM
after waiting for the element state</doc>
<status status="NOT RUN" starttime="20241122 21:57:00.798" endtime="20241122 21:57:00.798"/>
</kw>
<status status="NOT RUN" starttime="20241122 21:57:00.798" endtime="20241122 21:57:00.798"/>
</branch>
<branch type="ELSE IF" condition="'${action}[type]' == '${GET_TEXT}'">
<kw name="get-property" library="UTIL_BrowserHelper">
<var>${value}</var>
<arg>${action}[xpath]</arg>
<arg>innerText</arg>
<tag>util</tag>
<doc>Method used to get property</doc>
<status status="NOT RUN" starttime="20241122 21:57:00.802" endtime="20241122 21:57:00.802"/>
</kw>
<status status="NOT RUN" starttime="20241122 21:57:00.798" endtime="20241122 21:57:00.802"/>
</branch>
<branch type="ELSE">
<kw name="Log To Message">
<arg>Action not developed. Terminate the TestCase here!!!</arg>
<status status="NOT RUN" starttime="20241122 21:57:00.817" endtime="20241122 21:57:00.817"/>
</kw>
<kw name="ex-fail" library="EX_Exception">
<arg>ACTION_NOT_DEVELOPED</arg>
<tag>exception</tag>
<doc>wrapper over the builtin Fail keyword, to support additional operations during failure</doc>
<status status="NOT RUN" starttime="20241122 21:57:00.817" endtime="20241122 21:57:00.817"/>
</kw>
<status status="NOT RUN" starttime="20241122 21:57:00.802" endtime="20241122 21:57:00.817"/>
</branch>
<status status="PASS" starttime="20241122 21:56:52.847" endtime="20241122 21:57:00.817"/>
</if>
<kw name="Log To Console" library="BuiltIn">
<arg>${value}</arg>
<doc>Logs the given message to the console.</doc>
<status status="PASS" starttime="20241122 21:57:00.819" endtime="20241122 21:57:00.820"/>
</kw>
<kw name="Sleep" library="BuiltIn">
<arg>${input}[waitAfterAction]s</arg>
<doc>Pauses the test executed for the given time.</doc>
<msg timestamp="20241122 21:57:01.820" level="INFO">Slept 1 second</msg>
<status status="PASS" starttime="20241122 21:57:00.820" endtime="20241122 21:57:01.820"/>
</kw>
<status status="PASS" starttime="20241122 21:56:52.840" endtime="20241122 21:57:01.820"/>
</kw>
<kw name="send-action-sequence-message">
<arg>${flowActionSequence}[id]</arg>
<arg>${testCaseRun}[id]</arg>
<arg>COMPLETED</arg>
<kw name="Create Dictionary" library="BuiltIn">
<var>${response_message}</var>
<arg>flowActionSequenceId=${flowActionSequenceId}</arg>
<arg>testCaseRunId=${testCaseRunId}</arg>
<arg>status=${status}</arg>
<arg>errorMessage=${errorMessage}</arg>
<doc>Creates and returns a dictionary based on the given ``items``.</doc>
<msg timestamp="20241122 21:57:01.826" level="INFO">${response_message} = {'flowActionSequenceId': '41', 'testCaseRunId': '79', 'status': 'COMPLETED', 'errorMessage': ''}</msg>
<status status="PASS" starttime="20241122 21:57:01.824" endtime="20241122 21:57:01.826"/>
</kw>
<kw name="Push response message to kafka topic" library="UTIL_Common">
<arg>${response_message}</arg>
<tag>function</tag>
<doc>push the response message to kafka topic</doc>
<kw name="Evaluate" library="BuiltIn">
<var>${json_response}</var>
<arg>json.dumps(${payload_response_msg})</arg>
<arg>json</arg>
<doc>Evaluates the given expression in Python and returns the result.</doc>
<msg timestamp="20241122 21:57:01.828" level="INFO">${json_response} = {"flowActionSequenceId": "41", "testCaseRunId": "79", "status": "COMPLETED", "errorMessage": ""}</msg>
<status status="PASS" starttime="20241122 21:57:01.827" endtime="20241122 21:57:01.828"/>
</kw>
<kw name="Push Message To Topic" library="TopicProducer">
<var>${producer_response}</var>
<arg>${json_response}</arg>
<doc>Kafka Producer to send the response as json message and push it</doc>
<msg timestamp="20241122 21:57:01.837" level="INFO">Message delivered to response_topic [0]</msg>
<msg timestamp="20241122 21:57:01.837" level="INFO">${producer_response} = &lt;function delivery_report at 0x000001F952D503A0&gt;</msg>
<status status="PASS" starttime="20241122 21:57:01.828" endtime="20241122 21:57:01.837"/>
</kw>
<kw name="Log To Console" library="BuiltIn">
<arg>kafka_producer_response:${producer_response}</arg>
<doc>Logs the given message to the console.</doc>
<status status="PASS" starttime="20241122 21:57:01.837" endtime="20241122 21:57:01.837"/>
</kw>
<return>
<value>${producer_response}</value>
<status status="PASS" starttime="20241122 21:57:01.837" endtime="20241122 21:57:01.837"/>
</return>
<status status="PASS" starttime="20241122 21:57:01.827" endtime="20241122 21:57:01.837"/>
</kw>
<status status="PASS" starttime="20241122 21:57:01.820" endtime="20241122 21:57:01.837"/>
</kw>
<status status="PASS" starttime="20241122 21:56:52.840" endtime="20241122 21:57:01.837"/>
</branch>
<branch type="EXCEPT" variable="${error_message}">
<kw name="Log To Console" library="BuiltIn">
<arg>${error_message}</arg>
<doc>Logs the given message to the console.</doc>
<status status="NOT RUN" starttime="20241122 21:57:01.843" endtime="20241122 21:57:01.843"/>
</kw>
<kw name="send-action-sequence-message">
<arg>${flowActionSequence}[id]</arg>
<arg>${testCaseRun}[id]</arg>
<arg>FAILED</arg>
<arg>${error_message}</arg>
<status status="NOT RUN" starttime="20241122 21:57:01.843" endtime="20241122 21:57:01.843"/>
</kw>
<kw name="ex-fail" library="EX_Exception">
<arg>${error_message}</arg>
<tag>exception</tag>
<doc>wrapper over the builtin Fail keyword, to support additional operations during failure</doc>
<status status="NOT RUN" starttime="20241122 21:57:01.843" endtime="20241122 21:57:01.843"/>
</kw>
<status status="NOT RUN" starttime="20241122 21:57:01.843" endtime="20241122 21:57:01.843"/>
</branch>
<status status="PASS" starttime="20241122 21:56:52.840" endtime="20241122 21:57:01.843"/>
</try>
<status status="PASS" starttime="20241122 21:56:52.840" endtime="20241122 21:57:01.843"/>
</iter>
<iter>
<var name="${flowActionSequence}">{'id': '43', 'actionId': '30', 'flowId': '14', 'order': 1, 'createdAt': '2024-11-21T16:43:09.646Z', 'updatedAt': '2024-11-22T04:20:41.490Z', 'action': {'id': '30', 'name': 'Set login password', 'type'...</var>
<try>
<branch type="TRY">
<kw name="Set Variable" library="BuiltIn">
<var>${action}</var>
<arg>${flowActionSequence}[action]</arg>
<doc>Returns the given values which can then be assigned to a variables.</doc>
<msg timestamp="20241122 21:57:01.843" level="INFO">${action} = {'id': '30', 'name': 'Set login password', 'type': 'TYPE_TEXT', 'xpath': '//input[@id="password"]', 'valueRege': '', 'projectId': '4', 'createdAt': '2024-11-21T16:39:54.768Z', 'updatedAt': '2024-11-21...</msg>
<status status="PASS" starttime="20241122 21:57:01.843" endtime="20241122 21:57:01.843"/>
</kw>
<kw name="Log To Console" library="BuiltIn">
<arg>Action Name: ${action}[name]</arg>
<doc>Logs the given message to the console.</doc>
<status status="PASS" starttime="20241122 21:57:01.843" endtime="20241122 21:57:01.843"/>
</kw>
<kw name="Get Selected Input" library="Common_util">
<var>${input}</var>
<arg>${flowActionSequence}</arg>
<msg timestamp="20241122 21:57:01.843" level="INFO">${input} = {'id': '27', 'actionId': '30', 'name': 'Bharani', 'value': 'vijaybharani', 'waitAfterAction': '1', 'isDefault': True, 'createdAt': '2024-11-21T16:39:55.091Z', 'updatedAt': '2024-11-21T17:23:21.466Z'}</msg>
<status status="PASS" starttime="20241122 21:57:01.843" endtime="20241122 21:57:01.843"/>
</kw>
<if>
<branch type="IF" condition="$input == $None">
<kw name="Log To Console" library="BuiltIn">
<arg>Input not found for this action. Terminate the test case here!!!</arg>
<doc>Logs the given message to the console.</doc>
<status status="NOT RUN" starttime="20241122 21:57:01.851" endtime="20241122 21:57:01.851"/>
</kw>
<kw name="ex-fail" library="EX_Exception">
<arg>INPUT_NOT_FOUND_IN_ACTION</arg>
<tag>exception</tag>
<doc>wrapper over the builtin Fail keyword, to support additional operations during failure</doc>
<status status="NOT RUN" starttime="20241122 21:57:01.851" endtime="20241122 21:57:01.851"/>
</kw>
<status status="NOT RUN" starttime="20241122 21:57:01.851" endtime="20241122 21:57:01.851"/>
</branch>
<status status="PASS" starttime="20241122 21:57:01.843" endtime="20241122 21:57:01.851"/>
</if>
<kw name="execute-action">
<arg>${action}</arg>
<arg>${input}</arg>
<kw name="Set Variable" library="BuiltIn">
<var>${value}</var>
<arg>${input}[value]</arg>
<doc>Returns the given values which can then be assigned to a variables.</doc>
<msg timestamp="20241122 21:57:01.851" level="INFO">${value} = vijaybharani</msg>
<status status="PASS" starttime="20241122 21:57:01.851" endtime="20241122 21:57:01.851"/>
</kw>
<if>
<branch type="IF" condition="'${action}[type]' == '${LAUNCH_BROWSER}'">
<kw name="new-page" library="COMP_BrowserContext">
<arg>${input}[value]</arg>
<status status="NOT RUN" starttime="20241122 21:57:01.858" endtime="20241122 21:57:01.858"/>
</kw>
<status status="NOT RUN" starttime="20241122 21:57:01.851" endtime="20241122 21:57:01.858"/>
</branch>
<branch type="ELSE IF" condition="'${action}[type]' == '${NEW_PAGE}'">
<kw name="new-page" library="COMP_BrowserContext">
<arg>${input}[value]</arg>
<status status="NOT RUN" starttime="20241122 21:57:01.859" endtime="20241122 21:57:01.859"/>
</kw>
<status status="NOT RUN" starttime="20241122 21:57:01.859" endtime="20241122 21:57:01.859"/>
</branch>
<branch type="ELSE IF" condition="'${action}[type]' == '${CLICK}'">
<kw name="left-click" library="COMP_Button">
<arg>${action}[xpath]</arg>
<tag>component</tag>
<doc>Performs left click operation on button</doc>
<status status="NOT RUN" starttime="20241122 21:57:01.868" endtime="20241122 21:57:01.868"/>
</kw>
<status status="NOT RUN" starttime="20241122 21:57:01.859" endtime="20241122 21:57:01.868"/>
</branch>
<branch type="ELSE IF" condition="'${action}[type]' == '${DOUBLE_CLICK}'">
<kw name="left-click" library="COMP_Button">
<arg>${action}[xpath]</arg>
<tag>component</tag>
<doc>Performs left click operation on button</doc>
<status status="NOT RUN" starttime="20241122 21:57:01.883" endtime="20241122 21:57:01.883"/>
</kw>
<kw name="left-click" library="COMP_Button">
<arg>${action}[xpath]</arg>
<tag>component</tag>
<doc>Performs left click operation on button</doc>
<status status="NOT RUN" starttime="20241122 21:57:01.900" endtime="20241122 21:57:01.900"/>
</kw>
<status status="NOT RUN" starttime="20241122 21:57:01.868" endtime="20241122 21:57:01.900"/>
</branch>
<branch type="ELSE IF" condition="'${action}[type]' == '${GET_DROPDOWN_VALUE}'">
<kw name="get-selected-option" library="COMP_Select">
<var>${value}</var>
<arg>${action}[xpath]</arg>
<tag>component</tag>
<doc>Gets the selected option
Error will thrown if multiple options selected</doc>
<status status="NOT RUN" starttime="20241122 21:57:01.908" endtime="20241122 21:57:01.908"/>
</kw>
<status status="NOT RUN" starttime="20241122 21:57:01.900" endtime="20241122 21:57:01.908"/>
</branch>
<branch type="ELSE IF" condition="'${action}[type]' == '${SET_DROPDOWN_VALUE}'">
<kw name="select-single-option" library="COMP_Select">
<arg>${action}[xpath]</arg>
<arg>${input}[value]</arg>
<tag>component</tag>
<doc>Selects the option by given attribute</doc>
<status status="NOT RUN" starttime="20241122 21:57:01.921" endtime="20241122 21:57:01.922"/>
</kw>
<status status="NOT RUN" starttime="20241122 21:57:01.908" endtime="20241122 21:57:01.922"/>
</branch>
<branch type="ELSE IF" condition="'${action}[type]' == '${TYPE_TEXT}'">
<kw name="set-value" library="COMP_Textbox">
<arg>${action}[xpath]</arg>
<arg>${input}[value]</arg>
<tag>component</tag>
<doc>Updates Field Value and checks for post condition
And retries if the retry value is provided</doc>
<kw name="validate-precondition" library="COMP_Textbox">
<arg>${selector}</arg>
<tag>robot:private</tag>
<doc>Method used to validate if the selector is actually an input
Also used to validate the input element before performing any action
...
INPUT:
//input[@id="password"]: string</doc>
<kw name="fail-if-not-attached-after-wait" library="UTIL_Validation">
<arg>${selector}</arg>
<tag>util</tag>
<doc>Throws error if the element is not attached to the DOM
after waiting for the element state</doc>
<kw name="is-attached-after-wait" library="UTIL_BrowserHelper">
<var>${is_attached}</var>
<arg>${selector}</arg>
<tag>util</tag>
<doc>checks whether the given selector is attached to the DOM
after waiting for the element state</doc>
<try>
<branch type="TRY">
<kw name="is-element-state-appear-after-wait" library="UTIL_BrowserHelper">
<var>${result}</var>
<arg>${selector}</arg>
<arg>${ELEMENT_STATE_ATTACHED}</arg>
<tag>util</tag>
<doc>Used to get the element state
after waiting for the element state</doc>
<try>
<branch type="TRY">
<kw name="Run Keyword And Return Status" library="BuiltIn">
<var>${result}</var>
<arg>RPA.Browser.Playwright.Wait For Elements State</arg>
<arg>${selector}</arg>
<arg>${state}</arg>
<arg>timeout=12s</arg>
<doc>Runs the given keyword with given arguments and returns the status as a Boolean value.</doc>
<kw name="Wait For Elements State" library="RPA.Browser.Playwright">
<arg>${selector}</arg>
<arg>${state}</arg>
<arg>timeout=12s</arg>
<tag>PageContent</tag>
<tag>Wait</tag>
<doc>Waits for the element found by ``selector`` to satisfy state option.</doc>
<msg timestamp="20241122 21:57:01.995" level="INFO">Waited for Element with selector //input[@id="password"] at state attached</msg>
<status status="PASS" starttime="20241122 21:57:01.940" endtime="20241122 21:57:01.995"/>
</kw>
<msg timestamp="20241122 21:57:01.995" level="INFO">${result} = True</msg>
<status status="PASS" starttime="20241122 21:57:01.940" endtime="20241122 21:57:01.995"/>
</kw>
<return>
<value>${result}</value>
<status status="PASS" starttime="20241122 21:57:01.995" endtime="20241122 21:57:01.995"/>
</return>
<status status="PASS" starttime="20241122 21:57:01.940" endtime="20241122 21:57:01.995"/>
</branch>
<branch type="EXCEPT" variable="${error_message}">
<kw name="Log To Console" library="BuiltIn">
<arg>Error while getting element state: ${error_message}</arg>
<arg>ERROR</arg>
<doc>Logs the given message to the console.</doc>
<status status="NOT RUN" starttime="20241122 21:57:01.997" endtime="20241122 21:57:01.997"/>
</kw>
<kw name="ex-fail" library="EX_Exception">
<arg>ELEMENT_NOT_ATTACHED</arg>
<tag>exception</tag>
<doc>wrapper over the builtin Fail keyword, to support additional operations during failure</doc>
<status status="NOT RUN" starttime="20241122 21:57:01.997" endtime="20241122 21:57:01.997"/>
</kw>
<status status="NOT RUN" starttime="20241122 21:57:01.995" endtime="20241122 21:57:01.997"/>
</branch>
<status status="PASS" starttime="20241122 21:57:01.940" endtime="20241122 21:57:01.997"/>
</try>
<msg timestamp="20241122 21:57:01.999" level="INFO">${result} = True</msg>
<status status="PASS" starttime="20241122 21:57:01.940" endtime="20241122 21:57:01.999"/>
</kw>
<return>
<value>${result}</value>
<status status="PASS" starttime="20241122 21:57:01.999" endtime="20241122 21:57:01.999"/>
</return>
<status status="PASS" starttime="20241122 21:57:01.932" endtime="20241122 21:57:01.999"/>
</branch>
<branch type="EXCEPT">
<return>
<value>${False}</value>
<status status="NOT RUN" starttime="20241122 21:57:01.999" endtime="20241122 21:57:01.999"/>
</return>
<status status="NOT RUN" starttime="20241122 21:57:01.999" endtime="20241122 21:57:01.999"/>
</branch>
<status status="PASS" starttime="20241122 21:57:01.932" endtime="20241122 21:57:01.999"/>
</try>
<msg timestamp="20241122 21:57:02.002" level="INFO">${is_attached} = True</msg>
<status status="PASS" starttime="20241122 21:57:01.932" endtime="20241122 21:57:02.002"/>
</kw>
<kw name="fail-keyword-if" library="UTIL_Validation">
<arg>${is_attached == False}</arg>
<arg>${message}</arg>
<tag>util</tag>
<doc>Throws error with a custom message if given condition satisifes
first argument must be an expression/boolean
second argument must a message
Eg: fail-keyword-if {var1 == var2} {message}</doc>
<if>
<branch type="IF" condition="${condition}">
<kw name="Log To Console" library="BuiltIn">
<arg>Conditional exception: ${message}</arg>
<arg>ERROR</arg>
<doc>Logs the given message to the console.</doc>
<status status="NOT RUN" starttime="20241122 21:57:02.006" endtime="20241122 21:57:02.006"/>
</kw>
<kw name="ex-fail" library="EX_Exception">
<arg>${message}</arg>
<tag>exception</tag>
<doc>wrapper over the builtin Fail keyword, to support additional operations during failure</doc>
<status status="NOT RUN" starttime="20241122 21:57:02.006" endtime="20241122 21:57:02.006"/>
</kw>
<status status="NOT RUN" starttime="20241122 21:57:02.006" endtime="20241122 21:57:02.006"/>
</branch>
<status status="PASS" starttime="20241122 21:57:02.006" endtime="20241122 21:57:02.006"/>
</if>
<status status="PASS" starttime="20241122 21:57:02.002" endtime="20241122 21:57:02.006"/>
</kw>
<status status="PASS" starttime="20241122 21:57:01.932" endtime="20241122 21:57:02.006"/>
</kw>
<kw name="fail-if-not-a-textbox" library="UTIL_Validation">
<arg>${selector}</arg>
<tag>util</tag>
<doc>Throws error if the element is not a valid textbox</doc>
<try>
<branch type="TRY">
<kw name="get-property" library="UTIL_BrowserHelper">
<var>${tag_name}</var>
<arg>${selector}</arg>
<arg>tagName</arg>
<tag>util</tag>
<doc>Method used to get property</doc>
<kw name="fail-if-not-attached-after-wait" library="UTIL_Validation">
<arg>${selector}</arg>
<tag>util</tag>
<doc>Throws error if the element is not attached to the DOM
after waiting for the element state</doc>
<kw name="is-attached-after-wait" library="UTIL_BrowserHelper">
<var>${is_attached}</var>
<arg>${selector}</arg>
<tag>util</tag>
<doc>checks whether the given selector is attached to the DOM
after waiting for the element state</doc>
<try>
<branch type="TRY">
<kw name="is-element-state-appear-after-wait" library="UTIL_BrowserHelper">
<var>${result}</var>
<arg>${selector}</arg>
<arg>${ELEMENT_STATE_ATTACHED}</arg>
<tag>util</tag>
<doc>Used to get the element state
after waiting for the element state</doc>
<try>
<branch type="TRY">
<kw name="Run Keyword And Return Status" library="BuiltIn">
<var>${result}</var>
<arg>RPA.Browser.Playwright.Wait For Elements State</arg>
<arg>${selector}</arg>
<arg>${state}</arg>
<arg>timeout=12s</arg>
<doc>Runs the given keyword with given arguments and returns the status as a Boolean value.</doc>
<kw name="Wait For Elements State" library="RPA.Browser.Playwright">
<arg>${selector}</arg>
<arg>${state}</arg>
<arg>timeout=12s</arg>
<tag>PageContent</tag>
<tag>Wait</tag>
<doc>Waits for the element found by ``selector`` to satisfy state option.</doc>
<msg timestamp="20241122 21:57:02.049" level="INFO">Waited for Element with selector //input[@id="password"] at state attached</msg>
<status status="PASS" starttime="20241122 21:57:02.031" endtime="20241122 21:57:02.049"/>
</kw>
<msg timestamp="20241122 21:57:02.055" level="INFO">${result} = True</msg>
<status status="PASS" starttime="20241122 21:57:02.031" endtime="20241122 21:57:02.055"/>
</kw>
<return>
<value>${result}</value>
<status status="PASS" starttime="20241122 21:57:02.055" endtime="20241122 21:57:02.055"/>
</return>
<status status="PASS" starttime="20241122 21:57:02.031" endtime="20241122 21:57:02.055"/>
</branch>
<branch type="EXCEPT" variable="${error_message}">
<kw name="Log To Console" library="BuiltIn">
<arg>Error while getting element state: ${error_message}</arg>
<arg>ERROR</arg>
<doc>Logs the given message to the console.</doc>
<status status="NOT RUN" starttime="20241122 21:57:02.055" endtime="20241122 21:57:02.055"/>
</kw>
<kw name="ex-fail" library="EX_Exception">
<arg>ELEMENT_NOT_ATTACHED</arg>
<tag>exception</tag>
<doc>wrapper over the builtin Fail keyword, to support additional operations during failure</doc>
<status status="NOT RUN" starttime="20241122 21:57:02.055" endtime="20241122 21:57:02.055"/>
</kw>
<status status="NOT RUN" starttime="20241122 21:57:02.055" endtime="20241122 21:57:02.055"/>
</branch>
<status status="PASS" starttime="20241122 21:57:02.031" endtime="20241122 21:57:02.055"/>
</try>
<msg timestamp="20241122 21:57:02.055" level="INFO">${result} = True</msg>
<status status="PASS" starttime="20241122 21:57:02.031" endtime="20241122 21:57:02.055"/>
</kw>
<return>
<value>${result}</value>
<status status="PASS" starttime="20241122 21:57:02.055" endtime="20241122 21:57:02.055"/>
</return>
<status status="PASS" starttime="20241122 21:57:02.027" endtime="20241122 21:57:02.055"/>
</branch>
<branch type="EXCEPT">
<return>
<value>${False}</value>
<status status="NOT RUN" starttime="20241122 21:57:02.055" endtime="20241122 21:57:02.055"/>
</return>
<status status="NOT RUN" starttime="20241122 21:57:02.055" endtime="20241122 21:57:02.063"/>
</branch>
<status status="PASS" starttime="20241122 21:57:02.027" endtime="20241122 21:57:02.063"/>
</try>
<msg timestamp="20241122 21:57:02.063" level="INFO">${is_attached} = True</msg>
<status status="PASS" starttime="20241122 21:57:02.027" endtime="20241122 21:57:02.063"/>
</kw>
<kw name="fail-keyword-if" library="UTIL_Validation">
<arg>${is_attached == False}</arg>
<arg>${message}</arg>
<tag>util</tag>
<doc>Throws error with a custom message if given condition satisifes
first argument must be an expression/boolean
second argument must a message
Eg: fail-keyword-if {var1 == var2} {message}</doc>
<if>
<branch type="IF" condition="${condition}">
<kw name="Log To Console" library="BuiltIn">
<arg>Conditional exception: ${message}</arg>
<arg>ERROR</arg>
<doc>Logs the given message to the console.</doc>
<status status="NOT RUN" starttime="20241122 21:57:02.068" endtime="20241122 21:57:02.068"/>
</kw>
<kw name="ex-fail" library="EX_Exception">
<arg>${message}</arg>
<tag>exception</tag>
<doc>wrapper over the builtin Fail keyword, to support additional operations during failure</doc>
<status status="NOT RUN" starttime="20241122 21:57:02.068" endtime="20241122 21:57:02.068"/>
</kw>
<status status="NOT RUN" starttime="20241122 21:57:02.068" endtime="20241122 21:57:02.068"/>
</branch>
<status status="PASS" starttime="20241122 21:57:02.068" endtime="20241122 21:57:02.068"/>
</if>
<status status="PASS" starttime="20241122 21:57:02.063" endtime="20241122 21:57:02.071"/>
</kw>
<status status="PASS" starttime="20241122 21:57:02.023" endtime="20241122 21:57:02.071"/>
</kw>
<try>
<branch type="TRY">
<kw name="Get Property" library="RPA.Browser.Playwright">
<var>${property}</var>
<arg>${selector}</arg>
<arg>${property_name}</arg>
<tag>Assertion</tag>
<tag>Getter</tag>
<tag>PageContent</tag>
<doc>Returns the ``property`` of the element found by ``selector``.</doc>
<msg timestamp="20241122 21:57:02.121" level="INFO">Property: 'INPUT'</msg>
<msg timestamp="20241122 21:57:02.121" level="INFO">${property} = INPUT</msg>
<status status="PASS" starttime="20241122 21:57:02.073" endtime="20241122 21:57:02.121"/>
</kw>
<return>
<value>${property}</value>
<status status="PASS" starttime="20241122 21:57:02.121" endtime="20241122 21:57:02.121"/>
</return>
<status status="PASS" starttime="20241122 21:57:02.071" endtime="20241122 21:57:02.121"/>
</branch>
<branch type="EXCEPT" variable="${error_message}">
<kw name="Log To Console" library="BuiltIn">
<arg>${error_message}</arg>
<arg>ERROR</arg>
<doc>Logs the given message to the console.</doc>
<status status="NOT RUN" starttime="20241122 21:57:02.121" endtime="20241122 21:57:02.121"/>
</kw>
<kw name="ex-fail" library="EX_Exception">
<arg>INVALID_BROWSER_ELEMENT_PROPERTY</arg>
<tag>exception</tag>
<doc>wrapper over the builtin Fail keyword, to support additional operations during failure</doc>
<status status="NOT RUN" starttime="20241122 21:57:02.121" endtime="20241122 21:57:02.121"/>
</kw>
<status status="NOT RUN" starttime="20241122 21:57:02.121" endtime="20241122 21:57:02.121"/>
</branch>
<status status="PASS" starttime="20241122 21:57:02.071" endtime="20241122 21:57:02.121"/>
</try>
<msg timestamp="20241122 21:57:02.121" level="INFO">${tag_name} = INPUT</msg>
<status status="PASS" starttime="20241122 21:57:02.020" endtime="20241122 21:57:02.121"/>
</kw>
<kw name="fail-keyword-if" library="UTIL_Validation">
<arg>${tag_name != 'INPUT'}</arg>
<arg>${message}</arg>
<tag>util</tag>
<doc>Throws error with a custom message if given condition satisifes
first argument must be an expression/boolean
second argument must a message
Eg: fail-keyword-if {var1 == var2} {message}</doc>
<if>
<branch type="IF" condition="${condition}">
<kw name="Log To Console" library="BuiltIn">
<arg>Conditional exception: ${message}</arg>
<arg>ERROR</arg>
<doc>Logs the given message to the console.</doc>
<status status="NOT RUN" starttime="20241122 21:57:02.130" endtime="20241122 21:57:02.130"/>
</kw>
<kw name="ex-fail" library="EX_Exception">
<arg>${message}</arg>
<tag>exception</tag>
<doc>wrapper over the builtin Fail keyword, to support additional operations during failure</doc>
<status status="NOT RUN" starttime="20241122 21:57:02.130" endtime="20241122 21:57:02.130"/>
</kw>
<status status="NOT RUN" starttime="20241122 21:57:02.130" endtime="20241122 21:57:02.130"/>
</branch>
<status status="PASS" starttime="20241122 21:57:02.130" endtime="20241122 21:57:02.130"/>
</if>
<status status="PASS" starttime="20241122 21:57:02.129" endtime="20241122 21:57:02.130"/>
</kw>
<status status="PASS" starttime="20241122 21:57:02.014" endtime="20241122 21:57:02.130"/>
</branch>
<branch type="EXCEPT">
<pattern>INVALID_BROWSER_ELEMENT_PROPERTY</pattern>
<kw name="ex-fail" library="EX_Exception">
<arg>${message}</arg>
<tag>exception</tag>
<doc>wrapper over the builtin Fail keyword, to support additional operations during failure</doc>
<status status="NOT RUN" starttime="20241122 21:57:02.130" endtime="20241122 21:57:02.130"/>
</kw>
<status status="NOT RUN" starttime="20241122 21:57:02.130" endtime="20241122 21:57:02.130"/>
</branch>
<status status="PASS" starttime="20241122 21:57:02.014" endtime="20241122 21:57:02.130"/>
</try>
<status status="PASS" starttime="20241122 21:57:02.014" endtime="20241122 21:57:02.130"/>
</kw>
<kw name="fail-if-not-visible-after-wait" library="UTIL_Validation">
<arg>${selector}</arg>
<tag>util</tag>
<doc>Throws error if the element is not visible
after waiting for the element state</doc>
<kw name="is-visible-after-wait" library="UTIL_BrowserHelper">
<var>${is_visible}</var>
<arg>${selector}</arg>
<tag>util</tag>
<doc>checks whether the given selector is visible
after waiting for the element state</doc>
<kw name="is-element-state-appear-after-wait" library="UTIL_BrowserHelper">
<var>${result}</var>
<arg>${selector}</arg>
<arg>${ELEMENT_STATE_VISIBLE}</arg>
<tag>util</tag>
<doc>Used to get the element state
after waiting for the element state</doc>
<try>
<branch type="TRY">
<kw name="Run Keyword And Return Status" library="BuiltIn">
<var>${result}</var>
<arg>RPA.Browser.Playwright.Wait For Elements State</arg>
<arg>${selector}</arg>
<arg>${state}</arg>
<arg>timeout=12s</arg>
<doc>Runs the given keyword with given arguments and returns the status as a Boolean value.</doc>
<kw name="Wait For Elements State" library="RPA.Browser.Playwright">
<arg>${selector}</arg>
<arg>${state}</arg>
<arg>timeout=12s</arg>
<tag>PageContent</tag>
<tag>Wait</tag>
<doc>Waits for the element found by ``selector`` to satisfy state option.</doc>
<msg timestamp="20241122 21:57:02.162" level="INFO">Waited for Element with selector //input[@id="password"] at state visible</msg>
<status status="PASS" starttime="20241122 21:57:02.146" endtime="20241122 21:57:02.162"/>
</kw>
<msg timestamp="20241122 21:57:02.163" level="INFO">${result} = True</msg>
<status status="PASS" starttime="20241122 21:57:02.146" endtime="20241122 21:57:02.163"/>
</kw>
<return>
<value>${result}</value>
<status status="PASS" starttime="20241122 21:57:02.163" endtime="20241122 21:57:02.163"/>
</return>
<status status="PASS" starttime="20241122 21:57:02.140" endtime="20241122 21:57:02.163"/>
</branch>
<branch type="EXCEPT" variable="${error_message}">
<kw name="Log To Console" library="BuiltIn">
<arg>Error while getting element state: ${error_message}</arg>
<arg>ERROR</arg>
<doc>Logs the given message to the console.</doc>
<status status="NOT RUN" starttime="20241122 21:57:02.163" endtime="20241122 21:57:02.163"/>
</kw>
<kw name="ex-fail" library="EX_Exception">
<arg>ELEMENT_NOT_ATTACHED</arg>
<tag>exception</tag>
<doc>wrapper over the builtin Fail keyword, to support additional operations during failure</doc>
<status status="NOT RUN" starttime="20241122 21:57:02.163" endtime="20241122 21:57:02.163"/>
</kw>
<status status="NOT RUN" starttime="20241122 21:57:02.163" endtime="20241122 21:57:02.163"/>
</branch>
<status status="PASS" starttime="20241122 21:57:02.140" endtime="20241122 21:57:02.168"/>
</try>
<msg timestamp="20241122 21:57:02.168" level="INFO">${result} = True</msg>
<status status="PASS" starttime="20241122 21:57:02.140" endtime="20241122 21:57:02.168"/>
</kw>
<return>
<value>${result}</value>
<status status="PASS" starttime="20241122 21:57:02.168" endtime="20241122 21:57:02.168"/>
</return>
<msg timestamp="20241122 21:57:02.168" level="INFO">${is_visible} = True</msg>
<status status="PASS" starttime="20241122 21:57:02.140" endtime="20241122 21:57:02.168"/>
</kw>
<kw name="fail-keyword-if" library="UTIL_Validation">
<arg>${is_visible == False}</arg>
<arg>${message}</arg>
<tag>util</tag>
<doc>Throws error with a custom message if given condition satisifes
first argument must be an expression/boolean
second argument must a message
Eg: fail-keyword-if {var1 == var2} {message}</doc>
<if>
<branch type="IF" condition="${condition}">
<kw name="Log To Console" library="BuiltIn">
<arg>Conditional exception: ${message}</arg>
<arg>ERROR</arg>
<doc>Logs the given message to the console.</doc>
<status status="NOT RUN" starttime="20241122 21:57:02.173" endtime="20241122 21:57:02.173"/>
</kw>
<kw name="ex-fail" library="EX_Exception">
<arg>${message}</arg>
<tag>exception</tag>
<doc>wrapper over the builtin Fail keyword, to support additional operations during failure</doc>
<status status="NOT RUN" starttime="20241122 21:57:02.173" endtime="20241122 21:57:02.173"/>
</kw>
<status status="NOT RUN" starttime="20241122 21:57:02.173" endtime="20241122 21:57:02.173"/>
</branch>
<status status="PASS" starttime="20241122 21:57:02.173" endtime="20241122 21:57:02.173"/>
</if>
<status status="PASS" starttime="20241122 21:57:02.172" endtime="20241122 21:57:02.173"/>
</kw>
<status status="PASS" starttime="20241122 21:57:02.140" endtime="20241122 21:57:02.173"/>
</kw>
<status status="PASS" starttime="20241122 21:57:01.931" endtime="20241122 21:57:02.173"/>
</kw>
<kw name="fail-if-not-editable-after-wait" library="UTIL_Validation">
<arg>${selector}</arg>
<tag>util</tag>
<doc>Throws error if the element is not editable
after waiting for the element state</doc>
<kw name="is-editable-after-wait" library="UTIL_BrowserHelper">
<var>${is_editable}</var>
<arg>${selector}</arg>
<tag>util</tag>
<doc>checks whether the given selector is editable
after waiting for the element state</doc>
<kw name="is-element-state-appear-after-wait" library="UTIL_BrowserHelper">
<var>${result}</var>
<arg>${selector}</arg>
<arg>${ELEMENT_STATE_EDITABLE}</arg>
<tag>util</tag>
<doc>Used to get the element state
after waiting for the element state</doc>
<try>
<branch type="TRY">
<kw name="Run Keyword And Return Status" library="BuiltIn">
<var>${result}</var>
<arg>RPA.Browser.Playwright.Wait For Elements State</arg>
<arg>${selector}</arg>
<arg>${state}</arg>
<arg>timeout=12s</arg>
<doc>Runs the given keyword with given arguments and returns the status as a Boolean value.</doc>
<kw name="Wait For Elements State" library="RPA.Browser.Playwright">
<arg>${selector}</arg>
<arg>${state}</arg>
<arg>timeout=12s</arg>
<tag>PageContent</tag>
<tag>Wait</tag>
<doc>Waits for the element found by ``selector`` to satisfy state option.</doc>
<msg timestamp="20241122 21:57:02.229" level="INFO">Waited for Element with selector //input[@id="password"] at state editable</msg>
<status status="PASS" starttime="20241122 21:57:02.187" endtime="20241122 21:57:02.229"/>
</kw>
<msg timestamp="20241122 21:57:02.229" level="INFO">${result} = True</msg>
<status status="PASS" starttime="20241122 21:57:02.187" endtime="20241122 21:57:02.229"/>
</kw>
<return>
<value>${result}</value>
<status status="PASS" starttime="20241122 21:57:02.229" endtime="20241122 21:57:02.229"/>
</return>
<status status="PASS" starttime="20241122 21:57:02.186" endtime="20241122 21:57:02.229"/>
</branch>
<branch type="EXCEPT" variable="${error_message}">
<kw name="Log To Console" library="BuiltIn">
<arg>Error while getting element state: ${error_message}</arg>
<arg>ERROR</arg>
<doc>Logs the given message to the console.</doc>
<status status="NOT RUN" starttime="20241122 21:57:02.229" endtime="20241122 21:57:02.229"/>
</kw>
<kw name="ex-fail" library="EX_Exception">
<arg>ELEMENT_NOT_ATTACHED</arg>
<tag>exception</tag>
<doc>wrapper over the builtin Fail keyword, to support additional operations during failure</doc>
<status status="NOT RUN" starttime="20241122 21:57:02.229" endtime="20241122 21:57:02.229"/>
</kw>
<status status="NOT RUN" starttime="20241122 21:57:02.229" endtime="20241122 21:57:02.229"/>
</branch>
<status status="PASS" starttime="20241122 21:57:02.186" endtime="20241122 21:57:02.229"/>
</try>
<msg timestamp="20241122 21:57:02.229" level="INFO">${result} = True</msg>
<status status="PASS" starttime="20241122 21:57:02.185" endtime="20241122 21:57:02.229"/>
</kw>
<return>
<value>${result}</value>
<status status="PASS" starttime="20241122 21:57:02.229" endtime="20241122 21:57:02.229"/>
</return>
<msg timestamp="20241122 21:57:02.235" level="INFO">${is_editable} = True</msg>
<status status="PASS" starttime="20241122 21:57:02.181" endtime="20241122 21:57:02.235"/>
</kw>
<kw name="fail-keyword-if" library="UTIL_Validation">
<arg>${is_editable == False}</arg>
<arg>${message}</arg>
<tag>util</tag>
<doc>Throws error with a custom message if given condition satisifes
first argument must be an expression/boolean
second argument must a message
Eg: fail-keyword-if {var1 == var2} {message}</doc>
<if>
<branch type="IF" condition="${condition}">
<kw name="Log To Console" library="BuiltIn">
<arg>Conditional exception: ${message}</arg>
<arg>ERROR</arg>
<doc>Logs the given message to the console.</doc>
<status status="NOT RUN" starttime="20241122 21:57:02.235" endtime="20241122 21:57:02.235"/>
</kw>
<kw name="ex-fail" library="EX_Exception">
<arg>${message}</arg>
<tag>exception</tag>
<doc>wrapper over the builtin Fail keyword, to support additional operations during failure</doc>
<status status="NOT RUN" starttime="20241122 21:57:02.235" endtime="20241122 21:57:02.235"/>
</kw>
<status status="NOT RUN" starttime="20241122 21:57:02.235" endtime="20241122 21:57:02.235"/>
</branch>
<status status="PASS" starttime="20241122 21:57:02.235" endtime="20241122 21:57:02.235"/>
</if>
<status status="PASS" starttime="20241122 21:57:02.235" endtime="20241122 21:57:02.235"/>
</kw>
<status status="PASS" starttime="20241122 21:57:02.181" endtime="20241122 21:57:02.235"/>
</kw>
<kw name="Create Dictionary" library="BuiltIn">
<var>${retry_info}</var>
<arg>is_first_try=${True}</arg>
<doc>Creates and returns a dictionary based on the given ``items``.</doc>
<msg timestamp="20241122 21:57:02.243" level="INFO">${retry_info} = {'is_first_try': True}</msg>
<status status="PASS" starttime="20241122 21:57:02.235" endtime="20241122 21:57:02.243"/>
</kw>
<try>
<branch type="TRY">
<kw name="Wait Until Keyword Succeeds" library="BuiltIn">
<arg>${retry_count}</arg>
<arg>1s</arg>
<arg>COMP_Textbox.fill-text-and-validate-post-condition</arg>
<arg>${retry_info}</arg>
<arg>${selector}</arg>
<arg>${value}</arg>
<doc>Runs the specified keyword and retries if it fails.</doc>
<kw name="fill-text-and-validate-post-condition" library="COMP_Textbox">
<arg>${retry_info}</arg>
<arg>${selector}</arg>
<arg>${value}</arg>
<tag>robot:private</tag>
<doc>Updates the Field value and checks for post condition
And retries if the retry value is provided</doc>
<if>
<branch type="IF" condition="${retry_info}[is_first_try] == ${False}">
<kw name="validate-precondition" library="COMP_Textbox">
<arg>${selector}</arg>
<tag>robot:private</tag>
<doc>Method used to validate if the selector is actually an input
Also used to validate the input element before performing any action
...
INPUT:
//input[@id="password"]: string</doc>
<status status="NOT RUN" starttime="20241122 21:57:02.243" endtime="20241122 21:57:02.243"/>
</kw>
<kw name="fail-if-not-editable-after-wait" library="UTIL_Validation">
<arg>${selector}</arg>
<tag>util</tag>
<doc>Throws error if the element is not editable
after waiting for the element state</doc>
<status status="NOT RUN" starttime="20241122 21:57:02.252" endtime="20241122 21:57:02.252"/>
</kw>
<status status="NOT RUN" starttime="20241122 21:57:02.243" endtime="20241122 21:57:02.252"/>
</branch>
<branch type="ELSE">
<kw name="Set To Dictionary" library="Collections">
<arg>${retry_info}</arg>
<arg>is_first_try=${False}</arg>
<doc>Adds the given ``key_value_pairs`` and ``items`` to the ``dictionary``.</doc>
<status status="PASS" starttime="20241122 21:57:02.252" endtime="20241122 21:57:02.252"/>
</kw>
<status status="PASS" starttime="20241122 21:57:02.252" endtime="20241122 21:57:02.252"/>
</branch>
<status status="PASS" starttime="20241122 21:57:02.243" endtime="20241122 21:57:02.252"/>
</if>
<try>
<branch type="TRY">
<kw name="Fill Text" library="RPA.Browser.Playwright">
<arg>${selector}</arg>
<arg>${value}</arg>
<tag>PageContent</tag>
<tag>Setter</tag>
<doc>Clears and fills the given ``txt`` into the text field found by ``selector``.</doc>
<msg timestamp="20241122 21:57:02.252" level="INFO">Fills the text 'vijaybharani' in the given field.</msg>
<status status="PASS" starttime="20241122 21:57:02.252" endtime="20241122 21:57:02.320"/>
</kw>
<status status="PASS" starttime="20241122 21:57:02.252" endtime="20241122 21:57:02.321"/>
</branch>
<branch type="EXCEPT" variable="${err_msg}">
<kw name="Log To Console" library="BuiltIn">
<arg>${err_msg}</arg>
<doc>Logs the given message to the console.</doc>
<status status="NOT RUN" starttime="20241122 21:57:02.321" endtime="20241122 21:57:02.321"/>
</kw>
<kw name="ex-fail" library="EX_Exception">
<arg>UNKNOWN_ERROR_OCCURRED</arg>
<tag>exception</tag>
<doc>wrapper over the builtin Fail keyword, to support additional operations during failure</doc>
<status status="NOT RUN" starttime="20241122 21:57:02.321" endtime="20241122 21:57:02.321"/>
</kw>
<status status="NOT RUN" starttime="20241122 21:57:02.321" endtime="20241122 21:57:02.321"/>
</branch>
<status status="PASS" starttime="20241122 21:57:02.252" endtime="20241122 21:57:02.321"/>
</try>
<kw name="fail-if-value-not-populated" library="COMP_Textbox">
<arg>${selector}</arg>
<arg>${value}</arg>
<tag>robot:private</tag>
<doc>Fails if the value is not populated in the given input field</doc>
<kw name="get-value" library="COMP_Textbox">
<var>${populated_value}</var>
<arg>${selector}</arg>
<tag>component</tag>
<doc>Returns Field Value</doc>
<kw name="validate-precondition" library="COMP_Textbox">
<arg>${selector}</arg>
<tag>robot:private</tag>
<doc>Method used to validate if the selector is actually an input
Also used to validate the input element before performing any action
...
INPUT:
//input[@id="password"]: string</doc>
<kw name="fail-if-not-attached-after-wait" library="UTIL_Validation">
<arg>${selector}</arg>
<tag>util</tag>
<doc>Throws error if the element is not attached to the DOM
after waiting for the element state</doc>
<kw name="is-attached-after-wait" library="UTIL_BrowserHelper">
<var>${is_attached}</var>
<arg>${selector}</arg>
<tag>util</tag>
<doc>checks whether the given selector is attached to the DOM
after waiting for the element state</doc>
<try>
<branch type="TRY">
<kw name="is-element-state-appear-after-wait" library="UTIL_BrowserHelper">
<var>${result}</var>
<arg>${selector}</arg>
<arg>${ELEMENT_STATE_ATTACHED}</arg>
<tag>util</tag>
<doc>Used to get the element state
after waiting for the element state</doc>
<try>
<branch type="TRY">
<kw name="Run Keyword And Return Status" library="BuiltIn">
<var>${result}</var>
<arg>RPA.Browser.Playwright.Wait For Elements State</arg>
<arg>${selector}</arg>
<arg>${state}</arg>
<arg>timeout=12s</arg>
<doc>Runs the given keyword with given arguments and returns the status as a Boolean value.</doc>
<kw name="Wait For Elements State" library="RPA.Browser.Playwright">
<arg>${selector}</arg>
<arg>${state}</arg>
<arg>timeout=12s</arg>
<tag>PageContent</tag>
<tag>Wait</tag>
<doc>Waits for the element found by ``selector`` to satisfy state option.</doc>
<msg timestamp="20241122 21:57:02.359" level="INFO">Waited for Element with selector //input[@id="password"] at state attached</msg>
<status status="PASS" starttime="20241122 21:57:02.343" endtime="20241122 21:57:02.360"/>
</kw>
<msg timestamp="20241122 21:57:02.360" level="INFO">${result} = True</msg>
<status status="PASS" starttime="20241122 21:57:02.343" endtime="20241122 21:57:02.360"/>
</kw>
<return>
<value>${result}</value>
<status status="PASS" starttime="20241122 21:57:02.360" endtime="20241122 21:57:02.360"/>
</return>
<status status="PASS" starttime="20241122 21:57:02.343" endtime="20241122 21:57:02.360"/>
</branch>
<branch type="EXCEPT" variable="${error_message}">
<kw name="Log To Console" library="BuiltIn">
<arg>Error while getting element state: ${error_message}</arg>
<arg>ERROR</arg>
<doc>Logs the given message to the console.</doc>
<status status="NOT RUN" starttime="20241122 21:57:02.360" endtime="20241122 21:57:02.360"/>
</kw>
[...]
<var>${response_message}</var>
<arg>flowActionSequenceId=${flowActionSequenceId}</arg>
<arg>testCaseRunId=${testCaseRunId}</arg>
<arg>status=${status}</arg>
<arg>errorMessage=${errorMessage}</arg>
<doc>Creates and returns a dictionary based on the given ``items``.</doc>
<msg timestamp="20241122 21:57:12.124" level="INFO">${response_message} = {'flowActionSequenceId': '46', 'testCaseRunId': '79', 'status': 'COMPLETED', 'errorMessage': ''}</msg>
<status status="PASS" starttime="20241122 21:57:12.124" endtime="20241122 21:57:12.124"/>
</kw>
<kw name="Push response message to kafka topic" library="UTIL_Common">
<arg>${response_message}</arg>
<tag>function</tag>
<doc>push the response message to kafka topic</doc>
<kw name="Evaluate" library="BuiltIn">
<var>${json_response}</var>
<arg>json.dumps(${payload_response_msg})</arg>
<arg>json</arg>
<doc>Evaluates the given expression in Python and returns the result.</doc>
<msg timestamp="20241122 21:57:12.133" level="INFO">${json_response} = {"flowActionSequenceId": "46", "testCaseRunId": "79", "status": "COMPLETED", "errorMessage": ""}</msg>
<status status="PASS" starttime="20241122 21:57:12.124" endtime="20241122 21:57:12.133"/>
</kw>
<kw name="Push Message To Topic" library="TopicProducer">
<var>${producer_response}</var>
<arg>${json_response}</arg>
<doc>Kafka Producer to send the response as json message and push it</doc>
<msg timestamp="20241122 21:57:12.151" level="INFO">Message delivered to response_topic [0]</msg>
<msg timestamp="20241122 21:57:12.151" level="INFO">${producer_response} = &lt;function delivery_report at 0x000001F952D503A0&gt;</msg>
<status status="PASS" starttime="20241122 21:57:12.133" endtime="20241122 21:57:12.153"/>
</kw>
<kw name="Log To Console" library="BuiltIn">
<arg>kafka_producer_response:${producer_response}</arg>
<doc>Logs the given message to the console.</doc>
<status status="PASS" starttime="20241122 21:57:12.153" endtime="20241122 21:57:12.154"/>
</kw>
<return>
<value>${producer_response}</value>
<status status="PASS" starttime="20241122 21:57:12.154" endtime="20241122 21:57:12.154"/>
</return>
<status status="PASS" starttime="20241122 21:57:12.124" endtime="20241122 21:57:12.154"/>
</kw>
<status status="PASS" starttime="20241122 21:57:12.121" endtime="20241122 21:57:12.156"/>
</kw>
<status status="PASS" starttime="20241122 21:57:11.554" endtime="20241122 21:57:12.156"/>
</branch>
<branch type="EXCEPT" variable="${error_message}">
<kw name="Log To Console" library="BuiltIn">
<arg>${error_message}</arg>
<doc>Logs the given message to the console.</doc>
<status status="NOT RUN" starttime="20241122 21:57:12.157" endtime="20241122 21:57:12.157"/>
</kw>
<kw name="send-action-sequence-message">
<arg>${flowActionSequence}[id]</arg>
<arg>${testCaseRun}[id]</arg>
<arg>FAILED</arg>
<arg>${error_message}</arg>
<status status="NOT RUN" starttime="20241122 21:57:12.157" endtime="20241122 21:57:12.157"/>
</kw>
<kw name="ex-fail" library="EX_Exception">
<arg>${error_message}</arg>
<tag>exception</tag>
<doc>wrapper over the builtin Fail keyword, to support additional operations during failure</doc>
<status status="NOT RUN" starttime="20241122 21:57:12.157" endtime="20241122 21:57:12.160"/>
</kw>
<status status="NOT RUN" starttime="20241122 21:57:12.157" endtime="20241122 21:57:12.160"/>
</branch>
<status status="PASS" starttime="20241122 21:57:11.554" endtime="20241122 21:57:12.160"/>
</try>
<status status="PASS" starttime="20241122 21:57:11.554" endtime="20241122 21:57:12.160"/>
</iter>
<iter>
<var name="${flowActionSequence}">{'id': '47', 'actionId': '34', 'flowId': '15', 'order': 2, 'createdAt': '2024-11-21T17:34:27.027Z', 'updatedAt': '2024-11-21T17:34:27.027Z', 'action': {'id': '34', 'name': 'Is Name heading visible', '...</var>
<try>
<branch type="TRY">
<kw name="Set Variable" library="BuiltIn">
<var>${action}</var>
<arg>${flowActionSequence}[action]</arg>
<doc>Returns the given values which can then be assigned to a variables.</doc>
<msg timestamp="20241122 21:57:12.160" level="INFO">${action} = {'id': '34', 'name': 'Is Name heading visible', 'type': 'IS_ELEMENT_VISIBLE', 'xpath': '//h4[text()="bharani deepan"]', 'valueRege': '', 'projectId': '4', 'createdAt': '2024-11-21T17:33:53.346Z', 'upd...</msg>
<status status="PASS" starttime="20241122 21:57:12.160" endtime="20241122 21:57:12.160"/>
</kw>
<kw name="Log To Console" library="BuiltIn">
<arg>Action Name: ${action}[name]</arg>
<doc>Logs the given message to the console.</doc>
<status status="PASS" starttime="20241122 21:57:12.160" endtime="20241122 21:57:12.164"/>
</kw>
<kw name="Get Selected Input" library="Common_util">
<var>${input}</var>
<arg>${flowActionSequence}</arg>
<msg timestamp="20241122 21:57:12.164" level="INFO">${input} = {'id': '31', 'actionId': '34', 'name': 'Input 01', 'value': '', 'waitAfterAction': '0', 'isDefault': True, 'createdAt': '2024-11-21T17:33:53.666Z', 'updatedAt': '2024-11-21T17:33:53.666Z'}</msg>
<status status="PASS" starttime="20241122 21:57:12.164" endtime="20241122 21:57:12.164"/>
</kw>
<if>
<branch type="IF" condition="$input == $None">
<kw name="Log To Console" library="BuiltIn">
<arg>Input not found for this action. Terminate the test case here!!!</arg>
<doc>Logs the given message to the console.</doc>
<status status="NOT RUN" starttime="20241122 21:57:12.164" endtime="20241122 21:57:12.164"/>
</kw>
<kw name="ex-fail" library="EX_Exception">
<arg>INPUT_NOT_FOUND_IN_ACTION</arg>
<tag>exception</tag>
<doc>wrapper over the builtin Fail keyword, to support additional operations during failure</doc>
<status status="NOT RUN" starttime="20241122 21:57:12.164" endtime="20241122 21:57:12.164"/>
</kw>
<status status="NOT RUN" starttime="20241122 21:57:12.164" endtime="20241122 21:57:12.164"/>
</branch>
<status status="PASS" starttime="20241122 21:57:12.164" endtime="20241122 21:57:12.164"/>
</if>
<kw name="execute-action">
<arg>${action}</arg>
<arg>${input}</arg>
<kw name="Set Variable" library="BuiltIn">
<var>${value}</var>
<arg>${input}[value]</arg>
<doc>Returns the given values which can then be assigned to a variables.</doc>
<msg timestamp="20241122 21:57:12.174" level="INFO">${value} = </msg>
<status status="PASS" starttime="20241122 21:57:12.172" endtime="20241122 21:57:12.174"/>
</kw>
<if>
<branch type="IF" condition="'${action}[type]' == '${LAUNCH_BROWSER}'">
<kw name="new-page" library="COMP_BrowserContext">
<arg>${input}[value]</arg>
<status status="NOT RUN" starttime="20241122 21:57:12.174" endtime="20241122 21:57:12.174"/>
</kw>
<status status="NOT RUN" starttime="20241122 21:57:12.174" endtime="20241122 21:57:12.180"/>
</branch>
<branch type="ELSE IF" condition="'${action}[type]' == '${NEW_PAGE}'">
<kw name="new-page" library="COMP_BrowserContext">
<arg>${input}[value]</arg>
<status status="NOT RUN" starttime="20241122 21:57:12.180" endtime="20241122 21:57:12.180"/>
</kw>
<status status="NOT RUN" starttime="20241122 21:57:12.180" endtime="20241122 21:57:12.180"/>
</branch>
<branch type="ELSE IF" condition="'${action}[type]' == '${CLICK}'">
<kw name="left-click" library="COMP_Button">
<arg>${action}[xpath]</arg>
<tag>component</tag>
<doc>Performs left click operation on button</doc>
<status status="NOT RUN" starttime="20241122 21:57:12.195" endtime="20241122 21:57:12.195"/>
</kw>
<status status="NOT RUN" starttime="20241122 21:57:12.180" endtime="20241122 21:57:12.195"/>
</branch>
<branch type="ELSE IF" condition="'${action}[type]' == '${DOUBLE_CLICK}'">
<kw name="left-click" library="COMP_Button">
<arg>${action}[xpath]</arg>
<tag>component</tag>
<doc>Performs left click operation on button</doc>
<status status="NOT RUN" starttime="20241122 21:57:12.203" endtime="20241122 21:57:12.204"/>
</kw>
<kw name="left-click" library="COMP_Button">
<arg>${action}[xpath]</arg>
<tag>component</tag>
<doc>Performs left click operation on button</doc>
<status status="NOT RUN" starttime="20241122 21:57:12.204" endtime="20241122 21:57:12.204"/>
</kw>
<status status="NOT RUN" starttime="20241122 21:57:12.196" endtime="20241122 21:57:12.204"/>
</branch>
<branch type="ELSE IF" condition="'${action}[type]' == '${GET_DROPDOWN_VALUE}'">
<kw name="get-selected-option" library="COMP_Select">
<var>${value}</var>
<arg>${action}[xpath]</arg>
<tag>component</tag>
<doc>Gets the selected option
Error will thrown if multiple options selected</doc>
<status status="NOT RUN" starttime="20241122 21:57:12.212" endtime="20241122 21:57:12.213"/>
</kw>
<status status="NOT RUN" starttime="20241122 21:57:12.204" endtime="20241122 21:57:12.214"/>
</branch>
<branch type="ELSE IF" condition="'${action}[type]' == '${SET_DROPDOWN_VALUE}'">
<kw name="select-single-option" library="COMP_Select">
<arg>${action}[xpath]</arg>
<arg>${input}[value]</arg>
<tag>component</tag>
<doc>Selects the option by given attribute</doc>
<status status="NOT RUN" starttime="20241122 21:57:12.221" endtime="20241122 21:57:12.221"/>
</kw>
<status status="NOT RUN" starttime="20241122 21:57:12.216" endtime="20241122 21:57:12.221"/>
</branch>
<branch type="ELSE IF" condition="'${action}[type]' == '${TYPE_TEXT}'">
<kw name="set-value" library="COMP_Textbox">
<arg>${action}[xpath]</arg>
<arg>${input}[value]</arg>
<tag>component</tag>
<doc>Updates Field Value and checks for post condition
And retries if the retry value is provided</doc>
<status status="NOT RUN" starttime="20241122 21:57:12.233" endtime="20241122 21:57:12.233"/>
</kw>
<status status="NOT RUN" starttime="20241122 21:57:12.229" endtime="20241122 21:57:12.233"/>
</branch>
<branch type="ELSE IF" condition="'${action}[type]' == '${GET_TEXTBOX_VALUE}'">
<kw name="get-value" library="COMP_Textbox">
<var>${value}</var>
<arg>${action}[xpath]</arg>
<tag>component</tag>
<doc>Returns Field Value</doc>
<status status="NOT RUN" starttime="20241122 21:57:12.237" endtime="20241122 21:57:12.237"/>
</kw>
<status status="NOT RUN" starttime="20241122 21:57:12.233" endtime="20241122 21:57:12.237"/>
</branch>
<branch type="ELSE IF" condition="'${action}[type]' == '${GET_CHECKBOX_VALUE}'">
<kw name="get-value" library="COMP_Checkbox">
<var>${value}</var>
<arg>${action}[xpath]</arg>
<tag>component</tag>
<doc>Gets the current checkbox status</doc>
<status status="NOT RUN" starttime="20241122 21:57:12.245" endtime="20241122 21:57:12.245"/>
</kw>
<if>
<branch type="IF" condition="${value}">
<kw name="Set Variable" library="BuiltIn">
<var>${value}</var>
<arg>SELECT</arg>
<doc>Returns the given values which can then be assigned to a variables.</doc>
<status status="NOT RUN" starttime="20241122 21:57:12.245" endtime="20241122 21:57:12.245"/>
</kw>
<status status="NOT RUN" starttime="20241122 21:57:12.245" endtime="20241122 21:57:12.245"/>
</branch>
<branch type="ELSE">
<kw name="Set Variable" library="BuiltIn">
<var>${value}</var>
<arg>UN_SELECT</arg>
<doc>Returns the given values which can then be assigned to a variables.</doc>
<status status="NOT RUN" starttime="20241122 21:57:12.245" endtime="20241122 21:57:12.251"/>
</kw>
<status status="NOT RUN" starttime="20241122 21:57:12.245" endtime="20241122 21:57:12.251"/>
</branch>
<status status="NOT RUN" starttime="20241122 21:57:12.245" endtime="20241122 21:57:12.252"/>
</if>
<status status="NOT RUN" starttime="20241122 21:57:12.237" endtime="20241122 21:57:12.252"/>
</branch>
<branch type="ELSE IF" condition="'${action}[type]' == '${SET_CHECKBOX_VALUE}'">
<kw name="evaluate(${input}[value] == SELECT)">
<var>${select}</var>
<status status="NOT RUN" starttime="20241122 21:57:12.262" endtime="20241122 21:57:12.262"/>
</kw>
<kw name="set-value" library="COMP_Checkbox">
<arg>${action}[xpath]</arg>
<arg>${select}</arg>
<tag>component</tag>
<doc>Updates the Field value and checks for post condition
And retries if the retry value is provided</doc>
<status status="NOT RUN" starttime="20241122 21:57:12.275" endtime="20241122 21:57:12.275"/>
</kw>
<status status="NOT RUN" starttime="20241122 21:57:12.253" endtime="20241122 21:57:12.278"/>
</branch>
<branch type="ELSE IF" condition="'${action}[type]' == '${GET_RADIO_VALUE}'">
<kw name="get-value" library="COMP_Checkbox">
<var>${value}</var>
<arg>${action}[xpath]</arg>
<tag>component</tag>
<doc>Gets the current checkbox status</doc>
<status status="NOT RUN" starttime="20241122 21:57:12.281" endtime="20241122 21:57:12.282"/>
</kw>
<if>
<branch type="IF" condition="${value}">
<kw name="Set Variable" library="BuiltIn">
<var>${value}</var>
<arg>SELECT</arg>
<doc>Returns the given values which can then be assigned to a variables.</doc>
<status status="NOT RUN" starttime="20241122 21:57:12.282" endtime="20241122 21:57:12.282"/>
</kw>
<status status="NOT RUN" starttime="20241122 21:57:12.282" endtime="20241122 21:57:12.282"/>
</branch>
<branch type="ELSE">
<kw name="Set Variable" library="BuiltIn">
<var>${value}</var>
<arg>UN_SELECT</arg>
<doc>Returns the given values which can then be assigned to a variables.</doc>
<status status="NOT RUN" starttime="20241122 21:57:12.282" endtime="20241122 21:57:12.282"/>
</kw>
<status status="NOT RUN" starttime="20241122 21:57:12.282" endtime="20241122 21:57:12.282"/>
</branch>
<status status="NOT RUN" starttime="20241122 21:57:12.282" endtime="20241122 21:57:12.282"/>
</if>
<status status="NOT RUN" starttime="20241122 21:57:12.278" endtime="20241122 21:57:12.282"/>
</branch>
<branch type="ELSE IF" condition="'${action}[type]' == '${SET_RADIO_VALUE}'">
<kw name="evaluate(${input}[value] == SELECT)">
<var>${select}</var>
<status status="NOT RUN" starttime="20241122 21:57:12.298" endtime="20241122 21:57:12.299"/>
</kw>
<kw name="set-value" library="COMP_Checkbox">
<arg>${action}[xpath]</arg>
<arg>${select}</arg>
<tag>component</tag>
<doc>Updates the Field value and checks for post condition
And retries if the retry value is provided</doc>
<status status="NOT RUN" starttime="20241122 21:57:12.302" endtime="20241122 21:57:12.302"/>
</kw>
<status status="NOT RUN" starttime="20241122 21:57:12.282" endtime="20241122 21:57:12.302"/>
</branch>
<branch type="ELSE IF" condition="'${action}[type]' == '${IS_ELEMENT_VISIBLE}'">
<kw name="is-attached-after-wait" library="UTIL_BrowserHelper">
<var>${value}</var>
<arg>${action}[xpath]</arg>
<tag>util</tag>
<doc>checks whether the given selector is attached to the DOM
after waiting for the element state</doc>
<try>
<branch type="TRY">
<kw name="is-element-state-appear-after-wait" library="UTIL_BrowserHelper">
<var>${result}</var>
<arg>${selector}</arg>
<arg>${ELEMENT_STATE_ATTACHED}</arg>
<tag>util</tag>
<doc>Used to get the element state
after waiting for the element state</doc>
<try>
<branch type="TRY">
<kw name="Run Keyword And Return Status" library="BuiltIn">
<var>${result}</var>
<arg>RPA.Browser.Playwright.Wait For Elements State</arg>
<arg>${selector}</arg>
<arg>${state}</arg>
<arg>timeout=12s</arg>
<doc>Runs the given keyword with given arguments and returns the status as a Boolean value.</doc>
<kw name="Wait For Elements State" library="RPA.Browser.Playwright">
<arg>${selector}</arg>
<arg>${state}</arg>
<arg>timeout=12s</arg>
<tag>PageContent</tag>
<tag>Wait</tag>
<doc>Waits for the element found by ``selector`` to satisfy state option.</doc>
<msg timestamp="20241122 21:57:12.390" level="INFO">Waited for Element with selector //h4[text()="bharani deepan"] at state attached</msg>
<status status="PASS" starttime="20241122 21:57:12.318" endtime="20241122 21:57:12.394"/>
</kw>
<msg timestamp="20241122 21:57:12.394" level="INFO">${result} = True</msg>
<status status="PASS" starttime="20241122 21:57:12.317" endtime="20241122 21:57:12.394"/>
</kw>
<return>
<value>${result}</value>
<status status="PASS" starttime="20241122 21:57:12.394" endtime="20241122 21:57:12.394"/>
</return>
<status status="PASS" starttime="20241122 21:57:12.316" endtime="20241122 21:57:12.394"/>
</branch>
<branch type="EXCEPT" variable="${error_message}">
<kw name="Log To Console" library="BuiltIn">
<arg>Error while getting element state: ${error_message}</arg>
<arg>ERROR</arg>
<doc>Logs the given message to the console.</doc>
<status status="NOT RUN" starttime="20241122 21:57:12.396" endtime="20241122 21:57:12.396"/>
</kw>
<kw name="ex-fail" library="EX_Exception">
<arg>ELEMENT_NOT_ATTACHED</arg>
<tag>exception</tag>
<doc>wrapper over the builtin Fail keyword, to support additional operations during failure</doc>
<status status="NOT RUN" starttime="20241122 21:57:12.398" endtime="20241122 21:57:12.398"/>
</kw>
<status status="NOT RUN" starttime="20241122 21:57:12.394" endtime="20241122 21:57:12.398"/>
</branch>
<status status="PASS" starttime="20241122 21:57:12.316" endtime="20241122 21:57:12.399"/>
</try>
<msg timestamp="20241122 21:57:12.400" level="INFO">${result} = True</msg>
<status status="PASS" starttime="20241122 21:57:12.314" endtime="20241122 21:57:12.400"/>
</kw>
<return>
<value>${result}</value>
<status status="PASS" starttime="20241122 21:57:12.400" endtime="20241122 21:57:12.400"/>
</return>
<status status="PASS" starttime="20241122 21:57:12.310" endtime="20241122 21:57:12.400"/>
</branch>
<branch type="EXCEPT">
<return>
<value>${False}</value>
<status status="NOT RUN" starttime="20241122 21:57:12.400" endtime="20241122 21:57:12.401"/>
</return>
<status status="NOT RUN" starttime="20241122 21:57:12.400" endtime="20241122 21:57:12.401"/>
</branch>
<status status="PASS" starttime="20241122 21:57:12.310" endtime="20241122 21:57:12.401"/>
</try>
<msg timestamp="20241122 21:57:12.401" level="INFO">${value} = True</msg>
<status status="PASS" starttime="20241122 21:57:12.310" endtime="20241122 21:57:12.401"/>
</kw>
<status status="PASS" starttime="20241122 21:57:12.302" endtime="20241122 21:57:12.402"/>
</branch>
<branch type="ELSE IF" condition="'${action}[type]' == '${GET_TEXT}'">
<kw name="get-property" library="UTIL_BrowserHelper">
<var>${value}</var>
<arg>${action}[xpath]</arg>
<arg>innerText</arg>
<tag>util</tag>
<doc>Method used to get property</doc>
<status status="NOT RUN" starttime="20241122 21:57:12.406" endtime="20241122 21:57:12.407"/>
</kw>
<status status="NOT RUN" starttime="20241122 21:57:12.402" endtime="20241122 21:57:12.407"/>
</branch>
<branch type="ELSE">
<kw name="Log To Message">
<arg>Action not developed. Terminate the TestCase here!!!</arg>
<status status="NOT RUN" starttime="20241122 21:57:12.418" endtime="20241122 21:57:12.418"/>
</kw>
<kw name="ex-fail" library="EX_Exception">
<arg>ACTION_NOT_DEVELOPED</arg>
<tag>exception</tag>
<doc>wrapper over the builtin Fail keyword, to support additional operations during failure</doc>
<status status="NOT RUN" starttime="20241122 21:57:12.419" endtime="20241122 21:57:12.419"/>
</kw>
<status status="NOT RUN" starttime="20241122 21:57:12.407" endtime="20241122 21:57:12.420"/>
</branch>
<status status="PASS" starttime="20241122 21:57:12.174" endtime="20241122 21:57:12.420"/>
</if>
<kw name="Log To Console" library="BuiltIn">
<arg>${value}</arg>
<doc>Logs the given message to the console.</doc>
<status status="PASS" starttime="20241122 21:57:12.420" endtime="20241122 21:57:12.420"/>
</kw>
<kw name="Sleep" library="BuiltIn">
<arg>${input}[waitAfterAction]s</arg>
<doc>Pauses the test executed for the given time.</doc>
<msg timestamp="20241122 21:57:12.422" level="INFO">Slept 0 seconds</msg>
<status status="PASS" starttime="20241122 21:57:12.420" endtime="20241122 21:57:12.422"/>
</kw>
<status status="PASS" starttime="20241122 21:57:12.164" endtime="20241122 21:57:12.422"/>
</kw>
<kw name="send-action-sequence-message">
<arg>${flowActionSequence}[id]</arg>
<arg>${testCaseRun}[id]</arg>
<arg>COMPLETED</arg>
<kw name="Create Dictionary" library="BuiltIn">
<var>${response_message}</var>
<arg>flowActionSequenceId=${flowActionSequenceId}</arg>
<arg>testCaseRunId=${testCaseRunId}</arg>
<arg>status=${status}</arg>
<arg>errorMessage=${errorMessage}</arg>
<doc>Creates and returns a dictionary based on the given ``items``.</doc>
<msg timestamp="20241122 21:57:12.423" level="INFO">${response_message} = {'flowActionSequenceId': '47', 'testCaseRunId': '79', 'status': 'COMPLETED', 'errorMessage': ''}</msg>
