<?xml version="1.0" encoding="UTF-8"?>
<robot generator="Robot 5.0.1 (Python 3.9.20 on win32)" generated="20241128 12:21:26.805" rpa="true" schemaversion="3">
<suite id="s1" name="Start" source="C:\Users\Admin\Documents\Hackathon\Test Automation Studio\Test-automation-studio-projects\test-automation-rf\code\robots\start.robot">
<test id="s1-t1" name="initialize-fb-worker" line="42">
<kw name="execute-functional-block">
<tag>to-initialize-library</tag>
<doc>To execute fb</doc>
<while condition="'${TERMINATION_FLAG}' == 'False'">
<iter>
<kw name="Log To Console" library="BuiltIn">
<arg>&lt;===Polling message===&gt;</arg>
<doc>Logs the given message to the console.</doc>
<status status="PASS" starttime="20241128 12:21:40.545" endtime="20241128 12:21:40.546"/>
</kw>
<kw name="Get A Command" library="CommandConsumer">
<var>${json}</var>
<arg>${5}</arg>
<msg timestamp="20241128 19:39:23.041" level="INFO">KafkaError{code=_RESOLVE,val=-193,str="FindCoordinator response error: Local: Host resolution failure"}</msg>
<msg timestamp="20241128 19:39:23.053" level="INFO">${json} = {'type': 'START_RUN', 'payload': {'testCaseRun': {'id': '2', 'testCaseId': '2', 'testSuiteRunId': '1', 'status': 'ADDED_TO_QUEUE', 'updatedAt': '2024-11-28T14:09:22.527Z', 'createdAt': '2024-11-28T14:...</msg>
<status status="PASS" starttime="20241128 12:21:40.546" endtime="20241128 19:39:23.054"/>
</kw>
<if>
<branch type="IF" condition="'${json}[type]' == 'KILL'">
<break>
<status status="NOT RUN" starttime="20241128 19:39:23.066" endtime="20241128 19:39:23.067"/>
</break>
<status status="NOT RUN" starttime="20241128 19:39:23.066" endtime="20241128 19:39:23.067"/>
</branch>
<status status="PASS" starttime="20241128 19:39:23.060" endtime="20241128 19:39:23.067"/>
</if>
<kw name="launch-browser" library="COMP_BrowserContext">
<kw name="New Browser" library="RPA.Browser.Playwright">
<arg>chromium</arg>
<arg>headless=False</arg>
<tag>BrowserControl</tag>
<tag>Setter</tag>
<doc>Create a new playwright Browser with specified options.</doc>
<msg timestamp="20241128 19:39:23.086" level="INFO">{"browser": "chromium", "headless": false, "devtools": false, "handleSIGHUP": true, "handleSIGINT": true, "handleSIGTERM": true, "slowMo": 0.0, "timeout": 30000.0, "deprecated_pos_args": [], "tracesDir": "C:\\Users\\Admin\\Documents\\Hackathon\\Test Automation Studio\\Test-automation-studio-projects\\test-automation-rf\\code\\browser\\traces\\2cbabeee-e2d5-47e2-b706-a365ecb304cf"}</msg>
<msg timestamp="20241128 19:39:24.387" level="INFO">Successfully created browser with options: {"browser":"chromium","headless":false,"devtools":false,"handleSIGHUP":true,"handleSIGINT":true,"handleSIGTERM":true,"slowMo":0,"timeout":30000,"deprecated_pos_args":[],"tracesDir":"C:\\Users\\Admin\\Documents\\Hackathon\\Test Automation Studio\\Test-automation-studio-projects\\test-automation-rf\\code\\browser\\traces\\2cbabeee-e2d5-47e2-b706-a365ecb304cf"}</msg>
<status status="PASS" starttime="20241128 19:39:23.076" endtime="20241128 19:39:24.387"/>
</kw>
<kw name="New Context" library="RPA.Browser.Playwright">
<arg>viewport={'width': 1280, 'height': 720}</arg>
<arg>acceptDownloads=True</arg>
<tag>BrowserControl</tag>
<tag>Setter</tag>
<doc>Create a new BrowserContext with specified options.</doc>
<msg timestamp="20241128 19:39:24.398" level="INFO">{
  "acceptDownloads": true,
  "bypassCSP": false,
  "forcedColors": "none",
  "hideRfBrowser": false,
  "ignoreHTTPSErrors": false,
  "javaScriptEnabled": true,
  "offline": false,
  "reducedMotion": "no-preference",
  "viewport": {
    "width": 1280,
    "height": 720
  },
  "deprecated_pos_args": []
}</msg>
<msg timestamp="20241128 19:39:24.436" level="INFO">Successfully created context. </msg>
<msg timestamp="20241128 19:39:24.436" level="INFO">{'acceptDownloads': True, 'bypassCSP': False, 'forcedColors': 'none', 'hideRfBrowser': False, 'ignoreHTTPSErrors': False, 'javaScriptEnabled': True, 'offline': False, 'reducedMotion': 'no-preference', 'viewport': {'width': 1280, 'height': 720}, 'deprecated_pos_args': []}</msg>
<status status="PASS" starttime="20241128 19:39:24.388" endtime="20241128 19:39:24.436"/>
</kw>
<kw name="Set Browser Timeout" library="RPA.Browser.Playwright">
<arg>${browser_timeout}</arg>
<tag>Config</tag>
<tag>Setter</tag>
<doc>Sets the timeout used by most input and getter keywords.</doc>
<msg timestamp="20241128 19:39:24.446" level="INFO">Set timeout to: 20000</msg>
<status status="PASS" starttime="20241128 19:39:24.437" endtime="20241128 19:39:24.447"/>
</kw>
<kw name="New Page" library="RPA.Browser.Playwright">
<var>${page_id}</var>
<arg>https://www.google.com/</arg>
<tag>BrowserControl</tag>
<tag>Setter</tag>
<doc>Open a new Page.</doc>
<msg timestamp="20241128 19:39:25.669" level="INFO">Successfully initialized new page object and opened url: https://www.google.com/</msg>
<msg timestamp="20241128 19:39:25.670" level="INFO">${page_id} = {'page_id': 'page=3b8da151-bcf3-4f12-ad8a-87bf37c97a3b', 'video_path': ''}</msg>
<status status="PASS" starttime="20241128 19:39:24.448" endtime="20241128 19:39:25.670"/>
</kw>
<status status="PASS" starttime="20241128 19:39:23.070" endtime="20241128 19:39:25.671"/>
</kw>
<try>
<branch type="TRY">
<kw name="execute-test-case">
<arg>${json}</arg>
<kw name="Log To Console" library="BuiltIn">
<arg>Test Case Data=&gt; ${input}</arg>
<doc>Logs the given message to the console.</doc>
<status status="PASS" starttime="20241128 19:39:25.672" endtime="20241128 19:39:25.678"/>
</kw>
<kw name="is-value-not-none" library="UTIL_Collection">
<var>${is_type_exists}</var>
<arg>${input}</arg>
<arg>type</arg>
<tag>util</tag>
<doc>checks whether the key exists in dicitonary</doc>
<kw name="Run Keyword And Return Status" library="BuiltIn">
<var>${no_none_exists}</var>
<arg>dictionary should contain key</arg>
<arg>${dictionary}</arg>
<arg>${key}</arg>
<doc>Runs the given keyword with given arguments and returns the status as a Boolean value.</doc>
<kw name="Dictionary Should Contain Key" library="Collections">
<arg>${dictionary}</arg>
<arg>${key}</arg>
<doc>Fails if ``key`` is not found from ``dictionary``.</doc>
<status status="PASS" starttime="20241128 19:39:25.683" endtime="20241128 19:39:25.691"/>
</kw>
<msg timestamp="20241128 19:39:25.691" level="INFO">${no_none_exists} = True</msg>
<status status="PASS" starttime="20241128 19:39:25.683" endtime="20241128 19:39:25.691"/>
</kw>
<if>
<branch type="IF" condition="$no_none_exists == $True">
<kw name="Set Variable" library="BuiltIn">
<var>${values}</var>
<arg>${dictionary}[${key}]</arg>
<doc>Returns the given values which can then be assigned to a variables.</doc>
<msg timestamp="20241128 19:39:25.696" level="INFO">${values} = START_RUN</msg>
<status status="PASS" starttime="20241128 19:39:25.695" endtime="20241128 19:39:25.696"/>
</kw>
<if>
<branch type="IF" condition="$values != $None">
<kw name="Set Variable" library="BuiltIn">
<var>${no_none_exists}</var>
<arg>${True}</arg>
<doc>Returns the given values which can then be assigned to a variables.</doc>
<msg timestamp="20241128 19:39:25.697" level="INFO">${no_none_exists} = True</msg>
<status status="PASS" starttime="20241128 19:39:25.697" endtime="20241128 19:39:25.698"/>
</kw>
<status status="PASS" starttime="20241128 19:39:25.697" endtime="20241128 19:39:25.698"/>
</branch>
<branch type="ELSE">
<kw name="Set Variable" library="BuiltIn">
<var>${no_none_exists}</var>
<arg>${False}</arg>
<doc>Returns the given values which can then be assigned to a variables.</doc>
<status status="NOT RUN" starttime="20241128 19:39:25.698" endtime="20241128 19:39:25.698"/>
</kw>
<status status="NOT RUN" starttime="20241128 19:39:25.698" endtime="20241128 19:39:25.699"/>
</branch>
<status status="PASS" starttime="20241128 19:39:25.696" endtime="20241128 19:39:25.699"/>
</if>
<status status="PASS" starttime="20241128 19:39:25.695" endtime="20241128 19:39:25.699"/>
</branch>
<status status="PASS" starttime="20241128 19:39:25.691" endtime="20241128 19:39:25.699"/>
</if>
<return>
<value>${no_none_exists}</value>
<status status="PASS" starttime="20241128 19:39:25.699" endtime="20241128 19:39:25.699"/>
</return>
<msg timestamp="20241128 19:39:25.699" level="INFO">${is_type_exists} = True</msg>
<status status="PASS" starttime="20241128 19:39:25.682" endtime="20241128 19:39:25.699"/>
</kw>
<if>
<branch type="IF" condition="$is_type_exists == $False">
<kw name="Log To Console" library="BuiltIn">
<arg>Type not exists in the input</arg>
<doc>Logs the given message to the console.</doc>
<status status="NOT RUN" starttime="20241128 19:39:25.700" endtime="20241128 19:39:25.700"/>
</kw>
<return>
<status status="NOT RUN" starttime="20241128 19:39:25.700" endtime="20241128 19:39:25.700"/>
</return>
<status status="NOT RUN" starttime="20241128 19:39:25.700" endtime="20241128 19:39:25.700"/>
</branch>
<status status="PASS" starttime="20241128 19:39:25.700" endtime="20241128 19:39:25.700"/>
</if>
<if>
<branch type="IF" condition="'${input}[type]' == '${COMMAND_TYPE_START_RUN}'">
<kw name="is-value-not-none" library="UTIL_Collection">
<var>${is_test_case_exists}</var>
<arg>${input}[payload]</arg>
<arg>testCase</arg>
<tag>util</tag>
<doc>checks whether the key exists in dicitonary</doc>
<kw name="Run Keyword And Return Status" library="BuiltIn">
<var>${no_none_exists}</var>
<arg>dictionary should contain key</arg>
<arg>${dictionary}</arg>
<arg>${key}</arg>
<doc>Runs the given keyword with given arguments and returns the status as a Boolean value.</doc>
<kw name="Dictionary Should Contain Key" library="Collections">
<arg>${dictionary}</arg>
<arg>${key}</arg>
<doc>Fails if ``key`` is not found from ``dictionary``.</doc>
<status status="PASS" starttime="20241128 19:39:25.706" endtime="20241128 19:39:25.706"/>
</kw>
<msg timestamp="20241128 19:39:25.706" level="INFO">${no_none_exists} = True</msg>
<status status="PASS" starttime="20241128 19:39:25.705" endtime="20241128 19:39:25.706"/>
</kw>
<if>
<branch type="IF" condition="$no_none_exists == $True">
<kw name="Set Variable" library="BuiltIn">
<var>${values}</var>
<arg>${dictionary}[${key}]</arg>
<doc>Returns the given values which can then be assigned to a variables.</doc>
<msg timestamp="20241128 19:39:25.707" level="INFO">${values} = {'id': '2', 'name': 'Login 2', 'projectId': '1', 'createdAt': '2024-11-28T07:32:36.453Z', 'updatedAt': '2024-11-28T13:10:03.633Z', 'project': {'id': '1', 'name': 'IAssistant', 'createdAt': '2024-11-28...</msg>
<status status="PASS" starttime="20241128 19:39:25.707" endtime="20241128 19:39:25.708"/>
</kw>
<if>
<branch type="IF" condition="$values != $None">
<kw name="Set Variable" library="BuiltIn">
<var>${no_none_exists}</var>
<arg>${True}</arg>
<doc>Returns the given values which can then be assigned to a variables.</doc>
<msg timestamp="20241128 19:39:25.708" level="INFO">${no_none_exists} = True</msg>
<status status="PASS" starttime="20241128 19:39:25.708" endtime="20241128 19:39:25.708"/>
</kw>
<status status="PASS" starttime="20241128 19:39:25.708" endtime="20241128 19:39:25.708"/>
</branch>
<branch type="ELSE">
<kw name="Set Variable" library="BuiltIn">
<var>${no_none_exists}</var>
<arg>${False}</arg>
<doc>Returns the given values which can then be assigned to a variables.</doc>
<status status="NOT RUN" starttime="20241128 19:39:25.709" endtime="20241128 19:39:25.709"/>
</kw>
<status status="NOT RUN" starttime="20241128 19:39:25.708" endtime="20241128 19:39:25.709"/>
</branch>
<status status="PASS" starttime="20241128 19:39:25.708" endtime="20241128 19:39:25.709"/>
</if>
<status status="PASS" starttime="20241128 19:39:25.707" endtime="20241128 19:39:25.709"/>
</branch>
<status status="PASS" starttime="20241128 19:39:25.706" endtime="20241128 19:39:25.709"/>
</if>
<return>
<value>${no_none_exists}</value>
<status status="PASS" starttime="20241128 19:39:25.709" endtime="20241128 19:39:25.709"/>
</return>
<msg timestamp="20241128 19:39:25.709" level="INFO">${is_test_case_exists} = True</msg>
<status status="PASS" starttime="20241128 19:39:25.703" endtime="20241128 19:39:25.709"/>
</kw>
<kw name="is-value-not-none" library="UTIL_Collection">
<var>${is_test_case_run_exists}</var>
<arg>${input}[payload]</arg>
<arg>testCaseRun</arg>
<tag>util</tag>
<doc>checks whether the key exists in dicitonary</doc>
<kw name="Run Keyword And Return Status" library="BuiltIn">
<var>${no_none_exists}</var>
<arg>dictionary should contain key</arg>
<arg>${dictionary}</arg>
<arg>${key}</arg>
<doc>Runs the given keyword with given arguments and returns the status as a Boolean value.</doc>
<kw name="Dictionary Should Contain Key" library="Collections">
<arg>${dictionary}</arg>
<arg>${key}</arg>
<doc>Fails if ``key`` is not found from ``dictionary``.</doc>
<status status="PASS" starttime="20241128 19:39:25.712" endtime="20241128 19:39:25.712"/>
</kw>
<msg timestamp="20241128 19:39:25.712" level="INFO">${no_none_exists} = True</msg>
<status status="PASS" starttime="20241128 19:39:25.712" endtime="20241128 19:39:25.712"/>
</kw>
<if>
<branch type="IF" condition="$no_none_exists == $True">
<kw name="Set Variable" library="BuiltIn">
<var>${values}</var>
<arg>${dictionary}[${key}]</arg>
<doc>Returns the given values which can then be assigned to a variables.</doc>
<msg timestamp="20241128 19:39:25.713" level="INFO">${values} = {'id': '2', 'testCaseId': '2', 'testSuiteRunId': '1', 'status': 'ADDED_TO_QUEUE', 'updatedAt': '2024-11-28T14:09:22.527Z', 'createdAt': '2024-11-28T14:09:22.527Z', 'errorMessage': None}</msg>
<status status="PASS" starttime="20241128 19:39:25.713" endtime="20241128 19:39:25.713"/>
</kw>
<if>
<branch type="IF" condition="$values != $None">
<kw name="Set Variable" library="BuiltIn">
<var>${no_none_exists}</var>
<arg>${True}</arg>
<doc>Returns the given values which can then be assigned to a variables.</doc>
<msg timestamp="20241128 19:39:25.714" level="INFO">${no_none_exists} = True</msg>
<status status="PASS" starttime="20241128 19:39:25.714" endtime="20241128 19:39:25.714"/>
</kw>
<status status="PASS" starttime="20241128 19:39:25.713" endtime="20241128 19:39:25.714"/>
</branch>
<branch type="ELSE">
<kw name="Set Variable" library="BuiltIn">
<var>${no_none_exists}</var>
<arg>${False}</arg>
<doc>Returns the given values which can then be assigned to a variables.</doc>
<status status="NOT RUN" starttime="20241128 19:39:25.714" endtime="20241128 19:39:25.714"/>
</kw>
<status status="NOT RUN" starttime="20241128 19:39:25.714" endtime="20241128 19:39:25.714"/>
</branch>
<status status="PASS" starttime="20241128 19:39:25.713" endtime="20241128 19:39:25.715"/>
</if>
<status status="PASS" starttime="20241128 19:39:25.713" endtime="20241128 19:39:25.715"/>
</branch>
<status status="PASS" starttime="20241128 19:39:25.712" endtime="20241128 19:39:25.715"/>
</if>
<return>
<value>${no_none_exists}</value>
<status status="PASS" starttime="20241128 19:39:25.715" endtime="20241128 19:39:25.715"/>
</return>
<msg timestamp="20241128 19:39:25.715" level="INFO">${is_test_case_run_exists} = True</msg>
<status status="PASS" starttime="20241128 19:39:25.711" endtime="20241128 19:39:25.715"/>
</kw>
<if>
<branch type="IF" condition="$is_test_case_exists == $False or $is_test_case_run_exists == $False">
<kw name="Log To Console" library="BuiltIn">
<arg>Testcase or TestCaseRun data not available in input</arg>
<doc>Logs the given message to the console.</doc>
<status status="NOT RUN" starttime="20241128 19:39:25.716" endtime="20241128 19:39:25.716"/>
</kw>
<status status="NOT RUN" starttime="20241128 19:39:25.715" endtime="20241128 19:39:25.716"/>
</branch>
<status status="PASS" starttime="20241128 19:39:25.715" endtime="20241128 19:39:25.716"/>
</if>
<kw name="Set Variable" library="BuiltIn">
<var>${testCase}</var>
<arg>${input}[payload][testCase]</arg>
<doc>Returns the given values which can then be assigned to a variables.</doc>
<msg timestamp="20241128 19:39:25.717" level="INFO">${testCase} = {'id': '2', 'name': 'Login 2', 'projectId': '1', 'createdAt': '2024-11-28T07:32:36.453Z', 'updatedAt': '2024-11-28T13:10:03.633Z', 'project': {'id': '1', 'name': 'IAssistant', 'createdAt': '2024-11-28...</msg>
<status status="PASS" starttime="20241128 19:39:25.716" endtime="20241128 19:39:25.718"/>
</kw>
<kw name="Set Variable" library="BuiltIn">
<var>${testCaseRun}</var>
<arg>${input}[payload][testCaseRun]</arg>
<doc>Returns the given values which can then be assigned to a variables.</doc>
<msg timestamp="20241128 19:39:25.720" level="INFO">${testCaseRun} = {'id': '2', 'testCaseId': '2', 'testSuiteRunId': '1', 'status': 'ADDED_TO_QUEUE', 'updatedAt': '2024-11-28T14:09:22.527Z', 'createdAt': '2024-11-28T14:09:22.527Z', 'errorMessage': None}</msg>
<status status="PASS" starttime="20241128 19:39:25.718" endtime="20241128 19:39:25.720"/>
</kw>
<kw name="Set Variable" library="BuiltIn">
<var>${assertions}</var>
<arg>${testCase}[assertions]</arg>
<doc>Returns the given values which can then be assigned to a variables.</doc>
<msg timestamp="20241128 19:39:25.721" level="INFO">${assertions} = []</msg>
<status status="PASS" starttime="20241128 19:39:25.720" endtime="20241128 19:39:25.721"/>
</kw>
<kw name="Log To Console" library="BuiltIn">
<arg>Test Case Name: ${testCase}[name]</arg>
<doc>Logs the given message to the console.</doc>
<status status="PASS" starttime="20241128 19:39:25.721" endtime="20241128 19:39:25.722"/>
</kw>
<try>
<branch type="TRY">
<kw name="is-value-not-none" library="UTIL_Collection">
<var>${is_test_case_flow_sequences_exists}</var>
<arg>${testCase}</arg>
<arg>testCaseFlowSequences</arg>
<tag>util</tag>
<doc>checks whether the key exists in dicitonary</doc>
<kw name="Run Keyword And Return Status" library="BuiltIn">
<var>${no_none_exists}</var>
<arg>dictionary should contain key</arg>
<arg>${dictionary}</arg>
<arg>${key}</arg>
<doc>Runs the given keyword with given arguments and returns the status as a Boolean value.</doc>
<kw name="Dictionary Should Contain Key" library="Collections">
<arg>${dictionary}</arg>
<arg>${key}</arg>
<doc>Fails if ``key`` is not found from ``dictionary``.</doc>
<status status="PASS" starttime="20241128 19:39:25.725" endtime="20241128 19:39:25.725"/>
</kw>
<msg timestamp="20241128 19:39:25.726" level="INFO">${no_none_exists} = True</msg>
<status status="PASS" starttime="20241128 19:39:25.725" endtime="20241128 19:39:25.726"/>
</kw>
<if>
<branch type="IF" condition="$no_none_exists == $True">
<kw name="Set Variable" library="BuiltIn">
<var>${values}</var>
<arg>${dictionary}[${key}]</arg>
<doc>Returns the given values which can then be assigned to a variables.</doc>
<msg timestamp="20241128 19:39:25.726" level="INFO">${values} = [{'id': '3', 'testCaseId': '2', 'flowId': '1', 'order': 0, 'createdAt': '2024-11-28T07:32:36.752Z', 'updatedAt': '2024-11-28T13:10:03.690Z', 'flow': {'id': '1', 'name': 'Login', 'projectId': '1', 'cre...</msg>
<status status="PASS" starttime="20241128 19:39:25.726" endtime="20241128 19:39:25.726"/>
</kw>
<if>
<branch type="IF" condition="$values != $None">
<kw name="Set Variable" library="BuiltIn">
<var>${no_none_exists}</var>
<arg>${True}</arg>
<doc>Returns the given values which can then be assigned to a variables.</doc>
<msg timestamp="20241128 19:39:25.728" level="INFO">${no_none_exists} = True</msg>
<status status="PASS" starttime="20241128 19:39:25.728" endtime="20241128 19:39:25.728"/>
</kw>
<status status="PASS" starttime="20241128 19:39:25.728" endtime="20241128 19:39:25.728"/>
</branch>
<branch type="ELSE">
<kw name="Set Variable" library="BuiltIn">
<var>${no_none_exists}</var>
<arg>${False}</arg>
<doc>Returns the given values which can then be assigned to a variables.</doc>
<status status="NOT RUN" starttime="20241128 19:39:25.728" endtime="20241128 19:39:25.729"/>
</kw>
<status status="NOT RUN" starttime="20241128 19:39:25.728" endtime="20241128 19:39:25.729"/>
</branch>
<status status="PASS" starttime="20241128 19:39:25.728" endtime="20241128 19:39:25.729"/>
</if>
<status status="PASS" starttime="20241128 19:39:25.726" endtime="20241128 19:39:25.729"/>
</branch>
<status status="PASS" starttime="20241128 19:39:25.726" endtime="20241128 19:39:25.729"/>
</if>
<return>
<value>${no_none_exists}</value>
<status status="PASS" starttime="20241128 19:39:25.729" endtime="20241128 19:39:25.729"/>
</return>
<msg timestamp="20241128 19:39:25.729" level="INFO">${is_test_case_flow_sequences_exists} = True</msg>
<status status="PASS" starttime="20241128 19:39:25.724" endtime="20241128 19:39:25.729"/>
</kw>
<kw name="Create Dictionary" library="BuiltIn">
<var>${test_case_run_response_message}</var>
<arg>testCaseRunId=${testCaseRun}[id]</arg>
<arg>status=STARTED</arg>
<doc>Creates and returns a dictionary based on the given ``items``.</doc>
<msg timestamp="20241128 19:39:25.731" level="INFO">${test_case_run_response_message} = {'testCaseRunId': '2', 'status': 'STARTED'}</msg>
<status status="PASS" starttime="20241128 19:39:25.729" endtime="20241128 19:39:25.731"/>
</kw>
<kw name="Push response message to kafka topic" library="UTIL_Common">
<arg>${test_case_run_response_message}</arg>
<tag>function</tag>
<doc>push the response message to kafka topic</doc>
<kw name="Evaluate" library="BuiltIn">
<var>${json_response}</var>
<arg>json.dumps(${payload_response_msg})</arg>
<arg>json</arg>
<doc>Evaluates the given expression in Python and returns the result.</doc>
<msg timestamp="20241128 19:39:25.733" level="INFO">${json_response} = {"testCaseRunId": "2", "status": "STARTED"}</msg>
<status status="PASS" starttime="20241128 19:39:25.733" endtime="20241128 19:39:25.733"/>
</kw>
<kw name="Push Message To Topic" library="TopicProducer">
<var>${producer_response}</var>
<arg>${json_response}</arg>
<doc>Kafka Producer to send the response as json message and push it</doc>
<msg timestamp="20241128 19:39:25.741" level="INFO">Message delivered to response_topic [0]</msg>
<msg timestamp="20241128 19:39:25.741" level="INFO">${producer_response} = &lt;function delivery_report at 0x00000258CBBDC430&gt;</msg>
<status status="PASS" starttime="20241128 19:39:25.733" endtime="20241128 19:39:25.741"/>
</kw>
<kw name="Log To Console" library="BuiltIn">
<arg>kafka_producer_response:${producer_response}</arg>
<doc>Logs the given message to the console.</doc>
<status status="PASS" starttime="20241128 19:39:25.741" endtime="20241128 19:39:25.742"/>
</kw>
<return>
<value>${producer_response}</value>
<status status="PASS" starttime="20241128 19:39:25.742" endtime="20241128 19:39:25.742"/>
</return>
<status status="PASS" starttime="20241128 19:39:25.731" endtime="20241128 19:39:25.742"/>
</kw>
<if>
<branch type="IF" condition="$is_test_case_flow_sequences_exists">
<kw name="Create Dictionary" library="BuiltIn">
<var>${ACCUMULATION}</var>
<doc>Creates and returns a dictionary based on the given ``items``.</doc>
<msg timestamp="20241128 19:39:25.744" level="INFO">${ACCUMULATION} = {}</msg>
<status status="PASS" starttime="20241128 19:39:25.743" endtime="20241128 19:39:25.744"/>
</kw>
<for flavor="IN">
<var>${testCaseFlowSequence}</var>
<value>@{testCase}[testCaseFlowSequences]</value>
<iter>
<var name="${testCaseFlowSequence}">{'id': '3', 'testCaseId': '2', 'flowId': '1', 'order': 0, 'createdAt': '2024-11-28T07:32:36.752Z', 'updatedAt': '2024-11-28T13:10:03.690Z', 'flow': {'id': '1', 'name': 'Login', 'projectId': '1', 'crea...</var>
<try>
<branch type="TRY">
<kw name="Set Variable" library="BuiltIn">
<var>${flow}</var>
<arg>${testCaseFlowSequence}[flow]</arg>
<doc>Returns the given values which can then be assigned to a variables.</doc>
<msg timestamp="20241128 19:39:25.746" level="INFO">${flow} = {'id': '1', 'name': 'Login', 'projectId': '1', 'createdAt': '2024-11-28T06:58:06.459Z', 'updatedAt': '2024-11-28T07:02:35.243Z', 'flowActionSequences': [{'id': '1', 'actionId': '1', 'flowId': '1', 'or...</msg>
<status status="PASS" starttime="20241128 19:39:25.746" endtime="20241128 19:39:25.746"/>
</kw>
<kw name="Log To Console" library="BuiltIn">
<arg>Flow Name: ${flow}[name]</arg>
<doc>Logs the given message to the console.</doc>
<status status="PASS" starttime="20241128 19:39:25.747" endtime="20241128 19:39:25.748"/>
</kw>
<kw name="is-value-not-none" library="UTIL_Collection">
<var>${is_flow_action_sequences_exists}</var>
<arg>${flow}</arg>
<arg>flowActionSequences</arg>
<tag>util</tag>
<doc>checks whether the key exists in dicitonary</doc>
<kw name="Run Keyword And Return Status" library="BuiltIn">
<var>${no_none_exists}</var>
<arg>dictionary should contain key</arg>
<arg>${dictionary}</arg>
<arg>${key}</arg>
<doc>Runs the given keyword with given arguments and returns the status as a Boolean value.</doc>
<kw name="Dictionary Should Contain Key" library="Collections">
<arg>${dictionary}</arg>
<arg>${key}</arg>
<doc>Fails if ``key`` is not found from ``dictionary``.</doc>
<status status="PASS" starttime="20241128 19:39:25.752" endtime="20241128 19:39:25.752"/>
</kw>
<msg timestamp="20241128 19:39:25.752" level="INFO">${no_none_exists} = True</msg>
<status status="PASS" starttime="20241128 19:39:25.752" endtime="20241128 19:39:25.752"/>
</kw>
<if>
<branch type="IF" condition="$no_none_exists == $True">
<kw name="Set Variable" library="BuiltIn">
<var>${values}</var>
<arg>${dictionary}[${key}]</arg>
<doc>Returns the given values which can then be assigned to a variables.</doc>
<msg timestamp="20241128 19:39:25.753" level="INFO">${values} = [{'id': '1', 'actionId': '1', 'flowId': '1', 'order': 0, 'createdAt': '2024-11-28T07:02:20.350Z', 'updatedAt': '2024-11-28T07:02:35.087Z', 'action': {'id': '1', 'name': 'Launch browser', 'type': 'LAUN...</msg>
<status status="PASS" starttime="20241128 19:39:25.753" endtime="20241128 19:39:25.753"/>
</kw>
<if>
<branch type="IF" condition="$values != $None">
<kw name="Set Variable" library="BuiltIn">
<var>${no_none_exists}</var>
<arg>${True}</arg>
<doc>Returns the given values which can then be assigned to a variables.</doc>
<msg timestamp="20241128 19:39:25.755" level="INFO">${no_none_exists} = True</msg>
<status status="PASS" starttime="20241128 19:39:25.755" endtime="20241128 19:39:25.755"/>
</kw>
<status status="PASS" starttime="20241128 19:39:25.753" endtime="20241128 19:39:25.755"/>
</branch>
<branch type="ELSE">
<kw name="Set Variable" library="BuiltIn">
<var>${no_none_exists}</var>
<arg>${False}</arg>
<doc>Returns the given values which can then be assigned to a variables.</doc>
<status status="NOT RUN" starttime="20241128 19:39:25.755" endtime="20241128 19:39:25.755"/>
</kw>
<status status="NOT RUN" starttime="20241128 19:39:25.755" endtime="20241128 19:39:25.756"/>
</branch>
<status status="PASS" starttime="20241128 19:39:25.753" endtime="20241128 19:39:25.756"/>
</if>
<status status="PASS" starttime="20241128 19:39:25.753" endtime="20241128 19:39:25.756"/>
</branch>
<status status="PASS" starttime="20241128 19:39:25.753" endtime="20241128 19:39:25.756"/>
</if>
<return>
<value>${no_none_exists}</value>
<status status="PASS" starttime="20241128 19:39:25.756" endtime="20241128 19:39:25.757"/>
</return>
<msg timestamp="20241128 19:39:25.758" level="INFO">${is_flow_action_sequences_exists} = True</msg>
<status status="PASS" starttime="20241128 19:39:25.750" endtime="20241128 19:39:25.758"/>
</kw>
<if>
<branch type="IF" condition="$is_flow_action_sequences_exists">
<for flavor="IN">
<var>${flowActionSequence}</var>
<value>@{flow}[flowActionSequences]</value>
<iter>
<var name="${flowActionSequence}">{'id': '1', 'actionId': '1', 'flowId': '1', 'order': 0, 'createdAt': '2024-11-28T07:02:20.350Z', 'updatedAt': '2024-11-28T07:02:35.087Z', 'action': {'id': '1', 'name': 'Launch browser', 'type': 'LAUNC...</var>
<try>
<branch type="TRY">
<kw name="Set Variable" library="BuiltIn">
<var>${action}</var>
<arg>${flowActionSequence}[action]</arg>
<doc>Returns the given values which can then be assigned to a variables.</doc>
<msg timestamp="20241128 19:39:25.761" level="INFO">${action} = {'id': '1', 'name': 'Launch browser', 'type': 'LAUNCH_BROWSER', 'selectorI': None, 'valueRege': '', 'projectId': '1', 'enter': None, 'createdAt': '2024-11-28T06:55:33.267Z', 'updatedAt': '2024-11-28T0...</msg>
<status status="PASS" starttime="20241128 19:39:25.760" endtime="20241128 19:39:25.761"/>
</kw>
<kw name="Log To Console" library="BuiltIn">
<arg>Action Name: ${action}[name]</arg>
<doc>Logs the given message to the console.</doc>
<status status="PASS" starttime="20241128 19:39:25.761" endtime="20241128 19:39:25.762"/>
</kw>
<kw name="Get Selected Input" library="Common_util">
<var>${input}</var>
<arg>${flowActionSequence}</arg>
<msg timestamp="20241128 19:39:25.762" level="INFO">${input} = {'id': '1', 'actionId': '1', 'name': 'prod', 'value': 'https://iassistant.ideas2it.com/', 'waitAfterAction': '0', 'isDefault': True, 'createdAt': '2024-11-28T06:55:33.497Z', 'updatedAt': '2024-11-28T0...</msg>
<status status="PASS" starttime="20241128 19:39:25.762" endtime="20241128 19:39:25.762"/>
</kw>
<if>
<branch type="IF" condition="$input == $None">
<kw name="Log To Console" library="BuiltIn">
<arg>Input not found for this action. Terminate the test case here!!!</arg>
<doc>Logs the given message to the console.</doc>
<status status="NOT RUN" starttime="20241128 19:39:25.763" endtime="20241128 19:39:25.763"/>
</kw>
<kw name="ex-fail" library="EX_Exception">
<arg>INPUT_NOT_FOUND_IN_ACTION</arg>
<tag>exception</tag>
<doc>wrapper over the builtin Fail keyword, to support additional operations during failure</doc>
<status status="NOT RUN" starttime="20241128 19:39:25.763" endtime="20241128 19:39:25.763"/>
</kw>
<status status="NOT RUN" starttime="20241128 19:39:25.763" endtime="20241128 19:39:25.763"/>
</branch>
<status status="PASS" starttime="20241128 19:39:25.762" endtime="20241128 19:39:25.763"/>
</if>
<kw name="execute-action">
<var>${value}</var>
<arg>${action}</arg>
<arg>${input}</arg>
<kw name="Set Variable" library="BuiltIn">
<var>${value}</var>
<arg>${input}[value]</arg>
<doc>Returns the given values which can then be assigned to a variables.</doc>
<msg timestamp="20241128 19:39:25.765" level="INFO">${value} = https://iassistant.ideas2it.com/</msg>
<status status="PASS" starttime="20241128 19:39:25.763" endtime="20241128 19:39:25.765"/>
</kw>
<if>
<branch type="IF" condition="'${action}[type]' == '${LAUNCH_BROWSER}'">
<kw name="new-page" library="COMP_BrowserContext">
<arg>${input}[value]</arg>
<kw name="New Page" library="RPA.Browser.Playwright">
<var>${page_id}</var>
<arg>${url}</arg>
<tag>BrowserControl</tag>
<tag>Setter</tag>
<doc>Open a new Page.</doc>
<msg timestamp="20241128 19:39:28.002" level="INFO">Successfully initialized new page object and opened url: https://iassistant.ideas2it.com/</msg>
<msg timestamp="20241128 19:39:28.002" level="INFO">${page_id} = {'page_id': 'page=3cddb263-483c-45d8-974f-c78c8e105749', 'video_path': ''}</msg>
<status status="PASS" starttime="20241128 19:39:25.765" endtime="20241128 19:39:28.002"/>
</kw>
<kw name="Switch Page" library="RPA.Browser.Playwright">
<arg>${page_id}</arg>
<tag>BrowserControl</tag>
<tag>Setter</tag>
<doc>Switches the active browser page to another open page by ``id`` or ``NEW``.</doc>
<msg timestamp="20241128 19:39:28.003" level="INFO">Switching to page {'page_id': 'page=3cddb263-483c-45d8-974f-c78c8e105749', 'video_path': ''},context CURRENT, browser CURRENT</msg>
<msg timestamp="20241128 19:39:28.043" level="INFO">[
  {
    "type": "chromium",
    "id": "browser=409f6655-0707-452c-85c6-53b12ebe5b66",
    "contexts": [
      {
        "type": "context",
        "id": "context=bf7ebba1-4bd7-4295-bddd-6343456f96be",
        "activePage": "page=3cddb263-483c-45d8-974f-c78c8e105749",
        "pages": [
          {
            "type": "page",
            "title": "Google",
            "url": "https://www.google.com/",
            "id": "page=3b8da151-bcf3-4f12-ad8a-87bf37c97a3b",
            "timestamp": 1732802964.701
          },
          {
            "type": "page",
            "title": "iAssistant",
            "url": "https://iassistant.ideas2it.com/login",
            "id": "page=3cddb263-483c-45d8-974f-c78c8e105749",
            "timestamp": 1732802965.827
          }
        ]
      }
    ],
    "activeContext": "context=bf7ebba1-4bd7-4295-bddd-6343456f96be",
    "activeBrowser": true
  }
]</msg>
<msg timestamp="20241128 19:39:28.050" level="INFO">Successfully changed active page</msg>
<status status="PASS" starttime="20241128 19:39:28.003" endtime="20241128 19:39:28.051"/>
</kw>
<status status="PASS" starttime="20241128 19:39:25.765" endtime="20241128 19:39:28.051"/>
</kw>
<status status="PASS" starttime="20241128 19:39:25.765" endtime="20241128 19:39:28.052"/>
</branch>
<branch type="ELSE IF" condition="'${action}[type]' == '${NEW_PAGE}'">
<kw name="new-page" library="COMP_BrowserContext">
<arg>${input}[value]</arg>
<status status="NOT RUN" starttime="20241128 19:39:28.052" endtime="20241128 19:39:28.052"/>
</kw>
<status status="NOT RUN" starttime="20241128 19:39:28.052" endtime="20241128 19:39:28.052"/>
</branch>
<branch type="ELSE IF" condition="'${action}[type]' == '${CLICK}'">
<kw name="left-click" library="COMP_Button">
<arg>${action}[selector][xpath]</arg>
<tag>component</tag>
<doc>Performs left click operation on button</doc>
<status status="NOT RUN" starttime="20241128 19:39:28.055" endtime="20241128 19:39:28.056"/>
</kw>
<status status="NOT RUN" starttime="20241128 19:39:28.053" endtime="20241128 19:39:28.056"/>
</branch>
<branch type="ELSE IF" condition="'${action}[type]' == '${DOUBLE_CLICK}'">
<kw name="left-click" library="COMP_Button">
<arg>${action}[selector][xpath]</arg>
<tag>component</tag>
<doc>Performs left click operation on button</doc>
<status status="NOT RUN" starttime="20241128 19:39:28.058" endtime="20241128 19:39:28.058"/>
</kw>
<kw name="left-click" library="COMP_Button">
<arg>${action}[selector][xpath]</arg>
<tag>component</tag>
<doc>Performs left click operation on button</doc>
<status status="NOT RUN" starttime="20241128 19:39:28.060" endtime="20241128 19:39:28.060"/>
</kw>
<status status="NOT RUN" starttime="20241128 19:39:28.056" endtime="20241128 19:39:28.060"/>
</branch>
<branch type="ELSE IF" condition="'${action}[type]' == '${GET_DROPDOWN_VALUE}'">
<kw name="get-selected-option" library="COMP_Select">
<var>${value}</var>
<arg>${action}[selector][xpath]</arg>
<tag>component</tag>
<doc>Gets the selected option
Error will thrown if multiple options selected</doc>
<status status="NOT RUN" starttime="20241128 19:39:28.061" endtime="20241128 19:39:28.061"/>
</kw>
<status status="NOT RUN" starttime="20241128 19:39:28.060" endtime="20241128 19:39:28.061"/>
</branch>
<branch type="ELSE IF" condition="'${action}[type]' == '${SET_DROPDOWN_VALUE}'">
<kw name="select-single-option" library="COMP_Select">
<arg>${action}[selector][xpath]</arg>
<arg>${input}[value]</arg>
<tag>component</tag>
<doc>Selects the option by given attribute</doc>
<status status="NOT RUN" starttime="20241128 19:39:28.064" endtime="20241128 19:39:28.064"/>
</kw>
<status status="NOT RUN" starttime="20241128 19:39:28.061" endtime="20241128 19:39:28.064"/>
</branch>
<branch type="ELSE IF" condition="'${action}[type]' == '${TYPE_TEXT}'">
<kw name="set-value" library="COMP_Textbox">
<arg>${action}[selector][xpath]</arg>
<arg>${input}[value]</arg>
<tag>component</tag>
<doc>Updates Field Value and checks for post condition
And retries if the retry value is provided</doc>
<status status="NOT RUN" starttime="20241128 19:39:28.067" endtime="20241128 19:39:28.068"/>
</kw>
<if>
<branch type="IF" condition="${action}[enter]">
<kw name="Keyboard Key" library="RPA.Browser.Playwright">
<arg>press</arg>
<arg>Enter</arg>
<tag>PageContent</tag>
<tag>Setter</tag>
<doc>Press a keyboard key on the virtual keyboard or set a key up or down.</doc>
<status status="NOT RUN" starttime="20241128 19:39:28.068" endtime="20241128 19:39:28.068"/>
</kw>
<status status="NOT RUN" starttime="20241128 19:39:28.068" endtime="20241128 19:39:28.068"/>
</branch>
<status status="NOT RUN" starttime="20241128 19:39:28.068" endtime="20241128 19:39:28.068"/>
</if>
<status status="NOT RUN" starttime="20241128 19:39:28.065" endtime="20241128 19:39:28.068"/>
</branch>
<branch type="ELSE IF" condition="'${action}[type]' == '${GET_TEXTBOX_VALUE}'">
<kw name="get-value" library="COMP_Textbox">
<var>${value}</var>
<arg>${action}[selector][xpath]</arg>
<tag>component</tag>
<doc>Returns Field Value</doc>
<status status="NOT RUN" starttime="20241128 19:39:28.070" endtime="20241128 19:39:28.070"/>
</kw>
<status status="NOT RUN" starttime="20241128 19:39:28.069" endtime="20241128 19:39:28.071"/>
</branch>
<branch type="ELSE IF" condition="'${action}[type]' == '${GET_CHECKBOX_VALUE}'">
<kw name="get-value" library="COMP_Checkbox">
<var>${value}</var>
<arg>${action}[selector][xpath]</arg>
<tag>component</tag>
<doc>Gets the current checkbox status</doc>
<status status="NOT RUN" starttime="20241128 19:39:28.074" endtime="20241128 19:39:28.074"/>
</kw>
<if>
<branch type="IF" condition="${value}">
<kw name="Set Variable" library="BuiltIn">
<var>${value}</var>
<arg>TRUE</arg>
<doc>Returns the given values which can then be assigned to a variables.</doc>
<status status="NOT RUN" starttime="20241128 19:39:28.075" endtime="20241128 19:39:28.075"/>
</kw>
<status status="NOT RUN" starttime="20241128 19:39:28.075" endtime="20241128 19:39:28.075"/>
</branch>
<branch type="ELSE">
<kw name="Set Variable" library="BuiltIn">
<var>${value}</var>
<arg>FALSE</arg>
<doc>Returns the given values which can then be assigned to a variables.</doc>
<status status="NOT RUN" starttime="20241128 19:39:28.075" endtime="20241128 19:39:28.075"/>
</kw>
<status status="NOT RUN" starttime="20241128 19:39:28.075" endtime="20241128 19:39:28.075"/>
</branch>
<status status="NOT RUN" starttime="20241128 19:39:28.074" endtime="20241128 19:39:28.075"/>
</if>
<status status="NOT RUN" starttime="20241128 19:39:28.071" endtime="20241128 19:39:28.076"/>
</branch>
<branch type="ELSE IF" condition="'${action}[type]' == '${SET_CHECKBOX_VALUE}'">
<kw name="evaluate(${input}[value] == TRUE)">
<var>${select}</var>
<status status="NOT RUN" starttime="20241128 19:39:28.083" endtime="20241128 19:39:28.085"/>
</kw>
<kw name="set-value" library="COMP_Checkbox">
<arg>${action}[selector][xpath]</arg>
<arg>${select}</arg>
<tag>component</tag>
<doc>Updates the Field value and checks for post condition
And retries if the retry value is provided</doc>
<status status="NOT RUN" starttime="20241128 19:39:28.087" endtime="20241128 19:39:28.087"/>
</kw>
<status status="NOT RUN" starttime="20241128 19:39:28.076" endtime="20241128 19:39:28.088"/>
</branch>
<branch type="ELSE IF" condition="'${action}[type]' == '${GET_RADIO_VALUE}'">
<kw name="get-value" library="COMP_Checkbox">
<var>${value}</var>
<arg>${action}[selector][xpath]</arg>
<tag>component</tag>
<doc>Gets the current checkbox status</doc>
<status status="NOT RUN" starttime="20241128 19:39:28.089" endtime="20241128 19:39:28.089"/>
</kw>
<if>
<branch type="IF" condition="${value}">
<kw name="Set Variable" library="BuiltIn">
<var>${value}</var>
<arg>TRUE</arg>
<doc>Returns the given values which can then be assigned to a variables.</doc>
<status status="NOT RUN" starttime="20241128 19:39:28.089" endtime="20241128 19:39:28.089"/>
</kw>
<status status="NOT RUN" starttime="20241128 19:39:28.089" endtime="20241128 19:39:28.090"/>
</branch>
<branch type="ELSE">
<kw name="Set Variable" library="BuiltIn">
<var>${value}</var>
<arg>FALSE</arg>
<doc>Returns the given values which can then be assigned to a variables.</doc>
<status status="NOT RUN" starttime="20241128 19:39:28.090" endtime="20241128 19:39:28.090"/>
</kw>
<status status="NOT RUN" starttime="20241128 19:39:28.090" endtime="20241128 19:39:28.090"/>
</branch>
<status status="NOT RUN" starttime="20241128 19:39:28.089" endtime="20241128 19:39:28.090"/>
</if>
<status status="NOT RUN" starttime="20241128 19:39:28.088" endtime="20241128 19:39:28.091"/>
</branch>
<branch type="ELSE IF" condition="'${action}[type]' == '${SET_RADIO_VALUE}'">
<kw name="evaluate(${input}[value] == TRUE)">
<var>${select}</var>
<status status="NOT RUN" starttime="20241128 19:39:28.096" endtime="20241128 19:39:28.096"/>
</kw>
<kw name="set-value" library="COMP_Checkbox">
<arg>${action}[selector][xpath]</arg>
<arg>${select}</arg>
<tag>component</tag>
<doc>Updates the Field value and checks for post condition
And retries if the retry value is provided</doc>
<status status="NOT RUN" starttime="20241128 19:39:28.099" endtime="20241128 19:39:28.099"/>
</kw>
<status status="NOT RUN" starttime="20241128 19:39:28.091" endtime="20241128 19:39:28.099"/>
</branch>
<branch type="ELSE IF" condition="'${action}[type]' == '${IS_ELEMENT_VISIBLE}'">
<kw name="is-attached-after-wait" library="UTIL_BrowserHelper">
<var>${value}</var>
<arg>${action}[selector][xpath]</arg>
<tag>util</tag>
<doc>checks whether the given selector is attached to the DOM
after waiting for the element state</doc>
<status status="NOT RUN" starttime="20241128 19:39:28.102" endtime="20241128 19:39:28.102"/>
</kw>
<if>
<branch type="IF" condition="${value}">
<kw name="Set Variable" library="BuiltIn">
<var>${value}</var>
<arg>TRUE</arg>
<doc>Returns the given values which can then be assigned to a variables.</doc>
<status status="NOT RUN" starttime="20241128 19:39:28.103" endtime="20241128 19:39:28.103"/>
</kw>
<status status="NOT RUN" starttime="20241128 19:39:28.102" endtime="20241128 19:39:28.103"/>
</branch>
<branch type="ELSE">
<kw name="Set Variable" library="BuiltIn">
<var>${value}</var>
<arg>FALSE</arg>
<doc>Returns the given values which can then be assigned to a variables.</doc>
<status status="NOT RUN" starttime="20241128 19:39:28.103" endtime="20241128 19:39:28.103"/>
</kw>
<status status="NOT RUN" starttime="20241128 19:39:28.103" endtime="20241128 19:39:28.103"/>
</branch>
<status status="NOT RUN" starttime="20241128 19:39:28.102" endtime="20241128 19:39:28.103"/>
</if>
<status status="NOT RUN" starttime="20241128 19:39:28.100" endtime="20241128 19:39:28.103"/>
</branch>
<branch type="ELSE IF" condition="'${action}[type]' == '${GET_TEXT}'">
<kw name="get-property" library="UTIL_BrowserHelper">
<var>${value}</var>
<arg>${action}[selector][xpath]</arg>
<arg>innerText</arg>
<tag>util</tag>
<doc>Method used to get property</doc>
<status status="NOT RUN" starttime="20241128 19:39:28.108" endtime="20241128 19:39:28.108"/>
</kw>
<status status="NOT RUN" starttime="20241128 19:39:28.105" endtime="20241128 19:39:28.108"/>
</branch>
<branch type="ELSE">
<kw name="Log To Message">
<arg>Action not developed. Terminate the TestCase here!!!</arg>
<status status="NOT RUN" starttime="20241128 19:39:28.116" endtime="20241128 19:39:28.116"/>
</kw>
<kw name="ex-fail" library="EX_Exception">
<arg>ACTION_NOT_DEVELOPED</arg>
<tag>exception</tag>
<doc>wrapper over the builtin Fail keyword, to support additional operations during failure</doc>
<status status="NOT RUN" starttime="20241128 19:39:28.118" endtime="20241128 19:39:28.118"/>
</kw>
<status status="NOT RUN" starttime="20241128 19:39:28.108" endtime="20241128 19:39:28.118"/>
</branch>
<status status="PASS" starttime="20241128 19:39:25.765" endtime="20241128 19:39:28.118"/>
</if>
<kw name="Log To Console" library="BuiltIn">
<arg>${value}</arg>
<doc>Logs the given message to the console.</doc>
<status status="PASS" starttime="20241128 19:39:28.119" endtime="20241128 19:39:28.120"/>
</kw>
<return>
<value>${value}</value>
<status status="PASS" starttime="20241128 19:39:28.120" endtime="20241128 19:39:28.121"/>
</return>
<msg timestamp="20241128 19:39:28.121" level="INFO">${value} = https://iassistant.ideas2it.com/</msg>
<status status="PASS" starttime="20241128 19:39:25.763" endtime="20241128 19:39:28.121"/>
</kw>
<kw name="perform-assertion">
<var>${assertion_message}</var>
<arg>${ACCUMULATION}</arg>
<arg>${assertions}</arg>
<arg>${testCaseFlowSequence}[id]</arg>
<arg>${flowActionSequence}[id]</arg>
<arg>${value}</arg>
<kw name="Set Variable" library="BuiltIn">
<var>${key}</var>
<arg>testCaseFlowSequenceId:${testCaseFlowSequenceId}::flowActionSequenceId:${flowActionSequenceId}</arg>
<doc>Returns the given values which can then be assigned to a variables.</doc>
<msg timestamp="20241128 19:39:28.125" level="INFO">${key} = testCaseFlowSequenceId:3::flowActionSequenceId:1</msg>
<status status="PASS" starttime="20241128 19:39:28.124" endtime="20241128 19:39:28.125"/>
</kw>
<for flavor="IN">
<var>${assertion}</var>
<value>@{assertions}</value>
<iter>
<var name="${assertion}"/>
<kw name="Set Variable" library="BuiltIn">
<var>${source}</var>
<arg>${assertion}[source]</arg>
<doc>Returns the given values which can then be assigned to a variables.</doc>
<status status="NOT RUN" starttime="20241128 19:39:28.126" endtime="20241128 19:39:28.126"/>
</kw>
<kw name="Set Variable" library="BuiltIn">
<var>${target}</var>
<arg>${assertion}[target]</arg>
<doc>Returns the given values which can then be assigned to a variables.</doc>
<status status="NOT RUN" starttime="20241128 19:39:28.126" endtime="20241128 19:39:28.126"/>
</kw>
<kw name="Set Variable" library="BuiltIn">
<var>${skip}</var>
<arg>${assertion}[skip]</arg>
<doc>Returns the given values which can then be assigned to a variables.</doc>
<status status="NOT RUN" starttime="20241128 19:39:28.126" endtime="20241128 19:39:28.127"/>
</kw>
<kw name="Set Variable" library="BuiltIn">
<var>${operator}</var>
<arg>${assertion}[operator]</arg>
<doc>Returns the given values which can then be assigned to a variables.</doc>
<status status="NOT RUN" starttime="20241128 19:39:28.127" endtime="20241128 19:39:28.127"/>
</kw>
<kw name="Set Variable" library="BuiltIn">
<var>${useCustomTargetValue}</var>
<arg>${assertion}[useCustomTargetValue]</arg>
<doc>Returns the given values which can then be assigned to a variables.</doc>
<status status="NOT RUN" starttime="20241128 19:39:28.127" endtime="20241128 19:39:28.127"/>
</kw>
<kw name="Set Variable" library="BuiltIn">
<var>${customTargetValue}</var>
<arg>${assertion}[customTargetValue]</arg>
<doc>Returns the given values which can then be assigned to a variables.</doc>
<status status="NOT RUN" starttime="20241128 19:39:28.128" endtime="20241128 19:39:28.128"/>
</kw>
<kw name="Set Variable" library="BuiltIn">
<var>${errorMessage}</var>
<arg>${assertion}[errorMessage]</arg>
<doc>Returns the given values which can then be assigned to a variables.</doc>
<status status="NOT RUN" starttime="20241128 19:39:28.128" endtime="20241128 19:39:28.128"/>
</kw>
<kw name="Set To Dictionary" library="Collections">
<arg>${ACCUMULATION}</arg>
<arg>${key}=${value}</arg>
<doc>Adds the given ``key_value_pairs`` and ``items`` to the ``dictionary``.</doc>
<status status="NOT RUN" starttime="20241128 19:39:28.128" endtime="20241128 19:39:28.128"/>
</kw>
<kw name="is-value-not-none" library="UTIL_Collection">
<var>${is_source_exists}</var>
<arg>${ACCUMULATION}</arg>
<arg>${source}</arg>
<tag>util</tag>
<doc>checks whether the key exists in dicitonary</doc>
<status status="NOT RUN" starttime="20241128 19:39:28.130" endtime="20241128 19:39:28.130"/>
</kw>
<kw name="is-value-not-none" library="UTIL_Collection">
<var>${is_target_exists}</var>
<arg>${ACCUMULATION}</arg>
<arg>${target}</arg>
<tag>util</tag>
<doc>checks whether the key exists in dicitonary</doc>
<status status="NOT RUN" starttime="20241128 19:39:28.132" endtime="20241128 19:39:28.132"/>
</kw>
<if>
<branch type="IF" condition="'${source}' == '${key}' and '${is_source_exists}' == '${True}'">
<if>
<branch type="IF" condition="$skip">
<return>
<value>Skipped assertion!!</value>
<status status="NOT RUN" starttime="20241128 19:39:28.132" endtime="20241128 19:39:28.132"/>
</return>
<status status="NOT RUN" starttime="20241128 19:39:28.132" endtime="20241128 19:39:28.133"/>
</branch>
<status status="NOT RUN" starttime="20241128 19:39:28.132" endtime="20241128 19:39:28.133"/>
</if>
<if>
<branch type="IF" condition="$useCustomTargetValue">
<kw name="assert">
<var>${message}</var>
<arg>${ACCUMULATION}[${source}]</arg>
<arg>${customTargetValue}</arg>
<arg>${operator}</arg>
<arg>${errorMessage}</arg>
<doc>Method used to assert and return assertion message</doc>
<status status="NOT RUN" starttime="20241128 19:39:28.133" endtime="20241128 19:39:28.133"/>
</kw>
<return>
<value>${message}</value>
<status status="NOT RUN" starttime="20241128 19:39:28.133" endtime="20241128 19:39:28.134"/>
</return>
<status status="NOT RUN" starttime="20241128 19:39:28.133" endtime="20241128 19:39:28.134"/>
</branch>
<status status="NOT RUN" starttime="20241128 19:39:28.133" endtime="20241128 19:39:28.134"/>
</if>
<if>
<branch type="IF" condition="$is_target_exists">
<kw name="assert">
<var>${message}</var>
<arg>${ACCUMULATION}[${source}]</arg>
<arg>${ACCUMULATION}[${target}]</arg>
<arg>${operator}</arg>
<arg>${errorMessage}</arg>
<doc>Method used to assert and return assertion message</doc>
<status status="NOT RUN" starttime="20241128 19:39:28.134" endtime="20241128 19:39:28.134"/>
</kw>
<return>
<value>${message}</value>
<status status="NOT RUN" starttime="20241128 19:39:28.135" endtime="20241128 19:39:28.135"/>
</return>
<status status="NOT RUN" starttime="20241128 19:39:28.134" endtime="20241128 19:39:28.135"/>
</branch>
<status status="NOT RUN" starttime="20241128 19:39:28.134" endtime="20241128 19:39:28.136"/>
</if>
<status status="NOT RUN" starttime="20241128 19:39:28.132" endtime="20241128 19:39:28.136"/>
</branch>
<status status="NOT RUN" starttime="20241128 19:39:28.132" endtime="20241128 19:39:28.136"/>
</if>
<if>
<branch type="IF" condition="'${target}' == '${key}' and '${is_target_exists}' == '${True}'">
<if>
<branch type="IF" condition="$skip">
<return>
<value>Skipped assertion!!</value>
<status status="NOT RUN" starttime="20241128 19:39:28.136" endtime="20241128 19:39:28.136"/>
</return>
<status status="NOT RUN" starttime="20241128 19:39:28.136" endtime="20241128 19:39:28.136"/>
</branch>
<status status="NOT RUN" starttime="20241128 19:39:28.136" endtime="20241128 19:39:28.137"/>
</if>
<if>
<branch type="IF" condition="$useCustomTargetValue">
<kw name="Log To Console" library="BuiltIn">
<arg>No need to assert here.</arg>
<doc>Logs the given message to the console.</doc>
<status status="NOT RUN" starttime="20241128 19:39:28.137" endtime="20241128 19:39:28.137"/>
</kw>
<status status="NOT RUN" starttime="20241128 19:39:28.137" endtime="20241128 19:39:28.137"/>
</branch>
<status status="NOT RUN" starttime="20241128 19:39:28.137" endtime="20241128 19:39:28.137"/>
</if>
<if>
<branch type="IF" condition="$is_source_exists">
<kw name="assert">
<var>${message}</var>
<arg>${ACCUMULATION}[${source}]</arg>
<arg>${ACCUMULATION}[${target}]</arg>
<arg>${operator}</arg>
<arg>${errorMessage}</arg>
<doc>Method used to assert and return assertion message</doc>
<status status="NOT RUN" starttime="20241128 19:39:28.138" endtime="20241128 19:39:28.138"/>
</kw>
<return>
<value>${message}</value>
<status status="NOT RUN" starttime="20241128 19:39:28.138" endtime="20241128 19:39:28.138"/>
</return>
<status status="NOT RUN" starttime="20241128 19:39:28.138" endtime="20241128 19:39:28.138"/>
</branch>
<status status="NOT RUN" starttime="20241128 19:39:28.138" endtime="20241128 19:39:28.139"/>
</if>
<status status="NOT RUN" starttime="20241128 19:39:28.136" endtime="20241128 19:39:28.139"/>
</branch>
<status status="NOT RUN" starttime="20241128 19:39:28.136" endtime="20241128 19:39:28.139"/>
</if>
<status status="NOT RUN" starttime="20241128 19:39:28.126" endtime="20241128 19:39:28.139"/>
</iter>
<status status="NOT RUN" starttime="20241128 19:39:28.125" endtime="20241128 19:39:28.139"/>
</for>
<msg timestamp="20241128 19:39:28.140" level="INFO">${assertion_message} = None</msg>
<status status="PASS" starttime="20241128 19:39:28.122" endtime="20241128 19:39:28.140"/>
</kw>
<kw name="Log To Console" library="BuiltIn">
<arg>${assertion_message}</arg>
<doc>Logs the given message to the console.</doc>
<status status="PASS" starttime="20241128 19:39:28.140" endtime="20241128 19:39:28.142"/>
</kw>
<kw name="send-action-sequence-message">
<arg>${flowActionSequence}[flowActionSequenceHistoryId]</arg>
<arg>COMPLETED</arg>
<arg>${action}</arg>
<arg>${input}</arg>
<arg>${EMPTY}</arg>
<arg>${assertion_message}</arg>
<kw name="is-value-not-none" library="UTIL_Collection">
<var>${is_selector_exists}</var>
<arg>${action}</arg>
<arg>selector</arg>
<tag>util</tag>
<doc>checks whether the key exists in dicitonary</doc>
<kw name="Run Keyword And Return Status" library="BuiltIn">
<var>${no_none_exists}</var>
<arg>dictionary should contain key</arg>
<arg>${dictionary}</arg>
<arg>${key}</arg>
<doc>Runs the given keyword with given arguments and returns the status as a Boolean value.</doc>
<kw name="Dictionary Should Contain Key" library="Collections">
<arg>${dictionary}</arg>
<arg>${key}</arg>
<doc>Fails if ``key`` is not found from ``dictionary``.</doc>
<msg timestamp="20241128 19:39:28.154" level="FAIL">Dictionary does not contain key 'selector'.</msg>
<status status="FAIL" starttime="20241128 19:39:28.152" endtime="20241128 19:39:28.154"/>
</kw>
<msg timestamp="20241128 19:39:28.154" level="INFO">${no_none_exists} = False</msg>
<status status="PASS" starttime="20241128 19:39:28.152" endtime="20241128 19:39:28.154"/>
</kw>
<if>
<branch type="IF" condition="$no_none_exists == $True">
<kw name="Set Variable" library="BuiltIn">
<var>${values}</var>
<arg>${dictionary}[${key}]</arg>
<doc>Returns the given values which can then be assigned to a variables.</doc>
<status status="NOT RUN" starttime="20241128 19:39:28.155" endtime="20241128 19:39:28.155"/>
</kw>
<if>
<branch type="IF" condition="$values != $None">
<kw name="Set Variable" library="BuiltIn">
<var>${no_none_exists}</var>
<arg>${True}</arg>
<doc>Returns the given values which can then be assigned to a variables.</doc>
<status status="NOT RUN" starttime="20241128 19:39:28.157" endtime="20241128 19:39:28.157"/>
</kw>
<status status="NOT RUN" starttime="20241128 19:39:28.157" endtime="20241128 19:39:28.157"/>
</branch>
<branch type="ELSE">
<kw name="Set Variable" library="BuiltIn">
<var>${no_none_exists}</var>
<arg>${False}</arg>
<doc>Returns the given values which can then be assigned to a variables.</doc>
<status status="NOT RUN" starttime="20241128 19:39:28.158" endtime="20241128 19:39:28.158"/>
</kw>
<status status="NOT RUN" starttime="20241128 19:39:28.157" endtime="20241128 19:39:28.158"/>
</branch>
<status status="NOT RUN" starttime="20241128 19:39:28.155" endtime="20241128 19:39:28.158"/>
</if>
<status status="NOT RUN" starttime="20241128 19:39:28.155" endtime="20241128 19:39:28.159"/>
</branch>
<status status="PASS" starttime="20241128 19:39:28.154" endtime="20241128 19:39:28.159"/>
</if>
<return>
<value>${no_none_exists}</value>
<status status="PASS" starttime="20241128 19:39:28.159" endtime="20241128 19:39:28.159"/>
</return>
<msg timestamp="20241128 19:39:28.160" level="INFO">${is_selector_exists} = False</msg>
<status status="PASS" starttime="20241128 19:39:28.151" endtime="20241128 19:39:28.160"/>
</kw>
<if>
<branch type="IF" condition="$is_selector_exists">
<kw name="Set Variable" library="BuiltIn">
<var>${xpath}</var>
<arg>${action}[selector][xpath]</arg>
<doc>Returns the given values which can then be assigned to a variables.</doc>
<status status="NOT RUN" starttime="20241128 19:39:28.161" endtime="20241128 19:39:28.161"/>
</kw>
<status status="NOT RUN" starttime="20241128 19:39:28.161" endtime="20241128 19:39:28.161"/>
</branch>
<branch type="ELSE">
<kw name="Set Variable" library="BuiltIn">
<var>${xpath}</var>
<arg>${EMPTY}</arg>
<doc>Returns the given values which can then be assigned to a variables.</doc>
<msg timestamp="20241128 19:39:28.163" level="INFO">${xpath} = </msg>
<status status="PASS" starttime="20241128 19:39:28.161" endtime="20241128 19:39:28.163"/>
</kw>
<status status="PASS" starttime="20241128 19:39:28.161" endtime="20241128 19:39:28.163"/>
</branch>
<status status="PASS" starttime="20241128 19:39:28.160" endtime="20241128 19:39:28.163"/>
</if>
<kw name="Create Dictionary" library="BuiltIn">
<var>${response_message}</var>
<arg>flowActionSequenceHistoryId=${flowActionSequenceHistoryId}</arg>
<arg>status=${status}</arg>
<arg>actionName=${action}[name]</arg>
<arg>actionType=${action}[type]</arg>
<arg>actionXpath=${xpath}</arg>
<arg>inputValue=${input}[value]</arg>
<arg>errorMessage=${errorMessage}</arg>
<arg>assertionMessage=${assertionMessage}</arg>
<doc>Creates and returns a dictionary based on the given ``items``.</doc>
<msg timestamp="20241128 19:39:28.164" level="INFO">${response_message} = {'flowActionSequenceHistoryId': '5', 'status': 'COMPLETED', 'actionName': 'Launch browser', 'actionType': 'LAUNCH_BROWSER', 'actionXpath': '', 'inputValue': 'https://iassistant.ideas2it.com/', 'errorM...</msg>
<status status="PASS" starttime="20241128 19:39:28.163" endtime="20241128 19:39:28.164"/>
</kw>
<kw name="Push response message to kafka topic" library="UTIL_Common">
<arg>${response_message}</arg>
<tag>function</tag>
<doc>push the response message to kafka topic</doc>
<kw name="Evaluate" library="BuiltIn">
<var>${json_response}</var>
<arg>json.dumps(${payload_response_msg})</arg>
<arg>json</arg>
<doc>Evaluates the given expression in Python and returns the result.</doc>
<msg timestamp="20241128 19:39:28.171" level="INFO">${json_response} = {"flowActionSequenceHistoryId": "5", "status": "COMPLETED", "actionName": "Launch browser", "actionType": "LAUNCH_BROWSER", "actionXpath": "", "inputValue": "https://iassistant.ideas2it.com/", "errorM...</msg>
<status status="PASS" starttime="20241128 19:39:28.166" endtime="20241128 19:39:28.171"/>
</kw>
<kw name="Push Message To Topic" library="TopicProducer">
<var>${producer_response}</var>
<arg>${json_response}</arg>
<doc>Kafka Producer to send the response as json message and push it</doc>
<msg timestamp="20241128 19:39:28.180" level="INFO">Message delivered to response_topic [0]</msg>
<msg timestamp="20241128 19:39:28.180" level="INFO">${producer_response} = &lt;function delivery_report at 0x00000258CBBDC430&gt;</msg>
<status status="PASS" starttime="20241128 19:39:28.172" endtime="20241128 19:39:28.180"/>
</kw>
<kw name="Log To Console" library="BuiltIn">
<arg>kafka_producer_response:${producer_response}</arg>
<doc>Logs the given message to the console.</doc>
<status status="PASS" starttime="20241128 19:39:28.181" endtime="20241128 19:39:28.182"/>
</kw>
<return>
<value>${producer_response}</value>
<status status="PASS" starttime="20241128 19:39:28.182" endtime="20241128 19:39:28.182"/>
</return>
<status status="PASS" starttime="20241128 19:39:28.165" endtime="20241128 19:39:28.182"/>
</kw>
<status status="PASS" starttime="20241128 19:39:28.145" endtime="20241128 19:39:28.182"/>
</kw>
<kw name="Sleep" library="BuiltIn">
<arg>${input}[waitAfterAction]s</arg>
<doc>Pauses the test executed for the given time.</doc>
<msg timestamp="20241128 19:39:28.183" level="INFO">Slept 0 seconds</msg>
<status status="PASS" starttime="20241128 19:39:28.183" endtime="20241128 19:39:28.184"/>
</kw>
<status status="PASS" starttime="20241128 19:39:25.760" endtime="20241128 19:39:28.184"/>
</branch>
<branch type="EXCEPT" variable="${error_message}">
<kw name="Log To Console" library="BuiltIn">
<arg>${error_message}</arg>
<doc>Logs the given message to the console.</doc>
<status status="NOT RUN" starttime="20241128 19:39:28.186" endtime="20241128 19:39:28.187"/>
</kw>
<kw name="send-action-sequence-message">
<arg>${flowActionSequence}[flowActionSequenceHistoryId]</arg>
<arg>FAILED</arg>
<arg>${action}</arg>
<arg>${input}</arg>
<arg>${error_message}</arg>
<status status="NOT RUN" starttime="20241128 19:39:28.188" endtime="20241128 19:39:28.188"/>
</kw>
<kw name="ex-fail" library="EX_Exception">
<arg>${error_message}</arg>
<tag>exception</tag>
<doc>wrapper over the builtin Fail keyword, to support additional operations during failure</doc>
<status status="NOT RUN" starttime="20241128 19:39:28.189" endtime="20241128 19:39:28.189"/>
</kw>
<status status="NOT RUN" starttime="20241128 19:39:28.185" endtime="20241128 19:39:28.189"/>
</branch>
<status status="PASS" starttime="20241128 19:39:25.760" endtime="20241128 19:39:28.190"/>
</try>
<status status="PASS" starttime="20241128 19:39:25.760" endtime="20241128 19:39:28.190"/>
</iter>
<iter>
<var name="${flowActionSequence}">{'id': '2', 'actionId': '2', 'flowId': '1', 'order': 1, 'createdAt': '2024-11-28T07:02:35.067Z', 'updatedAt': '2024-11-28T07:02:35.067Z', 'action': {'id': '2', 'name': 'Set username', 'type': 'TYPE_TE...</var>
<try>
<branch type="TRY">
<kw name="Set Variable" library="BuiltIn">
<var>${action}</var>
<arg>${flowActionSequence}[action]</arg>
<doc>Returns the given values which can then be assigned to a variables.</doc>
<msg timestamp="20241128 19:39:28.192" level="INFO">${action} = {'id': '2', 'name': 'Set username', 'type': 'TYPE_TEXT', 'selectorI': '1', 'valueRege': '', 'projectId': '1', 'enter': None, 'createdAt': '2024-11-28T06:56:18.180Z', 'updatedAt': '2024-11-28T06:56:18....</msg>
<status status="PASS" starttime="20241128 19:39:28.191" endtime="20241128 19:39:28.192"/>
</kw>
<kw name="Log To Console" library="BuiltIn">
<arg>Action Name: ${action}[name]</arg>
<doc>Logs the given message to the console.</doc>
<status status="PASS" starttime="20241128 19:39:28.192" endtime="20241128 19:39:28.193"/>
</kw>
<kw name="Get Selected Input" library="Common_util">
<var>${input}</var>
<arg>${flowActionSequence}</arg>
<msg timestamp="20241128 19:39:28.194" level="INFO">${input} = {'id': '2', 'actionId': '2', 'name': 'Bharani', 'value': 'bharani@ideas2it.com', 'waitAfterAction': '0', 'isDefault': True, 'createdAt': '2024-11-28T06:56:18.421Z', 'updatedAt': '2024-11-28T06:56:28.0...</msg>
<status status="PASS" starttime="20241128 19:39:28.193" endtime="20241128 19:39:28.194"/>
</kw>
<if>
<branch type="IF" condition="$input == $None">
<kw name="Log To Console" library="BuiltIn">
<arg>Input not found for this action. Terminate the test case here!!!</arg>
<doc>Logs the given message to the console.</doc>
<status status="NOT RUN" starttime="20241128 19:39:28.195" endtime="20241128 19:39:28.195"/>
</kw>
<kw name="ex-fail" library="EX_Exception">
<arg>INPUT_NOT_FOUND_IN_ACTION</arg>
<tag>exception</tag>
<doc>wrapper over the builtin Fail keyword, to support additional operations during failure</doc>
<status status="NOT RUN" starttime="20241128 19:39:28.196" endtime="20241128 19:39:28.196"/>
</kw>
<status status="NOT RUN" starttime="20241128 19:39:28.194" endtime="20241128 19:39:28.196"/>
</branch>
<status status="PASS" starttime="20241128 19:39:28.194" endtime="20241128 19:39:28.196"/>
</if>
<kw name="execute-action">
<var>${value}</var>
<arg>${action}</arg>
<arg>${input}</arg>
<kw name="Set Variable" library="BuiltIn">
<var>${value}</var>
<arg>${input}[value]</arg>
<doc>Returns the given values which can then be assigned to a variables.</doc>
<msg timestamp="20241128 19:39:28.198" level="INFO">${value} = bharani@ideas2it.com</msg>
<status status="PASS" starttime="20241128 19:39:28.198" endtime="20241128 19:39:28.198"/>
</kw>
<if>
<branch type="IF" condition="'${action}[type]' == '${LAUNCH_BROWSER}'">
<kw name="new-page" library="COMP_BrowserContext">
<arg>${input}[value]</arg>
<status status="NOT RUN" starttime="20241128 19:39:28.199" endtime="20241128 19:39:28.199"/>
</kw>
<status status="NOT RUN" starttime="20241128 19:39:28.199" endtime="20241128 19:39:28.199"/>
</branch>
<branch type="ELSE IF" condition="'${action}[type]' == '${NEW_PAGE}'">
<kw name="new-page" library="COMP_BrowserContext">
<arg>${input}[value]</arg>
<status status="NOT RUN" starttime="20241128 19:39:28.200" endtime="20241128 19:39:28.200"/>
</kw>
<status status="NOT RUN" starttime="20241128 19:39:28.200" endtime="20241128 19:39:28.201"/>
</branch>
<branch type="ELSE IF" condition="'${action}[type]' == '${CLICK}'">
<kw name="left-click" library="COMP_Button">
<arg>${action}[selector][xpath]</arg>
<tag>component</tag>
<doc>Performs left click operation on button</doc>
<status status="NOT RUN" starttime="20241128 19:39:28.206" endtime="20241128 19:39:28.207"/>
</kw>
<status status="NOT RUN" starttime="20241128 19:39:28.201" endtime="20241128 19:39:28.207"/>
</branch>
<branch type="ELSE IF" condition="'${action}[type]' == '${DOUBLE_CLICK}'">
<kw name="left-click" library="COMP_Button">
<arg>${action}[selector][xpath]</arg>
<tag>component</tag>
<doc>Performs left click operation on button</doc>
<status status="NOT RUN" starttime="20241128 19:39:28.229" endtime="20241128 19:39:28.229"/>
</kw>
<kw name="left-click" library="COMP_Button">
<arg>${action}[selector][xpath]</arg>
<tag>component</tag>
<doc>Performs left click operation on button</doc>
<status status="NOT RUN" starttime="20241128 19:39:28.234" endtime="20241128 19:39:28.235"/>
</kw>
<status status="NOT RUN" starttime="20241128 19:39:28.209" endtime="20241128 19:39:28.237"/>
</branch>
<branch type="ELSE IF" condition="'${action}[type]' == '${GET_DROPDOWN_VALUE}'">
<kw name="get-selected-option" library="COMP_Select">
<var>${value}</var>
<arg>${action}[selector][xpath]</arg>
<tag>component</tag>
<doc>Gets the selected option
Error will thrown if multiple options selected</doc>
<status status="NOT RUN" starttime="20241128 19:39:28.241" endtime="20241128 19:39:28.241"/>
</kw>
<status status="NOT RUN" starttime="20241128 19:39:28.239" endtime="20241128 19:39:28.241"/>
</branch>
<branch type="ELSE IF" condition="'${action}[type]' == '${SET_DROPDOWN_VALUE}'">
<kw name="select-single-option" library="COMP_Select">
<arg>${action}[selector][xpath]</arg>
<arg>${input}[value]</arg>
<tag>component</tag>
<doc>Selects the option by given attribute</doc>
<status status="NOT RUN" starttime="20241128 19:39:28.246" endtime="20241128 19:39:28.246"/>
</kw>
<status status="NOT RUN" starttime="20241128 19:39:28.242" endtime="20241128 19:39:28.246"/>
</branch>
<branch type="ELSE IF" condition="'${action}[type]' == '${TYPE_TEXT}'">
<kw name="set-value" library="COMP_Textbox">
<arg>${action}[selector][xpath]</arg>
<arg>${input}[value]</arg>
<tag>component</tag>
<doc>Updates Field Value and checks for post condition
And retries if the retry value is provided</doc>
<kw name="validate-precondition" library="COMP_Textbox">
<arg>${selector}</arg>
<tag>robot:private</tag>
<doc>Method used to validate if the selector is actually an input
Also used to validate the input element before performing any action
...
INPUT:
id=username: string</doc>
<kw name="fail-if-not-attached-after-wait" library="UTIL_Validation">
<arg>${selector}</arg>
<tag>util</tag>
<doc>Throws error if the element is not attached to the DOM
after waiting for the element state</doc>
<kw name="is-attached-after-wait" library="UTIL_BrowserHelper">
<var>${is_attached}</var>
<arg>${selector}</arg>
<tag>util</tag>
<doc>checks whether the given selector is attached to the DOM
after waiting for the element state</doc>
<try>
<branch type="TRY">
<kw name="is-element-state-appear-after-wait" library="UTIL_BrowserHelper">
<var>${result}</var>
<arg>${selector}</arg>
<arg>${ELEMENT_STATE_ATTACHED}</arg>
<tag>util</tag>
<doc>Used to get the element state
after waiting for the element state</doc>
<try>
<branch type="TRY">
<kw name="Run Keyword And Return Status" library="BuiltIn">
<var>${result}</var>
<arg>RPA.Browser.Playwright.Wait For Elements State</arg>
<arg>${selector}</arg>
<arg>${state}</arg>
<arg>timeout=12s</arg>
<doc>Runs the given keyword with given arguments and returns the status as a Boolean value.</doc>
<kw name="Wait For Elements State" library="RPA.Browser.Playwright">
<arg>${selector}</arg>
<arg>${state}</arg>
<arg>timeout=12s</arg>
<tag>PageContent</tag>
<tag>Wait</tag>
<doc>Waits for the element found by ``selector`` to satisfy state option.</doc>
<msg timestamp="20241128 19:39:28.311" level="INFO">Waited for Element with selector id=username at state attached</msg>
<status status="PASS" starttime="20241128 19:39:28.260" endtime="20241128 19:39:28.311"/>
</kw>
<msg timestamp="20241128 19:39:28.312" level="INFO">${result} = True</msg>
<status status="PASS" starttime="20241128 19:39:28.260" endtime="20241128 19:39:28.312"/>
</kw>
<return>
<value>${result}</value>
<status status="PASS" starttime="20241128 19:39:28.312" endtime="20241128 19:39:28.312"/>
</return>
<status status="PASS" starttime="20241128 19:39:28.259" endtime="20241128 19:39:28.312"/>
</branch>
<branch type="EXCEPT" variable="${error_message}">
<kw name="Log To Console" library="BuiltIn">
<arg>Error while getting element state: ${error_message}</arg>
<arg>ERROR</arg>
<doc>Logs the given message to the console.</doc>
<status status="NOT RUN" starttime="20241128 19:39:28.313" endtime="20241128 19:39:28.313"/>
</kw>
<kw name="ex-fail" library="EX_Exception">
<arg>ELEMENT_NOT_ATTACHED</arg>
<tag>exception</tag>
<doc>wrapper over the builtin Fail keyword, to support additional operations during failure</doc>
<status status="NOT RUN" starttime="20241128 19:39:28.314" endtime="20241128 19:39:28.314"/>
</kw>
<status status="NOT RUN" starttime="20241128 19:39:28.312" endtime="20241128 19:39:28.314"/>
</branch>
<status status="PASS" starttime="20241128 19:39:28.259" endtime="20241128 19:39:28.314"/>
</try>
<msg timestamp="20241128 19:39:28.314" level="INFO">${result} = True</msg>
<status status="PASS" starttime="20241128 19:39:28.259" endtime="20241128 19:39:28.314"/>
</kw>
<return>
<value>${result}</value>
<status status="PASS" starttime="20241128 19:39:28.314" endtime="20241128 19:39:28.314"/>
</return>
<status status="PASS" starttime="20241128 19:39:28.257" endtime="20241128 19:39:28.315"/>
</branch>
<branch type="EXCEPT">
<return>
<value>${False}</value>
<status status="NOT RUN" starttime="20241128 19:39:28.315" endtime="20241128 19:39:28.315"/>
</return>
<status status="NOT RUN" starttime="20241128 19:39:28.315" endtime="20241128 19:39:28.315"/>
</branch>
<status status="PASS" starttime="20241128 19:39:28.257" endtime="20241128 19:39:28.315"/>
</try>
<msg timestamp="20241128 19:39:28.316" level="INFO">${is_attached} = True</msg>
<status status="PASS" starttime="20241128 19:39:28.257" endtime="20241128 19:39:28.316"/>
</kw>
<kw name="fail-keyword-if" library="UTIL_Validation">
<arg>${is_attached == False}</arg>
<arg>${message}</arg>
<tag>util</tag>
<doc>Throws error with a custom message if given condition satisifes
first argument must be an expression/boolean
second argument must a message
Eg: fail-keyword-if {var1 == var2} {message}</doc>
<if>
<branch type="IF" condition="${condition}">
<kw name="Log To Console" library="BuiltIn">
<arg>Conditional exception: ${message}</arg>
<arg>ERROR</arg>
<doc>Logs the given message to the console.</doc>
<status status="NOT RUN" starttime="20241128 19:39:28.322" endtime="20241128 19:39:28.322"/>
</kw>
<kw name="ex-fail" library="EX_Exception">
<arg>${message}</arg>
<tag>exception</tag>
<doc>wrapper over the builtin Fail keyword, to support additional operations during failure</doc>
<status status="NOT RUN" starttime="20241128 19:39:28.322" endtime="20241128 19:39:28.322"/>
</kw>
<status status="NOT RUN" starttime="20241128 19:39:28.322" endtime="20241128 19:39:28.323"/>
</branch>
<status status="PASS" starttime="20241128 19:39:28.321" endtime="20241128 19:39:28.323"/>
</if>
<status status="PASS" starttime="20241128 19:39:28.319" endtime="20241128 19:39:28.323"/>
</kw>
<status status="PASS" starttime="20241128 19:39:28.255" endtime="20241128 19:39:28.323"/>
</kw>
<kw name="fail-if-not-a-textbox" library="UTIL_Validation">
<arg>${selector}</arg>
<tag>util</tag>
<doc>Throws error if the element is not a valid textbox</doc>
<try>
<branch type="TRY">
<kw name="get-property" library="UTIL_BrowserHelper">
<var>${tag_name}</var>
<arg>${selector}</arg>
<arg>tagName</arg>
<tag>util</tag>
<doc>Method used to get property</doc>
<kw name="fail-if-not-attached-after-wait" library="UTIL_Validation">
<arg>${selector}</arg>
<tag>util</tag>
<doc>Throws error if the element is not attached to the DOM
after waiting for the element state</doc>
<kw name="is-attached-after-wait" library="UTIL_BrowserHelper">
<var>${is_attached}</var>
<arg>${selector}</arg>
<tag>util</tag>
<doc>checks whether the given selector is attached to the DOM
after waiting for the element state</doc>
<try>
<branch type="TRY">
<kw name="is-element-state-appear-after-wait" library="UTIL_BrowserHelper">
<var>${result}</var>
<arg>${selector}</arg>
<arg>${ELEMENT_STATE_ATTACHED}</arg>
<tag>util</tag>
<doc>Used to get the element state
after waiting for the element state</doc>
<try>
<branch type="TRY">
<kw name="Run Keyword And Return Status" library="BuiltIn">
<var>${result}</var>
<arg>RPA.Browser.Playwright.Wait For Elements State</arg>
<arg>${selector}</arg>
<arg>${state}</arg>
<arg>timeout=12s</arg>
<doc>Runs the given keyword with given arguments and returns the status as a Boolean value.</doc>
<kw name="Wait For Elements State" library="RPA.Browser.Playwright">
<arg>${selector}</arg>
<arg>${state}</arg>
<arg>timeout=12s</arg>
<tag>PageContent</tag>
<tag>Wait</tag>
<doc>Waits for the element found by ``selector`` to satisfy state option.</doc>
<msg timestamp="20241128 19:39:28.347" level="INFO">Waited for Element with selector id=username at state attached</msg>
<status status="PASS" starttime="20241128 19:39:28.337" endtime="20241128 19:39:28.347"/>
</kw>
<msg timestamp="20241128 19:39:28.348" level="INFO">${result} = True</msg>
<status status="PASS" starttime="20241128 19:39:28.336" endtime="20241128 19:39:28.348"/>
</kw>
<return>
<value>${result}</value>
<status status="PASS" starttime="20241128 19:39:28.348" endtime="20241128 19:39:28.348"/>
</return>
<status status="PASS" starttime="20241128 19:39:28.336" endtime="20241128 19:39:28.348"/>
</branch>
<branch type="EXCEPT" variable="${error_message}">
<kw name="Log To Console" library="BuiltIn">
<arg>Error while getting element state: ${error_message}</arg>
<arg>ERROR</arg>
<doc>Logs the given message to the console.</doc>
<status status="NOT RUN" starttime="20241128 19:39:28.349" endtime="20241128 19:39:28.349"/>
</kw>
<kw name="ex-fail" library="EX_Exception">
<arg>ELEMENT_NOT_ATTACHED</arg>
<tag>exception</tag>
<doc>wrapper over the builtin Fail keyword, to support additional operations during failure</doc>
<status status="NOT RUN" starttime="20241128 19:39:28.349" endtime="20241128 19:39:28.349"/>
</kw>
<status status="NOT RUN" starttime="20241128 19:39:28.348" endtime="20241128 19:39:28.349"/>
</branch>
<status status="PASS" starttime="20241128 19:39:28.336" endtime="20241128 19:39:28.350"/>
</try>
<msg timestamp="20241128 19:39:28.350" level="INFO">${result} = True</msg>
<status status="PASS" starttime="20241128 19:39:28.335" endtime="20241128 19:39:28.350"/>
</kw>
<return>
<value>${result}</value>
<status status="PASS" starttime="20241128 19:39:28.350" endtime="20241128 19:39:28.350"/>
</return>
<status status="PASS" starttime="20241128 19:39:28.333" endtime="20241128 19:39:28.350"/>
</branch>
<branch type="EXCEPT">
<return>
<value>${False}</value>
<status status="NOT RUN" starttime="20241128 19:39:28.351" endtime="20241128 19:39:28.351"/>
</return>
<status status="NOT RUN" starttime="20241128 19:39:28.350" endtime="20241128 19:39:28.351"/>
</branch>
<status status="PASS" starttime="20241128 19:39:28.333" endtime="20241128 19:39:28.351"/>
</try>
<msg timestamp="20241128 19:39:28.351" level="INFO">${is_attached} = True</msg>
<status status="PASS" starttime="20241128 19:39:28.332" endtime="20241128 19:39:28.351"/>
</kw>
<kw name="fail-keyword-if" library="UTIL_Validation">
<arg>${is_attached == False}</arg>
<arg>${message}</arg>
<tag>util</tag>
<doc>Throws error with a custom message if given condition satisifes
first argument must be an expression/boolean
second argument must a message
Eg: fail-keyword-if {var1 == var2} {message}</doc>
<if>
<branch type="IF" condition="${condition}">
<kw name="Log To Console" library="BuiltIn">
<arg>Conditional exception: ${message}</arg>
<arg>ERROR</arg>
<doc>Logs the given message to the console.</doc>
<status status="NOT RUN" starttime="20241128 19:39:28.354" endtime="20241128 19:39:28.354"/>
</kw>
<kw name="ex-fail" library="EX_Exception">
<arg>${message}</arg>
<tag>exception</tag>
<doc>wrapper over the builtin Fail keyword, to support additional operations during failure</doc>
<status status="NOT RUN" starttime="20241128 19:39:28.354" endtime="20241128 19:39:28.354"/>
</kw>
<status status="NOT RUN" starttime="20241128 19:39:28.354" endtime="20241128 19:39:28.354"/>
</branch>
<status status="PASS" starttime="20241128 19:39:28.353" endtime="20241128 19:39:28.354"/>
</if>
<status status="PASS" starttime="20241128 19:39:28.352" endtime="20241128 19:39:28.354"/>
</kw>
<status status="PASS" starttime="20241128 19:39:28.331" endtime="20241128 19:39:28.354"/>
</kw>
<try>
<branch type="TRY">
<kw name="Get Property" library="RPA.Browser.Playwright">
<var>${property}</var>
<arg>${selector}</arg>
<arg>${property_name}</arg>
<tag>Assertion</tag>
<tag>Getter</tag>
<tag>PageContent</tag>
<doc>Returns the ``property`` of the element found by ``selector``.</doc>
<msg timestamp="20241128 19:39:28.380" level="INFO">Property: 'INPUT'</msg>
<msg timestamp="20241128 19:39:28.380" level="INFO">${property} = INPUT</msg>
<status status="PASS" starttime="20241128 19:39:28.354" endtime="20241128 19:39:28.380"/>
</kw>
<return>
<value>${property}</value>
<status status="PASS" starttime="20241128 19:39:28.380" endtime="20241128 19:39:28.380"/>
</return>
<status status="PASS" starttime="20241128 19:39:28.354" endtime="20241128 19:39:28.380"/>
</branch>
<branch type="EXCEPT" variable="${error_message}">
<kw name="Log To Console" library="BuiltIn">
<arg>${error_message}</arg>
<arg>ERROR</arg>
<doc>Logs the given message to the console.</doc>
<status status="NOT RUN" starttime="20241128 19:39:28.380" endtime="20241128 19:39:28.380"/>
</kw>
<kw name="ex-fail" library="EX_Exception">
<arg>INVALID_BROWSER_ELEMENT_PROPERTY</arg>
<tag>exception</tag>
<doc>wrapper over the builtin Fail keyword, to support additional operations during failure</doc>
<status status="NOT RUN" starttime="20241128 19:39:28.381" endtime="20241128 19:39:28.381"/>
</kw>
<status status="NOT RUN" starttime="20241128 19:39:28.380" endtime="20241128 19:39:28.381"/>
</branch>
<status status="PASS" starttime="20241128 19:39:28.354" endtime="20241128 19:39:28.381"/>
</try>
<msg timestamp="20241128 19:39:28.381" level="INFO">${tag_name} = INPUT</msg>
<status status="PASS" starttime="20241128 19:39:28.328" endtime="20241128 19:39:28.381"/>
</kw>
<kw name="fail-keyword-if" library="UTIL_Validation">
<arg>${tag_name != 'INPUT'}</arg>
<arg>${message}</arg>
<tag>util</tag>
<doc>Throws error with a custom message if given condition satisifes
first argument must be an expression/boolean
second argument must a message
Eg: fail-keyword-if {var1 == var2} {message}</doc>
<if>
<branch type="IF" condition="${condition}">
<kw name="Log To Console" library="BuiltIn">
<arg>Conditional exception: ${message}</arg>
<arg>ERROR</arg>
<doc>Logs the given message to the console.</doc>
<status status="NOT RUN" starttime="20241128 19:39:28.383" endtime="20241128 19:39:28.384"/>
</kw>
<kw name="ex-fail" library="EX_Exception">
<arg>${message}</arg>
<tag>exception</tag>
<doc>wrapper over the builtin Fail keyword, to support additional operations during failure</doc>
<status status="NOT RUN" starttime="20241128 19:39:28.384" endtime="20241128 19:39:28.384"/>
</kw>
<status status="NOT RUN" starttime="20241128 19:39:28.383" endtime="20241128 19:39:28.384"/>
</branch>
<status status="PASS" starttime="20241128 19:39:28.383" endtime="20241128 19:39:28.384"/>
</if>
<status status="PASS" starttime="20241128 19:39:28.382" endtime="20241128 19:39:28.384"/>
</kw>
<status status="PASS" starttime="20241128 19:39:28.326" endtime="20241128 19:39:28.384"/>
</branch>
<branch type="EXCEPT">
<pattern>INVALID_BROWSER_ELEMENT_PROPERTY</pattern>
<kw name="ex-fail" library="EX_Exception">
<arg>${message}</arg>
<tag>exception</tag>
[...]
</branch>
<branch type="ELSE IF" condition="'${action}[type]' == '${GET_TEXTBOX_VALUE}'">
<kw name="get-value" library="COMP_Textbox">
<var>${value}</var>
<arg>${action}[selector][xpath]</arg>
<tag>component</tag>
<doc>Returns Field Value</doc>
<status status="NOT RUN" starttime="20241128 20:17:53.782" endtime="20241128 20:17:53.784"/>
</kw>
<status status="NOT RUN" starttime="20241128 20:17:53.781" endtime="20241128 20:17:53.784"/>
</branch>
<branch type="ELSE IF" condition="'${action}[type]' == '${GET_CHECKBOX_VALUE}'">
<kw name="get-value" library="COMP_Checkbox">
<var>${value}</var>
<arg>${action}[selector][xpath]</arg>
<tag>component</tag>
<doc>Gets the current checkbox status</doc>
<status status="NOT RUN" starttime="20241128 20:17:53.785" endtime="20241128 20:17:53.785"/>
</kw>
<if>
<branch type="IF" condition="${value}">
<kw name="Set Variable" library="BuiltIn">
<var>${value}</var>
<arg>TRUE</arg>
<doc>Returns the given values which can then be assigned to a variables.</doc>
<status status="NOT RUN" starttime="20241128 20:17:53.786" endtime="20241128 20:17:53.786"/>
</kw>
<status status="NOT RUN" starttime="20241128 20:17:53.785" endtime="20241128 20:17:53.786"/>
</branch>
<branch type="ELSE">
<kw name="Set Variable" library="BuiltIn">
<var>${value}</var>
<arg>FALSE</arg>
<doc>Returns the given values which can then be assigned to a variables.</doc>
<status status="NOT RUN" starttime="20241128 20:17:53.786" endtime="20241128 20:17:53.786"/>
</kw>
<status status="NOT RUN" starttime="20241128 20:17:53.786" endtime="20241128 20:17:53.786"/>
</branch>
<status status="NOT RUN" starttime="20241128 20:17:53.785" endtime="20241128 20:17:53.786"/>
</if>
<status status="NOT RUN" starttime="20241128 20:17:53.784" endtime="20241128 20:17:53.786"/>
</branch>
<branch type="ELSE IF" condition="'${action}[type]' == '${SET_CHECKBOX_VALUE}'">
<kw name="evaluate(${input}[value] == TRUE)">
<var>${select}</var>
<status status="NOT RUN" starttime="20241128 20:17:53.793" endtime="20241128 20:17:53.793"/>
</kw>
<kw name="set-value" library="COMP_Checkbox">
<arg>${action}[selector][xpath]</arg>
<arg>${select}</arg>
<tag>component</tag>
<doc>Updates the Field value and checks for post condition
And retries if the retry value is provided</doc>
<status status="NOT RUN" starttime="20241128 20:17:53.797" endtime="20241128 20:17:53.797"/>
</kw>
<status status="NOT RUN" starttime="20241128 20:17:53.787" endtime="20241128 20:17:53.797"/>
</branch>
<branch type="ELSE IF" condition="'${action}[type]' == '${GET_RADIO_VALUE}'">
<kw name="get-value" library="COMP_Checkbox">
<var>${value}</var>
<arg>${action}[selector][xpath]</arg>
<tag>component</tag>
<doc>Gets the current checkbox status</doc>
<status status="NOT RUN" starttime="20241128 20:17:53.799" endtime="20241128 20:17:53.799"/>
</kw>
<if>
<branch type="IF" condition="${value}">
<kw name="Set Variable" library="BuiltIn">
<var>${value}</var>
<arg>TRUE</arg>
<doc>Returns the given values which can then be assigned to a variables.</doc>
<status status="NOT RUN" starttime="20241128 20:17:53.799" endtime="20241128 20:17:53.799"/>
</kw>
<status status="NOT RUN" starttime="20241128 20:17:53.799" endtime="20241128 20:17:53.800"/>
</branch>
<branch type="ELSE">
<kw name="Set Variable" library="BuiltIn">
<var>${value}</var>
<arg>FALSE</arg>
<doc>Returns the given values which can then be assigned to a variables.</doc>
<status status="NOT RUN" starttime="20241128 20:17:53.800" endtime="20241128 20:17:53.800"/>
</kw>
<status status="NOT RUN" starttime="20241128 20:17:53.800" endtime="20241128 20:17:53.800"/>
</branch>
<status status="NOT RUN" starttime="20241128 20:17:53.799" endtime="20241128 20:17:53.800"/>
</if>
<status status="NOT RUN" starttime="20241128 20:17:53.797" endtime="20241128 20:17:53.800"/>
</branch>
<branch type="ELSE IF" condition="'${action}[type]' == '${SET_RADIO_VALUE}'">
<kw name="evaluate(${input}[value] == TRUE)">
<var>${select}</var>
<status status="NOT RUN" starttime="20241128 20:17:53.806" endtime="20241128 20:17:53.807"/>
</kw>
<kw name="set-value" library="COMP_Checkbox">
<arg>${action}[selector][xpath]</arg>
<arg>${select}</arg>
<tag>component</tag>
<doc>Updates the Field value and checks for post condition
And retries if the retry value is provided</doc>
<status status="NOT RUN" starttime="20241128 20:17:53.810" endtime="20241128 20:17:53.810"/>
</kw>
<status status="NOT RUN" starttime="20241128 20:17:53.800" endtime="20241128 20:17:53.810"/>
</branch>
<branch type="ELSE IF" condition="'${action}[type]' == '${IS_ELEMENT_VISIBLE}'">
<kw name="is-attached-after-wait" library="UTIL_BrowserHelper">
<var>${value}</var>
<arg>${action}[selector][xpath]</arg>
<tag>util</tag>
<doc>checks whether the given selector is attached to the DOM
after waiting for the element state</doc>
<status status="NOT RUN" starttime="20241128 20:17:53.812" endtime="20241128 20:17:53.812"/>
</kw>
<if>
<branch type="IF" condition="${value}">
<kw name="Set Variable" library="BuiltIn">
<var>${value}</var>
<arg>TRUE</arg>
<doc>Returns the given values which can then be assigned to a variables.</doc>
<status status="NOT RUN" starttime="20241128 20:17:53.812" endtime="20241128 20:17:53.812"/>
</kw>
<status status="NOT RUN" starttime="20241128 20:17:53.812" endtime="20241128 20:17:53.812"/>
</branch>
<branch type="ELSE">
<kw name="Set Variable" library="BuiltIn">
<var>${value}</var>
<arg>FALSE</arg>
<doc>Returns the given values which can then be assigned to a variables.</doc>
<status status="NOT RUN" starttime="20241128 20:17:53.814" endtime="20241128 20:17:53.814"/>
</kw>
<status status="NOT RUN" starttime="20241128 20:17:53.814" endtime="20241128 20:17:53.814"/>
</branch>
<status status="NOT RUN" starttime="20241128 20:17:53.812" endtime="20241128 20:17:53.814"/>
</if>
<status status="NOT RUN" starttime="20241128 20:17:53.811" endtime="20241128 20:17:53.814"/>
</branch>
<branch type="ELSE IF" condition="'${action}[type]' == '${GET_TEXT}'">
<kw name="get-property" library="UTIL_BrowserHelper">
<var>${value}</var>
<arg>${action}[selector][xpath]</arg>
<arg>innerText</arg>
<tag>util</tag>
<doc>Method used to get property</doc>
<status status="NOT RUN" starttime="20241128 20:17:53.817" endtime="20241128 20:17:53.817"/>
</kw>
<status status="NOT RUN" starttime="20241128 20:17:53.814" endtime="20241128 20:17:53.817"/>
</branch>
<branch type="ELSE">
<kw name="Log To Message">
<arg>Action not developed. Terminate the TestCase here!!!</arg>
<status status="NOT RUN" starttime="20241128 20:17:53.824" endtime="20241128 20:17:53.825"/>
</kw>
<kw name="ex-fail" library="EX_Exception">
<arg>ACTION_NOT_DEVELOPED</arg>
<tag>exception</tag>
<doc>wrapper over the builtin Fail keyword, to support additional operations during failure</doc>
<status status="NOT RUN" starttime="20241128 20:17:53.825" endtime="20241128 20:17:53.825"/>
</kw>
<status status="NOT RUN" starttime="20241128 20:17:53.817" endtime="20241128 20:17:53.825"/>
</branch>
<status status="PASS" starttime="20241128 20:17:53.616" endtime="20241128 20:17:53.825"/>
</if>
<kw name="Log To Console" library="BuiltIn">
<arg>${value}</arg>
<doc>Logs the given message to the console.</doc>
<status status="PASS" starttime="20241128 20:17:53.826" endtime="20241128 20:17:53.827"/>
</kw>
<return>
<value>${value}</value>
<status status="PASS" starttime="20241128 20:17:53.827" endtime="20241128 20:17:53.827"/>
</return>
<msg timestamp="20241128 20:17:53.827" level="INFO">${value} = </msg>
<status status="PASS" starttime="20241128 20:17:53.613" endtime="20241128 20:17:53.827"/>
</kw>
<kw name="perform-assertion">
<var>${assertion_message}</var>
<arg>${ACCUMULATION}</arg>
<arg>${assertions}</arg>
<arg>${testCaseFlowSequence}[id]</arg>
<arg>${flowActionSequence}[id]</arg>
<arg>${value}</arg>
<kw name="Set Variable" library="BuiltIn">
<var>${key}</var>
<arg>testCaseFlowSequenceId:${testCaseFlowSequenceId}::flowActionSequenceId:${flowActionSequenceId}</arg>
<doc>Returns the given values which can then be assigned to a variables.</doc>
<msg timestamp="20241128 20:17:53.828" level="INFO">${key} = testCaseFlowSequenceId:1::flowActionSequenceId:4</msg>
<status status="PASS" starttime="20241128 20:17:53.828" endtime="20241128 20:17:53.828"/>
</kw>
<for flavor="IN">
<var>${assertion}</var>
<value>@{assertions}</value>
<iter>
<var name="${assertion}"/>
<kw name="Set Variable" library="BuiltIn">
<var>${source}</var>
<arg>${assertion}[source]</arg>
<doc>Returns the given values which can then be assigned to a variables.</doc>
<status status="NOT RUN" starttime="20241128 20:17:53.829" endtime="20241128 20:17:53.829"/>
</kw>
<kw name="Set Variable" library="BuiltIn">
<var>${target}</var>
<arg>${assertion}[target]</arg>
<doc>Returns the given values which can then be assigned to a variables.</doc>
<status status="NOT RUN" starttime="20241128 20:17:53.829" endtime="20241128 20:17:53.829"/>
</kw>
<kw name="Set Variable" library="BuiltIn">
<var>${skip}</var>
<arg>${assertion}[skip]</arg>
<doc>Returns the given values which can then be assigned to a variables.</doc>
<status status="NOT RUN" starttime="20241128 20:17:53.830" endtime="20241128 20:17:53.830"/>
</kw>
<kw name="Set Variable" library="BuiltIn">
<var>${operator}</var>
<arg>${assertion}[operator]</arg>
<doc>Returns the given values which can then be assigned to a variables.</doc>
<status status="NOT RUN" starttime="20241128 20:17:53.830" endtime="20241128 20:17:53.830"/>
</kw>
<kw name="Set Variable" library="BuiltIn">
<var>${useCustomTargetValue}</var>
<arg>${assertion}[useCustomTargetValue]</arg>
<doc>Returns the given values which can then be assigned to a variables.</doc>
<status status="NOT RUN" starttime="20241128 20:17:53.830" endtime="20241128 20:17:53.830"/>
</kw>
<kw name="Set Variable" library="BuiltIn">
<var>${customTargetValue}</var>
<arg>${assertion}[customTargetValue]</arg>
<doc>Returns the given values which can then be assigned to a variables.</doc>
<status status="NOT RUN" starttime="20241128 20:17:53.831" endtime="20241128 20:17:53.831"/>
</kw>
<kw name="Set Variable" library="BuiltIn">
<var>${errorMessage}</var>
<arg>${assertion}[errorMessage]</arg>
<doc>Returns the given values which can then be assigned to a variables.</doc>
<status status="NOT RUN" starttime="20241128 20:17:53.831" endtime="20241128 20:17:53.831"/>
</kw>
<kw name="Set To Dictionary" library="Collections">
<arg>${ACCUMULATION}</arg>
<arg>${key}=${value}</arg>
<doc>Adds the given ``key_value_pairs`` and ``items`` to the ``dictionary``.</doc>
<status status="NOT RUN" starttime="20241128 20:17:53.831" endtime="20241128 20:17:53.832"/>
</kw>
<kw name="is-value-not-none" library="UTIL_Collection">
<var>${is_source_exists}</var>
<arg>${ACCUMULATION}</arg>
<arg>${source}</arg>
<tag>util</tag>
<doc>checks whether the key exists in dicitonary</doc>
<status status="NOT RUN" starttime="20241128 20:17:53.834" endtime="20241128 20:17:53.834"/>
</kw>
<kw name="is-value-not-none" library="UTIL_Collection">
<var>${is_target_exists}</var>
<arg>${ACCUMULATION}</arg>
<arg>${target}</arg>
<tag>util</tag>
<doc>checks whether the key exists in dicitonary</doc>
<status status="NOT RUN" starttime="20241128 20:17:53.835" endtime="20241128 20:17:53.836"/>
</kw>
<if>
<branch type="IF" condition="'${source}' == '${key}' and '${is_source_exists}' == '${True}'">
<if>
<branch type="IF" condition="$skip">
<return>
<value>Skipped assertion!!</value>
<status status="NOT RUN" starttime="20241128 20:17:53.836" endtime="20241128 20:17:53.836"/>
</return>
<status status="NOT RUN" starttime="20241128 20:17:53.836" endtime="20241128 20:17:53.836"/>
</branch>
<status status="NOT RUN" starttime="20241128 20:17:53.836" endtime="20241128 20:17:53.836"/>
</if>
<if>
<branch type="IF" condition="$useCustomTargetValue">
<kw name="assert">
<var>${message}</var>
<arg>${ACCUMULATION}[${source}]</arg>
<arg>${customTargetValue}</arg>
<arg>${operator}</arg>
<arg>${errorMessage}</arg>
<doc>Method used to assert and return assertion message</doc>
<status status="NOT RUN" starttime="20241128 20:17:53.837" endtime="20241128 20:17:53.837"/>
</kw>
<return>
<value>${message}</value>
<status status="NOT RUN" starttime="20241128 20:17:53.837" endtime="20241128 20:17:53.837"/>
</return>
<status status="NOT RUN" starttime="20241128 20:17:53.836" endtime="20241128 20:17:53.837"/>
</branch>
<status status="NOT RUN" starttime="20241128 20:17:53.836" endtime="20241128 20:17:53.837"/>
</if>
<if>
<branch type="IF" condition="$is_target_exists">
<kw name="assert">
<var>${message}</var>
<arg>${ACCUMULATION}[${source}]</arg>
<arg>${ACCUMULATION}[${target}]</arg>
<arg>${operator}</arg>
<arg>${errorMessage}</arg>
<doc>Method used to assert and return assertion message</doc>
<status status="NOT RUN" starttime="20241128 20:17:53.838" endtime="20241128 20:17:53.838"/>
</kw>
<return>
<value>${message}</value>
<status status="NOT RUN" starttime="20241128 20:17:53.838" endtime="20241128 20:17:53.838"/>
</return>
<status status="NOT RUN" starttime="20241128 20:17:53.837" endtime="20241128 20:17:53.838"/>
</branch>
<status status="NOT RUN" starttime="20241128 20:17:53.837" endtime="20241128 20:17:53.838"/>
</if>
<status status="NOT RUN" starttime="20241128 20:17:53.836" endtime="20241128 20:17:53.838"/>
</branch>
<status status="NOT RUN" starttime="20241128 20:17:53.836" endtime="20241128 20:17:53.838"/>
</if>
<if>
<branch type="IF" condition="'${target}' == '${key}' and '${is_target_exists}' == '${True}'">
<if>
<branch type="IF" condition="$skip">
<return>
<value>Skipped assertion!!</value>
<status status="NOT RUN" starttime="20241128 20:17:53.839" endtime="20241128 20:17:53.839"/>
</return>
<status status="NOT RUN" starttime="20241128 20:17:53.839" endtime="20241128 20:17:53.839"/>
</branch>
<status status="NOT RUN" starttime="20241128 20:17:53.838" endtime="20241128 20:17:53.839"/>
</if>
<if>
<branch type="IF" condition="$useCustomTargetValue">
<kw name="Log To Console" library="BuiltIn">
<arg>No need to assert here.</arg>
<doc>Logs the given message to the console.</doc>
<status status="NOT RUN" starttime="20241128 20:17:53.839" endtime="20241128 20:17:53.839"/>
</kw>
<status status="NOT RUN" starttime="20241128 20:17:53.839" endtime="20241128 20:17:53.840"/>
</branch>
<status status="NOT RUN" starttime="20241128 20:17:53.839" endtime="20241128 20:17:53.840"/>
</if>
<if>
<branch type="IF" condition="$is_source_exists">
<kw name="assert">
<var>${message}</var>
<arg>${ACCUMULATION}[${source}]</arg>
<arg>${ACCUMULATION}[${target}]</arg>
<arg>${operator}</arg>
<arg>${errorMessage}</arg>
<doc>Method used to assert and return assertion message</doc>
<status status="NOT RUN" starttime="20241128 20:17:53.840" endtime="20241128 20:17:53.840"/>
</kw>
<return>
<value>${message}</value>
<status status="NOT RUN" starttime="20241128 20:17:53.840" endtime="20241128 20:17:53.840"/>
</return>
<status status="NOT RUN" starttime="20241128 20:17:53.840" endtime="20241128 20:17:53.840"/>
</branch>
<status status="NOT RUN" starttime="20241128 20:17:53.840" endtime="20241128 20:17:53.840"/>
</if>
<status status="NOT RUN" starttime="20241128 20:17:53.838" endtime="20241128 20:17:53.841"/>
</branch>
<status status="NOT RUN" starttime="20241128 20:17:53.838" endtime="20241128 20:17:53.841"/>
</if>
<status status="NOT RUN" starttime="20241128 20:17:53.829" endtime="20241128 20:17:53.841"/>
</iter>
<status status="NOT RUN" starttime="20241128 20:17:53.828" endtime="20241128 20:17:53.841"/>
</for>
<msg timestamp="20241128 20:17:53.841" level="INFO">${assertion_message} = None</msg>
<status status="PASS" starttime="20241128 20:17:53.827" endtime="20241128 20:17:53.841"/>
</kw>
<kw name="Log To Console" library="BuiltIn">
<arg>${assertion_message}</arg>
<doc>Logs the given message to the console.</doc>
<status status="PASS" starttime="20241128 20:17:53.841" endtime="20241128 20:17:53.842"/>
</kw>
<kw name="send-action-sequence-message">
<arg>${flowActionSequence}[flowActionSequenceHistoryId]</arg>
<arg>COMPLETED</arg>
<arg>${action}</arg>
<arg>${input}</arg>
<arg>${EMPTY}</arg>
<arg>${assertion_message}</arg>
<kw name="is-value-not-none" library="UTIL_Collection">
<var>${is_selector_exists}</var>
<arg>${action}</arg>
<arg>selector</arg>
<tag>util</tag>
<doc>checks whether the key exists in dicitonary</doc>
<kw name="Run Keyword And Return Status" library="BuiltIn">
<var>${no_none_exists}</var>
<arg>dictionary should contain key</arg>
<arg>${dictionary}</arg>
<arg>${key}</arg>
<doc>Runs the given keyword with given arguments and returns the status as a Boolean value.</doc>
<kw name="Dictionary Should Contain Key" library="Collections">
<arg>${dictionary}</arg>
<arg>${key}</arg>
<doc>Fails if ``key`` is not found from ``dictionary``.</doc>
<status status="PASS" starttime="20241128 20:17:53.847" endtime="20241128 20:17:53.848"/>
</kw>
<msg timestamp="20241128 20:17:53.848" level="INFO">${no_none_exists} = True</msg>
<status status="PASS" starttime="20241128 20:17:53.847" endtime="20241128 20:17:53.848"/>
</kw>
<if>
<branch type="IF" condition="$no_none_exists == $True">
<kw name="Set Variable" library="BuiltIn">
<var>${values}</var>
<arg>${dictionary}[${key}]</arg>
<doc>Returns the given values which can then be assigned to a variables.</doc>
<msg timestamp="20241128 20:17:53.849" level="INFO">${values} = {'id': '3', 'name': 'Login button', 'xpath': '//button[@type="submit" and text()="Login"]', 'pageId': '1', 'createdAt': '2024-11-28T06:57:46.898Z', 'updatedAt': '2024-11-28T14:47:44.548Z'}</msg>
<status status="PASS" starttime="20241128 20:17:53.849" endtime="20241128 20:17:53.849"/>
</kw>
<if>
<branch type="IF" condition="$values != $None">
<kw name="Set Variable" library="BuiltIn">
<var>${no_none_exists}</var>
<arg>${True}</arg>
<doc>Returns the given values which can then be assigned to a variables.</doc>
<msg timestamp="20241128 20:17:53.850" level="INFO">${no_none_exists} = True</msg>
<status status="PASS" starttime="20241128 20:17:53.850" endtime="20241128 20:17:53.850"/>
</kw>
<status status="PASS" starttime="20241128 20:17:53.850" endtime="20241128 20:17:53.850"/>
</branch>
<branch type="ELSE">
<kw name="Set Variable" library="BuiltIn">
<var>${no_none_exists}</var>
<arg>${False}</arg>
<doc>Returns the given values which can then be assigned to a variables.</doc>
<status status="NOT RUN" starttime="20241128 20:17:53.851" endtime="20241128 20:17:53.851"/>
</kw>
<status status="NOT RUN" starttime="20241128 20:17:53.851" endtime="20241128 20:17:53.851"/>
</branch>
<status status="PASS" starttime="20241128 20:17:53.850" endtime="20241128 20:17:53.851"/>
</if>
<status status="PASS" starttime="20241128 20:17:53.849" endtime="20241128 20:17:53.851"/>
</branch>
<status status="PASS" starttime="20241128 20:17:53.848" endtime="20241128 20:17:53.851"/>
</if>
<return>
<value>${no_none_exists}</value>
<status status="PASS" starttime="20241128 20:17:53.851" endtime="20241128 20:17:53.851"/>
</return>
<msg timestamp="20241128 20:17:53.852" level="INFO">${is_selector_exists} = True</msg>
<status status="PASS" starttime="20241128 20:17:53.846" endtime="20241128 20:17:53.852"/>
</kw>
<if>
<branch type="IF" condition="$is_selector_exists">
<kw name="Set Variable" library="BuiltIn">
<var>${xpath}</var>
<arg>${action}[selector][xpath]</arg>
<doc>Returns the given values which can then be assigned to a variables.</doc>
<msg timestamp="20241128 20:17:53.854" level="INFO">${xpath} = //button[@type="submit" and text()="Login"]</msg>
<status status="PASS" starttime="20241128 20:17:53.852" endtime="20241128 20:17:53.854"/>
</kw>
<status status="PASS" starttime="20241128 20:17:53.852" endtime="20241128 20:17:53.854"/>
</branch>
<branch type="ELSE">
<kw name="Set Variable" library="BuiltIn">
<var>${xpath}</var>
<arg>${EMPTY}</arg>
<doc>Returns the given values which can then be assigned to a variables.</doc>
<status status="NOT RUN" starttime="20241128 20:17:53.854" endtime="20241128 20:17:53.854"/>
</kw>
