<?xml version="1.0" encoding="UTF-8"?>
<robot generator="Robot 5.0.1 (Python 3.9.20 on win32)" generated="20241125 21:58:08.834" rpa="true" schemaversion="3">
<suite id="s1" name="Start" source="C:\Users\Admin\Documents\Hackathon\Test Automation Studio\Test-automation-studio-projects\test-automation-rf\code\robots\start.robot">
<test id="s1-t1" name="initialize-fb-worker" line="42">
<kw name="execute-functional-block">
<tag>to-initialize-library</tag>
<doc>To execute fb</doc>
<while condition="'${TERMINATION_FLAG}' == 'False'">
<iter>
<kw name="Log To Console" library="BuiltIn">
<arg>&lt;===Polling message===&gt;</arg>
<doc>Logs the given message to the console.</doc>
<status status="PASS" starttime="20241125 21:58:10.594" endtime="20241125 21:58:10.595"/>
</kw>
<kw name="Get A Command" library="CommandConsumer">
<var>${json}</var>
<arg>${5}</arg>
<msg timestamp="20241125 21:58:20.469" level="INFO">${json} = {'type': 'START_RUN', 'payload': {'testCaseRun': {'id': '34', 'testCaseId': '3', 'status': 'ADDED_TO_QUEUE', 'updatedAt': '2024-11-25T16:28:20.145Z', 'createdAt': '2024-11-25T16:28:20.145Z', 'errorMes...</msg>
<status status="PASS" starttime="20241125 21:58:10.595" endtime="20241125 21:58:20.469"/>
</kw>
<if>
<branch type="IF" condition="'${json}[type]' == 'KILL'">
<break>
<status status="NOT RUN" starttime="20241125 21:58:20.470" endtime="20241125 21:58:20.470"/>
</break>
<status status="NOT RUN" starttime="20241125 21:58:20.470" endtime="20241125 21:58:20.470"/>
</branch>
<status status="PASS" starttime="20241125 21:58:20.470" endtime="20241125 21:58:20.470"/>
</if>
<kw name="launch-browser" library="COMP_BrowserContext">
<kw name="New Browser" library="RPA.Browser.Playwright">
<arg>chromium</arg>
<arg>headless=False</arg>
<tag>BrowserControl</tag>
<tag>Setter</tag>
<doc>Create a new playwright Browser with specified options.</doc>
<msg timestamp="20241125 21:58:20.471" level="INFO">{"browser": "chromium", "headless": false, "devtools": false, "handleSIGHUP": true, "handleSIGINT": true, "handleSIGTERM": true, "slowMo": 0.0, "timeout": 30000.0, "deprecated_pos_args": [], "tracesDir": "C:\\Users\\Admin\\Documents\\Hackathon\\Test Automation Studio\\Test-automation-studio-projects\\test-automation-rf\\code\\browser\\traces\\561ff184-6071-48e8-9961-cf5a21d62960"}</msg>
<msg timestamp="20241125 21:58:21.081" level="INFO">Successfully created browser with options: {"browser":"chromium","headless":false,"devtools":false,"handleSIGHUP":true,"handleSIGINT":true,"handleSIGTERM":true,"slowMo":0,"timeout":30000,"deprecated_pos_args":[],"tracesDir":"C:\\Users\\Admin\\Documents\\Hackathon\\Test Automation Studio\\Test-automation-studio-projects\\test-automation-rf\\code\\browser\\traces\\561ff184-6071-48e8-9961-cf5a21d62960"}</msg>
<status status="PASS" starttime="20241125 21:58:20.471" endtime="20241125 21:58:21.082"/>
</kw>
<kw name="New Context" library="RPA.Browser.Playwright">
<arg>viewport={'width': 1280, 'height': 720}</arg>
<arg>acceptDownloads=True</arg>
<tag>BrowserControl</tag>
<tag>Setter</tag>
<doc>Create a new BrowserContext with specified options.</doc>
<msg timestamp="20241125 21:58:21.084" level="INFO">{
  "acceptDownloads": true,
  "bypassCSP": false,
  "forcedColors": "none",
  "hideRfBrowser": false,
  "ignoreHTTPSErrors": false,
  "javaScriptEnabled": true,
  "offline": false,
  "reducedMotion": "no-preference",
  "viewport": {
    "height": 720,
    "width": 1280
  },
  "deprecated_pos_args": []
}</msg>
<msg timestamp="20241125 21:58:21.117" level="INFO">Successfully created context. </msg>
<msg timestamp="20241125 21:58:21.117" level="INFO">{'acceptDownloads': True, 'bypassCSP': False, 'forcedColors': 'none', 'hideRfBrowser': False, 'ignoreHTTPSErrors': False, 'javaScriptEnabled': True, 'offline': False, 'reducedMotion': 'no-preference', 'viewport': {'height': 720, 'width': 1280}, 'deprecated_pos_args': []}</msg>
<status status="PASS" starttime="20241125 21:58:21.082" endtime="20241125 21:58:21.117"/>
</kw>
<kw name="Set Browser Timeout" library="RPA.Browser.Playwright">
<arg>${browser_timeout}</arg>
<tag>Config</tag>
<tag>Setter</tag>
<doc>Sets the timeout used by most input and getter keywords.</doc>
<msg timestamp="20241125 21:58:21.124" level="INFO">Set timeout to: 20000</msg>
<status status="PASS" starttime="20241125 21:58:21.118" endtime="20241125 21:58:21.124"/>
</kw>
<kw name="New Page" library="RPA.Browser.Playwright">
<var>${page_id}</var>
<arg>https://www.google.com/</arg>
<tag>BrowserControl</tag>
<tag>Setter</tag>
<doc>Open a new Page.</doc>
<msg timestamp="20241125 21:58:23.813" level="INFO">Successfully initialized new page object and opened url: https://www.google.com/</msg>
<msg timestamp="20241125 21:58:23.813" level="INFO">${page_id} = {'page_id': 'page=83e14389-3c66-4fb8-adea-c725e07bae1d', 'video_path': ''}</msg>
<status status="PASS" starttime="20241125 21:58:21.125" endtime="20241125 21:58:23.813"/>
</kw>
<status status="PASS" starttime="20241125 21:58:20.470" endtime="20241125 21:58:23.813"/>
</kw>
<try>
<branch type="TRY">
<kw name="execute-test-case">
<arg>${json}</arg>
<kw name="Log To Console" library="BuiltIn">
<arg>Test Case Data=&gt; ${input}</arg>
<doc>Logs the given message to the console.</doc>
<status status="PASS" starttime="20241125 21:58:23.814" endtime="20241125 21:58:23.825"/>
</kw>
<kw name="is-value-not-none" library="UTIL_Collection">
<var>${is_type_exists}</var>
<arg>${input}</arg>
<arg>type</arg>
<tag>util</tag>
<doc>checks whether the key exists in dicitonary</doc>
<kw name="Run Keyword And Return Status" library="BuiltIn">
<var>${no_none_exists}</var>
<arg>dictionary should contain key</arg>
<arg>${dictionary}</arg>
<arg>${key}</arg>
<doc>Runs the given keyword with given arguments and returns the status as a Boolean value.</doc>
<kw name="Dictionary Should Contain Key" library="Collections">
<arg>${dictionary}</arg>
<arg>${key}</arg>
<doc>Fails if ``key`` is not found from ``dictionary``.</doc>
<status status="PASS" starttime="20241125 21:58:23.828" endtime="20241125 21:58:23.829"/>
</kw>
<msg timestamp="20241125 21:58:23.830" level="INFO">${no_none_exists} = True</msg>
<status status="PASS" starttime="20241125 21:58:23.828" endtime="20241125 21:58:23.830"/>
</kw>
<if>
<branch type="IF" condition="$no_none_exists == $True">
<kw name="Set Variable" library="BuiltIn">
<var>${values}</var>
<arg>${dictionary}[${key}]</arg>
<doc>Returns the given values which can then be assigned to a variables.</doc>
<msg timestamp="20241125 21:58:23.836" level="INFO">${values} = START_RUN</msg>
<status status="PASS" starttime="20241125 21:58:23.835" endtime="20241125 21:58:23.836"/>
</kw>
<if>
<branch type="IF" condition="$values != $None">
<kw name="Set Variable" library="BuiltIn">
<var>${no_none_exists}</var>
<arg>${True}</arg>
<doc>Returns the given values which can then be assigned to a variables.</doc>
<msg timestamp="20241125 21:58:23.836" level="INFO">${no_none_exists} = True</msg>
<status status="PASS" starttime="20241125 21:58:23.836" endtime="20241125 21:58:23.836"/>
</kw>
<status status="PASS" starttime="20241125 21:58:23.836" endtime="20241125 21:58:23.837"/>
</branch>
<branch type="ELSE">
<kw name="Set Variable" library="BuiltIn">
<var>${no_none_exists}</var>
<arg>${False}</arg>
<doc>Returns the given values which can then be assigned to a variables.</doc>
<status status="NOT RUN" starttime="20241125 21:58:23.837" endtime="20241125 21:58:23.837"/>
</kw>
<status status="NOT RUN" starttime="20241125 21:58:23.837" endtime="20241125 21:58:23.837"/>
</branch>
<status status="PASS" starttime="20241125 21:58:23.836" endtime="20241125 21:58:23.837"/>
</if>
<status status="PASS" starttime="20241125 21:58:23.835" endtime="20241125 21:58:23.837"/>
</branch>
<status status="PASS" starttime="20241125 21:58:23.830" endtime="20241125 21:58:23.837"/>
</if>
<return>
<value>${no_none_exists}</value>
<status status="PASS" starttime="20241125 21:58:23.837" endtime="20241125 21:58:23.837"/>
</return>
<msg timestamp="20241125 21:58:23.837" level="INFO">${is_type_exists} = True</msg>
<status status="PASS" starttime="20241125 21:58:23.826" endtime="20241125 21:58:23.837"/>
</kw>
<if>
<branch type="IF" condition="$is_type_exists == $False">
<kw name="Log To Console" library="BuiltIn">
<arg>Type not exists in the input</arg>
<doc>Logs the given message to the console.</doc>
<status status="NOT RUN" starttime="20241125 21:58:23.838" endtime="20241125 21:58:23.838"/>
</kw>
<return>
<status status="NOT RUN" starttime="20241125 21:58:23.838" endtime="20241125 21:58:23.838"/>
</return>
<status status="NOT RUN" starttime="20241125 21:58:23.838" endtime="20241125 21:58:23.838"/>
</branch>
<status status="PASS" starttime="20241125 21:58:23.837" endtime="20241125 21:58:23.839"/>
</if>
<if>
<branch type="IF" condition="'${input}[type]' == '${COMMAND_TYPE_START_RUN}'">
<kw name="is-value-not-none" library="UTIL_Collection">
<var>${is_test_case_exists}</var>
<arg>${input}[payload]</arg>
<arg>testCase</arg>
<tag>util</tag>
<doc>checks whether the key exists in dicitonary</doc>
<kw name="Run Keyword And Return Status" library="BuiltIn">
<var>${no_none_exists}</var>
<arg>dictionary should contain key</arg>
<arg>${dictionary}</arg>
<arg>${key}</arg>
<doc>Runs the given keyword with given arguments and returns the status as a Boolean value.</doc>
<kw name="Dictionary Should Contain Key" library="Collections">
<arg>${dictionary}</arg>
<arg>${key}</arg>
<doc>Fails if ``key`` is not found from ``dictionary``.</doc>
<status status="PASS" starttime="20241125 21:58:23.841" endtime="20241125 21:58:23.841"/>
</kw>
<msg timestamp="20241125 21:58:23.841" level="INFO">${no_none_exists} = True</msg>
<status status="PASS" starttime="20241125 21:58:23.840" endtime="20241125 21:58:23.841"/>
</kw>
<if>
<branch type="IF" condition="$no_none_exists == $True">
<kw name="Set Variable" library="BuiltIn">
<var>${values}</var>
<arg>${dictionary}[${key}]</arg>
<doc>Returns the given values which can then be assigned to a variables.</doc>
<msg timestamp="20241125 21:58:23.841" level="INFO">${values} = {'id': '3', 'name': 'Enter vehicle', 'projectId': '1', 'createdAt': '2024-11-25T11:15:44.260Z', 'updatedAt': '2024-11-25T16:17:04.460Z', 'project': {'id': '1', 'name': 'IAssistant', 'createdAt': '2024...</msg>
<status status="PASS" starttime="20241125 21:58:23.841" endtime="20241125 21:58:23.841"/>
</kw>
<if>
<branch type="IF" condition="$values != $None">
<kw name="Set Variable" library="BuiltIn">
<var>${no_none_exists}</var>
<arg>${True}</arg>
<doc>Returns the given values which can then be assigned to a variables.</doc>
<msg timestamp="20241125 21:58:23.842" level="INFO">${no_none_exists} = True</msg>
<status status="PASS" starttime="20241125 21:58:23.842" endtime="20241125 21:58:23.842"/>
</kw>
<status status="PASS" starttime="20241125 21:58:23.842" endtime="20241125 21:58:23.842"/>
</branch>
<branch type="ELSE">
<kw name="Set Variable" library="BuiltIn">
<var>${no_none_exists}</var>
<arg>${False}</arg>
<doc>Returns the given values which can then be assigned to a variables.</doc>
<status status="NOT RUN" starttime="20241125 21:58:23.843" endtime="20241125 21:58:23.843"/>
</kw>
<status status="NOT RUN" starttime="20241125 21:58:23.842" endtime="20241125 21:58:23.843"/>
</branch>
<status status="PASS" starttime="20241125 21:58:23.841" endtime="20241125 21:58:23.843"/>
</if>
<status status="PASS" starttime="20241125 21:58:23.841" endtime="20241125 21:58:23.843"/>
</branch>
<status status="PASS" starttime="20241125 21:58:23.841" endtime="20241125 21:58:23.843"/>
</if>
<return>
<value>${no_none_exists}</value>
<status status="PASS" starttime="20241125 21:58:23.843" endtime="20241125 21:58:23.843"/>
</return>
<msg timestamp="20241125 21:58:23.843" level="INFO">${is_test_case_exists} = True</msg>
<status status="PASS" starttime="20241125 21:58:23.840" endtime="20241125 21:58:23.843"/>
</kw>
<kw name="is-value-not-none" library="UTIL_Collection">
<var>${is_test_case_run_exists}</var>
<arg>${input}[payload]</arg>
<arg>testCaseRun</arg>
<tag>util</tag>
<doc>checks whether the key exists in dicitonary</doc>
<kw name="Run Keyword And Return Status" library="BuiltIn">
<var>${no_none_exists}</var>
<arg>dictionary should contain key</arg>
<arg>${dictionary}</arg>
<arg>${key}</arg>
<doc>Runs the given keyword with given arguments and returns the status as a Boolean value.</doc>
<kw name="Dictionary Should Contain Key" library="Collections">
<arg>${dictionary}</arg>
<arg>${key}</arg>
<doc>Fails if ``key`` is not found from ``dictionary``.</doc>
<status status="PASS" starttime="20241125 21:58:23.849" endtime="20241125 21:58:23.849"/>
</kw>
<msg timestamp="20241125 21:58:23.850" level="INFO">${no_none_exists} = True</msg>
<status status="PASS" starttime="20241125 21:58:23.848" endtime="20241125 21:58:23.850"/>
</kw>
<if>
<branch type="IF" condition="$no_none_exists == $True">
<kw name="Set Variable" library="BuiltIn">
<var>${values}</var>
<arg>${dictionary}[${key}]</arg>
<doc>Returns the given values which can then be assigned to a variables.</doc>
<msg timestamp="20241125 21:58:23.851" level="INFO">${values} = {'id': '34', 'testCaseId': '3', 'status': 'ADDED_TO_QUEUE', 'updatedAt': '2024-11-25T16:28:20.145Z', 'createdAt': '2024-11-25T16:28:20.145Z', 'errorMessage': None}</msg>
<status status="PASS" starttime="20241125 21:58:23.850" endtime="20241125 21:58:23.851"/>
</kw>
<if>
<branch type="IF" condition="$values != $None">
<kw name="Set Variable" library="BuiltIn">
<var>${no_none_exists}</var>
<arg>${True}</arg>
<doc>Returns the given values which can then be assigned to a variables.</doc>
<msg timestamp="20241125 21:58:23.852" level="INFO">${no_none_exists} = True</msg>
<status status="PASS" starttime="20241125 21:58:23.851" endtime="20241125 21:58:23.852"/>
</kw>
<status status="PASS" starttime="20241125 21:58:23.851" endtime="20241125 21:58:23.852"/>
</branch>
<branch type="ELSE">
<kw name="Set Variable" library="BuiltIn">
<var>${no_none_exists}</var>
<arg>${False}</arg>
<doc>Returns the given values which can then be assigned to a variables.</doc>
<status status="NOT RUN" starttime="20241125 21:58:23.852" endtime="20241125 21:58:23.852"/>
</kw>
<status status="NOT RUN" starttime="20241125 21:58:23.852" endtime="20241125 21:58:23.852"/>
</branch>
<status status="PASS" starttime="20241125 21:58:23.851" endtime="20241125 21:58:23.852"/>
</if>
<status status="PASS" starttime="20241125 21:58:23.850" endtime="20241125 21:58:23.852"/>
</branch>
<status status="PASS" starttime="20241125 21:58:23.850" endtime="20241125 21:58:23.852"/>
</if>
<return>
<value>${no_none_exists}</value>
<status status="PASS" starttime="20241125 21:58:23.852" endtime="20241125 21:58:23.852"/>
</return>
<msg timestamp="20241125 21:58:23.853" level="INFO">${is_test_case_run_exists} = True</msg>
<status status="PASS" starttime="20241125 21:58:23.847" endtime="20241125 21:58:23.853"/>
</kw>
<if>
<branch type="IF" condition="$is_test_case_exists == $False or $is_test_case_run_exists == $False">
<kw name="Log To Console" library="BuiltIn">
<arg>Testcase or TestCaseRun data not available in input</arg>
<doc>Logs the given message to the console.</doc>
<status status="NOT RUN" starttime="20241125 21:58:23.853" endtime="20241125 21:58:23.853"/>
</kw>
<status status="NOT RUN" starttime="20241125 21:58:23.853" endtime="20241125 21:58:23.853"/>
</branch>
<status status="PASS" starttime="20241125 21:58:23.853" endtime="20241125 21:58:23.853"/>
</if>
<kw name="Set Variable" library="BuiltIn">
<var>${testCase}</var>
<arg>${input}[payload][testCase]</arg>
<doc>Returns the given values which can then be assigned to a variables.</doc>
<msg timestamp="20241125 21:58:23.854" level="INFO">${testCase} = {'id': '3', 'name': 'Enter vehicle', 'projectId': '1', 'createdAt': '2024-11-25T11:15:44.260Z', 'updatedAt': '2024-11-25T16:17:04.460Z', 'project': {'id': '1', 'name': 'IAssistant', 'createdAt': '2024...</msg>
<status status="PASS" starttime="20241125 21:58:23.853" endtime="20241125 21:58:23.854"/>
</kw>
<kw name="Set Variable" library="BuiltIn">
<var>${testCaseRun}</var>
<arg>${input}[payload][testCaseRun]</arg>
<doc>Returns the given values which can then be assigned to a variables.</doc>
<msg timestamp="20241125 21:58:23.854" level="INFO">${testCaseRun} = {'id': '34', 'testCaseId': '3', 'status': 'ADDED_TO_QUEUE', 'updatedAt': '2024-11-25T16:28:20.145Z', 'createdAt': '2024-11-25T16:28:20.145Z', 'errorMessage': None}</msg>
<status status="PASS" starttime="20241125 21:58:23.854" endtime="20241125 21:58:23.854"/>
</kw>
<kw name="Set Variable" library="BuiltIn">
<var>${assertions}</var>
<arg>${testCase}[assertions]</arg>
<doc>Returns the given values which can then be assigned to a variables.</doc>
<msg timestamp="20241125 21:58:23.855" level="INFO">${assertions} = [{'id': '3', 'testCaseId': '3', 'operator': 'SHOULD_NOT_CONTAIN', 'source': 'testCaseFlowSequenceId:7::flowActionSequenceId:16', 'target': 'testCaseFlowSequenceId:7::flowActionSequenceId:13', 'customT...</msg>
<status status="PASS" starttime="20241125 21:58:23.855" endtime="20241125 21:58:23.855"/>
</kw>
<kw name="Log To Console" library="BuiltIn">
<arg>Test Case Name: ${testCase}[name]</arg>
<doc>Logs the given message to the console.</doc>
<status status="PASS" starttime="20241125 21:58:23.855" endtime="20241125 21:58:23.856"/>
</kw>
<try>
<branch type="TRY">
<kw name="is-value-not-none" library="UTIL_Collection">
<var>${is_test_case_flow_sequences_exists}</var>
<arg>${testCase}</arg>
<arg>testCaseFlowSequences</arg>
<tag>util</tag>
<doc>checks whether the key exists in dicitonary</doc>
<kw name="Run Keyword And Return Status" library="BuiltIn">
<var>${no_none_exists}</var>
<arg>dictionary should contain key</arg>
<arg>${dictionary}</arg>
<arg>${key}</arg>
<doc>Runs the given keyword with given arguments and returns the status as a Boolean value.</doc>
<kw name="Dictionary Should Contain Key" library="Collections">
<arg>${dictionary}</arg>
<arg>${key}</arg>
<doc>Fails if ``key`` is not found from ``dictionary``.</doc>
<status status="PASS" starttime="20241125 21:58:23.858" endtime="20241125 21:58:23.858"/>
</kw>
<msg timestamp="20241125 21:58:23.858" level="INFO">${no_none_exists} = True</msg>
<status status="PASS" starttime="20241125 21:58:23.858" endtime="20241125 21:58:23.858"/>
</kw>
<if>
<branch type="IF" condition="$no_none_exists == $True">
<kw name="Set Variable" library="BuiltIn">
<var>${values}</var>
<arg>${dictionary}[${key}]</arg>
<doc>Returns the given values which can then be assigned to a variables.</doc>
<msg timestamp="20241125 21:58:23.859" level="INFO">${values} = [{'id': '5', 'testCaseId': '3', 'flowId': '1', 'order': 0, 'createdAt': '2024-11-25T11:15:44.388Z', 'updatedAt': '2024-11-25T16:17:04.519Z', 'flow': {'id': '1', 'name': 'Login', 'projectId': '1', 'cre...</msg>
<status status="PASS" starttime="20241125 21:58:23.859" endtime="20241125 21:58:23.859"/>
</kw>
<if>
<branch type="IF" condition="$values != $None">
<kw name="Set Variable" library="BuiltIn">
<var>${no_none_exists}</var>
<arg>${True}</arg>
<doc>Returns the given values which can then be assigned to a variables.</doc>
<msg timestamp="20241125 21:58:23.860" level="INFO">${no_none_exists} = True</msg>
<status status="PASS" starttime="20241125 21:58:23.859" endtime="20241125 21:58:23.860"/>
</kw>
<status status="PASS" starttime="20241125 21:58:23.859" endtime="20241125 21:58:23.860"/>
</branch>
<branch type="ELSE">
<kw name="Set Variable" library="BuiltIn">
<var>${no_none_exists}</var>
<arg>${False}</arg>
<doc>Returns the given values which can then be assigned to a variables.</doc>
<status status="NOT RUN" starttime="20241125 21:58:23.860" endtime="20241125 21:58:23.860"/>
</kw>
<status status="NOT RUN" starttime="20241125 21:58:23.860" endtime="20241125 21:58:23.860"/>
</branch>
<status status="PASS" starttime="20241125 21:58:23.859" endtime="20241125 21:58:23.860"/>
</if>
<status status="PASS" starttime="20241125 21:58:23.858" endtime="20241125 21:58:23.860"/>
</branch>
<status status="PASS" starttime="20241125 21:58:23.858" endtime="20241125 21:58:23.860"/>
</if>
<return>
<value>${no_none_exists}</value>
<status status="PASS" starttime="20241125 21:58:23.860" endtime="20241125 21:58:23.860"/>
</return>
<msg timestamp="20241125 21:58:23.860" level="INFO">${is_test_case_flow_sequences_exists} = True</msg>
<status status="PASS" starttime="20241125 21:58:23.857" endtime="20241125 21:58:23.861"/>
</kw>
<kw name="Create Dictionary" library="BuiltIn">
<var>${test_case_run_response_message}</var>
<arg>testCaseRunId=${testCaseRun}[id]</arg>
<arg>status=STARTED</arg>
<doc>Creates and returns a dictionary based on the given ``items``.</doc>
<msg timestamp="20241125 21:58:23.864" level="INFO">${test_case_run_response_message} = {'testCaseRunId': '34', 'status': 'STARTED'}</msg>
<status status="PASS" starttime="20241125 21:58:23.861" endtime="20241125 21:58:23.864"/>
</kw>
<kw name="Push response message to kafka topic" library="UTIL_Common">
<arg>${test_case_run_response_message}</arg>
<tag>function</tag>
<doc>push the response message to kafka topic</doc>
<kw name="Evaluate" library="BuiltIn">
<var>${json_response}</var>
<arg>json.dumps(${payload_response_msg})</arg>
<arg>json</arg>
<doc>Evaluates the given expression in Python and returns the result.</doc>
<msg timestamp="20241125 21:58:23.865" level="INFO">${json_response} = {"testCaseRunId": "34", "status": "STARTED"}</msg>
<status status="PASS" starttime="20241125 21:58:23.864" endtime="20241125 21:58:23.865"/>
</kw>
<kw name="Push Message To Topic" library="TopicProducer">
<var>${producer_response}</var>
<arg>${json_response}</arg>
<doc>Kafka Producer to send the response as json message and push it</doc>
<msg timestamp="20241125 21:58:23.909" level="INFO">Message delivered to response_topic [0]</msg>
<msg timestamp="20241125 21:58:23.910" level="INFO">${producer_response} = &lt;function delivery_report at 0x00000226A865A430&gt;</msg>
<status status="PASS" starttime="20241125 21:58:23.865" endtime="20241125 21:58:23.910"/>
</kw>
<kw name="Log To Console" library="BuiltIn">
<arg>kafka_producer_response:${producer_response}</arg>
<doc>Logs the given message to the console.</doc>
<status status="PASS" starttime="20241125 21:58:23.910" endtime="20241125 21:58:23.911"/>
</kw>
<return>
<value>${producer_response}</value>
<status status="PASS" starttime="20241125 21:58:23.911" endtime="20241125 21:58:23.911"/>
</return>
<status status="PASS" starttime="20241125 21:58:23.864" endtime="20241125 21:58:23.912"/>
</kw>
<if>
<branch type="IF" condition="$is_test_case_flow_sequences_exists">
<kw name="Create Dictionary" library="BuiltIn">
<var>${ACCUMULATION}</var>
<doc>Creates and returns a dictionary based on the given ``items``.</doc>
<msg timestamp="20241125 21:58:23.913" level="INFO">${ACCUMULATION} = {}</msg>
<status status="PASS" starttime="20241125 21:58:23.912" endtime="20241125 21:58:23.913"/>
</kw>
<for flavor="IN">
<var>${testCaseFlowSequence}</var>
<value>@{testCase}[testCaseFlowSequences]</value>
<iter>
<var name="${testCaseFlowSequence}">{'id': '5', 'testCaseId': '3', 'flowId': '1', 'order': 0, 'createdAt': '2024-11-25T11:15:44.388Z', 'updatedAt': '2024-11-25T16:17:04.519Z', 'flow': {'id': '1', 'name': 'Login', 'projectId': '1', 'crea...</var>
<try>
<branch type="TRY">
<kw name="Set Variable" library="BuiltIn">
<var>${flow}</var>
<arg>${testCaseFlowSequence}[flow]</arg>
<doc>Returns the given values which can then be assigned to a variables.</doc>
<msg timestamp="20241125 21:58:23.914" level="INFO">${flow} = {'id': '1', 'name': 'Login', 'projectId': '1', 'createdAt': '2024-11-25T08:01:13.814Z', 'updatedAt': '2024-11-25T08:01:13.814Z', 'flowActionSequences': [{'id': '1', 'actionId': '1', 'flowId': '1', 'or...</msg>
<status status="PASS" starttime="20241125 21:58:23.913" endtime="20241125 21:58:23.914"/>
</kw>
<kw name="Log To Console" library="BuiltIn">
<arg>Flow Name: ${flow}[name]</arg>
<doc>Logs the given message to the console.</doc>
<status status="PASS" starttime="20241125 21:58:23.914" endtime="20241125 21:58:23.914"/>
</kw>
<kw name="is-value-not-none" library="UTIL_Collection">
<var>${is_flow_action_sequences_exists}</var>
<arg>${flow}</arg>
<arg>flowActionSequences</arg>
<tag>util</tag>
<doc>checks whether the key exists in dicitonary</doc>
<kw name="Run Keyword And Return Status" library="BuiltIn">
<var>${no_none_exists}</var>
<arg>dictionary should contain key</arg>
<arg>${dictionary}</arg>
<arg>${key}</arg>
<doc>Runs the given keyword with given arguments and returns the status as a Boolean value.</doc>
<kw name="Dictionary Should Contain Key" library="Collections">
<arg>${dictionary}</arg>
<arg>${key}</arg>
<doc>Fails if ``key`` is not found from ``dictionary``.</doc>
<status status="PASS" starttime="20241125 21:58:23.917" endtime="20241125 21:58:23.917"/>
</kw>
<msg timestamp="20241125 21:58:23.917" level="INFO">${no_none_exists} = True</msg>
<status status="PASS" starttime="20241125 21:58:23.917" endtime="20241125 21:58:23.917"/>
</kw>
<if>
<branch type="IF" condition="$no_none_exists == $True">
<kw name="Set Variable" library="BuiltIn">
<var>${values}</var>
<arg>${dictionary}[${key}]</arg>
<doc>Returns the given values which can then be assigned to a variables.</doc>
<msg timestamp="20241125 21:58:23.918" level="INFO">${values} = [{'id': '1', 'actionId': '1', 'flowId': '1', 'order': 0, 'createdAt': '2024-11-25T08:01:13.885Z', 'updatedAt': '2024-11-25T08:01:13.885Z', 'action': {'id': '1', 'name': 'Launch browser', 'type': 'LAUN...</msg>
<status status="PASS" starttime="20241125 21:58:23.918" endtime="20241125 21:58:23.918"/>
</kw>
<if>
<branch type="IF" condition="$values != $None">
<kw name="Set Variable" library="BuiltIn">
<var>${no_none_exists}</var>
<arg>${True}</arg>
<doc>Returns the given values which can then be assigned to a variables.</doc>
<msg timestamp="20241125 21:58:23.919" level="INFO">${no_none_exists} = True</msg>
<status status="PASS" starttime="20241125 21:58:23.919" endtime="20241125 21:58:23.919"/>
</kw>
<status status="PASS" starttime="20241125 21:58:23.918" endtime="20241125 21:58:23.919"/>
</branch>
<branch type="ELSE">
<kw name="Set Variable" library="BuiltIn">
<var>${no_none_exists}</var>
<arg>${False}</arg>
<doc>Returns the given values which can then be assigned to a variables.</doc>
<status status="NOT RUN" starttime="20241125 21:58:23.919" endtime="20241125 21:58:23.919"/>
</kw>
<status status="NOT RUN" starttime="20241125 21:58:23.919" endtime="20241125 21:58:23.919"/>
</branch>
<status status="PASS" starttime="20241125 21:58:23.918" endtime="20241125 21:58:23.919"/>
</if>
<status status="PASS" starttime="20241125 21:58:23.918" endtime="20241125 21:58:23.919"/>
</branch>
<status status="PASS" starttime="20241125 21:58:23.917" endtime="20241125 21:58:23.919"/>
</if>
<return>
<value>${no_none_exists}</value>
<status status="PASS" starttime="20241125 21:58:23.919" endtime="20241125 21:58:23.920"/>
</return>
<msg timestamp="20241125 21:58:23.920" level="INFO">${is_flow_action_sequences_exists} = True</msg>
<status status="PASS" starttime="20241125 21:58:23.916" endtime="20241125 21:58:23.920"/>
</kw>
<if>
<branch type="IF" condition="$is_flow_action_sequences_exists">
<for flavor="IN">
<var>${flowActionSequence}</var>
<value>@{flow}[flowActionSequences]</value>
<iter>
<var name="${flowActionSequence}">{'id': '1', 'actionId': '1', 'flowId': '1', 'order': 0, 'createdAt': '2024-11-25T08:01:13.885Z', 'updatedAt': '2024-11-25T08:01:13.885Z', 'action': {'id': '1', 'name': 'Launch browser', 'type': 'LAUNC...</var>
<try>
<branch type="TRY">
<kw name="Set Variable" library="BuiltIn">
<var>${action}</var>
<arg>${flowActionSequence}[action]</arg>
<doc>Returns the given values which can then be assigned to a variables.</doc>
<msg timestamp="20241125 21:58:23.921" level="INFO">${action} = {'id': '1', 'name': 'Launch browser', 'type': 'LAUNCH_BROWSER', 'selectorI': None, 'valueRege': '', 'projectId': '1', 'enter': None, 'createdAt': '2024-11-25T07:57:55.381Z', 'updatedAt': '2024-11-25T0...</msg>
<status status="PASS" starttime="20241125 21:58:23.921" endtime="20241125 21:58:23.921"/>
</kw>
<kw name="Log To Console" library="BuiltIn">
<arg>Action Name: ${action}[name]</arg>
<doc>Logs the given message to the console.</doc>
<status status="PASS" starttime="20241125 21:58:23.921" endtime="20241125 21:58:23.922"/>
</kw>
<kw name="Get Selected Input" library="Common_util">
<var>${input}</var>
<arg>${flowActionSequence}</arg>
<msg timestamp="20241125 21:58:23.922" level="INFO">${input} = {'id': '2', 'actionId': '1', 'name': 'Dev', 'value': 'https://iassistant.ideas2it.com', 'waitAfterAction': '0', 'isDefault': True, 'createdAt': '2024-11-25T07:58:31.930Z', 'updatedAt': '2024-11-25T11:...</msg>
<status status="PASS" starttime="20241125 21:58:23.922" endtime="20241125 21:58:23.922"/>
</kw>
<if>
<branch type="IF" condition="$input == $None">
<kw name="Log To Console" library="BuiltIn">
<arg>Input not found for this action. Terminate the test case here!!!</arg>
<doc>Logs the given message to the console.</doc>
<status status="NOT RUN" starttime="20241125 21:58:23.923" endtime="20241125 21:58:23.923"/>
</kw>
<kw name="ex-fail" library="EX_Exception">
<arg>INPUT_NOT_FOUND_IN_ACTION</arg>
<tag>exception</tag>
<doc>wrapper over the builtin Fail keyword, to support additional operations during failure</doc>
<status status="NOT RUN" starttime="20241125 21:58:23.923" endtime="20241125 21:58:23.923"/>
</kw>
<status status="NOT RUN" starttime="20241125 21:58:23.922" endtime="20241125 21:58:23.923"/>
</branch>
<status status="PASS" starttime="20241125 21:58:23.922" endtime="20241125 21:58:23.923"/>
</if>
<kw name="execute-action">
<var>${value}</var>
<arg>${action}</arg>
<arg>${input}</arg>
<kw name="Set Variable" library="BuiltIn">
<var>${value}</var>
<arg>${input}[value]</arg>
<doc>Returns the given values which can then be assigned to a variables.</doc>
<msg timestamp="20241125 21:58:23.924" level="INFO">${value} = https://iassistant.ideas2it.com</msg>
<status status="PASS" starttime="20241125 21:58:23.924" endtime="20241125 21:58:23.924"/>
</kw>
<if>
<branch type="IF" condition="'${action}[type]' == '${LAUNCH_BROWSER}'">
<kw name="new-page" library="COMP_BrowserContext">
<arg>${input}[value]</arg>
<kw name="New Page" library="RPA.Browser.Playwright">
<var>${page_id}</var>
<arg>${url}</arg>
<tag>BrowserControl</tag>
<tag>Setter</tag>
<doc>Open a new Page.</doc>
<msg timestamp="20241125 21:58:28.423" level="INFO">Successfully initialized new page object and opened url: https://iassistant.ideas2it.com</msg>
<msg timestamp="20241125 21:58:28.424" level="INFO">${page_id} = {'page_id': 'page=acef4525-24bf-41a5-bbae-d336c832867c', 'video_path': ''}</msg>
<status status="PASS" starttime="20241125 21:58:23.925" endtime="20241125 21:58:28.424"/>
</kw>
<kw name="Switch Page" library="RPA.Browser.Playwright">
<arg>${page_id}</arg>
<tag>BrowserControl</tag>
<tag>Setter</tag>
<doc>Switches the active browser page to another open page by ``id`` or ``NEW``.</doc>
<msg timestamp="20241125 21:58:28.425" level="INFO">Switching to page {'page_id': 'page=acef4525-24bf-41a5-bbae-d336c832867c', 'video_path': ''},context CURRENT, browser CURRENT</msg>
<msg timestamp="20241125 21:58:28.484" level="INFO">[
  {
    "type": "chromium",
    "id": "browser=987b535e-bd60-4446-b7bc-befdd8e28703",
    "contexts": [
      {
        "type": "context",
        "id": "context=ba4e21f8-9b56-4abf-b3f1-3bbe72a4cc27",
        "activePage": "page=acef4525-24bf-41a5-bbae-d336c832867c",
        "pages": [
          {
            "type": "page",
            "title": "Google",
            "url": "https://www.google.com/",
            "id": "page=83e14389-3c66-4fb8-adea-c725e07bae1d",
            "timestamp": 1732552101.378
          },
          {
            "type": "page",
            "title": "iAssistant",
            "url": "https://iassistant.ideas2it.com/login",
            "id": "page=acef4525-24bf-41a5-bbae-d336c832867c",
            "timestamp": 1732552103.971
          }
        ]
      }
    ],
    "activeContext": "context=ba4e21f8-9b56-4abf-b3f1-3bbe72a4cc27",
    "activeBrowser": true
  }
]</msg>
<msg timestamp="20241125 21:58:28.490" level="INFO">Successfully changed active page</msg>
<status status="PASS" starttime="20241125 21:58:28.424" endtime="20241125 21:58:28.490"/>
</kw>
<status status="PASS" starttime="20241125 21:58:23.924" endtime="20241125 21:58:28.490"/>
</kw>
<status status="PASS" starttime="20241125 21:58:23.924" endtime="20241125 21:58:28.490"/>
</branch>
<branch type="ELSE IF" condition="'${action}[type]' == '${NEW_PAGE}'">
<kw name="new-page" library="COMP_BrowserContext">
<arg>${input}[value]</arg>
<status status="NOT RUN" starttime="20241125 21:58:28.491" endtime="20241125 21:58:28.491"/>
</kw>
<status status="NOT RUN" starttime="20241125 21:58:28.490" endtime="20241125 21:58:28.491"/>
</branch>
<branch type="ELSE IF" condition="'${action}[type]' == '${CLICK}'">
<kw name="left-click" library="COMP_Button">
<arg>${action}[selector][xpath]</arg>
<tag>component</tag>
<doc>Performs left click operation on button</doc>
<status status="NOT RUN" starttime="20241125 21:58:28.493" endtime="20241125 21:58:28.493"/>
</kw>
<status status="NOT RUN" starttime="20241125 21:58:28.491" endtime="20241125 21:58:28.493"/>
</branch>
<branch type="ELSE IF" condition="'${action}[type]' == '${DOUBLE_CLICK}'">
<kw name="left-click" library="COMP_Button">
<arg>${action}[selector][xpath]</arg>
<tag>component</tag>
<doc>Performs left click operation on button</doc>
<status status="NOT RUN" starttime="20241125 21:58:28.495" endtime="20241125 21:58:28.495"/>
</kw>
<kw name="left-click" library="COMP_Button">
<arg>${action}[selector][xpath]</arg>
<tag>component</tag>
<doc>Performs left click operation on button</doc>
<status status="NOT RUN" starttime="20241125 21:58:28.497" endtime="20241125 21:58:28.497"/>
</kw>
<status status="NOT RUN" starttime="20241125 21:58:28.493" endtime="20241125 21:58:28.497"/>
</branch>
<branch type="ELSE IF" condition="'${action}[type]' == '${GET_DROPDOWN_VALUE}'">
<kw name="get-selected-option" library="COMP_Select">
<var>${value}</var>
<arg>${action}[selector][xpath]</arg>
<tag>component</tag>
<doc>Gets the selected option
Error will thrown if multiple options selected</doc>
<status status="NOT RUN" starttime="20241125 21:58:28.498" endtime="20241125 21:58:28.498"/>
</kw>
<status status="NOT RUN" starttime="20241125 21:58:28.497" endtime="20241125 21:58:28.498"/>
</branch>
<branch type="ELSE IF" condition="'${action}[type]' == '${SET_DROPDOWN_VALUE}'">
<kw name="select-single-option" library="COMP_Select">
<arg>${action}[selector][xpath]</arg>
<arg>${input}[value]</arg>
<tag>component</tag>
<doc>Selects the option by given attribute</doc>
<status status="NOT RUN" starttime="20241125 21:58:28.500" endtime="20241125 21:58:28.501"/>
</kw>
<status status="NOT RUN" starttime="20241125 21:58:28.498" endtime="20241125 21:58:28.501"/>
</branch>
<branch type="ELSE IF" condition="'${action}[type]' == '${TYPE_TEXT}'">
<kw name="set-value" library="COMP_Textbox">
<arg>${action}[selector][xpath]</arg>
<arg>${input}[value]</arg>
<tag>component</tag>
<doc>Updates Field Value and checks for post condition
And retries if the retry value is provided</doc>
<status status="NOT RUN" starttime="20241125 21:58:28.504" endtime="20241125 21:58:28.504"/>
</kw>
<if>
<branch type="IF" condition="${action}[enter]">
<kw name="Keyboard Key" library="RPA.Browser.Playwright">
<arg>press</arg>
<arg>Enter</arg>
<tag>PageContent</tag>
<tag>Setter</tag>
<doc>Press a keyboard key on the virtual keyboard or set a key up or down.</doc>
<status status="NOT RUN" starttime="20241125 21:58:28.505" endtime="20241125 21:58:28.505"/>
</kw>
<status status="NOT RUN" starttime="20241125 21:58:28.504" endtime="20241125 21:58:28.505"/>
</branch>
<status status="NOT RUN" starttime="20241125 21:58:28.504" endtime="20241125 21:58:28.505"/>
</if>
<status status="NOT RUN" starttime="20241125 21:58:28.501" endtime="20241125 21:58:28.505"/>
</branch>
<branch type="ELSE IF" condition="'${action}[type]' == '${GET_TEXTBOX_VALUE}'">
<kw name="get-value" library="COMP_Textbox">
<var>${value}</var>
<arg>${action}[selector][xpath]</arg>
<tag>component</tag>
<doc>Returns Field Value</doc>
<status status="NOT RUN" starttime="20241125 21:58:28.507" endtime="20241125 21:58:28.507"/>
</kw>
<status status="NOT RUN" starttime="20241125 21:58:28.505" endtime="20241125 21:58:28.507"/>
</branch>
<branch type="ELSE IF" condition="'${action}[type]' == '${GET_CHECKBOX_VALUE}'">
<kw name="get-value" library="COMP_Checkbox">
<var>${value}</var>
<arg>${action}[selector][xpath]</arg>
<tag>component</tag>
<doc>Gets the current checkbox status</doc>
<status status="NOT RUN" starttime="20241125 21:58:28.510" endtime="20241125 21:58:28.510"/>
</kw>
<if>
<branch type="IF" condition="${value}">
<kw name="Set Variable" library="BuiltIn">
<var>${value}</var>
<arg>TRUE</arg>
<doc>Returns the given values which can then be assigned to a variables.</doc>
<status status="NOT RUN" starttime="20241125 21:58:28.511" endtime="20241125 21:58:28.511"/>
</kw>
<status status="NOT RUN" starttime="20241125 21:58:28.510" endtime="20241125 21:58:28.511"/>
</branch>
<branch type="ELSE">
<kw name="Set Variable" library="BuiltIn">
<var>${value}</var>
<arg>FALSE</arg>
<doc>Returns the given values which can then be assigned to a variables.</doc>
<status status="NOT RUN" starttime="20241125 21:58:28.511" endtime="20241125 21:58:28.511"/>
</kw>
<status status="NOT RUN" starttime="20241125 21:58:28.511" endtime="20241125 21:58:28.511"/>
</branch>
<status status="NOT RUN" starttime="20241125 21:58:28.510" endtime="20241125 21:58:28.511"/>
</if>
<status status="NOT RUN" starttime="20241125 21:58:28.508" endtime="20241125 21:58:28.512"/>
</branch>
<branch type="ELSE IF" condition="'${action}[type]' == '${SET_CHECKBOX_VALUE}'">
<kw name="evaluate(${input}[value] == TRUE)">
<var>${select}</var>
<status status="NOT RUN" starttime="20241125 21:58:28.518" endtime="20241125 21:58:28.519"/>
</kw>
<kw name="set-value" library="COMP_Checkbox">
<arg>${action}[selector][xpath]</arg>
<arg>${select}</arg>
<tag>component</tag>
<doc>Updates the Field value and checks for post condition
And retries if the retry value is provided</doc>
<status status="NOT RUN" starttime="20241125 21:58:28.522" endtime="20241125 21:58:28.522"/>
</kw>
<status status="NOT RUN" starttime="20241125 21:58:28.512" endtime="20241125 21:58:28.522"/>
</branch>
<branch type="ELSE IF" condition="'${action}[type]' == '${GET_RADIO_VALUE}'">
<kw name="get-value" library="COMP_Checkbox">
<var>${value}</var>
<arg>${action}[selector][xpath]</arg>
<tag>component</tag>
<doc>Gets the current checkbox status</doc>
<status status="NOT RUN" starttime="20241125 21:58:28.523" endtime="20241125 21:58:28.524"/>
</kw>
<if>
<branch type="IF" condition="${value}">
<kw name="Set Variable" library="BuiltIn">
<var>${value}</var>
<arg>TRUE</arg>
<doc>Returns the given values which can then be assigned to a variables.</doc>
<status status="NOT RUN" starttime="20241125 21:58:28.524" endtime="20241125 21:58:28.525"/>
</kw>
<status status="NOT RUN" starttime="20241125 21:58:28.524" endtime="20241125 21:58:28.525"/>
</branch>
<branch type="ELSE">
<kw name="Set Variable" library="BuiltIn">
<var>${value}</var>
<arg>FALSE</arg>
<doc>Returns the given values which can then be assigned to a variables.</doc>
<status status="NOT RUN" starttime="20241125 21:58:28.525" endtime="20241125 21:58:28.525"/>
</kw>
<status status="NOT RUN" starttime="20241125 21:58:28.525" endtime="20241125 21:58:28.526"/>
</branch>
<status status="NOT RUN" starttime="20241125 21:58:28.524" endtime="20241125 21:58:28.526"/>
</if>
<status status="NOT RUN" starttime="20241125 21:58:28.522" endtime="20241125 21:58:28.526"/>
</branch>
<branch type="ELSE IF" condition="'${action}[type]' == '${SET_RADIO_VALUE}'">
<kw name="evaluate(${input}[value] == TRUE)">
<var>${select}</var>
<status status="NOT RUN" starttime="20241125 21:58:28.534" endtime="20241125 21:58:28.534"/>
</kw>
<kw name="set-value" library="COMP_Checkbox">
<arg>${action}[selector][xpath]</arg>
<arg>${select}</arg>
<tag>component</tag>
<doc>Updates the Field value and checks for post condition
And retries if the retry value is provided</doc>
<status status="NOT RUN" starttime="20241125 21:58:28.536" endtime="20241125 21:58:28.536"/>
</kw>
<status status="NOT RUN" starttime="20241125 21:58:28.526" endtime="20241125 21:58:28.537"/>
</branch>
<branch type="ELSE IF" condition="'${action}[type]' == '${IS_ELEMENT_VISIBLE}'">
<kw name="is-attached-after-wait" library="UTIL_BrowserHelper">
<var>${value}</var>
<arg>${action}[selector][xpath]</arg>
<tag>util</tag>
<doc>checks whether the given selector is attached to the DOM
after waiting for the element state</doc>
<status status="NOT RUN" starttime="20241125 21:58:28.538" endtime="20241125 21:58:28.538"/>
</kw>
<if>
<branch type="IF" condition="${value}">
<kw name="Set Variable" library="BuiltIn">
<var>${value}</var>
<arg>TRUE</arg>
<doc>Returns the given values which can then be assigned to a variables.</doc>
<status status="NOT RUN" starttime="20241125 21:58:28.538" endtime="20241125 21:58:28.538"/>
</kw>
<status status="NOT RUN" starttime="20241125 21:58:28.538" endtime="20241125 21:58:28.538"/>
</branch>
<branch type="ELSE">
<kw name="Set Variable" library="BuiltIn">
<var>${value}</var>
<arg>FALSE</arg>
<doc>Returns the given values which can then be assigned to a variables.</doc>
<status status="NOT RUN" starttime="20241125 21:58:28.538" endtime="20241125 21:58:28.538"/>
</kw>
<status status="NOT RUN" starttime="20241125 21:58:28.538" endtime="20241125 21:58:28.539"/>
</branch>
<status status="NOT RUN" starttime="20241125 21:58:28.538" endtime="20241125 21:58:28.539"/>
</if>
<status status="NOT RUN" starttime="20241125 21:58:28.537" endtime="20241125 21:58:28.539"/>
</branch>
<branch type="ELSE IF" condition="'${action}[type]' == '${GET_TEXT}'">
<kw name="get-property" library="UTIL_BrowserHelper">
<var>${value}</var>
<arg>${action}[selector][xpath]</arg>
<arg>innerText</arg>
<tag>util</tag>
<doc>Method used to get property</doc>
<status status="NOT RUN" starttime="20241125 21:58:28.542" endtime="20241125 21:58:28.542"/>
</kw>
<status status="NOT RUN" starttime="20241125 21:58:28.539" endtime="20241125 21:58:28.542"/>
</branch>
<branch type="ELSE">
<kw name="Log To Message">
<arg>Action not developed. Terminate the TestCase here!!!</arg>
<status status="NOT RUN" starttime="20241125 21:58:28.551" endtime="20241125 21:58:28.551"/>
</kw>
<kw name="ex-fail" library="EX_Exception">
<arg>ACTION_NOT_DEVELOPED</arg>
<tag>exception</tag>
<doc>wrapper over the builtin Fail keyword, to support additional operations during failure</doc>
<status status="NOT RUN" starttime="20241125 21:58:28.551" endtime="20241125 21:58:28.551"/>
</kw>
<status status="NOT RUN" starttime="20241125 21:58:28.542" endtime="20241125 21:58:28.551"/>
</branch>
<status status="PASS" starttime="20241125 21:58:23.924" endtime="20241125 21:58:28.551"/>
</if>
<kw name="Log To Console" library="BuiltIn">
<arg>${value}</arg>
<doc>Logs the given message to the console.</doc>
<status status="PASS" starttime="20241125 21:58:28.552" endtime="20241125 21:58:28.552"/>
</kw>
<kw name="Sleep" library="BuiltIn">
<arg>${input}[waitAfterAction]s</arg>
<doc>Pauses the test executed for the given time.</doc>
<msg timestamp="20241125 21:58:28.553" level="INFO">Slept 0 seconds</msg>
<status status="PASS" starttime="20241125 21:58:28.552" endtime="20241125 21:58:28.553"/>
</kw>
<return>
<value>${value}</value>
<status status="PASS" starttime="20241125 21:58:28.553" endtime="20241125 21:58:28.553"/>
</return>
<msg timestamp="20241125 21:58:28.553" level="INFO">${value} = https://iassistant.ideas2it.com</msg>
<status status="PASS" starttime="20241125 21:58:23.923" endtime="20241125 21:58:28.553"/>
</kw>
<kw name="perform-assertion">
<var>${assertion_message}</var>
<arg>${ACCUMULATION}</arg>
<arg>${assertions}</arg>
<arg>${testCaseFlowSequence}[id]</arg>
<arg>${flowActionSequence}[id]</arg>
<arg>${value}</arg>
<kw name="Set Variable" library="BuiltIn">
<var>${key}</var>
<arg>testCaseFlowSequenceId:${testCaseFlowSequenceId}::flowActionSequenceId:${flowActionSequenceId}</arg>
<doc>Returns the given values which can then be assigned to a variables.</doc>
<msg timestamp="20241125 21:58:28.554" level="INFO">${key} = testCaseFlowSequenceId:5::flowActionSequenceId:1</msg>
<status status="PASS" starttime="20241125 21:58:28.554" endtime="20241125 21:58:28.554"/>
</kw>
<for flavor="IN">
<var>${assertion}</var>
<value>@{assertions}</value>
<iter>
<var name="${assertion}">{'id': '3', 'testCaseId': '3', 'operator': 'SHOULD_NOT_CONTAIN', 'source': 'testCaseFlowSequenceId:7::flowActionSequenceId:16', 'target': 'testCaseFlowSequenceId:7::flowActionSequenceId:13', 'customTa...</var>
<kw name="Set Variable" library="BuiltIn">
<var>${source}</var>
<arg>${assertion}[source]</arg>
<doc>Returns the given values which can then be assigned to a variables.</doc>
<msg timestamp="20241125 21:58:28.555" level="INFO">${source} = testCaseFlowSequenceId:7::flowActionSequenceId:16</msg>
<status status="PASS" starttime="20241125 21:58:28.555" endtime="20241125 21:58:28.555"/>
</kw>
<kw name="Set Variable" library="BuiltIn">
<var>${target}</var>
<arg>${assertion}[target]</arg>
<doc>Returns the given values which can then be assigned to a variables.</doc>
<msg timestamp="20241125 21:58:28.555" level="INFO">${target} = testCaseFlowSequenceId:7::flowActionSequenceId:13</msg>
<status status="PASS" starttime="20241125 21:58:28.555" endtime="20241125 21:58:28.555"/>
</kw>
<kw name="Set Variable" library="BuiltIn">
<var>${skip}</var>
<arg>${assertion}[skip]</arg>
<doc>Returns the given values which can then be assigned to a variables.</doc>
<msg timestamp="20241125 21:58:28.556" level="INFO">${skip} = False</msg>
<status status="PASS" starttime="20241125 21:58:28.555" endtime="20241125 21:58:28.556"/>
</kw>
<kw name="Set Variable" library="BuiltIn">
<var>${operator}</var>
<arg>${assertion}[operator]</arg>
<doc>Returns the given values which can then be assigned to a variables.</doc>
<msg timestamp="20241125 21:58:28.556" level="INFO">${operator} = SHOULD_NOT_CONTAIN</msg>
<status status="PASS" starttime="20241125 21:58:28.556" endtime="20241125 21:58:28.556"/>
</kw>
<kw name="Set Variable" library="BuiltIn">
<var>${useCustomTargetValue}</var>
<arg>${assertion}[useCustomTargetValue]</arg>
<doc>Returns the given values which can then be assigned to a variables.</doc>
<msg timestamp="20241125 21:58:28.557" level="INFO">${useCustomTargetValue} = False</msg>
<status status="PASS" starttime="20241125 21:58:28.556" endtime="20241125 21:58:28.557"/>
</kw>
<kw name="Set Variable" library="BuiltIn">
<var>${customTargetValue}</var>
<arg>${assertion}[customTargetValue]</arg>
<doc>Returns the given values which can then be assigned to a variables.</doc>
<msg timestamp="20241125 21:58:28.557" level="INFO">${customTargetValue} = TN91 T9861 ( Two-wheeler )</msg>
<status status="PASS" starttime="20241125 21:58:28.557" endtime="20241125 21:58:28.557"/>
</kw>
<kw name="Set Variable" library="BuiltIn">
<var>${errorMessage}</var>
<arg>${assertion}[errorMessage]</arg>
<doc>Returns the given values which can then be assigned to a variables.</doc>
<msg timestamp="20241125 21:58:28.558" level="INFO">${errorMessage} = Vehicle number mismatch</msg>
<status status="PASS" starttime="20241125 21:58:28.558" endtime="20241125 21:58:28.558"/>
</kw>
<kw name="Set To Dictionary" library="Collections">
<arg>${ACCUMULATION}</arg>
<arg>${key}=${value}</arg>
<doc>Adds the given ``key_value_pairs`` and ``items`` to the ``dictionary``.</doc>
<status status="PASS" starttime="20241125 21:58:28.558" endtime="20241125 21:58:28.559"/>
</kw>
<kw name="is-value-not-none" library="UTIL_Collection">
<var>${is_source_exists}</var>
<arg>${ACCUMULATION}</arg>
<arg>${source}</arg>
<tag>util</tag>
<doc>checks whether the key exists in dicitonary</doc>
<kw name="Run Keyword And Return Status" library="BuiltIn">
<var>${no_none_exists}</var>
<arg>dictionary should contain key</arg>
<arg>${dictionary}</arg>
<arg>${key}</arg>
<doc>Runs the given keyword with given arguments and returns the status as a Boolean value.</doc>
<kw name="Dictionary Should Contain Key" library="Collections">
<arg>${dictionary}</arg>
<arg>${key}</arg>
<doc>Fails if ``key`` is not found from ``dictionary``.</doc>
<msg timestamp="20241125 21:58:28.562" level="FAIL">Dictionary does not contain key 'testCaseFlowSequenceId:7::flowActionSequenceId:16'.</msg>
<status status="FAIL" starttime="20241125 21:58:28.561" endtime="20241125 21:58:28.562"/>
</kw>
<msg timestamp="20241125 21:58:28.562" level="INFO">${no_none_exists} = False</msg>
<status status="PASS" starttime="20241125 21:58:28.560" endtime="20241125 21:58:28.562"/>
</kw>
<if>
<branch type="IF" condition="$no_none_exists == $True">
<kw name="Set Variable" library="BuiltIn">
<var>${values}</var>
<arg>${dictionary}[${key}]</arg>
<doc>Returns the given values which can then be assigned to a variables.</doc>
<status status="NOT RUN" starttime="20241125 21:58:28.563" endtime="20241125 21:58:28.563"/>
</kw>
<if>
<branch type="IF" condition="$values != $None">
<kw name="Set Variable" library="BuiltIn">
<var>${no_none_exists}</var>
<arg>${True}</arg>
<doc>Returns the given values which can then be assigned to a variables.</doc>
<status status="NOT RUN" starttime="20241125 21:58:28.563" endtime="20241125 21:58:28.564"/>
</kw>
<status status="NOT RUN" starttime="20241125 21:58:28.563" endtime="20241125 21:58:28.564"/>
</branch>
<branch type="ELSE">
<kw name="Set Variable" library="BuiltIn">
<var>${no_none_exists}</var>
<arg>${False}</arg>
<doc>Returns the given values which can then be assigned to a variables.</doc>
<status status="NOT RUN" starttime="20241125 21:58:28.564" endtime="20241125 21:58:28.564"/>
</kw>
<status status="NOT RUN" starttime="20241125 21:58:28.564" endtime="20241125 21:58:28.564"/>
</branch>
<status status="NOT RUN" starttime="20241125 21:58:28.563" endtime="20241125 21:58:28.564"/>
</if>
<status status="NOT RUN" starttime="20241125 21:58:28.563" endtime="20241125 21:58:28.564"/>
</branch>
<status status="PASS" starttime="20241125 21:58:28.562" endtime="20241125 21:58:28.564"/>
</if>
<return>
<value>${no_none_exists}</value>
<status status="PASS" starttime="20241125 21:58:28.564" endtime="20241125 21:58:28.564"/>
</return>
<msg timestamp="20241125 21:58:28.565" level="INFO">${is_source_exists} = False</msg>
<status status="PASS" starttime="20241125 21:58:28.560" endtime="20241125 21:58:28.565"/>
</kw>
<kw name="is-value-not-none" library="UTIL_Collection">
<var>${is_target_exists}</var>
<arg>${ACCUMULATION}</arg>
<arg>${target}</arg>
<tag>util</tag>
<doc>checks whether the key exists in dicitonary</doc>
<kw name="Run Keyword And Return Status" library="BuiltIn">
<var>${no_none_exists}</var>
<arg>dictionary should contain key</arg>
<arg>${dictionary}</arg>
<arg>${key}</arg>
<doc>Runs the given keyword with given arguments and returns the status as a Boolean value.</doc>
<kw name="Dictionary Should Contain Key" library="Collections">
<arg>${dictionary}</arg>
<arg>${key}</arg>
<doc>Fails if ``key`` is not found from ``dictionary``.</doc>
<msg timestamp="20241125 21:58:28.567" level="FAIL">Dictionary does not contain key 'testCaseFlowSequenceId:7::flowActionSequenceId:13'.</msg>
<status status="FAIL" starttime="20241125 21:58:28.567" endtime="20241125 21:58:28.567"/>
</kw>
<msg timestamp="20241125 21:58:28.568" level="INFO">${no_none_exists} = False</msg>
<status status="PASS" starttime="20241125 21:58:28.566" endtime="20241125 21:58:28.568"/>
</kw>
<if>
<branch type="IF" condition="$no_none_exists == $True">
<kw name="Set Variable" library="BuiltIn">
<var>${values}</var>
<arg>${dictionary}[${key}]</arg>
<doc>Returns the given values which can then be assigned to a variables.</doc>
<status status="NOT RUN" starttime="20241125 21:58:28.568" endtime="20241125 21:58:28.568"/>
</kw>
<if>
<branch type="IF" condition="$values != $None">
<kw name="Set Variable" library="BuiltIn">
<var>${no_none_exists}</var>
<arg>${True}</arg>
<doc>Returns the given values which can then be assigned to a variables.</doc>
<status status="NOT RUN" starttime="20241125 21:58:28.569" endtime="20241125 21:58:28.569"/>
</kw>
<status status="NOT RUN" starttime="20241125 21:58:28.568" endtime="20241125 21:58:28.570"/>
</branch>
<branch type="ELSE">
<kw name="Set Variable" library="BuiltIn">
<var>${no_none_exists}</var>
<arg>${False}</arg>
<doc>Returns the given values which can then be assigned to a variables.</doc>
<status status="NOT RUN" starttime="20241125 21:58:28.570" endtime="20241125 21:58:28.570"/>
</kw>
<status status="NOT RUN" starttime="20241125 21:58:28.570" endtime="20241125 21:58:28.570"/>
</branch>
<status status="NOT RUN" starttime="20241125 21:58:28.568" endtime="20241125 21:58:28.570"/>
</if>
<status status="NOT RUN" starttime="20241125 21:58:28.568" endtime="20241125 21:58:28.570"/>
</branch>
<status status="PASS" starttime="20241125 21:58:28.568" endtime="20241125 21:58:28.570"/>
</if>
<return>
<value>${no_none_exists}</value>
<status status="PASS" starttime="20241125 21:58:28.570" endtime="20241125 21:58:28.570"/>
</return>
<msg timestamp="20241125 21:58:28.571" level="INFO">${is_target_exists} = False</msg>
<status status="PASS" starttime="20241125 21:58:28.566" endtime="20241125 21:58:28.571"/>
</kw>
<if>
<branch type="IF" condition="'${source}' == '${key}' and '${is_source_exists}' == '${True}'">
<if>
<branch type="IF" condition="$skip">
<return>
<value>Skipped assertion!!</value>
<status status="NOT RUN" starttime="20241125 21:58:28.571" endtime="20241125 21:58:28.572"/>
</return>
<status status="NOT RUN" starttime="20241125 21:58:28.571" endtime="20241125 21:58:28.572"/>
</branch>
<status status="NOT RUN" starttime="20241125 21:58:28.571" endtime="20241125 21:58:28.572"/>
</if>
<if>
<branch type="IF" condition="$useCustomTargetValue">
<kw name="assert">
<var>${message}</var>
<arg>${ACCUMULATION}[${source}]</arg>
<arg>${customTargetValue}</arg>
<arg>${operator}</arg>
<arg>${errorMessage}</arg>
<doc>Method used to assert and return assertion message</doc>
<status status="NOT RUN" starttime="20241125 21:58:28.572" endtime="20241125 21:58:28.572"/>
</kw>
<return>
<value>${message}</value>
<status status="NOT RUN" starttime="20241125 21:58:28.572" endtime="20241125 21:58:28.573"/>
</return>
<status status="NOT RUN" starttime="20241125 21:58:28.572" endtime="20241125 21:58:28.573"/>
</branch>
<status status="NOT RUN" starttime="20241125 21:58:28.572" endtime="20241125 21:58:28.573"/>
</if>
<if>
<branch type="IF" condition="$is_target_exists">
<kw name="assert">
<var>${message}</var>
<arg>${ACCUMULATION}[${source}]</arg>
<arg>${ACCUMULATION}[${target}]</arg>
<arg>${operator}</arg>
<arg>${errorMessage}</arg>
<doc>Method used to assert and return assertion message</doc>
<status status="NOT RUN" starttime="20241125 21:58:28.573" endtime="20241125 21:58:28.574"/>
</kw>
<return>
<value>${message}</value>
<status status="NOT RUN" starttime="20241125 21:58:28.574" endtime="20241125 21:58:28.574"/>
</return>
<status status="NOT RUN" starttime="20241125 21:58:28.573" endtime="20241125 21:58:28.574"/>
</branch>
<status status="NOT RUN" starttime="20241125 21:58:28.573" endtime="20241125 21:58:28.574"/>
</if>
<status status="NOT RUN" starttime="20241125 21:58:28.571" endtime="20241125 21:58:28.574"/>
</branch>
<status status="PASS" starttime="20241125 21:58:28.571" endtime="20241125 21:58:28.574"/>
</if>
<if>
<branch type="IF" condition="'${target}' == '${key}' and '${is_target_exists}' == '${True}'">
<if>
<branch type="IF" condition="$skip">
<return>
<value>Skipped assertion!!</value>
<status status="NOT RUN" starttime="20241125 21:58:28.575" endtime="20241125 21:58:28.575"/>
</return>
<status status="NOT RUN" starttime="20241125 21:58:28.575" endtime="20241125 21:58:28.575"/>
</branch>
<status status="NOT RUN" starttime="20241125 21:58:28.575" endtime="20241125 21:58:28.575"/>
</if>
<if>
<branch type="IF" condition="$useCustomTargetValue">
<kw name="Log To Console" library="BuiltIn">
<arg>No need to assert here.</arg>
<doc>Logs the given message to the console.</doc>
<status status="NOT RUN" starttime="20241125 21:58:28.575" endtime="20241125 21:58:28.575"/>
</kw>
<status status="NOT RUN" starttime="20241125 21:58:28.575" endtime="20241125 21:58:28.575"/>
</branch>
<status status="NOT RUN" starttime="20241125 21:58:28.575" endtime="20241125 21:58:28.576"/>
</if>
<if>
<branch type="IF" condition="$is_source_exists">
<kw name="assert">
<var>${message}</var>
<arg>${ACCUMULATION}[${source}]</arg>
<arg>${ACCUMULATION}[${target}]</arg>
<arg>${operator}</arg>
<arg>${errorMessage}</arg>
<doc>Method used to assert and return assertion message</doc>
<status status="NOT RUN" starttime="20241125 21:58:28.576" endtime="20241125 21:58:28.576"/>
</kw>
<return>
<value>${message}</value>
<status status="NOT RUN" starttime="20241125 21:58:28.576" endtime="20241125 21:58:28.576"/>
</return>
<status status="NOT RUN" starttime="20241125 21:58:28.576" endtime="20241125 21:58:28.576"/>
</branch>
<status status="NOT RUN" starttime="20241125 21:58:28.576" endtime="20241125 21:58:28.576"/>
</if>
<status status="NOT RUN" starttime="20241125 21:58:28.575" endtime="20241125 21:58:28.576"/>
</branch>
<status status="PASS" starttime="20241125 21:58:28.574" endtime="20241125 21:58:28.576"/>
</if>
<status status="PASS" starttime="20241125 21:58:28.554" endtime="20241125 21:58:28.576"/>
</iter>
<status status="PASS" starttime="20241125 21:58:28.554" endtime="20241125 21:58:28.576"/>
</for>
<msg timestamp="20241125 21:58:28.576" level="INFO">${assertion_message} = None</msg>
<status status="PASS" starttime="20241125 21:58:28.553" endtime="20241125 21:58:28.576"/>
</kw>
<kw name="Log To Console" library="BuiltIn">
<arg>${assertion_message}</arg>
<doc>Logs the given message to the console.</doc>
<status status="PASS" starttime="20241125 21:58:28.577" endtime="20241125 21:58:28.577"/>
</kw>
<kw name="send-action-sequence-message">
<arg>${flowActionSequence}[flowActionSequenceHistoryId]</arg>
<arg>COMPLETED</arg>
<arg>${action}</arg>
<arg>${input}</arg>
<arg>${EMPTY}</arg>
<arg>${assertion_message}</arg>
<kw name="is-value-not-none" library="UTIL_Collection">
<var>${is_selector_exists}</var>
<arg>${action}</arg>
<arg>selector</arg>
<tag>util</tag>
<doc>checks whether the key exists in dicitonary</doc>
<kw name="Run Keyword And Return Status" library="BuiltIn">
<var>${no_none_exists}</var>
<arg>dictionary should contain key</arg>
<arg>${dictionary}</arg>
<arg>${key}</arg>
<doc>Runs the given keyword with given arguments and returns the status as a Boolean value.</doc>
<kw name="Dictionary Should Contain Key" library="Collections">
<arg>${dictionary}</arg>
<arg>${key}</arg>
<doc>Fails if ``key`` is not found from ``dictionary``.</doc>
<msg timestamp="20241125 21:58:28.581" level="FAIL">Dictionary does not contain key 'selector'.</msg>
<status status="FAIL" starttime="20241125 21:58:28.581" endtime="20241125 21:58:28.581"/>
</kw>
<msg timestamp="20241125 21:58:28.581" level="INFO">${no_none_exists} = False</msg>
<status status="PASS" starttime="20241125 21:58:28.580" endtime="20241125 21:58:28.581"/>
</kw>
<if>
<branch type="IF" condition="$no_none_exists == $True">
<kw name="Set Variable" library="BuiltIn">
<var>${values}</var>
<arg>${dictionary}[${key}]</arg>
<doc>Returns the given values which can then be assigned to a variables.</doc>
<status status="NOT RUN" starttime="20241125 21:58:28.583" endtime="20241125 21:58:28.583"/>
</kw>
<if>
<branch type="IF" condition="$values != $None">
<kw name="Set Variable" library="BuiltIn">
<var>${no_none_exists}</var>
<arg>${True}</arg>
<doc>Returns the given values which can then be assigned to a variables.</doc>
<status status="NOT RUN" starttime="20241125 21:58:28.583" endtime="20241125 21:58:28.583"/>
</kw>
<status status="NOT RUN" starttime="20241125 21:58:28.583" endtime="20241125 21:58:28.583"/>
</branch>
<branch type="ELSE">
<kw name="Set Variable" library="BuiltIn">
<var>${no_none_exists}</var>
<arg>${False}</arg>
<doc>Returns the given values which can then be assigned to a variables.</doc>
<status status="NOT RUN" starttime="20241125 21:58:28.584" endtime="20241125 21:58:28.584"/>
</kw>
<status status="NOT RUN" starttime="20241125 21:58:28.583" endtime="20241125 21:58:28.584"/>
</branch>
<status status="NOT RUN" starttime="20241125 21:58:28.583" endtime="20241125 21:58:28.584"/>
</if>
<status status="NOT RUN" starttime="20241125 21:58:28.582" endtime="20241125 21:58:28.584"/>
</branch>
<status status="PASS" starttime="20241125 21:58:28.581" endtime="20241125 21:58:28.584"/>
</if>
<return>
<value>${no_none_exists}</value>
<status status="PASS" starttime="20241125 21:58:28.584" endtime="20241125 21:58:28.584"/>
</return>
<msg timestamp="20241125 21:58:28.584" level="INFO">${is_selector_exists} = False</msg>
<status status="PASS" starttime="20241125 21:58:28.580" endtime="20241125 21:58:28.584"/>
</kw>
<if>
<branch type="IF" condition="$is_selector_exists">
<kw name="Set Variable" library="BuiltIn">
<var>${xpath}</var>
<arg>${action}[selector][xpath]</arg>
<doc>Returns the given values which can then be assigned to a variables.</doc>
<status status="NOT RUN" starttime="20241125 21:58:28.585" endtime="20241125 21:58:28.585"/>
</kw>
<status status="NOT RUN" starttime="20241125 21:58:28.585" endtime="20241125 21:58:28.585"/>
</branch>
<branch type="ELSE">
<kw name="Set Variable" library="BuiltIn">
<var>${xpath}</var>
<arg>${EMPTY}</arg>
<doc>Returns the given values which can then be assigned to a variables.</doc>
<msg timestamp="20241125 21:58:28.586" level="INFO">${xpath} = </msg>
<status status="PASS" starttime="20241125 21:58:28.585" endtime="20241125 21:58:28.586"/>
</kw>
<status status="PASS" starttime="20241125 21:58:28.585" endtime="20241125 21:58:28.586"/>
</branch>
<status status="PASS" starttime="20241125 21:58:28.584" endtime="20241125 21:58:28.586"/>
</if>
<kw name="Create Dictionary" library="BuiltIn">
<var>${response_message}</var>
<arg>flowActionSequenceHistoryId=${flowActionSequenceHistoryId}</arg>
<arg>status=${status}</arg>
<arg>actionName=${action}[name]</arg>
<arg>actionType=${action}[type]</arg>
<arg>actionXpath=${xpath}</arg>
<arg>inputValue=${input}[value]</arg>
<arg>errorMessage=${errorMessage}</arg>
<arg>assertionMessage=${assertionMessage}</arg>
<doc>Creates and returns a dictionary based on the given ``items``.</doc>
<msg timestamp="20241125 21:58:28.587" level="INFO">${response_message} = {'flowActionSequenceHistoryId': '370', 'status': 'COMPLETED', 'actionName': 'Launch browser', 'actionType': 'LAUNCH_BROWSER', 'actionXpath': '', 'inputValue': 'https://iassistant.ideas2it.com', 'error...</msg>
<status status="PASS" starttime="20241125 21:58:28.586" endtime="20241125 21:58:28.587"/>
</kw>
<kw name="Push response message to kafka topic" library="UTIL_Common">
<arg>${response_message}</arg>
<tag>function</tag>
<doc>push the response message to kafka topic</doc>
<kw name="Evaluate" library="BuiltIn">
<var>${json_response}</var>
<arg>json.dumps(${payload_response_msg})</arg>
<arg>json</arg>
<doc>Evaluates the given expression in Python and returns the result.</doc>
<msg timestamp="20241125 21:58:28.588" level="INFO">${json_response} = {"flowActionSequenceHistoryId": "370", "status": "COMPLETED", "actionName": "Launch browser", "actionType": "LAUNCH_BROWSER", "actionXpath": "", "inputValue": "https://iassistant.ideas2it.com", "error...</msg>
<status status="PASS" starttime="20241125 21:58:28.587" endtime="20241125 21:58:28.588"/>
</kw>
<kw name="Push Message To Topic" library="TopicProducer">
<var>${producer_response}</var>
<arg>${json_response}</arg>
<doc>Kafka Producer to send the response as json message and push it</doc>
<msg timestamp="20241125 21:58:28.593" level="INFO">Message delivered to response_topic [0]</msg>
<msg timestamp="20241125 21:58:28.593" level="INFO">${producer_response} = &lt;function delivery_report at 0x00000226A865A430&gt;</msg>
<status status="PASS" starttime="20241125 21:58:28.588" endtime="20241125 21:58:28.593"/>
</kw>
<kw name="Log To Console" library="BuiltIn">
<arg>kafka_producer_response:${producer_response}</arg>
<doc>Logs the given message to the console.</doc>
<status status="PASS" starttime="20241125 21:58:28.593" endtime="20241125 21:58:28.594"/>
</kw>
<return>
<value>${producer_response}</value>
<status status="PASS" starttime="20241125 21:58:28.594" endtime="20241125 21:58:28.594"/>
</return>
<status status="PASS" starttime="20241125 21:58:28.587" endtime="20241125 21:58:28.594"/>
</kw>
<status status="PASS" starttime="20241125 21:58:28.577" endtime="20241125 21:58:28.594"/>
</kw>
<status status="PASS" starttime="20241125 21:58:23.921" endtime="20241125 21:58:28.594"/>
</branch>
<branch type="EXCEPT" variable="${error_message}">
<kw name="Log To Console" library="BuiltIn">
<arg>${error_message}</arg>
<doc>Logs the given message to the console.</doc>
<status status="NOT RUN" starttime="20241125 21:58:28.595" endtime="20241125 21:58:28.595"/>
</kw>
<kw name="send-action-sequence-message">
<arg>${flowActionSequence}[flowActionSequenceHistoryId]</arg>
<arg>FAILED</arg>
<arg>${action}</arg>
<arg>${input}</arg>
<arg>${error_message}</arg>
<status status="NOT RUN" starttime="20241125 21:58:28.595" endtime="20241125 21:58:28.595"/>
</kw>
<kw name="ex-fail" library="EX_Exception">
<arg>${error_message}</arg>
<tag>exception</tag>
<doc>wrapper over the builtin Fail keyword, to support additional operations during failure</doc>
<status status="NOT RUN" starttime="20241125 21:58:28.595" endtime="20241125 21:58:28.595"/>
</kw>
<status status="NOT RUN" starttime="20241125 21:58:28.594" endtime="20241125 21:58:28.595"/>
</branch>
<status status="PASS" starttime="20241125 21:58:23.920" endtime="20241125 21:58:28.595"/>
</try>
<status status="PASS" starttime="20241125 21:58:23.920" endtime="20241125 21:58:28.595"/>
</iter>
<iter>
<var name="${flowActionSequence}">{'id': '3', 'actionId': '2', 'flowId': '1', 'order': 1, 'createdAt': '2024-11-25T08:01:13.886Z', 'updatedAt': '2024-11-25T08:01:13.886Z', 'action': {'id': '2', 'name': 'Enter username', 'type': 'TYPE_...</var>
<try>
<branch type="TRY">
<kw name="Set Variable" library="BuiltIn">
<var>${action}</var>
<arg>${flowActionSequence}[action]</arg>
<doc>Returns the given values which can then be assigned to a variables.</doc>
<msg timestamp="20241125 21:58:28.596" level="INFO">${action} = {'id': '2', 'name': 'Enter username', 'type': 'TYPE_TEXT', 'selectorI': '1', 'valueRege': '', 'projectId': '1', 'enter': None, 'createdAt': '2024-11-25T07:58:57.423Z', 'updatedAt': '2024-11-25T07:58:5...</msg>
<status status="PASS" starttime="20241125 21:58:28.596" endtime="20241125 21:58:28.596"/>
</kw>
<kw name="Log To Console" library="BuiltIn">
<arg>Action Name: ${action}[name]</arg>
<doc>Logs the given message to the console.</doc>
<status status="PASS" starttime="20241125 21:58:28.597" endtime="20241125 21:58:28.597"/>
</kw>
<kw name="Get Selected Input" library="Common_util">
<var>${input}</var>
<arg>${flowActionSequence}</arg>
<msg timestamp="20241125 21:58:28.597" level="INFO">${input} = {'id': '3', 'actionId': '2', 'name': 'Bharani', 'value': 'bharani@ideas2it.com', 'waitAfterAction': '0', 'isDefault': True, 'createdAt': '2024-11-25T07:58:57.620Z', 'updatedAt': '2024-11-25T11:16:10.6...</msg>
<status status="PASS" starttime="20241125 21:58:28.597" endtime="20241125 21:58:28.598"/>
</kw>
<if>
<branch type="IF" condition="$input == $None">
<kw name="Log To Console" library="BuiltIn">
<arg>Input not found for this action. Terminate the test case here!!!</arg>
<doc>Logs the given message to the console.</doc>
<status status="NOT RUN" starttime="20241125 21:58:28.598" endtime="20241125 21:58:28.598"/>
</kw>
<kw name="ex-fail" library="EX_Exception">
<arg>INPUT_NOT_FOUND_IN_ACTION</arg>
<tag>exception</tag>
<doc>wrapper over the builtin Fail keyword, to support additional operations during failure</doc>
<status status="NOT RUN" starttime="20241125 21:58:28.599" endtime="20241125 21:58:28.599"/>
</kw>
<status status="NOT RUN" starttime="20241125 21:58:28.598" endtime="20241125 21:58:28.599"/>
</branch>
<status status="PASS" starttime="20241125 21:58:28.598" endtime="20241125 21:58:28.599"/>
</if>
<kw name="execute-action">
<var>${value}</var>
<arg>${action}</arg>
<arg>${input}</arg>
<kw name="Set Variable" library="BuiltIn">
<var>${value}</var>
<arg>${input}[value]</arg>
<doc>Returns the given values which can then be assigned to a variables.</doc>
<msg timestamp="20241125 21:58:28.600" level="INFO">${value} = bharani@ideas2it.com</msg>
<status status="PASS" starttime="20241125 21:58:28.600" endtime="20241125 21:58:28.600"/>
</kw>
<if>
<branch type="IF" condition="'${action}[type]' == '${LAUNCH_BROWSER}'">
<kw name="new-page" library="COMP_BrowserContext">
<arg>${input}[value]</arg>
<status status="NOT RUN" starttime="20241125 21:58:28.600" endtime="20241125 21:58:28.600"/>
</kw>
<status status="NOT RUN" starttime="20241125 21:58:28.600" endtime="20241125 21:58:28.600"/>
</branch>
<branch type="ELSE IF" condition="'${action}[type]' == '${NEW_PAGE}'">
<kw name="new-page" library="COMP_BrowserContext">
<arg>${input}[value]</arg>
<status status="NOT RUN" starttime="20241125 21:58:28.601" endtime="20241125 21:58:28.601"/>
</kw>
<status status="NOT RUN" starttime="20241125 21:58:28.601" endtime="20241125 21:58:28.601"/>
</branch>
<branch type="ELSE IF" condition="'${action}[type]' == '${CLICK}'">
<kw name="left-click" library="COMP_Button">
<arg>${action}[selector][xpath]</arg>
<tag>component</tag>
<doc>Performs left click operation on button</doc>
<status status="NOT RUN" starttime="20241125 21:58:28.603" endtime="20241125 21:58:28.603"/>
</kw>
<status status="NOT RUN" starttime="20241125 21:58:28.601" endtime="20241125 21:58:28.603"/>
</branch>
<branch type="ELSE IF" condition="'${action}[type]' == '${DOUBLE_CLICK}'">
<kw name="left-click" library="COMP_Button">
<arg>${action}[selector][xpath]</arg>
<tag>component</tag>
<doc>Performs left click operation on button</doc>
<status status="NOT RUN" starttime="20241125 21:58:28.604" endtime="20241125 21:58:28.604"/>
</kw>
<kw name="left-click" library="COMP_Button">
<arg>${action}[selector][xpath]</arg>
<tag>component</tag>
<doc>Performs left click operation on button</doc>
<status status="NOT RUN" starttime="20241125 21:58:28.606" endtime="20241125 21:58:28.606"/>
</kw>
<status status="NOT RUN" starttime="20241125 21:58:28.603" endtime="20241125 21:58:28.606"/>
</branch>
<branch type="ELSE IF" condition="'${action}[type]' == '${GET_DROPDOWN_VALUE}'">
<kw name="get-selected-option" library="COMP_Select">
<var>${value}</var>
<arg>${action}[selector][xpath]</arg>
<tag>component</tag>
<doc>Gets the selected option
Error will thrown if multiple options selected</doc>
<status status="NOT RUN" starttime="20241125 21:58:28.608" endtime="20241125 21:58:28.608"/>
</kw>
<status status="NOT RUN" starttime="20241125 21:58:28.607" endtime="20241125 21:58:28.608"/>
</branch>
<branch type="ELSE IF" condition="'${action}[type]' == '${SET_DROPDOWN_VALUE}'">
<kw name="select-single-option" library="COMP_Select">
<arg>${action}[selector][xpath]</arg>
<arg>${input}[value]</arg>
<tag>component</tag>
<doc>Selects the option by given attribute</doc>
<status status="NOT RUN" starttime="20241125 21:58:28.611" endtime="20241125 21:58:28.611"/>
</kw>
<status status="NOT RUN" starttime="20241125 21:58:28.608" endtime="20241125 21:58:28.611"/>
</branch>
<branch type="ELSE IF" condition="'${action}[type]' == '${TYPE_TEXT}'">
<kw name="set-value" library="COMP_Textbox">
<arg>${action}[selector][xpath]</arg>
<arg>${input}[value]</arg>
<tag>component</tag>
<doc>Updates Field Value and checks for post condition
And retries if the retry value is provided</doc>
<kw name="validate-precondition" library="COMP_Textbox">
<arg>${selector}</arg>
<tag>robot:private</tag>
<doc>Method used to validate if the selector is actually an input
Also used to validate the input element before performing any action
...
INPUT:
//input[@id="username"]: string</doc>
<kw name="fail-if-not-attached-after-wait" library="UTIL_Validation">
<arg>${selector}</arg>
<tag>util</tag>
<doc>Throws error if the element is not attached to the DOM
after waiting for the element state</doc>
<kw name="is-attached-after-wait" library="UTIL_BrowserHelper">
<var>${is_attached}</var>
<arg>${selector}</arg>
<tag>util</tag>
<doc>checks whether the given selector is attached to the DOM
after waiting for the element state</doc>
<try>
<branch type="TRY">
<kw name="is-element-state-appear-after-wait" library="UTIL_BrowserHelper">
<var>${result}</var>
<arg>${selector}</arg>
<arg>${ELEMENT_STATE_ATTACHED}</arg>
<tag>util</tag>
<doc>Used to get the element state
after waiting for the element state</doc>
<try>
<branch type="TRY">
<kw name="Run Keyword And Return Status" library="BuiltIn">
<var>${result}</var>
<arg>RPA.Browser.Playwright.Wait For Elements State</arg>
<arg>${selector}</arg>
<arg>${state}</arg>
<arg>timeout=12s</arg>
<doc>Runs the given keyword with given arguments and returns the status as a Boolean value.</doc>
<kw name="Wait For Elements State" library="RPA.Browser.Playwright">
<arg>${selector}</arg>
<arg>${state}</arg>
<arg>timeout=12s</arg>
<tag>PageContent</tag>
<tag>Wait</tag>
<doc>Waits for the element found by ``selector`` to satisfy state option.</doc>
<msg timestamp="20241125 21:58:28.645" level="INFO">Waited for Element with selector //input[@id="username"] at state attached</msg>
<status status="PASS" starttime="20241125 21:58:28.619" endtime="20241125 21:58:28.645"/>
</kw>
<msg timestamp="20241125 21:58:28.645" level="INFO">${result} = True</msg>
<status status="PASS" starttime="20241125 21:58:28.619" endtime="20241125 21:58:28.645"/>
</kw>
<return>
<value>${result}</value>
<status status="PASS" starttime="20241125 21:58:28.645" endtime="20241125 21:58:28.645"/>
</return>
<status status="PASS" starttime="20241125 21:58:28.619" endtime="20241125 21:58:28.645"/>
</branch>
<branch type="EXCEPT" variable="${error_message}">
<kw name="Log To Console" library="BuiltIn">
<arg>Error while getting element state: ${error_message}</arg>
<arg>ERROR</arg>
<doc>Logs the given message to the console.</doc>
<status status="NOT RUN" starttime="20241125 21:58:28.645" endtime="20241125 21:58:28.646"/>
</kw>
<kw name="ex-fail" library="EX_Exception">
<arg>ELEMENT_NOT_ATTACHED</arg>
<tag>exception</tag>
<doc>wrapper over the builtin Fail keyword, to support additional operations during failure</doc>
<status status="NOT RUN" starttime="20241125 21:58:28.646" endtime="20241125 21:58:28.646"/>
</kw>
<status status="NOT RUN" starttime="20241125 21:58:28.645" endtime="20241125 21:58:28.646"/>
</branch>
<status status="PASS" starttime="20241125 21:58:28.619" endtime="20241125 21:58:28.646"/>
</try>
<msg timestamp="20241125 21:58:28.646" level="INFO">${result} = True</msg>
<status status="PASS" starttime="20241125 21:58:28.618" endtime="20241125 21:58:28.646"/>
</kw>
<return>
<value>${result}</value>
<status status="PASS" starttime="20241125 21:58:28.646" endtime="20241125 21:58:28.646"/>
</return>
<status status="PASS" starttime="20241125 21:58:28.618" endtime="20241125 21:58:28.646"/>
</branch>
<branch type="EXCEPT">
<return>
<value>${False}</value>
<status status="NOT RUN" starttime="20241125 21:58:28.647" endtime="20241125 21:58:28.647"/>
</return>
<status status="NOT RUN" starttime="20241125 21:58:28.646" endtime="20241125 21:58:28.647"/>
</branch>
<status status="PASS" starttime="20241125 21:58:28.618" endtime="20241125 21:58:28.647"/>
</try>
<msg timestamp="20241125 21:58:28.647" level="INFO">${is_attached} = True</msg>
<status status="PASS" starttime="20241125 21:58:28.617" endtime="20241125 21:58:28.647"/>
</kw>
<kw name="fail-keyword-if" library="UTIL_Validation">
<arg>${is_attached == False}</arg>
<arg>${message}</arg>
<tag>util</tag>
<doc>Throws error with a custom message if given condition satisifes
first argument must be an expression/boolean
second argument must a message
Eg: fail-keyword-if {var1 == var2} {message}</doc>
<if>
<branch type="IF" condition="${condition}">
<kw name="Log To Console" library="BuiltIn">
<arg>Conditional exception: ${message}</arg>
<arg>ERROR</arg>
<doc>Logs the given message to the console.</doc>
<status status="NOT RUN" starttime="20241125 21:58:28.649" endtime="20241125 21:58:28.649"/>
</kw>
<kw name="ex-fail" library="EX_Exception">
<arg>${message}</arg>
<tag>exception</tag>
<doc>wrapper over the builtin Fail keyword, to support additional operations during failure</doc>
<status status="NOT RUN" starttime="20241125 21:58:28.649" endtime="20241125 21:58:28.649"/>
</kw>
<status status="NOT RUN" starttime="20241125 21:58:28.649" endtime="20241125 21:58:28.650"/>
</branch>
<status status="PASS" starttime="20241125 21:58:28.649" endtime="20241125 21:58:28.650"/>
</if>
<status status="PASS" starttime="20241125 21:58:28.648" endtime="20241125 21:58:28.650"/>
</kw>
<status status="PASS" starttime="20241125 21:58:28.617" endtime="20241125 21:58:28.650"/>
</kw>
<kw name="fail-if-not-a-textbox" library="UTIL_Validation">
<arg>${selector}</arg>
<tag>util</tag>
<doc>Throws error if the element is not a valid textbox</doc>
<try>
<branch type="TRY">
<kw name="get-property" library="UTIL_BrowserHelper">
<var>${tag_name}</var>
<arg>${selector}</arg>
<arg>tagName</arg>
<tag>util</tag>
<doc>Method used to get property</doc>
<kw name="fail-if-not-attached-after-wait" library="UTIL_Validation">
<arg>${selector}</arg>
<tag>util</tag>
<doc>Throws error if the element is not attached to the DOM
after waiting for the element state</doc>
<kw name="is-attached-after-wait" library="UTIL_BrowserHelper">
<var>${is_attached}</var>
<arg>${selector}</arg>
<tag>util</tag>
<doc>checks whether the given selector is attached to the DOM
after waiting for the element state</doc>
<try>
<branch type="TRY">
<kw name="is-element-state-appear-after-wait" library="UTIL_BrowserHelper">
<var>${result}</var>
<arg>${selector}</arg>
<arg>${ELEMENT_STATE_ATTACHED}</arg>
<tag>util</tag>
<doc>Used to get the element state
after waiting for the element state</doc>
<try>
<branch type="TRY">
<kw name="Run Keyword And Return Status" library="BuiltIn">
<var>${result}</var>
<arg>RPA.Browser.Playwright.Wait For Elements State</arg>
<arg>${selector}</arg>
<arg>${state}</arg>
<arg>timeout=12s</arg>
<doc>Runs the given keyword with given arguments and returns the status as a Boolean value.</doc>
<kw name="Wait For Elements State" library="RPA.Browser.Playwright">
<arg>${selector}</arg>
<arg>${state}</arg>
<arg>timeout=12s</arg>
<tag>PageContent</tag>
<tag>Wait</tag>
<doc>Waits for the element found by ``selector`` to satisfy state option.</doc>
<msg timestamp="20241125 21:58:28.664" level="INFO">Waited for Element with selector //input[@id="username"] at state attached</msg>
<status status="PASS" starttime="20241125 21:58:28.658" endtime="20241125 21:58:28.664"/>
</kw>
<msg timestamp="20241125 21:58:28.664" level="INFO">${result} = True</msg>
<status status="PASS" starttime="20241125 21:58:28.658" endtime="20241125 21:58:28.664"/>
</kw>
<return>
<value>${result}</value>
<status status="PASS" starttime="20241125 21:58:28.664" endtime="20241125 21:58:28.664"/>
</return>
<status status="PASS" starttime="20241125 21:58:28.658" endtime="20241125 21:58:28.665"/>
</branch>
<branch type="EXCEPT" variable="${error_message}">
<kw name="Log To Console" library="BuiltIn">
<arg>Error while getting element state: ${error_message}</arg>
<arg>ERROR</arg>
<doc>Logs the given message to the console.</doc>
[...]
<arg>${operator}</arg>
<arg>${errorMessage}</arg>
<doc>Method used to assert and return assertion message</doc>
<if>
<branch type="IF" condition="'${operator}' == 'SHOULD_BE_EQUAL_TO'">
<kw name="Should Be Equal" library="BuiltIn">
<arg>${source}</arg>
<arg>${target}</arg>
<arg>${errorMessage}: ${source} != ${target}</arg>
<doc>Fails if the given objects are unequal.</doc>
<status status="NOT RUN" starttime="20241125 21:58:33.028" endtime="20241125 21:58:33.028"/>
</kw>
<return>
<value>Assertion passed: ${source} == ${target}</value>
<status status="NOT RUN" starttime="20241125 21:58:33.028" endtime="20241125 21:58:33.028"/>
</return>
<status status="NOT RUN" starttime="20241125 21:58:33.028" endtime="20241125 21:58:33.028"/>
</branch>
<branch type="ELSE IF" condition="'${operator}' == 'SHOULD_NOT_BE_EQUAL_TO'">
<kw name="Should Not Be Equal" library="BuiltIn">
<arg>${source}</arg>
<arg>${target}</arg>
<arg>${errorMessage}: ${source} == ${target}</arg>
<doc>Fails if the given objects are equal.</doc>
<status status="NOT RUN" starttime="20241125 21:58:33.028" endtime="20241125 21:58:33.029"/>
</kw>
<return>
<value>Assertion passed: ${source} != ${target}</value>
<status status="NOT RUN" starttime="20241125 21:58:33.029" endtime="20241125 21:58:33.029"/>
</return>
<status status="NOT RUN" starttime="20241125 21:58:33.028" endtime="20241125 21:58:33.029"/>
</branch>
<branch type="ELSE IF" condition="'${operator}' == 'CONTAINS'">
<kw name="check-string-contains" library="UTIL_String">
<var>${contains}</var>
<arg>${source}</arg>
<arg>${target}</arg>
<tag>util</tag>
<doc>Method used to check if string1 contains string2</doc>
<status status="NOT RUN" starttime="20241125 21:58:33.030" endtime="20241125 21:58:33.030"/>
</kw>
<if>
<branch type="IF" condition="$contains">
<return>
<value>Assertion passed: ${source} contains ${target}</value>
<status status="NOT RUN" starttime="20241125 21:58:33.030" endtime="20241125 21:58:33.030"/>
</return>
<status status="NOT RUN" starttime="20241125 21:58:33.030" endtime="20241125 21:58:33.031"/>
</branch>
<status status="NOT RUN" starttime="20241125 21:58:33.030" endtime="20241125 21:58:33.031"/>
</if>
<kw name="Fail" library="BuiltIn">
<arg>${errorMessage}: ${source} does not contain ${target}</arg>
<doc>Fails the test with the given message and optionally alters its tags.</doc>
<status status="NOT RUN" starttime="20241125 21:58:33.031" endtime="20241125 21:58:33.031"/>
</kw>
<status status="NOT RUN" starttime="20241125 21:58:33.029" endtime="20241125 21:58:33.031"/>
</branch>
<branch type="ELSE IF" condition="'${operator}' == 'TARGET_CONTAINS_SOURCE'">
<kw name="check-string-contains" library="UTIL_String">
<var>${contains}</var>
<arg>${target}</arg>
<arg>${source}</arg>
<tag>util</tag>
<doc>Method used to check if string1 contains string2</doc>
<status status="NOT RUN" starttime="20241125 21:58:33.032" endtime="20241125 21:58:33.033"/>
</kw>
<if>
<branch type="IF" condition="$contains">
<return>
<value>Assertion passed: ${target} contains ${source}</value>
<status status="NOT RUN" starttime="20241125 21:58:33.033" endtime="20241125 21:58:33.033"/>
</return>
<status status="NOT RUN" starttime="20241125 21:58:33.033" endtime="20241125 21:58:33.033"/>
</branch>
<status status="NOT RUN" starttime="20241125 21:58:33.033" endtime="20241125 21:58:33.033"/>
</if>
<kw name="Fail" library="BuiltIn">
<arg>${errorMessage}: ${target} does not contain ${source}</arg>
<doc>Fails the test with the given message and optionally alters its tags.</doc>
<status status="NOT RUN" starttime="20241125 21:58:33.033" endtime="20241125 21:58:33.033"/>
</kw>
<status status="NOT RUN" starttime="20241125 21:58:33.031" endtime="20241125 21:58:33.033"/>
</branch>
<branch type="ELSE IF" condition="'${operator}' == 'SHOULD_NOT_CONTAIN'">
<kw name="check-string-contains" library="UTIL_String">
<var>${contains}</var>
<arg>${source}</arg>
<arg>${target}</arg>
<tag>util</tag>
<doc>Method used to check if string1 contains string2</doc>
<kw name="Evaluate JavaScript" library="RPA.Browser.Playwright">
<var>${result}</var>
<arg>${None}</arg>
<arg>() =&gt; `${string1}`.includes(`${string2}`)</arg>
<tag>Getter</tag>
<tag>PageContent</tag>
<tag>Setter</tag>
<doc>Executes given javascript on the selected element(s) or on page.</doc>
<msg timestamp="20241125 21:58:33.041" level="INFO">${result} = True</msg>
<status status="PASS" starttime="20241125 21:58:33.036" endtime="20241125 21:58:33.041"/>
</kw>
<return>
<value>${result}</value>
<status status="PASS" starttime="20241125 21:58:33.041" endtime="20241125 21:58:33.042"/>
</return>
<msg timestamp="20241125 21:58:33.042" level="INFO">${contains} = True</msg>
<status status="PASS" starttime="20241125 21:58:33.035" endtime="20241125 21:58:33.042"/>
</kw>
<if>
<branch type="IF" condition="$contains">
<kw name="Fail" library="BuiltIn">
<arg>${errorMessage}: ${source} contains ${target}</arg>
<doc>Fails the test with the given message and optionally alters its tags.</doc>
<msg timestamp="20241125 21:58:33.043" level="FAIL">Vehicle number mismatch: TN91 T9861 ( Two-wheeler ) contains TN91 T9861</msg>
<status status="FAIL" starttime="20241125 21:58:33.042" endtime="20241125 21:58:33.043"/>
</kw>
<status status="FAIL" starttime="20241125 21:58:33.042" endtime="20241125 21:58:33.043"/>
</branch>
<status status="FAIL" starttime="20241125 21:58:33.042" endtime="20241125 21:58:33.043"/>
</if>
<return>
<value>Assertion passed: ${source} does not contain ${target}</value>
<status status="NOT RUN" starttime="20241125 21:58:33.043" endtime="20241125 21:58:33.043"/>
</return>
<status status="FAIL" starttime="20241125 21:58:33.033" endtime="20241125 21:58:33.044"/>
</branch>
<branch type="ELSE IF" condition="'${operator}' == 'TARGET_SHOULD_NOT_CONTAIN_SOURCE'">
<kw name="check-string-contains" library="UTIL_String">
<var>${contains}</var>
<arg>${target}</arg>
<arg>${source}</arg>
<tag>util</tag>
<doc>Method used to check if string1 contains string2</doc>
<status status="NOT RUN" starttime="20241125 21:58:33.045" endtime="20241125 21:58:33.045"/>
</kw>
<if>
<branch type="IF" condition="$contains">
<kw name="Fail" library="BuiltIn">
<arg>${errorMessage}: ${target} contains ${source}</arg>
<doc>Fails the test with the given message and optionally alters its tags.</doc>
<status status="NOT RUN" starttime="20241125 21:58:33.045" endtime="20241125 21:58:33.045"/>
</kw>
<status status="NOT RUN" starttime="20241125 21:58:33.045" endtime="20241125 21:58:33.045"/>
</branch>
<status status="NOT RUN" starttime="20241125 21:58:33.045" endtime="20241125 21:58:33.045"/>
</if>
<return>
<value>Assertion passed: ${target} does not contain (${source})</value>
<status status="NOT RUN" starttime="20241125 21:58:33.046" endtime="20241125 21:58:33.046"/>
</return>
<status status="NOT RUN" starttime="20241125 21:58:33.044" endtime="20241125 21:58:33.046"/>
</branch>
<status status="FAIL" starttime="20241125 21:58:33.028" endtime="20241125 21:58:33.046"/>
</if>
<status status="FAIL" starttime="20241125 21:58:33.028" endtime="20241125 21:58:33.046"/>
</kw>
<return>
<value>${message}</value>
<status status="NOT RUN" starttime="20241125 21:58:33.047" endtime="20241125 21:58:33.047"/>
</return>
<status status="FAIL" starttime="20241125 21:58:33.028" endtime="20241125 21:58:33.047"/>
</branch>
<status status="FAIL" starttime="20241125 21:58:33.028" endtime="20241125 21:58:33.047"/>
</if>
<status status="FAIL" starttime="20241125 21:58:33.027" endtime="20241125 21:58:33.047"/>
</branch>
<status status="FAIL" starttime="20241125 21:58:33.027" endtime="20241125 21:58:33.047"/>
</if>
<if>
<branch type="IF" condition="'${target}' == '${key}' and '${is_target_exists}' == '${True}'">
<if>
<branch type="IF" condition="$skip">
<return>
<value>Skipped assertion!!</value>
<status status="NOT RUN" starttime="20241125 21:58:33.048" endtime="20241125 21:58:33.048"/>
</return>
<status status="NOT RUN" starttime="20241125 21:58:33.048" endtime="20241125 21:58:33.048"/>
</branch>
<status status="NOT RUN" starttime="20241125 21:58:33.048" endtime="20241125 21:58:33.048"/>
</if>
<if>
<branch type="IF" condition="$useCustomTargetValue">
<kw name="Log To Console" library="BuiltIn">
<arg>No need to assert here.</arg>
<doc>Logs the given message to the console.</doc>
<status status="NOT RUN" starttime="20241125 21:58:33.048" endtime="20241125 21:58:33.048"/>
</kw>
<status status="NOT RUN" starttime="20241125 21:58:33.048" endtime="20241125 21:58:33.048"/>
</branch>
<status status="NOT RUN" starttime="20241125 21:58:33.048" endtime="20241125 21:58:33.048"/>
</if>
<if>
<branch type="IF" condition="$is_source_exists">
<kw name="assert">
<var>${message}</var>
<arg>${ACCUMULATION}[${source}]</arg>
<arg>${ACCUMULATION}[${target}]</arg>
<arg>${operator}</arg>
<arg>${errorMessage}</arg>
<doc>Method used to assert and return assertion message</doc>
<status status="NOT RUN" starttime="20241125 21:58:33.048" endtime="20241125 21:58:33.048"/>
</kw>
<return>
<value>${message}</value>
<status status="NOT RUN" starttime="20241125 21:58:33.049" endtime="20241125 21:58:33.049"/>
</return>
<status status="NOT RUN" starttime="20241125 21:58:33.048" endtime="20241125 21:58:33.049"/>
</branch>
<status status="NOT RUN" starttime="20241125 21:58:33.048" endtime="20241125 21:58:33.049"/>
</if>
<status status="NOT RUN" starttime="20241125 21:58:33.047" endtime="20241125 21:58:33.049"/>
</branch>
<status status="NOT RUN" starttime="20241125 21:58:33.047" endtime="20241125 21:58:33.049"/>
</if>
<status status="FAIL" starttime="20241125 21:58:33.014" endtime="20241125 21:58:33.049"/>
</iter>
<status status="FAIL" starttime="20241125 21:58:33.014" endtime="20241125 21:58:33.049"/>
</for>
<status status="FAIL" starttime="20241125 21:58:33.013" endtime="20241125 21:58:33.050"/>
</kw>
<kw name="Log To Console" library="BuiltIn">
<arg>${assertion_message}</arg>
<doc>Logs the given message to the console.</doc>
<status status="NOT RUN" starttime="20241125 21:58:33.050" endtime="20241125 21:58:33.050"/>
</kw>
<kw name="send-action-sequence-message">
<arg>${flowActionSequence}[flowActionSequenceHistoryId]</arg>
<arg>COMPLETED</arg>
<arg>${action}</arg>
<arg>${input}</arg>
<arg>${EMPTY}</arg>
<arg>${assertion_message}</arg>
<status status="NOT RUN" starttime="20241125 21:58:33.050" endtime="20241125 21:58:33.050"/>
</kw>
<status status="FAIL" starttime="20241125 21:58:32.922" endtime="20241125 21:58:33.051"/>
</branch>
<branch type="EXCEPT" variable="${error_message}">
<kw name="Log To Console" library="BuiltIn">
<arg>${error_message}</arg>
<doc>Logs the given message to the console.</doc>
<status status="PASS" starttime="20241125 21:58:33.051" endtime="20241125 21:58:33.051"/>
</kw>
<kw name="send-action-sequence-message">
<arg>${flowActionSequence}[flowActionSequenceHistoryId]</arg>
<arg>FAILED</arg>
<arg>${action}</arg>
<arg>${input}</arg>
<arg>${error_message}</arg>
<kw name="is-value-not-none" library="UTIL_Collection">
<var>${is_selector_exists}</var>
<arg>${action}</arg>
<arg>selector</arg>
<tag>util</tag>
<doc>checks whether the key exists in dicitonary</doc>
<kw name="Run Keyword And Return Status" library="BuiltIn">
<var>${no_none_exists}</var>
<arg>dictionary should contain key</arg>
<arg>${dictionary}</arg>
<arg>${key}</arg>
<doc>Runs the given keyword with given arguments and returns the status as a Boolean value.</doc>
<kw name="Dictionary Should Contain Key" library="Collections">
<arg>${dictionary}</arg>
<arg>${key}</arg>
<doc>Fails if ``key`` is not found from ``dictionary``.</doc>
<status status="PASS" starttime="20241125 21:58:33.055" endtime="20241125 21:58:33.055"/>
</kw>
<msg timestamp="20241125 21:58:33.055" level="INFO">${no_none_exists} = True</msg>
<status status="PASS" starttime="20241125 21:58:33.055" endtime="20241125 21:58:33.055"/>
</kw>
<if>
<branch type="IF" condition="$no_none_exists == $True">
<kw name="Set Variable" library="BuiltIn">
<var>${values}</var>
<arg>${dictionary}[${key}]</arg>
<doc>Returns the given values which can then be assigned to a variables.</doc>
<msg timestamp="20241125 21:58:33.056" level="INFO">${values} = {'id': '15', 'name': 'Get vehicle info', 'xpath': '//p[text()="VEHICLE"]/following-sibling::p', 'pageId': '3', 'createdAt': '2024-11-25T11:23:12.124Z', 'updatedAt': '2024-11-25T11:23:12.124Z'}</msg>
<status status="PASS" starttime="20241125 21:58:33.056" endtime="20241125 21:58:33.056"/>
</kw>
<if>
<branch type="IF" condition="$values != $None">
<kw name="Set Variable" library="BuiltIn">
<var>${no_none_exists}</var>
<arg>${True}</arg>
<doc>Returns the given values which can then be assigned to a variables.</doc>
<msg timestamp="20241125 21:58:33.057" level="INFO">${no_none_exists} = True</msg>
<status status="PASS" starttime="20241125 21:58:33.057" endtime="20241125 21:58:33.057"/>
</kw>
<status status="PASS" starttime="20241125 21:58:33.056" endtime="20241125 21:58:33.057"/>
</branch>
<branch type="ELSE">
<kw name="Set Variable" library="BuiltIn">
<var>${no_none_exists}</var>
<arg>${False}</arg>
<doc>Returns the given values which can then be assigned to a variables.</doc>
<status status="NOT RUN" starttime="20241125 21:58:33.057" endtime="20241125 21:58:33.057"/>
</kw>
<status status="NOT RUN" starttime="20241125 21:58:33.057" endtime="20241125 21:58:33.057"/>
</branch>
<status status="PASS" starttime="20241125 21:58:33.056" endtime="20241125 21:58:33.057"/>
</if>
<status status="PASS" starttime="20241125 21:58:33.056" endtime="20241125 21:58:33.057"/>
</branch>
<status status="PASS" starttime="20241125 21:58:33.056" endtime="20241125 21:58:33.057"/>
</if>
<return>
<value>${no_none_exists}</value>
<status status="PASS" starttime="20241125 21:58:33.057" endtime="20241125 21:58:33.057"/>
</return>
<msg timestamp="20241125 21:58:33.058" level="INFO">${is_selector_exists} = True</msg>
<status status="PASS" starttime="20241125 21:58:33.054" endtime="20241125 21:58:33.058"/>
</kw>
<if>
<branch type="IF" condition="$is_selector_exists">
<kw name="Set Variable" library="BuiltIn">
<var>${xpath}</var>
<arg>${action}[selector][xpath]</arg>
<doc>Returns the given values which can then be assigned to a variables.</doc>
<msg timestamp="20241125 21:58:33.058" level="INFO">${xpath} = //p[text()="VEHICLE"]/following-sibling::p</msg>
<status status="PASS" starttime="20241125 21:58:33.058" endtime="20241125 21:58:33.058"/>
</kw>
<status status="PASS" starttime="20241125 21:58:33.058" endtime="20241125 21:58:33.058"/>
</branch>
<branch type="ELSE">
<kw name="Set Variable" library="BuiltIn">
<var>${xpath}</var>
<arg>${EMPTY}</arg>
<doc>Returns the given values which can then be assigned to a variables.</doc>
<status status="NOT RUN" starttime="20241125 21:58:33.058" endtime="20241125 21:58:33.059"/>
</kw>
<status status="NOT RUN" starttime="20241125 21:58:33.058" endtime="20241125 21:58:33.059"/>
</branch>
<status status="PASS" starttime="20241125 21:58:33.058" endtime="20241125 21:58:33.059"/>
</if>
<kw name="Create Dictionary" library="BuiltIn">
<var>${response_message}</var>
<arg>flowActionSequenceHistoryId=${flowActionSequenceHistoryId}</arg>
<arg>status=${status}</arg>
<arg>actionName=${action}[name]</arg>
<arg>actionType=${action}[type]</arg>
<arg>actionXpath=${xpath}</arg>
<arg>inputValue=${input}[value]</arg>
<arg>errorMessage=${errorMessage}</arg>
<arg>assertionMessage=${assertionMessage}</arg>
<doc>Creates and returns a dictionary based on the given ``items``.</doc>
<msg timestamp="20241125 21:58:33.059" level="INFO">${response_message} = {'flowActionSequenceHistoryId': '382', 'status': 'FAILED', 'actionName': 'Get vehicle info', 'actionType': 'GET_TEXT', 'actionXpath': '//p[text()="VEHICLE"]/following-sibling::p', 'inputValue': '', 'e...</msg>
<status status="PASS" starttime="20241125 21:58:33.059" endtime="20241125 21:58:33.060"/>
</kw>
<kw name="Push response message to kafka topic" library="UTIL_Common">
<arg>${response_message}</arg>
<tag>function</tag>
<doc>push the response message to kafka topic</doc>
<kw name="Evaluate" library="BuiltIn">
<var>${json_response}</var>
<arg>json.dumps(${payload_response_msg})</arg>
<arg>json</arg>
<doc>Evaluates the given expression in Python and returns the result.</doc>
<msg timestamp="20241125 21:58:33.060" level="INFO">${json_response} = {"flowActionSequenceHistoryId": "382", "status": "FAILED", "actionName": "Get vehicle info", "actionType": "GET_TEXT", "actionXpath": "//p[text()=\"VEHICLE\"]/following-sibling::p", "inputValue": "", ...</msg>
<status status="PASS" starttime="20241125 21:58:33.060" endtime="20241125 21:58:33.060"/>
</kw>
<kw name="Push Message To Topic" library="TopicProducer">
<var>${producer_response}</var>
<arg>${json_response}</arg>
<doc>Kafka Producer to send the response as json message and push it</doc>
<msg timestamp="20241125 21:58:33.099" level="INFO">Message delivered to response_topic [0]</msg>
<msg timestamp="20241125 21:58:33.100" level="INFO">${producer_response} = &lt;function delivery_report at 0x00000226A865A430&gt;</msg>
<status status="PASS" starttime="20241125 21:58:33.060" endtime="20241125 21:58:33.100"/>
</kw>
<kw name="Log To Console" library="BuiltIn">
<arg>kafka_producer_response:${producer_response}</arg>
<doc>Logs the given message to the console.</doc>
<status status="PASS" starttime="20241125 21:58:33.100" endtime="20241125 21:58:33.101"/>
</kw>
<return>
<value>${producer_response}</value>
<status status="PASS" starttime="20241125 21:58:33.102" endtime="20241125 21:58:33.102"/>
</return>
<status status="PASS" starttime="20241125 21:58:33.060" endtime="20241125 21:58:33.103"/>
</kw>
<status status="PASS" starttime="20241125 21:58:33.051" endtime="20241125 21:58:33.103"/>
</kw>
<kw name="ex-fail" library="EX_Exception">
<arg>${error_message}</arg>
<tag>exception</tag>
<doc>wrapper over the builtin Fail keyword, to support additional operations during failure</doc>
<kw name="Log To Console" library="BuiltIn">
<arg>&lt;===Error occurred:${exception}===&gt;</arg>
<arg>ERROR</arg>
<doc>Logs the given message to the console.</doc>
<status status="PASS" starttime="20241125 21:58:33.105" endtime="20241125 21:58:33.106"/>
</kw>
<kw name="Fail" library="BuiltIn">
<arg>${exception}</arg>
<doc>Fails the test with the given message and optionally alters its tags.</doc>
<msg timestamp="20241125 21:58:33.109" level="FAIL">Vehicle number mismatch: TN91 T9861 ( Two-wheeler ) contains TN91 T9861</msg>
<status status="FAIL" starttime="20241125 21:58:33.107" endtime="20241125 21:58:33.109"/>
</kw>
<status status="FAIL" starttime="20241125 21:58:33.104" endtime="20241125 21:58:33.111"/>
</kw>
<status status="FAIL" starttime="20241125 21:58:33.051" endtime="20241125 21:58:33.111"/>
</branch>
<status status="FAIL" starttime="20241125 21:58:32.922" endtime="20241125 21:58:33.112"/>
</try>
<status status="FAIL" starttime="20241125 21:58:32.921" endtime="20241125 21:58:33.112"/>
</iter>
<status status="FAIL" starttime="20241125 21:58:31.485" endtime="20241125 21:58:33.113"/>
</for>
<status status="FAIL" starttime="20241125 21:58:31.485" endtime="20241125 21:58:33.114"/>
</branch>
<status status="FAIL" starttime="20241125 21:58:31.485" endtime="20241125 21:58:33.114"/>
</if>
<kw name="send-flow-sequence-message">
<arg>${testCaseFlowSequence}[testCaseFlowSequenceHistoryId]</arg>
<arg>COMPLETED</arg>
<status status="NOT RUN" starttime="20241125 21:58:33.115" endtime="20241125 21:58:33.115"/>
</kw>
<status status="FAIL" starttime="20241125 21:58:31.471" endtime="20241125 21:58:33.116"/>
</branch>
<branch type="EXCEPT" variable="${error_message}">
<kw name="Log To Console" library="BuiltIn">
<arg>${error_message}</arg>
<doc>Logs the given message to the console.</doc>
<status status="PASS" starttime="20241125 21:58:33.116" endtime="20241125 21:58:33.118"/>
</kw>
<kw name="send-flow-sequence-message">
<arg>${testCaseFlowSequence}[testCaseFlowSequenceHistoryId]</arg>
<arg>FAILED</arg>
<arg>${error_message}</arg>
<kw name="Create Dictionary" library="BuiltIn">
<var>